[INFO] [06-07|15:01:07.879] logging to file system                   log dir=migration-log/import_receipts file prefix=erigon log level=info json=false
[INFO] [06-07|15:01:07.879] Starting metrics server                  addr=http://0.0.0.0:55555/debug/metrics/prometheus
[INFO] [06-07|15:01:07.885] Starting Erigon on Optimism Mainnet... 
[INFO] [06-07|15:01:07.886] Maximum peer count                       ETH=0 total=0
[INFO] [06-07|15:01:07.886] starting HTTP APIs                       APIs=eth,erigon,engine
[INFO] [06-07|15:01:07.886] torrent verbosity                        level=WRN
[INFO] [06-07|15:01:09.988] Set global gas cap                       cap=50000000
[INFO] [06-07|15:01:09.988] [Downloader] Runnning with               ipv6-enabled=true ipv4-enabled=true download.rate=16mb upload.rate=4mb
[INFO] [06-07|15:01:09.988] Opening Database                         label=chaindata path=/data2/erigon_db/chaindata
[INFO] [06-07|15:01:09.988] [db] params: growStep=2GB, mapsSize=7TB, shrinkThreshold=-1, pageSize=4KB, label=chaindata, WriteMap=false, Durable=false, NoReadahead=true,  
[INFO] [06-07|15:01:09.989] Initialised chain configuration          config="{ChainID: 10, Homestead: 0, DAO: <nil>, Tangerine Whistle: 0, Spurious Dragon: 0, Byzantium: 0, Constantinople: 0, Petersburg: 0, Istanbul: 0, Muir Glacier: 0, Berlin: 3950000, London: 3950000, Arrow Glacier: 3950000, Gray Glacier: 3950000, Terminal Total Difficulty: 0, Merge Netsplit: 3950000, Shanghai: <nil>, Cancun: <nil>, Prague: <nil>, Engine: unknown}" genesis=0x7ca38a1916c42007829c55e69d3e9a73265554b586a499015373241b8a3fa48b
[INFO] [06-07|15:01:09.990] Effective                                prune_flags= snapshot_flags= history.v3=false
[INFO] [06-07|15:01:09.990] Initialising Ethereum protocol           network=10
[INFO] [06-07|15:01:09.990] Disk storage enabled for ethash DAGs     dir=/data2/erigon_db/ethash-dags count=2
[INFO] [06-07|15:01:10.340] Starting private RPC server              on=localhost:12345
[INFO] [06-07|15:01:10.340] new subscription to logs established 
[INFO] [06-07|15:01:10.340] Importing receipts                       file=/data1/migration-artifact/receipts.rlp
[INFO] [06-07|15:01:18.342] Import receipts                          index=322500 elapsed=8.001132401s
[INFO] [06-07|15:01:26.341] Import receipts                          index=644048 elapsed=16.000762598s
[INFO] [06-07|15:01:34.341] Import receipts                          index=978009 elapsed=24.000721044s
[INFO] [06-07|15:01:42.342] Import receipts                          index=1310000 elapsed=32.001469885s
[INFO] [06-07|15:01:50.341] Import receipts                          index=1640000 elapsed=40.000495823s
[INFO] [06-07|15:01:58.341] Import receipts                          index=1975000 elapsed=48.000287773s
[INFO] [06-07|15:02:06.341] Import receipts                          index=2307500 elapsed=56.000311486s
[INFO] [06-07|15:02:14.341] Import receipts                          index=2617500 elapsed=1m4.000677621s
[INFO] [06-07|15:02:22.341] Import receipts                          index=2919112 elapsed=1m12.000231168s
[INFO] [06-07|15:02:30.341] Import receipts                          index=3220881 elapsed=1m20.000734485s
[INFO] [06-07|15:02:38.341] Import receipts                          index=3515000 elapsed=1m28.00078885s
[INFO] [06-07|15:02:46.341] Import receipts                          index=3787500 elapsed=1m36.000340316s
[INFO] [06-07|15:02:54.341] Import receipts                          index=4032500 elapsed=1m44.000512515s
[INFO] [06-07|15:03:02.341] Import receipts                          index=4270000 elapsed=1m52.000435246s
[INFO] [06-07|15:03:09.990] [p2p] GoodPeers 
[INFO] [06-07|15:03:10.341] Import receipts                          index=4512953 elapsed=2m0.000861157s
[INFO] [06-07|15:03:18.341] Import receipts                          index=4757500 elapsed=2m8.001002316s
[INFO] [06-07|15:03:26.341] Import receipts                          index=4998685 elapsed=2m16.000987296s
[INFO] [06-07|15:03:34.341] Import receipts                          index=5237500 elapsed=2m24.000527408s
[INFO] [06-07|15:03:42.341] Import receipts                          index=5475000 elapsed=2m32.000407504s
[INFO] [06-07|15:03:50.340] Import receipts                          index=5718620 elapsed=2m40.00001572s
[INFO] [06-07|15:03:58.341] Import receipts                          index=5972500 elapsed=2m48.000905219s
[INFO] [06-07|15:04:06.341] Import receipts                          index=6237500 elapsed=2m56.000306842s
[INFO] [06-07|15:04:14.340] Import receipts                          index=6500000 elapsed=3m4.000005972s
[INFO] [06-07|15:04:22.341] Import receipts                          index=6617500 elapsed=3m12.000163712s
[INFO] [06-07|15:04:30.341] Import receipts                          index=6870393 elapsed=3m20.000642561s
[INFO] [06-07|15:04:38.341] Import receipts                          index=7125000 elapsed=3m28.000720243s
[INFO] [06-07|15:04:46.341] Import receipts                          index=7388109 elapsed=3m36.000293659s
[INFO] [06-07|15:04:54.340] Import receipts                          index=7647500 elapsed=3m44.000089201s
[INFO] [06-07|15:05:02.341] Import receipts                          index=7895000 elapsed=3m52.000757349s
[INFO] [06-07|15:05:09.991] [p2p] GoodPeers 
[INFO] [06-07|15:05:10.341] Import receipts                          index=8149256 elapsed=4m0.000416729s
[INFO] [06-07|15:05:18.341] Import receipts                          index=8400000 elapsed=4m8.000363624s
[INFO] [06-07|15:05:26.341] Import receipts                          index=8657500 elapsed=4m16.000649479s
[INFO] [06-07|15:05:34.341] Import receipts                          index=8917500 elapsed=4m24.001057595s
[INFO] [06-07|15:05:42.343] Import receipts                          index=9177500 elapsed=4m32.002558838s
[INFO] [06-07|15:05:50.341] Import receipts                          index=9439687 elapsed=4m40.00095502s
[INFO] [06-07|15:05:58.341] Import receipts                          index=9785000 elapsed=4m48.000628599s
[INFO] [06-07|15:06:06.341] Import receipts                          index=10102500 elapsed=4m56.000261481s
[INFO] [06-07|15:06:14.342] Import receipts                          index=10387500 elapsed=5m4.001112131s
[INFO] [06-07|15:06:22.340] Import receipts                          index=10647500 elapsed=5m12.000072941s
[INFO] [06-07|15:06:30.341] Import receipts                          index=10880000 elapsed=5m20.000194557s
[INFO] [06-07|15:06:38.341] Import receipts                          index=11115130 elapsed=5m28.000560621s
[INFO] [06-07|15:06:46.341] Import receipts                          index=11305000 elapsed=5m36.000662977s
[INFO] [06-07|15:06:54.341] Import receipts                          index=11455000 elapsed=5m44.000129615s
[INFO] [06-07|15:07:02.341] Import receipts                          index=11623527 elapsed=5m52.000351002s
[INFO] [06-07|15:07:09.990] [p2p] GoodPeers 
[INFO] [06-07|15:07:10.341] Import receipts                          index=11800000 elapsed=6m0.000430632s
[INFO] [06-07|15:07:18.341] Import receipts                          index=11986464 elapsed=6m8.000554704s
[INFO] [06-07|15:07:26.341] Import receipts                          index=12185000 elapsed=6m16.000836973s
[INFO] [06-07|15:07:34.341] Import receipts                          index=12378090 elapsed=6m24.000128315s
[INFO] [06-07|15:07:42.341] Import receipts                          index=12566372 elapsed=6m32.000447274s
[INFO] [06-07|15:07:50.341] Import receipts                          index=12767500 elapsed=6m40.000148893s
[INFO] [06-07|15:07:58.341] Import receipts                          index=12970467 elapsed=6m48.001013931s
[INFO] [06-07|15:08:06.341] Import receipts                          index=13180935 elapsed=6m56.000411124s
[INFO] [06-07|15:08:14.340] Import receipts                          index=13403160 elapsed=7m4.000068369s
[INFO] [06-07|15:08:22.341] Import receipts                          index=13590000 elapsed=7m12.000175125s
[INFO] [06-07|15:08:30.341] Import receipts                          index=13815225 elapsed=7m20.001036697s
[INFO] [06-07|15:08:38.341] Import receipts                          index=14031286 elapsed=7m28.000828309s
[INFO] [06-07|15:08:46.340] Import receipts                          index=14260000 elapsed=7m36.000073557s
[INFO] [06-07|15:08:54.341] Import receipts                          index=14487500 elapsed=7m44.000296738s
[INFO] [06-07|15:09:02.341] Import receipts                          index=14695000 elapsed=7m52.00095616s
[INFO] [06-07|15:09:09.990] [p2p] GoodPeers 
[INFO] [06-07|15:09:10.341] Import receipts                          index=14877500 elapsed=8m0.000274175s
[INFO] [06-07|15:09:18.340] Import receipts                          index=15072500 elapsed=8m8.000011619s
[INFO] [06-07|15:09:26.341] Import receipts                          index=15262500 elapsed=8m16.000775994s
[INFO] [06-07|15:09:34.341] Import receipts                          index=15444721 elapsed=8m24.000961986s
[INFO] [06-07|15:09:42.341] Import receipts                          index=15630000 elapsed=8m32.001060601s
[INFO] [06-07|15:09:50.341] Import receipts                          index=15812945 elapsed=8m40.00030472s
[INFO] [06-07|15:09:58.341] Import receipts                          index=16050000 elapsed=8m48.000512472s
[INFO] [06-07|15:10:06.341] Import receipts                          index=16235559 elapsed=8m56.00071697s
[INFO] [06-07|15:10:14.341] Import receipts                          index=16377836 elapsed=9m4.000152947s
[INFO] [06-07|15:10:22.341] Import receipts                          index=16525000 elapsed=9m12.00036304s
[INFO] [06-07|15:10:30.341] Import receipts                          index=16670000 elapsed=9m20.000197944s
[INFO] [06-07|15:10:38.341] Import receipts                          index=16822904 elapsed=9m28.001026024s
[INFO] [06-07|15:10:46.341] Import receipts                          index=16978196 elapsed=9m36.000443832s
[INFO] [06-07|15:10:54.341] Import receipts                          index=17125000 elapsed=9m44.000521752s
[INFO] [06-07|15:11:02.341] Import receipts                          index=17275000 elapsed=9m52.000734912s
[INFO] [06-07|15:11:09.990] [p2p] GoodPeers 
[INFO] [06-07|15:11:10.341] Import receipts                          index=17417500 elapsed=10m0.000999882s
[INFO] [06-07|15:11:18.341] Import receipts                          index=17531549 elapsed=10m8.000354166s
[INFO] [06-07|15:11:26.341] Import receipts                          index=17670000 elapsed=10m16.000584775s
[INFO] [06-07|15:11:34.341] Import receipts                          index=17814706 elapsed=10m24.00022758s
[INFO] [06-07|15:11:42.341] Import receipts                          index=17977500 elapsed=10m32.000603614s
[INFO] [06-07|15:11:50.341] Import receipts                          index=18140461 elapsed=10m40.001084982s
[INFO] [06-07|15:11:58.341] Import receipts                          index=18325000 elapsed=10m48.000621679s
[INFO] [06-07|15:12:06.341] Import receipts                          index=18482500 elapsed=10m56.000307353s
[INFO] [06-07|15:12:14.341] Import receipts                          index=18635983 elapsed=11m4.000936892s
[INFO] [06-07|15:12:22.341] Import receipts                          index=18782500 elapsed=11m12.000406173s
[INFO] [06-07|15:12:30.341] Import receipts                          index=18937500 elapsed=11m20.000947868s
[INFO] [06-07|15:12:38.341] Import receipts                          index=19099864 elapsed=11m28.00042973s
[INFO] [06-07|15:12:46.340] Import receipts                          index=19253129 elapsed=11m36.000007816s
[INFO] [06-07|15:12:54.341] Import receipts                          index=19434105 elapsed=11m44.000514719s
[INFO] [06-07|15:13:02.341] Import receipts                          index=19592500 elapsed=11m52.000803446s
[INFO] [06-07|15:13:09.991] [p2p] GoodPeers 
[INFO] [06-07|15:13:10.341] Import receipts                          index=19750000 elapsed=12m0.000615741s
[INFO] [06-07|15:13:18.341] Import receipts                          index=19891396 elapsed=12m8.000651753s
[INFO] [06-07|15:13:26.341] Import receipts                          index=20053022 elapsed=12m16.000510606s
[INFO] [06-07|15:13:34.341] Import receipts                          index=20211007 elapsed=12m24.000421874s
[INFO] [06-07|15:13:42.341] Import receipts                          index=20372500 elapsed=12m32.000893011s
[INFO] [06-07|15:13:50.341] Import receipts                          index=20545000 elapsed=12m40.000256266s
[INFO] [06-07|15:13:58.341] Import receipts                          index=20705030 elapsed=12m48.000500442s
[INFO] [06-07|15:14:06.341] Import receipts                          index=20877500 elapsed=12m56.000799998s
[INFO] [06-07|15:14:14.341] Import receipts                          index=21045906 elapsed=13m4.000564151s
[INFO] [06-07|15:14:22.341] Import receipts                          index=21242500 elapsed=13m12.000968686s
[INFO] [06-07|15:14:30.341] Import receipts                          index=21415800 elapsed=13m20.000836252s
[INFO] [06-07|15:14:38.341] Import receipts                          index=21614767 elapsed=13m28.000241603s
[INFO] [06-07|15:14:46.341] Import receipts                          index=21797500 elapsed=13m36.000363778s
[INFO] [06-07|15:14:54.341] Import receipts                          index=21994270 elapsed=13m44.000965061s
[INFO] [06-07|15:15:02.341] Import receipts                          index=22165000 elapsed=13m52.000773981s
[INFO] [06-07|15:15:09.990] [p2p] GoodPeers 
[INFO] [06-07|15:15:10.340] Import receipts                          index=22325857 elapsed=14m0.000099515s
[INFO] [06-07|15:15:18.341] Import receipts                          index=22490000 elapsed=14m8.00071286s
[INFO] [06-07|15:15:26.341] Import receipts                          index=22637500 elapsed=14m16.000281045s
[INFO] [06-07|15:15:34.340] Import receipts                          index=22803058 elapsed=14m24.00001863s
[INFO] [06-07|15:15:42.340] Import receipts                          index=22970000 elapsed=14m32.000053202s
[INFO] [06-07|15:15:50.341] Import receipts                          index=23142500 elapsed=14m40.000507683s
[INFO] [06-07|15:15:58.341] Import receipts                          index=23307500 elapsed=14m48.001003455s
[INFO] [06-07|15:16:06.341] Import receipts                          index=23480026 elapsed=14m56.000325919s
[INFO] [06-07|15:16:14.341] Import receipts                          index=23662500 elapsed=15m4.000813594s
[INFO] [06-07|15:16:22.340] Import receipts                          index=23830000 elapsed=15m12.000091936s
[INFO] [06-07|15:16:30.341] Import receipts                          index=24028330 elapsed=15m20.000288518s
[INFO] [06-07|15:16:38.340] Import receipts                          index=24267500 elapsed=15m28.000015943s
[INFO] [06-07|15:16:46.340] Import receipts                          index=24437500 elapsed=15m36.000050023s
[INFO] [06-07|15:16:54.341] Import receipts                          index=24647500 elapsed=15m44.000822095s
[INFO] [06-07|15:17:02.341] Import receipts                          index=24877500 elapsed=15m52.00069706s
[INFO] [06-07|15:17:09.990] [p2p] GoodPeers 
[INFO] [06-07|15:17:10.341] Import receipts                          index=25102088 elapsed=16m0.000747695s
[INFO] [06-07|15:17:18.341] Import receipts                          index=25332500 elapsed=16m8.000641558s
[INFO] [06-07|15:17:26.341] Import receipts                          index=25545000 elapsed=16m16.00092523s
[INFO] [06-07|15:17:34.341] Import receipts                          index=25767500 elapsed=16m24.00038284s
[INFO] [06-07|15:17:42.341] Import receipts                          index=25977500 elapsed=16m32.000448184s
[INFO] [06-07|15:17:50.341] Import receipts                          index=26200000 elapsed=16m40.000342348s
[INFO] [06-07|15:17:58.341] Import receipts                          index=26412500 elapsed=16m48.001056325s
[INFO] [06-07|15:18:06.342] Import receipts                          index=26627500 elapsed=16m56.002100939s
[INFO] [06-07|15:18:14.341] Import receipts                          index=26880000 elapsed=17m4.000184218s
[INFO] [06-07|15:18:22.341] Import receipts                          index=27122500 elapsed=17m12.000405257s
[INFO] [06-07|15:18:30.341] Import receipts                          index=27365000 elapsed=17m20.000257286s
[INFO] [06-07|15:18:38.341] Import receipts                          index=27630000 elapsed=17m28.000572014s
[INFO] [06-07|15:18:46.341] Import receipts                          index=27882205 elapsed=17m36.000768485s
[INFO] [06-07|15:18:54.341] Import receipts                          index=28132500 elapsed=17m44.000491954s
[INFO] [06-07|15:19:02.341] Import receipts                          index=28397500 elapsed=17m52.000639297s
[INFO] [06-07|15:19:09.991] [p2p] GoodPeers 
[INFO] [06-07|15:19:10.341] Import receipts                          index=28622500 elapsed=18m0.000522741s
[INFO] [06-07|15:19:18.340] Import receipts                          index=28859079 elapsed=18m8.000084927s
[INFO] [06-07|15:19:26.340] Import receipts                          index=29097500 elapsed=18m16.000021107s
[INFO] [06-07|15:19:34.341] Import receipts                          index=29312500 elapsed=18m24.000837767s
[INFO] [06-07|15:19:42.341] Import receipts                          index=29551331 elapsed=18m32.000459965s
[INFO] [06-07|15:19:50.341] Import receipts                          index=29792500 elapsed=18m40.000627438s
[INFO] [06-07|15:19:58.341] Import receipts                          index=30023523 elapsed=18m48.001066404s
[INFO] [06-07|15:20:06.341] Import receipts                          index=30250000 elapsed=18m56.000214518s
[INFO] [06-07|15:20:14.341] Import receipts                          index=30485008 elapsed=19m4.000439084s
[INFO] [06-07|15:20:22.341] Import receipts                          index=30712500 elapsed=19m12.000814106s
[INFO] [06-07|15:20:30.341] Import receipts                          index=30957500 elapsed=19m20.000977363s
[INFO] [06-07|15:20:38.341] Import receipts                          index=31182500 elapsed=19m28.000240603s
[INFO] [06-07|15:20:46.341] Import receipts                          index=31415000 elapsed=19m36.000419948s
[INFO] [06-07|15:20:54.341] Import receipts                          index=31602500 elapsed=19m44.000177985s
[INFO] [06-07|15:21:02.340] Import receipts                          index=31804418 elapsed=19m52.000053932s
[INFO] [06-07|15:21:09.991] [p2p] GoodPeers 
[INFO] [06-07|15:21:10.341] Import receipts                          index=32015000 elapsed=20m0.00071497s
[INFO] [06-07|15:21:18.341] Import receipts                          index=32227500 elapsed=20m8.000830435s
[INFO] [06-07|15:21:26.341] Import receipts                          index=32433541 elapsed=20m16.000732103s
[INFO] [06-07|15:21:34.341] Import receipts                          index=32634922 elapsed=20m24.000905247s
[INFO] [06-07|15:21:42.341] Import receipts                          index=32848243 elapsed=20m32.000932341s
[INFO] [06-07|15:21:50.341] Import receipts                          index=33060000 elapsed=20m40.001000946s
[INFO] [06-07|15:21:58.341] Import receipts                          index=33265447 elapsed=20m48.000610099s
[INFO] [06-07|15:22:06.341] Import receipts                          index=33497500 elapsed=20m56.000336691s
[INFO] [06-07|15:22:14.341] Import receipts                          index=33723446 elapsed=21m4.000714072s
[INFO] [06-07|15:22:22.341] Import receipts                          index=33880101 elapsed=21m12.000882357s
[INFO] [06-07|15:22:30.341] Import receipts                          index=34074481 elapsed=21m20.00036652s
[INFO] [06-07|15:22:38.341] Import receipts                          index=34257500 elapsed=21m28.000609423s
[INFO] [06-07|15:22:46.341] Import receipts                          index=34425000 elapsed=21m36.00082267s
[INFO] [06-07|15:22:54.341] Import receipts                          index=34617500 elapsed=21m44.000487478s
[INFO] [06-07|15:23:02.341] Import receipts                          index=34812500 elapsed=21m52.00025136s
[INFO] [06-07|15:23:09.991] [p2p] GoodPeers 
[INFO] [06-07|15:23:10.341] Import receipts                          index=35046158 elapsed=22m0.000400762s
[INFO] [06-07|15:23:18.341] Import receipts                          index=35235940 elapsed=22m8.000135053s
[INFO] [06-07|15:23:26.341] Import receipts                          index=35447500 elapsed=22m16.000419365s
[INFO] [06-07|15:23:34.341] Import receipts                          index=35617390 elapsed=22m24.000230501s
[INFO] [06-07|15:23:42.340] Import receipts                          index=35772500 elapsed=22m32.00004501s
[INFO] [06-07|15:23:50.340] Import receipts                          index=35912599 elapsed=22m40.000043084s
[INFO] [06-07|15:23:58.341] Import receipts                          index=36052500 elapsed=22m48.000697785s
[INFO] [06-07|15:24:06.341] Import receipts                          index=36232500 elapsed=22m56.00045283s
[INFO] [06-07|15:24:14.341] Import receipts                          index=36367500 elapsed=23m4.00088688s
[INFO] [06-07|15:24:22.341] Import receipts                          index=36508893 elapsed=23m12.000503479s
[INFO] [06-07|15:24:30.341] Import receipts                          index=36710000 elapsed=23m20.000830471s
[INFO] [06-07|15:24:38.341] Import receipts                          index=36875000 elapsed=23m28.000217732s
[INFO] [06-07|15:24:46.341] Import receipts                          index=37072500 elapsed=23m36.001053085s
[INFO] [06-07|15:24:54.341] Import receipts                          index=37245000 elapsed=23m44.00012026s
[INFO] [06-07|15:25:02.341] Import receipts                          index=37465000 elapsed=23m52.001002814s
[INFO] [06-07|15:25:09.990] [p2p] GoodPeers 
[INFO] [06-07|15:25:10.341] Import receipts                          index=37697500 elapsed=24m0.000422437s
[INFO] [06-07|15:25:18.341] Import receipts                          index=37907500 elapsed=24m8.000442s
[INFO] [06-07|15:25:26.341] Import receipts                          index=38097500 elapsed=24m16.000903224s
[INFO] [06-07|15:25:34.341] Import receipts                          index=38285000 elapsed=24m24.000693599s
[INFO] [06-07|15:25:42.341] Import receipts                          index=38510000 elapsed=24m32.000410311s
[INFO] [06-07|15:25:50.342] Import receipts                          index=38732500 elapsed=24m40.001953129s
[INFO] [06-07|15:25:58.340] Import receipts                          index=38955000 elapsed=24m48.00005811s
[INFO] [06-07|15:26:06.341] Import receipts                          index=39172500 elapsed=24m56.000315902s
[INFO] [06-07|15:26:14.340] Import receipts                          index=39420000 elapsed=25m4.000083244s
[INFO] [06-07|15:26:22.341] Import receipts                          index=39672500 elapsed=25m12.000595814s
[INFO] [06-07|15:26:30.342] Import receipts                          index=39922500 elapsed=25m20.001914742s
[INFO] [06-07|15:26:38.341] Import receipts                          index=40170000 elapsed=25m28.000833176s
[INFO] [06-07|15:26:46.341] Import receipts                          index=40390000 elapsed=25m36.000129063s
[INFO] [06-07|15:26:54.341] Import receipts                          index=40612094 elapsed=25m44.001006288s
[INFO] [06-07|15:27:02.341] Import receipts                          index=40817360 elapsed=25m52.000276017s
[INFO] [06-07|15:27:09.991] [p2p] GoodPeers 
[INFO] [06-07|15:27:10.340] Import receipts                          index=41030000 elapsed=26m0.00002242s
[INFO] [06-07|15:27:18.341] Import receipts                          index=41258186 elapsed=26m8.000274464s
[INFO] [06-07|15:27:26.341] Import receipts                          index=41476527 elapsed=26m16.000455366s
[INFO] [06-07|15:27:34.341] Import receipts                          index=41715000 elapsed=26m24.000847986s
[INFO] [06-07|15:27:42.341] Import receipts                          index=41935000 elapsed=26m32.000938047s
[INFO] [06-07|15:27:50.341] Import receipts                          index=42181087 elapsed=26m40.000529232s
[INFO] [06-07|15:27:58.341] Import receipts                          index=42415801 elapsed=26m48.000553997s
[INFO] [06-07|15:28:06.341] Import receipts                          index=42647500 elapsed=26m56.000629336s
[INFO] [06-07|15:28:14.341] Import receipts                          index=42897500 elapsed=27m4.000475901s
[INFO] [06-07|15:28:22.342] Import receipts                          index=43130000 elapsed=27m12.001592236s
[INFO] [06-07|15:28:30.340] Import receipts                          index=43361544 elapsed=27m20.00006234s
[INFO] [06-07|15:28:38.340] Import receipts                          index=43618639 elapsed=27m28.00007743s
[INFO] [06-07|15:28:46.341] Import receipts                          index=43855000 elapsed=27m36.00106637s
[INFO] [06-07|15:28:54.341] Import receipts                          index=44075000 elapsed=27m44.00043131s
[INFO] [06-07|15:29:02.341] Import receipts                          index=44306127 elapsed=27m52.000578024s
[INFO] [06-07|15:29:09.991] [p2p] GoodPeers 
[INFO] [06-07|15:29:10.341] Import receipts                          index=44540000 elapsed=28m0.000516689s
[INFO] [06-07|15:29:18.341] Import receipts                          index=44762500 elapsed=28m8.000610595s
[INFO] [06-07|15:29:26.341] Import receipts                          index=45015000 elapsed=28m16.000223774s
[INFO] [06-07|15:29:34.341] Import receipts                          index=45257500 elapsed=28m24.000226707s
[INFO] [06-07|15:29:42.341] Import receipts                          index=45500000 elapsed=28m32.000549772s
[INFO] [06-07|15:29:50.340] Import receipts                          index=45757500 elapsed=28m40.000074882s
[INFO] [06-07|15:29:58.341] Import receipts                          index=46016702 elapsed=28m48.000741039s
[INFO] [06-07|15:30:06.341] Import receipts                          index=46267500 elapsed=28m56.000856349s
[INFO] [06-07|15:30:14.341] Import receipts                          index=46520000 elapsed=29m4.000372317s
[INFO] [06-07|15:30:22.341] Import receipts                          index=46789197 elapsed=29m12.000188065s
[INFO] [06-07|15:30:30.341] Import receipts                          index=47040000 elapsed=29m20.001036216s
[INFO] [06-07|15:30:38.340] Import receipts                          index=47293098 elapsed=29m28.000049583s
[INFO] [06-07|15:30:46.341] Import receipts                          index=47572500 elapsed=29m36.00019209s
[INFO] [06-07|15:30:54.341] Import receipts                          index=47837500 elapsed=29m44.000258071s
[INFO] [06-07|15:31:02.341] Import receipts                          index=48115333 elapsed=29m52.000719871s
[INFO] [06-07|15:31:09.990] [p2p] GoodPeers 
[INFO] [06-07|15:31:10.340] Import receipts                          index=48370000 elapsed=30m0.000056031s
[INFO] [06-07|15:31:18.341] Import receipts                          index=48625000 elapsed=30m8.000410693s
[INFO] [06-07|15:31:26.341] Import receipts                          index=48897500 elapsed=30m16.000148475s
[INFO] [06-07|15:31:34.340] Import receipts                          index=49120000 elapsed=30m24.000040091s
[INFO] [06-07|15:31:42.341] Import receipts                          index=49337500 elapsed=30m32.000868171s
[INFO] [06-07|15:31:50.340] Import receipts                          index=49575000 elapsed=30m40.000081421s
[INFO] [06-07|15:31:58.340] Import receipts                          index=49750000 elapsed=30m48.000069392s
[INFO] [06-07|15:32:06.341] Import receipts                          index=50029748 elapsed=30m56.000479216s
[INFO] [06-07|15:32:14.340] Import receipts                          index=50282500 elapsed=31m4.000097467s
[INFO] [06-07|15:32:22.341] Import receipts                          index=50540000 elapsed=31m12.000408073s
[INFO] [06-07|15:32:30.341] Import receipts                          index=50767500 elapsed=31m20.000840585s
[INFO] [06-07|15:32:38.341] Import receipts                          index=51054218 elapsed=31m28.000584903s
[INFO] [06-07|15:32:46.341] Import receipts                          index=51310000 elapsed=31m36.000144769s
[INFO] [06-07|15:32:54.341] Import receipts                          index=51594159 elapsed=31m44.000992136s
[INFO] [06-07|15:33:02.341] Import receipts                          index=51855000 elapsed=31m52.000174186s
[INFO] [06-07|15:33:09.990] [p2p] GoodPeers 
[INFO] [06-07|15:33:10.341] Import receipts                          index=52092716 elapsed=32m0.00078909s
[INFO] [06-07|15:33:18.341] Import receipts                          index=52372500 elapsed=32m8.000548821s
[INFO] [06-07|15:33:26.341] Import receipts                          index=52622140 elapsed=32m16.001005813s
[INFO] [06-07|15:33:34.341] Import receipts                          index=52910000 elapsed=32m24.000355227s
[INFO] [06-07|15:33:42.341] Import receipts                          index=53185000 elapsed=32m32.000822452s
[INFO] [06-07|15:33:50.341] Import receipts                          index=53475000 elapsed=32m40.000259273s
[INFO] [06-07|15:33:58.341] Import receipts                          index=53742556 elapsed=32m48.000743029s
[INFO] [06-07|15:34:06.342] Import receipts                          index=54035000 elapsed=32m56.001613273s
[INFO] [06-07|15:34:14.341] Import receipts                          index=54307500 elapsed=33m4.00070122s
[INFO] [06-07|15:34:22.341] Import receipts                          index=54605000 elapsed=33m12.000321513s
[INFO] [06-07|15:34:30.341] Import receipts                          index=54895000 elapsed=33m20.000598578s
[INFO] [06-07|15:34:38.341] Import receipts                          index=55180000 elapsed=33m28.00036072s
[INFO] [06-07|15:34:46.341] Import receipts                          index=55470051 elapsed=33m36.00025982s
[INFO] [06-07|15:34:54.341] Import receipts                          index=55755000 elapsed=33m44.000596002s
[INFO] [06-07|15:35:02.341] Import receipts                          index=56057890 elapsed=33m52.000524269s
[INFO] [06-07|15:35:09.991] [p2p] GoodPeers 
[INFO] [06-07|15:35:10.341] Import receipts                          index=56328973 elapsed=34m0.000433543s
[INFO] [06-07|15:35:18.341] Import receipts                          index=56625000 elapsed=34m8.00047676s
[INFO] [06-07|15:35:26.341] Import receipts                          index=56890000 elapsed=34m16.000830498s
[INFO] [06-07|15:35:34.341] Import receipts                          index=57185000 elapsed=34m24.000755674s
[INFO] [06-07|15:35:42.341] Import receipts                          index=57455000 elapsed=34m32.000284764s
[INFO] [06-07|15:35:50.340] Import receipts                          index=57755000 elapsed=34m40.000058924s
[INFO] [06-07|15:35:58.341] Import receipts                          index=58035000 elapsed=34m48.000719236s
[INFO] [06-07|15:36:06.341] Import receipts                          index=58336972 elapsed=34m56.00016508s
[INFO] [06-07|15:36:14.341] Import receipts                          index=58621791 elapsed=35m4.000558126s
[INFO] [06-07|15:36:22.341] Import receipts                          index=58907500 elapsed=35m12.000359318s
[INFO] [06-07|15:36:30.340] Import receipts                          index=59185000 elapsed=35m20.000016425s
[INFO] [06-07|15:36:38.341] Import receipts                          index=59467500 elapsed=35m28.000800478s
[INFO] [06-07|15:36:46.340] Import receipts                          index=59745000 elapsed=35m36.000040775s
[INFO] [06-07|15:36:54.341] Import receipts                          index=60007500 elapsed=35m44.000543111s
[INFO] [06-07|15:37:02.341] Import receipts                          index=60270000 elapsed=35m52.000443994s
[INFO] [06-07|15:37:09.990] [p2p] GoodPeers 
[INFO] [06-07|15:37:10.341] Import receipts                          index=60555000 elapsed=36m0.000386718s
[INFO] [06-07|15:37:18.341] Import receipts                          index=60830000 elapsed=36m8.000283554s
[INFO] [06-07|15:37:26.341] Import receipts                          index=61132500 elapsed=36m16.000258283s
[INFO] [06-07|15:37:34.341] Import receipts                          index=61400000 elapsed=36m24.000626449s
[INFO] [06-07|15:37:42.341] Import receipts                          index=61687500 elapsed=36m32.000868281s
[INFO] [06-07|15:37:50.341] Import receipts                          index=61987500 elapsed=36m40.000733917s
[INFO] [06-07|15:37:58.341] Import receipts                          index=62277500 elapsed=36m48.00086241s
[INFO] [06-07|15:38:06.341] Import receipts                          index=62570000 elapsed=36m56.000299977s
[INFO] [06-07|15:38:14.341] Import receipts                          index=62797500 elapsed=37m4.000178709s
[INFO] [06-07|15:38:22.341] Import receipts                          index=63067500 elapsed=37m12.000430665s
[INFO] [06-07|15:38:30.341] Import receipts                          index=63317500 elapsed=37m20.000326696s
[INFO] [06-07|15:38:38.341] Import receipts                          index=63585000 elapsed=37m28.000935005s
[INFO] [06-07|15:38:46.341] Import receipts                          index=63862500 elapsed=37m36.000121105s
[INFO] [06-07|15:38:54.341] Import receipts                          index=64130000 elapsed=37m44.00012781s
[INFO] [06-07|15:39:02.341] Import receipts                          index=64417500 elapsed=37m52.000261129s
[INFO] [06-07|15:39:09.991] [p2p] GoodPeers 
[INFO] [06-07|15:39:10.341] Import receipts                          index=64637500 elapsed=38m0.00035162s
[INFO] [06-07|15:39:18.340] Import receipts                          index=64926727 elapsed=38m8.000033287s
[INFO] [06-07|15:39:26.341] Import receipts                          index=65171704 elapsed=38m16.00083736s
[INFO] [06-07|15:39:34.341] Import receipts                          index=65400000 elapsed=38m24.001045511s
[INFO] [06-07|15:39:42.341] Import receipts                          index=65677500 elapsed=38m32.000466924s
[INFO] [06-07|15:39:50.341] Import receipts                          index=65927340 elapsed=38m40.000560471s
[INFO] [06-07|15:39:58.341] Import receipts                          index=66130000 elapsed=38m48.00094692s
[INFO] [06-07|15:40:06.341] Import receipts                          index=66372500 elapsed=38m56.000340029s
[INFO] [06-07|15:40:14.341] Import receipts                          index=66592500 elapsed=39m4.000661268s
[INFO] [06-07|15:40:22.341] Import receipts                          index=66825505 elapsed=39m12.000211758s
[INFO] [06-07|15:40:30.340] Import receipts                          index=67069873 elapsed=39m20.00000624s
[INFO] [06-07|15:40:38.340] Import receipts                          index=67325000 elapsed=39m28.000060919s
[INFO] [06-07|15:40:46.341] Import receipts                          index=67550000 elapsed=39m36.000464116s
[INFO] [06-07|15:40:54.341] Import receipts                          index=67799922 elapsed=39m44.000121831s
[INFO] [06-07|15:41:02.341] Import receipts                          index=68055000 elapsed=39m52.00065988s
[INFO] [06-07|15:41:09.991] [p2p] GoodPeers 
[INFO] [06-07|15:41:10.341] Import receipts                          index=68295000 elapsed=40m0.000887366s
[INFO] [06-07|15:41:18.341] Import receipts                          index=68562500 elapsed=40m8.000487561s
[INFO] [06-07|15:41:26.341] Import receipts                          index=68803786 elapsed=40m16.000311564s
[INFO] [06-07|15:41:34.341] Import receipts                          index=68985000 elapsed=40m24.000541349s
[INFO] [06-07|15:41:42.341] Import receipts                          index=69175000 elapsed=40m32.00040118s
[INFO] [06-07|15:41:50.341] Import receipts                          index=69360000 elapsed=40m40.000846889s
[INFO] [06-07|15:41:58.340] Import receipts                          index=69502500 elapsed=40m48.00004736s
[INFO] [06-07|15:42:06.341] Import receipts                          index=69650940 elapsed=40m56.000343468s
[INFO] [06-07|15:42:14.341] Import receipts                          index=69807500 elapsed=41m4.00023816s
[INFO] [06-07|15:42:22.340] Import receipts                          index=69970000 elapsed=41m12.000009738s
[INFO] [06-07|15:42:30.341] Import receipts                          index=70147500 elapsed=41m20.000296134s
[INFO] [06-07|15:42:38.341] Import receipts                          index=70312500 elapsed=41m28.00043473s
[INFO] [06-07|15:42:46.341] Import receipts                          index=70466047 elapsed=41m36.000935115s
[INFO] [06-07|15:42:54.341] Import receipts                          index=70647500 elapsed=41m44.000256508s
[INFO] [06-07|15:43:02.341] Import receipts                          index=70835000 elapsed=41m52.000630522s
[INFO] [06-07|15:43:09.991] [p2p] GoodPeers 
[INFO] [06-07|15:43:10.341] Import receipts                          index=71010000 elapsed=42m0.000825245s
[INFO] [06-07|15:43:18.341] Import receipts                          index=71170096 elapsed=42m8.00031053s
[INFO] [06-07|15:43:26.341] Import receipts                          index=71355000 elapsed=42m16.000923955s
[INFO] [06-07|15:43:34.341] Import receipts                          index=71538964 elapsed=42m24.000866974s
[INFO] [06-07|15:43:42.341] Import receipts                          index=71695000 elapsed=42m32.000416798s
[INFO] [06-07|15:43:50.340] Import receipts                          index=71854939 elapsed=42m40.000009633s
[INFO] [06-07|15:43:58.341] Import receipts                          index=72015000 elapsed=42m48.000897647s
[INFO] [06-07|15:44:06.341] Import receipts                          index=72182500 elapsed=42m56.000982222s
[INFO] [06-07|15:44:14.341] Import receipts                          index=72377500 elapsed=43m4.000607923s
[INFO] [06-07|15:44:22.341] Import receipts                          index=72558169 elapsed=43m12.001053546s
[INFO] [06-07|15:44:30.341] Import receipts                          index=72744365 elapsed=43m20.000396365s
[INFO] [06-07|15:44:38.341] Import receipts                          index=72930000 elapsed=43m28.000740468s
[INFO] [06-07|15:44:46.341] Import receipts                          index=73115000 elapsed=43m36.000505822s
[INFO] [06-07|15:44:54.341] Import receipts                          index=73255000 elapsed=43m44.000434239s
[INFO] [06-07|15:45:02.341] Import receipts                          index=73472500 elapsed=43m52.000827673s
[INFO] [06-07|15:45:09.991] [p2p] GoodPeers 
[INFO] [06-07|15:45:10.340] Import receipts                          index=73672500 elapsed=44m0.000006442s
[INFO] [06-07|15:45:18.341] Import receipts                          index=73897854 elapsed=44m8.000916895s
[INFO] [06-07|15:45:26.340] Import receipts                          index=74082500 elapsed=44m16.000045235s
[INFO] [06-07|15:45:34.340] Import receipts                          index=74286521 elapsed=44m24.000074699s
[INFO] [06-07|15:45:42.340] Import receipts                          index=74477500 elapsed=44m32.000088232s
[INFO] [06-07|15:45:50.341] Import receipts                          index=74678020 elapsed=44m40.001008125s
[INFO] [06-07|15:45:58.340] Import receipts                          index=74855000 elapsed=44m48.000081688s
[INFO] [06-07|15:46:06.341] Import receipts                          index=75045000 elapsed=44m56.000837319s
[INFO] [06-07|15:46:14.341] Import receipts                          index=75260189 elapsed=45m4.000570445s
[INFO] [06-07|15:46:22.341] Import receipts                          index=75465000 elapsed=45m12.000598743s
[INFO] [06-07|15:46:30.342] Import receipts                          index=75673078 elapsed=45m20.001742395s
[INFO] [06-07|15:46:38.341] Import receipts                          index=75857500 elapsed=45m28.0002072s
[INFO] [06-07|15:46:46.340] Import receipts                          index=76050000 elapsed=45m36.000061431s
[INFO] [06-07|15:46:54.341] Import receipts                          index=76233930 elapsed=45m44.000500266s
[INFO] [06-07|15:47:02.341] Import receipts                          index=76432500 elapsed=45m52.000882369s
[INFO] [06-07|15:47:09.991] [p2p] GoodPeers 
[INFO] [06-07|15:47:10.341] Import receipts                          index=76650000 elapsed=46m0.000861466s
[INFO] [06-07|15:47:18.341] Import receipts                          index=76827500 elapsed=46m8.00052976s
[INFO] [06-07|15:47:26.341] Import receipts                          index=77040000 elapsed=46m16.000622156s
[INFO] [06-07|15:47:34.341] Import receipts                          index=77242500 elapsed=46m24.000296084s
[INFO] [06-07|15:47:42.341] Import receipts                          index=77459843 elapsed=46m32.001026094s
[INFO] [06-07|15:47:50.341] Import receipts                          index=77663096 elapsed=46m40.000303938s
[INFO] [06-07|15:47:58.340] Import receipts                          index=77860234 elapsed=46m48.000034179s
[INFO] [06-07|15:48:06.341] Import receipts                          index=78070000 elapsed=46m56.000792874s
[INFO] [06-07|15:48:14.341] Import receipts                          index=78272500 elapsed=47m4.001065184s
[INFO] [06-07|15:48:22.341] Import receipts                          index=78457500 elapsed=47m12.000417896s
[INFO] [06-07|15:48:30.341] Import receipts                          index=78654123 elapsed=47m20.001047805s
[INFO] [06-07|15:48:38.341] Import receipts                          index=78840000 elapsed=47m28.000748408s
[INFO] [06-07|15:48:46.341] Import receipts                          index=79047500 elapsed=47m36.000682512s
[INFO] [06-07|15:48:54.341] Import receipts                          index=79240362 elapsed=47m44.000989737s
[INFO] [06-07|15:49:02.340] Import receipts                          index=79442500 elapsed=47m52.000059622s
[INFO] [06-07|15:49:09.990] [p2p] GoodPeers 
[INFO] [06-07|15:49:10.341] Import receipts                          index=79633207 elapsed=48m0.000887546s
[INFO] [06-07|15:49:18.340] Import receipts                          index=79805000 elapsed=48m8.000104284s
[INFO] [06-07|15:49:26.341] Import receipts                          index=79970000 elapsed=48m16.001005073s
[INFO] [06-07|15:49:34.340] Import receipts                          index=80130000 elapsed=48m24.000032218s
[INFO] [06-07|15:49:42.341] Import receipts                          index=80327500 elapsed=48m32.000904558s
[INFO] [06-07|15:49:50.341] Import receipts                          index=80480000 elapsed=48m40.000745097s
[INFO] [06-07|15:49:58.340] Import receipts                          index=80627500 elapsed=48m48.000093279s
[INFO] [06-07|15:50:06.341] Import receipts                          index=80786402 elapsed=48m56.000424564s
[INFO] [06-07|15:50:14.341] Import receipts                          index=80947500 elapsed=49m4.000466686s
[INFO] [06-07|15:50:22.341] Import receipts                          index=81141758 elapsed=49m12.000967423s
[INFO] [06-07|15:50:30.341] Import receipts                          index=81315000 elapsed=49m20.000795768s
[INFO] [06-07|15:50:38.341] Import receipts                          index=81495000 elapsed=49m28.001005793s
[INFO] [06-07|15:50:46.341] Import receipts                          index=81678261 elapsed=49m36.000555873s
[INFO] [06-07|15:50:54.340] Import receipts                          index=81859379 elapsed=49m44.00010028s
[INFO] [06-07|15:51:02.341] Import receipts                          index=82041185 elapsed=49m52.000399774s
[INFO] [06-07|15:51:09.991] [p2p] GoodPeers 
[INFO] [06-07|15:51:10.341] Import receipts                          index=82235000 elapsed=50m0.000940189s
[INFO] [06-07|15:51:18.341] Import receipts                          index=82436927 elapsed=50m8.000370948s
[INFO] [06-07|15:51:26.341] Import receipts                          index=82640242 elapsed=50m16.000935315s
[INFO] [06-07|15:51:34.340] Import receipts                          index=82840000 elapsed=50m24.000037776s
[INFO] [06-07|15:51:42.341] Import receipts                          index=83020000 elapsed=50m32.000235601s
[INFO] [06-07|15:51:50.341] Import receipts                          index=83228703 elapsed=50m40.000503718s
[INFO] [06-07|15:51:58.341] Import receipts                          index=83449626 elapsed=50m48.000277442s
[INFO] [06-07|15:52:06.341] Import receipts                          index=83675326 elapsed=50m56.000138621s
[INFO] [06-07|15:52:14.341] Import receipts                          index=83907324 elapsed=51m4.000723365s
[INFO] [06-07|15:52:22.341] Import receipts                          index=84125000 elapsed=51m12.000332615s
[INFO] [06-07|15:52:30.340] Import receipts                          index=84355000 elapsed=51m20.000105272s
[INFO] [06-07|15:52:38.341] Import receipts                          index=84555000 elapsed=51m28.00093642s
[INFO] [06-07|15:52:46.340] Import receipts                          index=84737500 elapsed=51m36.000054761s
[INFO] [06-07|15:52:54.340] Import receipts                          index=84965000 elapsed=51m44.000075759s
[INFO] [06-07|15:53:02.341] Import receipts                          index=85192500 elapsed=51m52.000671354s
[INFO] [06-07|15:53:09.991] [p2p] GoodPeers 
[INFO] [06-07|15:53:10.341] Import receipts                          index=85418330 elapsed=52m0.000531859s
[INFO] [06-07|15:53:18.341] Import receipts                          index=85645000 elapsed=52m8.000635935s
[INFO] [06-07|15:53:26.341] Import receipts                          index=85871698 elapsed=52m16.00070378s
[INFO] [06-07|15:53:34.341] Import receipts                          index=86067500 elapsed=52m24.000314844s
[INFO] [06-07|15:53:42.341] Import receipts                          index=86272500 elapsed=52m32.001015629s
[INFO] [06-07|15:53:50.341] Import receipts                          index=86500000 elapsed=52m40.000143664s
[INFO] [06-07|15:53:58.340] Import receipts                          index=86745000 elapsed=52m48.000098458s
[INFO] [06-07|15:54:06.341] Import receipts                          index=87007500 elapsed=52m56.000998683s
[INFO] [06-07|15:54:14.341] Import receipts                          index=87269747 elapsed=53m4.000646472s
[INFO] [06-07|15:54:22.341] Import receipts                          index=87520000 elapsed=53m12.000986113s
[INFO] [06-07|15:54:30.341] Import receipts                          index=87795000 elapsed=53m20.001012884s
[INFO] [06-07|15:54:38.341] Import receipts                          index=88075000 elapsed=53m28.000850954s
[INFO] [06-07|15:54:46.341] Import receipts                          index=88355000 elapsed=53m36.000773375s
[INFO] [06-07|15:54:54.341] Import receipts                          index=88637500 elapsed=53m44.000967415s
[INFO] [06-07|15:55:02.341] Import receipts                          index=88897500 elapsed=53m52.000629783s
[INFO] [06-07|15:55:09.991] [p2p] GoodPeers 
[INFO] [06-07|15:55:10.341] Import receipts                          index=89045000 elapsed=54m0.000841178s
[INFO] [06-07|15:55:18.341] Import receipts                          index=89212858 elapsed=54m8.000585217s
[INFO] [06-07|15:55:26.341] Import receipts                          index=89470000 elapsed=54m16.000518394s
[INFO] [06-07|15:55:34.341] Import receipts                          index=89702500 elapsed=54m24.000632253s
[INFO] [06-07|15:55:42.341] Import receipts                          index=89957500 elapsed=54m32.000314093s
[INFO] [06-07|15:55:50.341] Import receipts                          index=90187500 elapsed=54m40.001061833s
[INFO] [06-07|15:55:58.341] Import receipts                          index=90422500 elapsed=54m48.000739085s
[INFO] [06-07|15:56:06.341] Import receipts                          index=90670000 elapsed=54m56.000205221s
[INFO] [06-07|15:56:14.341] Import receipts                          index=90920100 elapsed=55m4.000579353s
[INFO] [06-07|15:56:22.341] Import receipts                          index=91195000 elapsed=55m12.000808206s
[INFO] [06-07|15:56:30.341] Import receipts                          index=91435000 elapsed=55m20.000512666s
[INFO] [06-07|15:56:38.341] Import receipts                          index=91692642 elapsed=55m28.00051368s
[INFO] [06-07|15:56:46.341] Import receipts                          index=91947500 elapsed=55m36.000643776s
[INFO] [06-07|15:56:54.341] Import receipts                          index=92185000 elapsed=55m44.000282918s
[INFO] [06-07|15:57:02.341] Import receipts                          index=92410493 elapsed=55m52.00041286s
[INFO] [06-07|15:57:09.991] [p2p] GoodPeers 
[INFO] [06-07|15:57:10.341] Import receipts                          index=92627500 elapsed=56m0.000640785s
[INFO] [06-07|15:57:18.341] Import receipts                          index=92863764 elapsed=56m8.000270804s
[INFO] [06-07|15:57:26.341] Import receipts                          index=93101596 elapsed=56m16.000912305s
[INFO] [06-07|15:57:34.340] Import receipts                          index=93368234 elapsed=56m24.00007348s
[INFO] [06-07|15:57:42.341] Import receipts                          index=93635000 elapsed=56m32.000663381s
[INFO] [06-07|15:57:50.341] Import receipts                          index=93895000 elapsed=56m40.001064469s
[INFO] [06-07|15:57:58.341] Import receipts                          index=94147264 elapsed=56m48.000372629s
[INFO] [06-07|15:58:06.341] Import receipts                          index=94390000 elapsed=56m56.000774714s
[INFO] [06-07|15:58:14.341] Import receipts                          index=94601897 elapsed=57m4.00071578s
[INFO] [06-07|15:58:22.341] Import receipts                          index=94840000 elapsed=57m12.000450311s
[INFO] [06-07|15:58:30.341] Import receipts                          index=95072500 elapsed=57m20.001013023s
[INFO] [06-07|15:58:38.340] Import receipts                          index=95335000 elapsed=57m28.000045954s
[INFO] [06-07|15:58:46.341] Import receipts                          index=95587500 elapsed=57m36.000971119s
[INFO] [06-07|15:58:54.341] Import receipts                          index=95817710 elapsed=57m44.000537122s
[INFO] [06-07|15:59:02.341] Import receipts                          index=96090000 elapsed=57m52.000403831s
[INFO] [06-07|15:59:09.991] [p2p] GoodPeers 
[INFO] [06-07|15:59:10.341] Import receipts                          index=96335102 elapsed=58m0.000963307s
[INFO] [06-07|15:59:18.341] Import receipts                          index=96572313 elapsed=58m8.000776382s
[INFO] [06-07|15:59:26.341] Import receipts                          index=96807500 elapsed=58m16.000180664s
[INFO] [06-07|15:59:34.341] Import receipts                          index=97022500 elapsed=58m24.000643432s
[INFO] [06-07|15:59:42.341] Import receipts                          index=97270000 elapsed=58m32.000492218s
[INFO] [06-07|15:59:50.341] Import receipts                          index=97507500 elapsed=58m40.00088035s
[INFO] [06-07|15:59:58.341] Import receipts                          index=97773212 elapsed=58m48.00071735s
[INFO] [06-07|16:00:06.340] Import receipts                          index=98032500 elapsed=58m56.000102823s
[INFO] [06-07|16:00:14.341] Import receipts                          index=98298089 elapsed=59m4.000787309s
[INFO] [06-07|16:00:22.341] Import receipts                          index=98560051 elapsed=59m12.000309535s
[INFO] [06-07|16:00:30.341] Import receipts                          index=98830000 elapsed=59m20.000539182s
[INFO] [06-07|16:00:38.341] Import receipts                          index=99099475 elapsed=59m28.000485765s
[INFO] [06-07|16:00:46.341] Import receipts                          index=99299513 elapsed=59m36.000610975s
[INFO] [06-07|16:00:54.341] Import receipts                          index=99440000 elapsed=59m44.000836083s
[INFO] [06-07|16:01:02.341] Import receipts                          index=99567500 elapsed=59m52.000336209s
[INFO] [06-07|16:01:09.991] [p2p] GoodPeers 
[INFO] [06-07|16:01:10.341] Import receipts                          index=99807500 elapsed=1h0m0.000705926s
[INFO] [06-07|16:01:18.341] Import receipts                          index=100065000 elapsed=1h0m8.000326824s
[INFO] [06-07|16:01:26.341] Import receipts                          index=100327500 elapsed=1h0m16.000684675s
[INFO] [06-07|16:01:34.341] Import receipts                          index=100595000 elapsed=1h0m24.000445543s
[INFO] [06-07|16:01:42.341] Import receipts                          index=100868816 elapsed=1h0m32.00090662s
[INFO] [06-07|16:01:50.341] Import receipts                          index=101138580 elapsed=1h0m40.000521385s
[INFO] [06-07|16:01:58.341] Import receipts                          index=101405000 elapsed=1h0m48.000310471s
[INFO] [06-07|16:02:06.341] Import receipts                          index=101677500 elapsed=1h0m56.000847481s
[INFO] [06-07|16:02:14.340] Import receipts                          index=101957500 elapsed=1h1m4.000013837s
[INFO] [06-07|16:02:22.341] Import receipts                          index=102230000 elapsed=1h1m12.000115364s
[INFO] [06-07|16:02:30.341] Import receipts                          index=102492500 elapsed=1h1m20.000326011s
[INFO] [06-07|16:02:38.341] Import receipts                          index=102762500 elapsed=1h1m28.000874881s
[INFO] [06-07|16:02:46.341] Import receipts                          index=103035000 elapsed=1h1m36.000406672s
[INFO] [06-07|16:02:54.341] Import receipts                          index=103295000 elapsed=1h1m44.000789307s
[INFO] [06-07|16:03:02.341] Import receipts                          index=103560000 elapsed=1h1m52.000293767s
[INFO] [06-07|16:03:09.990] [p2p] GoodPeers 
[INFO] [06-07|16:03:10.341] Import receipts                          index=103831498 elapsed=1h2m0.000962001s
[INFO] [06-07|16:03:18.341] Import receipts                          index=104112500 elapsed=1h2m8.000434242s
[INFO] [06-07|16:03:26.341] Import receipts                          index=104390000 elapsed=1h2m16.001047783s
[INFO] [06-07|16:03:34.341] Import receipts                          index=104666825 elapsed=1h2m24.000962175s
[INFO] [06-07|16:03:42.342] Import receipts                          index=104930000 elapsed=1h2m32.00189388s
[INFO] [06-07|16:03:50.341] Import receipts                          index=105197500 elapsed=1h2m40.000960673s
[INFO] [06-07|16:03:51.642] Import receipts                          index=105235064 elapsed=1h2m41.301348311s
