 ____           _                _      __  __ _                 _   _              
 |  _ \         | |              | |    |  \/  (_)               | | (_)            
 | |_) | ___  __| |_ __ ___   ___| | __ | \  / |_  __ _ _ __ __ _| |_ _  ___  _ __  
 |  _ < / _ \/ _  |  __/ _ \ / __| |/ / | |\/| | |/ _  | '__/ _  | __| |/ _ \| '_ \ 
 | |_) |  __/ (_| | | | (_) | (__|   <  | |  | | | (_| | | | (_| | |_| | (_) | | | |
 |____/ \___|\__,_|_|  \___/ \___|_|\_\ |_|  |_|_|\__, |_|  \__,_|\__|_|\___/|_| |_|
                                                   __/ |                            
                                                  |___/                             
+------------------------------------------+
| Fri Jun  2 09:57:29 UTC 2023             |
|                                          |
|[1m Import Genesis                           [m|
+------------------------------------------+

real	0m0.160s
user	0m0.137s
sys	0m0.043s
+------------------------------------------+
| Fri Jun  2 09:57:29 UTC 2023             |
|                                          |
|[1m Recover Genesis                          [m|
+------------------------------------------+

real	0m2.253s
user	0m0.171s
sys	0m0.026s
+------------------------------------------+
| Fri Jun  2 09:57:31 UTC 2023             |
|                                          |
|[1m Import Blocks                            [m|
+------------------------------------------+

real	8m20.949s
user	4m20.793s
sys	1m1.727s
+------------------------------------------+
| Fri Jun  2 10:05:52 UTC 2023             |
|                                          |
|[1m Import State                             [m|
+------------------------------------------+

real	1m45.601s
user	1m51.826s
sys	0m6.724s
