[INFO] [06-01|07:04:45.448] logging to file system                   log dir=migration-log/init_genesis file prefix=erigon log level=info json=false
[INFO] [06-01|07:04:45.449] Starting metrics server                  addr=http://127.0.0.1:6060/debug/metrics/prometheus
[INFO] [06-01|07:04:45.454] Opening Database                         label=chaindata path=/home/ubuntu/op-erigon/erigon_db/chaindata
[INFO] [06-01|07:04:45.454] [db] params: growStep=2GB, mapsSize=7TB, shrinkThreshold=-1, pageSize=4KB, label=chaindata, WriteMap=false, Durable=false, NoReadahead=true,  
[INFO] [06-01|07:04:57.580] logging to file system                   log dir=migration-log/init_genesis file prefix=erigon log level=info json=false
[INFO] [06-01|07:04:57.581] Starting metrics server                  addr=http://127.0.0.1:6060/debug/metrics/prometheus
[INFO] [06-01|07:04:57.586] Opening Database                         label=chaindata path=/home/ubuntu/op-erigon/erigon_db/chaindata
[INFO] [06-01|07:04:57.586] [db] params: growStep=2GB, mapsSize=7TB, shrinkThreshold=-1, pageSize=4KB, label=chaindata, WriteMap=false, Durable=false, NoReadahead=true,  
[INFO] [06-01|07:04:57.591] Re-Opening DB in exclusive mode to apply migrations 
[INFO] [06-01|07:04:57.592] [db] params: growStep=2GB, mapsSize=7TB, shrinkThreshold=-1, pageSize=4KB, label=chaindata, WriteMap=false, Durable=false, NoReadahead=true,  
[INFO] [06-01|07:04:57.593] Apply migration                          name=db_schema_version5
[INFO] [06-01|07:04:57.594] Applied migration                        name=db_schema_version5
[INFO] [06-01|07:04:57.594] Apply migration                          name=txs_begin_end
[INFO] [06-01|07:04:57.596] Applied migration                        name=txs_begin_end
[INFO] [06-01|07:04:57.596] Apply migration                          name=reset_blocks_4
[INFO] [06-01|07:04:57.597] Applied migration                        name=reset_blocks_4
[INFO] [06-01|07:04:57.598] Updated DB schema to                     version=6.0.0
[INFO] [06-01|07:04:57.598] [db] params: growStep=2GB, mapsSize=7TB, shrinkThreshold=-1, pageSize=4KB, label=chaindata, WriteMap=false, Durable=false, NoReadahead=true,  
[INFO] [06-01|07:04:57.603] Writing custom genesis block             hash=0xad7e4e683df9b4b187b52e921d9d88e380c879b3956f6fb4d183baec76012bd0
[INFO] [06-01|07:04:57.605] Successfully wrote genesis state         hash=0xad7e4e683df9b4b187b52e921d9d88e380c879b3956f6fb4d183baec76012bd0
