 ____           _                _      __  __ _                 _   _              
 |  _ \         | |              | |    |  \/  (_)               | | (_)            
 | |_) | ___  __| |_ __ ___   ___| | __ | \  / |_  __ _ _ __ __ _| |_ _  ___  _ __  
 |  _ < / _ \/ _  |  __/ _ \ / __| |/ / | |\/| | |/ _  | '__/ _  | __| |/ _ \| '_ \ 
 | |_) |  __/ (_| | | | (_) | (__|   <  | |  | | | (_| | | | (_| | |_| | (_) | | | |
 |____/ \___|\__,_|_|  \___/ \___|_|\_\ |_|  |_|_|\__, |_|  \__,_|\__|_|\___/|_| |_|
                                                   __/ |                            
                                                  |___/                             
+------------------------------------------+
| Thu Jun  1 05:13:09 UTC 2023             |
|                                          |
|[1m Init                                     (B[m|
+------------------------------------------+
  % Total    % Received % Xferd  Average Speed   Time    Time     Time  Current
                                 Dload  Upload   Total   Spent    Left  Speed
  0     0    0     0    0     0      0      0 --:--:-- --:--:-- --:--:--     0100   119  100    46  100    73  77051   119k --:--:-- --:--:-- --:--:--  116k
{"jsonrpc":"2.0","id":83,"result":"0x3df828"}
+------------------------------------------+
| Thu Jun  1 05:13:29 UTC 2023             |
|                                          |
|[1m Export Blocks                            (B[m|
+------------------------------------------+
Export done in 1m45.187510275s

real	1m45.581s
user	1m14.447s
sys	0m34.124s
+------------------------------------------+
| Thu Jun  1 05:15:14 UTC 2023             |
|                                          |
|[1m Export Total Difficulty                  (B[m|
+------------------------------------------+
Export done in 1m32.388629951s

real	1m32.773s
user	1m17.685s
sys	0m18.223s
+------------------------------------------+
| Thu Jun  1 05:16:47 UTC 2023             |
|                                          |
|[1m Export Receipts                          (B[m|
+------------------------------------------+
Export done in 5m41.136814973s

real	5m41.550s
user	4m43.037s
sys	1m15.601s
+------------------------------------------+
| Thu Jun  1 05:22:29 UTC 2023             |
|                                          |
|[1m Export State                             (B[m|
+------------------------------------------+

real	3m38.278s
user	3m24.830s
sys	0m24.507s
