INFO [06-01|04:57:10.725] Maximum peer count                       ETH=50 LES=0 total=50
INFO [06-01|04:57:10.727] Smartcard socket not found, disabling    err="stat /run/pcscd/pcscd.comm: no such file or directory"
INFO [06-01|04:57:10.731] Set global gas cap                       cap=50,000,000
INFO [06-01|04:57:10.735] Using leveldb as the backing database 
INFO [06-01|04:57:10.735] Allocated cache and file handles         database=/home/ubuntu/geth_db/geth/chaindata cache=512.00MiB handles=524,288 readonly=true
INFO [06-01|04:57:11.037] Using LevelDB as the backing database 
INFO [06-01|04:57:11.037] Found legacy ancient chain path          location=/home/ubuntu/geth_db/geth/chaindata/ancient
INFO [06-01|04:57:11.037] Opened ancient database                  database=/home/ubuntu/geth_db/geth/chaindata/ancient readonly=true
INFO [06-01|04:57:11.039] State dump configured                    block=4,061,224 hash=0x0f783549ea4313b784eadd9b8e8a69913b368b7366363ea814d7707ac505175f skipcode=false skipstorage=false start=0x0000000000000000000000000000000000000000000000000000000000000000 limit=0
INFO [06-01|04:57:11.039] Trie dumping started                     root=bfe2b0..c2d21c
INFO [06-01|04:57:19.678] Trie dumping in progress                 at="[10 82 148 115 215 140 100 153 92 154 198 109 230 19 130 16 85 149 125 34 205 213 148 31 179 109 20 119 75 217 134 104]" accounts=5123 elapsed=8.638s
INFO [06-01|04:57:27.679] Trie dumping in progress                 at="[23 209 198 138 20 109 213 51 220 156 182 225 68 144 214 240 70 141 131 44 124 41 138 222 60 214 123 50 51 16 173 159]" accounts=11750 elapsed=16.639s
INFO [06-01|04:57:37.421] Trie dumping in progress                 at="[36 4 4 68 202 255 209 13 86 166 229 75 217 37 169 142 52 205 236 237 128 112 31 9 163 183 86 57 192 214 227 109]" accounts=17835 elapsed=26.381s
INFO [06-01|04:57:50.223] Trie dumping in progress                 at="[46 35 130 168 248 74 143 169 223 109 116 214 107 0 70 33 89 142 150 134 123 149 95 165 90 236 188 14 71 131 17 102]" accounts=22789 elapsed=39.183s
INFO [06-01|04:58:56.222] Trie dumping in progress                 at="[46 166 113 5 123 1 199 107 205 255 75 248 11 172 94 210 149 12 109 10 222 157 240 147 211 23 2 19 192 28 23 43]" accounts=23049 elapsed=1m45.182s
INFO [06-01|04:59:04.228] Trie dumping in progress                 at="[61 151 184 99 182 60 100 199 113 158 238 193 20 186 221 110 82 150 89 107 145 197 21 116 136 230 250 186 146 84 159 10]" accounts=30505 elapsed=1m53.188s
INFO [06-01|04:59:12.229] Trie dumping in progress                 at="[77 13 77 37 21 117 155 113 202 11 106 153 130 45 124 223 23 65 103 254 44 238 182 246 126 70 94 250 80 232 250 2]" accounts=38380 elapsed=2m1.189s
INFO [06-01|04:59:20.536] Trie dumping in progress                 at="[82 153 45 163 121 7 112 113 118 169 2 209 161 178 228 22 224 190 215 193 189 101 209 141 6 96 50 201 254 215 10 190]" accounts=41211 elapsed=2m9.496s
INFO [06-01|04:59:30.967] Trie dumping in progress                 at="[96 133 157 174 56 245 90 41 159 137 52 253 16 163 52 204 66 24 214 231 113 121 162 165 68 141 214 86 2 55 14 36]" accounts=48239 elapsed=2m19.927s
INFO [06-01|04:59:38.975] Trie dumping in progress                 at="[106 188 121 18 164 51 78 47 44 101 93 66 42 186 49 88 203 27 112 53 170 63 76 118 187 230 234 199 103 147 131 238]" accounts=53204 elapsed=2m27.935s
INFO [06-01|04:59:47.939] Trie dumping in progress                 at="[117 76 63 213 196 101 20 95 206 189 234 14 4 110 144 22 154 153 246 188 183 114 77 168 214 139 141 63 117 238 2 245]" accounts=58529 elapsed=2m36.899s
INFO [06-01|05:00:09.296] Trie dumping in progress                 at="[131 180 56 192 37 9 144 250 194 165 245 190 98 71 20 168 164 82 69 36 188 50 76 140 69 118 67 100 163 145 200 128]" accounts=65730 elapsed=2m58.256s
INFO [06-01|05:00:17.296] Trie dumping in progress                 at="[137 137 252 193 97 184 43 3 252 58 94 213 32 44 71 235 86 200 251 191 91 82 251 31 49 173 181 155 214 132 118 89]" accounts=68745 elapsed=3m6.257s
INFO [06-01|05:00:25.314] Trie dumping in progress                 at="[145 157 123 251 207 110 186 178 198 89 81 20 141 76 38 77 87 14 238 120 171 39 106 88 40 9 90 200 226 151 249 207]" accounts=72747 elapsed=3m14.274s
INFO [06-01|05:00:33.521] Trie dumping in progress                 at="[152 84 129 162 65 241 251 201 138 157 252 15 184 161 9 245 36 236 18 34 212 175 103 243 160 69 81 215 216 117 107 149]" accounts=76032 elapsed=3m22.481s
INFO [06-01|05:01:23.236] Trie dumping in progress                 at="[155 148 14 39 173 79 229 32 6 101 43 132 52 175 219 126 185 13 112 42 119 209 26 88 68 98 30 184 249 57 51 195]" accounts=77703 elapsed=4m12.196s
INFO [06-01|05:01:32.482] Trie dumping in progress                 at="[168 182 38 215 3 214 71 134 131 94 238 201 203 198 71 34 75 47 28 164 244 108 189 21 238 88 128 248 175 210 195 171]" accounts=84328 elapsed=4m21.442s
INFO [06-01|05:01:43.152] Trie dumping in progress                 at="[175 128 177 237 78 98 83 191 100 228 18 201 103 171 160 202 121 47 253 70 96 83 90 79 252 204 236 225 196 74 177 214]" accounts=87783 elapsed=4m32.112s
INFO [06-01|05:01:54.411] Trie dumping in progress                 at="[183 21 86 171 82 194 29 58 113 192 121 103 168 212 99 59 75 97 11 63 247 64 67 73 199 34 210 238 217 250 130 88]" accounts=91533 elapsed=4m43.371s
INFO [06-01|05:02:29.412] Trie dumping in progress                 at="[198 220 101 31 149 81 52 57 78 237 7 249 229 191 251 235 134 219 0 52 87 165 208 208 237 48 150 211 81 253 18 249]" accounts=99471 elapsed=5m18.372s
INFO [06-01|05:02:39.477] Trie dumping in progress                 at="[215 86 111 204 165 179 214 95 199 104 139 184 186 173 253 27 152 216 222 88 233 204 177 77 2 27 201 186 150 92 131 249]" accounts=107,518 elapsed=5m28.437s
INFO [06-01|05:02:47.477] Trie dumping in progress                 at="[225 136 152 117 54 7 218 60 209 13 161 26 175 118 101 88 64 132 78 78 68 122 23 86 80 74 203 11 83 33 87 191]" accounts=112,585 elapsed=5m36.437s
INFO [06-01|05:02:55.559] Trie dumping in progress                 at="[236 130 123 89 223 36 216 108 169 204 10 61 168 31 222 22 128 89 59 164 120 195 78 62 190 223 44 8 231 201 189 139]" accounts=117,942 elapsed=5m44.519s
INFO [06-01|05:03:03.901] Trie dumping in progress                 at="[246 178 117 160 31 232 108 164 247 11 23 15 160 209 183 88 235 237 132 161 120 14 103 143 231 81 47 68 200 104 26 18]" accounts=123,001 elapsed=5m52.861s
INFO [06-01|05:03:06.399] Trie dumping complete                    accounts=127,608 elapsed=5m55.359s
