INFO [06-01|04:43:01.463] Starting Geth on Ethereum mainnet... 
INFO [06-01|04:43:01.463] Bumping default cache on mainnet         provided=1024 updated=4096
INFO [06-01|04:43:01.467] Maximum peer count                       ETH=50 LES=0 total=50
INFO [06-01|04:43:01.468] Smartcard socket not found, disabling    err="stat /run/pcscd/pcscd.comm: no such file or directory"
INFO [06-01|04:43:01.472] Set global gas cap                       cap=50,000,000
INFO [06-01|04:43:01.474] Allocated trie memory caches             clean=614.00MiB dirty=1024.00MiB
INFO [06-01|04:43:01.476] Using leveldb as the backing database 
INFO [06-01|04:43:01.476] Allocated cache and file handles         database=/home/ubuntu/geth_db/geth/chaindata cache=2.00GiB handles=524,288
INFO [06-01|04:43:02.070] Using LevelDB as the backing database 
INFO [06-01|04:43:02.071] Found legacy ancient chain path          location=/home/ubuntu/geth_db/geth/chaindata/ancient
INFO [06-01|04:43:02.071] Opened ancient database                  database=/home/ubuntu/geth_db/geth/chaindata/ancient readonly=false
INFO [06-01|04:43:02.078] Disk storage enabled for ethash caches   dir=/home/ubuntu/geth_db/geth/ethash count=3
INFO [06-01|04:43:02.078] Disk storage enabled for ethash DAGs     dir=/home/ubuntu/.ethash             count=2
INFO [06-01|04:43:02.091]  
INFO [06-01|04:43:02.091] --------------------------------------------------------------------------------------------------------------------------------------------------------- 
INFO [06-01|04:43:02.091] Chain ID:  420 (unknown) 
INFO [06-01|04:43:02.091] Consensus: Optimism 
INFO [06-01|04:43:02.091]  
INFO [06-01|04:43:02.091] Pre-Merge hard forks (block based): 
INFO [06-01|04:43:02.091]  - Homestead:                   #0        (https://github.com/ethereum/execution-specs/blob/master/network-upgrades/mainnet-upgrades/homestead.md) 
INFO [06-01|04:43:02.092]  - Tangerine Whistle (EIP 150): #0        (https://github.com/ethereum/execution-specs/blob/master/network-upgrades/mainnet-upgrades/tangerine-whistle.md) 
INFO [06-01|04:43:02.092]  - Spurious Dragon/1 (EIP 155): #0        (https://github.com/ethereum/execution-specs/blob/master/network-upgrades/mainnet-upgrades/spurious-dragon.md) 
INFO [06-01|04:43:02.092]  - Spurious Dragon/2 (EIP 158): #0        (https://github.com/ethereum/execution-specs/blob/master/network-upgrades/mainnet-upgrades/spurious-dragon.md) 
INFO [06-01|04:43:02.092]  - Byzantium:                   #0        (https://github.com/ethereum/execution-specs/blob/master/network-upgrades/mainnet-upgrades/byzantium.md) 
INFO [06-01|04:43:02.092]  - Constantinople:              #0        (https://github.com/ethereum/execution-specs/blob/master/network-upgrades/mainnet-upgrades/constantinople.md) 
INFO [06-01|04:43:02.092]  - Petersburg:                  #0        (https://github.com/ethereum/execution-specs/blob/master/network-upgrades/mainnet-upgrades/petersburg.md) 
INFO [06-01|04:43:02.092]  - Istanbul:                    #0        (https://github.com/ethereum/execution-specs/blob/master/network-upgrades/mainnet-upgrades/istanbul.md) 
INFO [06-01|04:43:02.092]  - Muir Glacier:                #0        (https://github.com/ethereum/execution-specs/blob/master/network-upgrades/mainnet-upgrades/muir-glacier.md) 
INFO [06-01|04:43:02.092]  - Berlin:                      #0        (https://github.com/ethereum/execution-specs/blob/master/network-upgrades/mainnet-upgrades/berlin.md) 
INFO [06-01|04:43:02.092]  - London:                      #4061224  (https://github.com/ethereum/execution-specs/blob/master/network-upgrades/mainnet-upgrades/london.md) 
INFO [06-01|04:43:02.092]  - Arrow Glacier:               #4061224  (https://github.com/ethereum/execution-specs/blob/master/network-upgrades/mainnet-upgrades/arrow-glacier.md) 
INFO [06-01|04:43:02.092]  - Gray Glacier:                #4061224  (https://github.com/ethereum/execution-specs/blob/master/network-upgrades/mainnet-upgrades/gray-glacier.md) 
INFO [06-01|04:43:02.092]  
INFO [06-01|04:43:02.092] Merge configured: 
INFO [06-01|04:43:02.092]  - Hard-fork specification:    https://github.com/ethereum/execution-specs/blob/master/network-upgrades/mainnet-upgrades/paris.md 
INFO [06-01|04:43:02.092]  - Network known to be merged: true 
INFO [06-01|04:43:02.092]  - Total terminal difficulty:  0 
INFO [06-01|04:43:02.092]  - Merge netsplit block:       #4061224  
INFO [06-01|04:43:02.092]  
INFO [06-01|04:43:02.092] Post-Merge hard forks (timestamp based): 
INFO [06-01|04:43:02.092]  - Regolith:                    @1679079600 
INFO [06-01|04:43:02.092]  
INFO [06-01|04:43:02.092] --------------------------------------------------------------------------------------------------------------------------------------------------------- 
INFO [06-01|04:43:02.092]  
INFO [06-01|04:43:02.092] Loaded most recent local block           number=4,061,224 hash=0f7835..05175f td=0 age=4mo2w5d
INFO [06-01|04:43:02.093] Loaded most recent local finalized block number=4,061,224 hash=0f7835..05175f td=0 age=4mo2w5d
INFO [06-01|04:43:02.093] Initialising Ethereum protocol           network=420 dbversion=8
INFO [06-01|04:43:02.093] Resuming state snapshot generation       root=bfe2b0..c2d21c in=182589..c7f3c1 at=767617..fa8918 accounts=11910 slots=345,939 storage=27.38MiB dangling=0 elapsed="44.488µs"
INFO [06-01|04:43:02.094] Loaded local transaction journal         transactions=0 dropped=0
INFO [06-01|04:43:02.094] Regenerated local transaction journal    transactions=0 accounts=0
WARN [06-01|04:43:02.094] Switch sync mode from snap sync to full sync 
INFO [06-01|04:43:02.094] Chain post-merge, sync via beacon client 
INFO [06-01|04:43:02.094] Gasprice oracle is ignoring threshold set threshold=2
WARN [06-01|04:43:02.094] Engine API enabled                       protocol=eth
INFO [06-01|04:43:02.094] Starting peer-to-peer node               instance=Geth/v0.1.0-unstable-047fac63-20230531/linux-arm64/go1.19.6
INFO [06-01|04:43:02.105] New local node record                    seq=6 id=d02ca800c6957ef8 ip=127.0.0.1 udp=30303 tcp=30303
INFO [06-01|04:43:02.105] Started P2P networking                   self=enode://966efad9d4f21debf82f3e33e29ca938318ecd75941bc76264a8c89490575cd6d38240a6141695c900f5bdccd2f7ab1d9ddcdf407b171d983f7ac894eca5dba8@127.0.0.1:30303
INFO [06-01|04:43:02.106] IPC endpoint opened                      url=/home/ubuntu/geth_db/geth.ipc
INFO [06-01|04:43:02.106] Loaded JWT secret file                   path=/home/ubuntu/geth_db/geth/jwtsecret crc32=0xa1d68434
INFO [06-01|04:43:02.107] HTTP server started                      endpoint=127.0.0.1:8545 auth=false prefix= cors= vhosts=localhost
INFO [06-01|04:43:02.107] WebSocket enabled                        url=ws://127.0.0.1:8551
INFO [06-01|04:43:02.107] HTTP server started                      endpoint=127.0.0.1:8551 auth=true  prefix= cors=localhost vhosts=localhost
INFO [06-01|04:43:08.486] New local node record                    seq=7 id=d02ca800c6957ef8 ip=15.165.47.90 udp=30303 tcp=30303
INFO [06-01|04:43:10.094] Generating state snapshot                root=bfe2b0..c2d21c in=2cd8f6..71ad6b at=0d1104..7822c2 accounts=22160 slots=625,207 storage=50.02MiB dangling=0 elapsed=8.000s     eta=1m21.611s
INFO [06-01|04:43:11.409] Got interrupt, shutting down... 
INFO [06-01|04:43:11.410] HTTP server stopped                      endpoint=127.0.0.1:8545
INFO [06-01|04:43:11.410] HTTP server stopped                      endpoint=127.0.0.1:8551
INFO [06-01|04:43:11.410] IPC endpoint closed                      url=/home/ubuntu/geth_db/geth.ipc
INFO [06-01|04:43:11.410] Ethereum protocol stopped 
INFO [06-01|04:43:11.410] Transaction pool stopped 
INFO [06-01|04:43:11.410] Aborting state snapshot generation       root=bfe2b0..c2d21c in=2e0b56..69f581 at=749237..868c46 accounts=22739 slots=671,874 storage=54.18MiB dangling=0 elapsed=9.316s     eta=1m29.331s
INFO [06-01|04:43:11.410] Journalling in-progress snapshot         root=bfe2b0..c2d21c in=2e0b56..69f581 at=749237..868c46 accounts=22739 slots=671,874 storage=54.18MiB dangling=0 elapsed=9.316s     eta=1m29.331s
INFO [06-01|04:43:11.410] Writing cached state to disk             block=4,061,224 hash=0f7835..05175f root=bfe2b0..c2d21c
INFO [06-01|04:43:11.410] Persisted trie from memory database      nodes=0 size=0.00B time="2.125µs" gcnodes=0 gcsize=0.00B gctime=0s livenodes=1 livesize=0.00B
INFO [06-01|04:43:11.410] Writing cached state to disk             block=4,061,223 hash=31267a..a49dc9 root=da1301..2eac3c
INFO [06-01|04:43:11.410] Persisted trie from memory database      nodes=0 size=0.00B time=812ns     gcnodes=0 gcsize=0.00B gctime=0s livenodes=1 livesize=0.00B
INFO [06-01|04:43:11.411] Writing cached state to disk             block=4,061,097 hash=803777..4f5059 root=81f9ea..e7a9cc
INFO [06-01|04:43:11.411] Persisted trie from memory database      nodes=0 size=0.00B time="1.215µs" gcnodes=0 gcsize=0.00B gctime=0s livenodes=1 livesize=0.00B
INFO [06-01|04:43:11.411] Writing snapshot state to disk           root=bfe2b0..c2d21c
INFO [06-01|04:43:11.411] Persisted trie from memory database      nodes=0 size=0.00B time=689ns     gcnodes=0 gcsize=0.00B gctime=0s livenodes=1 livesize=0.00B
INFO [06-01|04:43:11.411] Writing clean trie cache to disk         path=/home/ubuntu/geth_db/geth/triecache threads=8
INFO [06-01|04:43:11.464] Persisted the clean trie cache           path=/home/ubuntu/geth_db/geth/triecache elapsed=53.572ms
INFO [06-01|04:43:11.464] Blockchain stopped 
