INFO [06-02|06:43:39.807] Maximum peer count                       ETH=50 LES=0 total=50
INFO [06-02|06:43:39.809] Smartcard socket not found, disabling    err="stat /run/pcscd/pcscd.comm: no such file or directory"
INFO [06-02|06:43:39.811] Set global gas cap                       cap=50,000,000
INFO [06-02|06:43:39.814] Using leveldb as the backing database 
INFO [06-02|06:43:39.814] Allocated cache and file handles         database=/home/ubuntu/geth_db/geth/chaindata cache=512.00MiB handles=524,288 readonly=true
INFO [06-02|06:43:40.138] Using LevelDB as the backing database 
INFO [06-02|06:43:40.138] Found legacy ancient chain path          location=/home/ubuntu/geth_db/geth/chaindata/ancient
INFO [06-02|06:43:40.138] Opened ancient database                  database=/home/ubuntu/geth_db/geth/chaindata/ancient readonly=true
INFO [06-02|06:43:40.140] Disk storage enabled for ethash caches   dir=/home/ubuntu/geth_db/geth/ethash count=3
INFO [06-02|06:43:40.140] Disk storage enabled for ethash DAGs     dir=/home/ubuntu/.ethash             count=2
INFO [06-02|06:43:40.140]  
INFO [06-02|06:43:40.140] --------------------------------------------------------------------------------------------------------------------------------------------------------- 
INFO [06-02|06:43:40.140] Chain ID:  420 (unknown) 
INFO [06-02|06:43:40.140] Consensus: Optimism 
INFO [06-02|06:43:40.140]  
INFO [06-02|06:43:40.140] Pre-Merge hard forks (block based): 
INFO [06-02|06:43:40.140]  - Homestead:                   #0        (https://github.com/ethereum/execution-specs/blob/master/network-upgrades/mainnet-upgrades/homestead.md) 
INFO [06-02|06:43:40.140]  - Tangerine Whistle (EIP 150): #0        (https://github.com/ethereum/execution-specs/blob/master/network-upgrades/mainnet-upgrades/tangerine-whistle.md) 
INFO [06-02|06:43:40.140]  - Spurious Dragon/1 (EIP 155): #0        (https://github.com/ethereum/execution-specs/blob/master/network-upgrades/mainnet-upgrades/spurious-dragon.md) 
INFO [06-02|06:43:40.140]  - Spurious Dragon/2 (EIP 158): #0        (https://github.com/ethereum/execution-specs/blob/master/network-upgrades/mainnet-upgrades/spurious-dragon.md) 
INFO [06-02|06:43:40.140]  - Byzantium:                   #0        (https://github.com/ethereum/execution-specs/blob/master/network-upgrades/mainnet-upgrades/byzantium.md) 
INFO [06-02|06:43:40.140]  - Constantinople:              #0        (https://github.com/ethereum/execution-specs/blob/master/network-upgrades/mainnet-upgrades/constantinople.md) 
INFO [06-02|06:43:40.140]  - Petersburg:                  #0        (https://github.com/ethereum/execution-specs/blob/master/network-upgrades/mainnet-upgrades/petersburg.md) 
INFO [06-02|06:43:40.141]  - Istanbul:                    #0        (https://github.com/ethereum/execution-specs/blob/master/network-upgrades/mainnet-upgrades/istanbul.md) 
INFO [06-02|06:43:40.141]  - Muir Glacier:                #0        (https://github.com/ethereum/execution-specs/blob/master/network-upgrades/mainnet-upgrades/muir-glacier.md) 
INFO [06-02|06:43:40.141]  - Berlin:                      #0        (https://github.com/ethereum/execution-specs/blob/master/network-upgrades/mainnet-upgrades/berlin.md) 
INFO [06-02|06:43:40.141]  - London:                      #4061224  (https://github.com/ethereum/execution-specs/blob/master/network-upgrades/mainnet-upgrades/london.md) 
INFO [06-02|06:43:40.141]  - Arrow Glacier:               #4061224  (https://github.com/ethereum/execution-specs/blob/master/network-upgrades/mainnet-upgrades/arrow-glacier.md) 
INFO [06-02|06:43:40.141]  - Gray Glacier:                #4061224  (https://github.com/ethereum/execution-specs/blob/master/network-upgrades/mainnet-upgrades/gray-glacier.md) 
INFO [06-02|06:43:40.141]  
INFO [06-02|06:43:40.141] Merge configured: 
INFO [06-02|06:43:40.141]  - Hard-fork specification:    https://github.com/ethereum/execution-specs/blob/master/network-upgrades/mainnet-upgrades/paris.md 
INFO [06-02|06:43:40.141]  - Network known to be merged: true 
INFO [06-02|06:43:40.141]  - Total terminal difficulty:  0 
INFO [06-02|06:43:40.141]  - Merge netsplit block:       #4061224  
INFO [06-02|06:43:40.141]  
INFO [06-02|06:43:40.141] Post-Merge hard forks (timestamp based): 
INFO [06-02|06:43:40.141]  - Regolith:                    @1679079600 
INFO [06-02|06:43:40.141]  
INFO [06-02|06:43:40.141] --------------------------------------------------------------------------------------------------------------------------------------------------------- 
INFO [06-02|06:43:40.141]  
INFO [06-02|06:43:40.141] Loaded most recent local block           number=4,061,224 hash=0f7835..05175f td=0 age=4mo2w6d
INFO [06-02|06:43:40.141] Loaded most recent local finalized block number=4,061,224 hash=0f7835..05175f td=0 age=4mo2w6d
INFO [06-02|06:43:40.142] Exporting blockchain                     file=/tmp/migration-artifact/blocks.rlp
INFO [06-02|06:43:40.142] Exporting batch of blocks                count=2,030,613
INFO [06-02|06:43:48.142] Exporting blocks                         exported=227,826 elapsed=8.000s
INFO [06-02|06:43:56.142] Exporting blocks                         exported=455,052 elapsed=16.000s
INFO [06-02|06:44:04.142] Exporting blocks                         exported=678,598 elapsed=24.000s
INFO [06-02|06:44:12.142] Exporting blocks                         exported=901,206 elapsed=32.000s
INFO [06-02|06:44:20.142] Exporting blocks                         exported=1,122,573 elapsed=40.000s
INFO [06-02|06:44:28.142] Exporting blocks                         exported=1,345,150 elapsed=48.000s
INFO [06-02|06:44:36.142] Exporting blocks                         exported=1,567,137 elapsed=56.000s
INFO [06-02|06:44:44.142] Exporting blocks                         exported=1,789,267 elapsed=1m4.000s
INFO [06-02|06:44:52.143] Exporting blocks                         exported=2,013,604 elapsed=1m12.000s
INFO [06-02|06:44:52.747] Exported blockchain to                   file=/tmp/migration-artifact/blocks.rlp
