 ____           _                _      __  __ _                 _   _              
 |  _ \         | |              | |    |  \/  (_)               | | (_)            
 | |_) | ___  __| |_ __ ___   ___| | __ | \  / |_  __ _ _ __ __ _| |_ _  ___  _ __  
 |  _ < / _ \/ _  |  __/ _ \ / __| |/ / | |\/| | |/ _  | '__/ _  | __| |/ _ \| '_ \ 
 | |_) |  __/ (_| | | | (_) | (__|   <  | |  | | | (_| | | | (_| | |_| | (_) | | | |
 |____/ \___|\__,_|_|  \___/ \___|_|\_\ |_|  |_|_|\__, |_|  \__,_|\__|_|\___/|_| |_|
                                                   __/ |                            
                                                  |___/                             
+------------------------------------------+
| Fri Jun  2 07:58:42 UTC 2023             |
|                                          |
|[1m Import Genesis                           [m|
+------------------------------------------+

real	0m0.164s
user	0m0.151s
sys	0m0.040s
+------------------------------------------+
| Fri Jun  2 07:58:42 UTC 2023             |
|                                          |
|[1m Recover Genesis                          [m|
+------------------------------------------+

real	0m2.252s
user	0m0.162s
sys	0m0.034s
+------------------------------------------+
| Fri Jun  2 07:58:45 UTC 2023             |
|                                          |
|[1m Import Blocks                            [m|
+------------------------------------------+

real	9m31.235s
user	4m24.339s
sys	1m3.183s
+------------------------------------------+
| Fri Jun  2 08:08:16 UTC 2023             |
|                                          |
|[1m Import State                             [m|
+------------------------------------------+

real	4m2.918s
user	4m22.701s
sys	0m14.312s
