[INFO] [06-01|06:17:57.720] logging to file system                   log dir=migration-log/import_state file prefix=erigon log level=info json=false
[INFO] [06-01|06:17:57.720] Starting metrics server                  addr=http://127.0.0.1:6060/debug/metrics/prometheus
[INFO] [06-01|06:17:57.726] Starting Erigon on Optimism Görli testnet... 
[INFO] [06-01|06:17:57.726] Maximum peer count                       ETH=0 total=0
[INFO] [06-01|06:17:57.726] starting HTTP APIs                       APIs=eth,erigon,engine
[INFO] [06-01|06:17:57.727] torrent verbosity                        level=WRN
[INFO] [06-01|06:17:59.828] Set global gas cap                       cap=50000000
[INFO] [06-01|06:17:59.830] [Downloader] Runnning with               ipv6-enabled=true ipv4-enabled=true download.rate=16mb upload.rate=4mb
[INFO] [06-01|06:17:59.830] Opening Database                         label=chaindata path=/home/ubuntu/op-erigon/erigon_db/chaindata
[INFO] [06-01|06:17:59.830] [db] params: growStep=2GB, mapsSize=7TB, shrinkThreshold=-1, pageSize=4KB, label=chaindata, WriteMap=false, Durable=false, NoReadahead=true,  
[INFO] [06-01|06:17:59.831] Initialised chain configuration          config="{ChainID: 420, Homestead: 0, DAO: <nil>, Tangerine Whistle: 0, Spurious Dragon: 0, Byzantium: 0, Constantinople: 0, Petersburg: 0, Istanbul: 0, Muir Glacier: 0, Berlin: 0, London: 4061224, Arrow Glacier: 4061224, Gray Glacier: 4061224, Terminal Total Difficulty: 0, Merge Netsplit: 4061224, Shanghai: <nil>, Cancun: <nil>, Prague: <nil>, Engine: unknown}" genesis=0xc1fc15cd51159b1f1e5cbc4b82e85c1447ddfa33c52cf1d98d14fba0d6354be1
[INFO] [06-01|06:17:59.831] Effective                                prune_flags= snapshot_flags= history.v3=false
[INFO] [06-01|06:17:59.832] Initialising Ethereum protocol           network=420
[INFO] [06-01|06:17:59.832] Disk storage enabled for ethash DAGs     dir=/home/ubuntu/op-erigon/erigon_db/ethash-dags count=2
[INFO] [06-01|06:18:00.155] Starting private RPC server              on=127.0.0.1:9090
[INFO] [06-01|06:18:00.155] new subscription to logs established 
[INFO] [06-01|06:18:00.155] Database sanity check for block number   blockNumber=4061224 checkEmpty=true
[INFO] [06-01|06:18:00.155] World State Trie Root Calculation        elapsed=620ns
[INFO] [06-01|06:18:00.155] State trie must by empty 
[INFO] [06-01|06:18:00.155] state root consistent with target root 
[INFO] [06-01|06:18:00.155] Walk accounts                            index=0 elapsed=38.265µs
[INFO] [06-01|06:18:00.155] Iterate accounts                         index=0 elapsed=49.561µs
[INFO] [06-01|06:18:00.155] Importing state                          file=/tmp/migration-artifact/world_trie_state.jsonl stream=true
[INFO] [06-01|06:18:00.155] Importing state for block number         blockNumber=4061224
[INFO] [06-01|06:18:00.155] state root from header                   root=0xbfe2b059bc76c33556870c292048f1d28c9d498462a02a3c7aadb6edf1c2d21c
[INFO] [06-01|06:18:08.155] Import state                             index=23049 elapsed=8.000210285s
[INFO] [06-01|06:18:16.155] Import state                             index=48239 elapsed=16.000383424s
[INFO] [06-01|06:18:24.156] Import state                             index=77702 elapsed=24.000961737s
[INFO] [06-01|06:18:32.157] Import state                             index=91473 elapsed=32.002068127s
[INFO] [06-01|06:18:40.155] Import state                             index=117941 elapsed=40.000229266s
[INFO] [06-01|06:18:41.982] Import state                             index=127608 elapsed=41.827177848s
[INFO] [06-01|06:19:29.508] newly calculated root                    root=0xbfe2b059bc76c33556870c292048f1d28c9d498462a02a3c7aadb6edf1c2d21c
[INFO] [06-01|06:19:56.269] commit block                             elapsed=26.761050702s
[INFO] [06-01|06:19:59.834] [p2p] GoodPeers 
[INFO] [06-01|06:20:12.460] write change sets                        elapsed=16.191472473s
[INFO] [06-01|06:20:59.792] write history                            elapsed=47.331968298s
[INFO] [06-01|06:20:59.792] state root stored at blockheader         root=0xbfe2b059bc76c33556870c292048f1d28c9d498462a02a3c7aadb6edf1c2d21c
[INFO] [06-01|06:20:59.792] state root consistent with block header's state root 
[INFO] [06-01|06:21:04.795] Sanity check storage trie                file=/tmp/migration-artifact/world_trie_state.jsonl stream=true
[INFO] [06-01|06:21:04.795] Sanity check storage trie for block number blockNumber=4061224
[INFO] [06-01|06:21:04.796] state root from header                   root=0xbfe2b059bc76c33556870c292048f1d28c9d498462a02a3c7aadb6edf1c2d21c
[INFO] [06-01|06:21:12.796] Sanity check storage trie                index=23049 elapsed=8.000316719s
[INFO] [06-01|06:21:20.797] Sanity check storage trie                index=41210 elapsed=16.000894362s
[INFO] [06-01|06:21:28.797] Sanity check storage trie                index=68581 elapsed=24.000756877s
[INFO] [06-01|06:21:36.797] Sanity check storage trie                index=77703 elapsed=32.001072882s
[INFO] [06-01|06:21:44.797] Sanity check storage trie                index=99471 elapsed=40.0012478s
