[INFO] [06-02|10:42:24.180] logging to file system                   log dir=migration-log/import_state file prefix=erigon log level=info json=false
[INFO] [06-02|10:42:24.180] Starting metrics server                  addr=http://127.0.0.1:6060/debug/metrics/prometheus
[INFO] [06-02|10:42:24.188] Starting Erigon on Optimism Görli testnet... 
[INFO] [06-02|10:42:24.188] Maximum peer count                       ETH=0 total=0
[INFO] [06-02|10:42:24.188] starting HTTP APIs                       APIs=eth,erigon,engine
[INFO] [06-02|10:42:24.188] torrent verbosity                        level=WRN
[INFO] [06-02|10:42:26.291] Set global gas cap                       cap=50000000
[INFO] [06-02|10:42:26.293] [Downloader] Runnning with               ipv6-enabled=true ipv4-enabled=true download.rate=16mb upload.rate=4mb
[INFO] [06-02|10:42:26.293] Opening Database                         label=chaindata path=/home/ubuntu/op-erigon/erigon_db/chaindata
[INFO] [06-02|10:42:26.293] [db] params: growStep=2GB, mapsSize=7TB, shrinkThreshold=-1, pageSize=4KB, label=chaindata, WriteMap=false, Durable=false, NoReadahead=true,  
[INFO] [06-02|10:42:26.295] Initialised chain configuration          config="{ChainID: 420, Homestead: 0, DAO: <nil>, Tangerine Whistle: 0, Spurious Dragon: 0, Byzantium: 0, Constantinople: 0, Petersburg: 0, Istanbul: 0, Muir Glacier: 0, Berlin: 0, London: 4061224, Arrow Glacier: 4061224, Gray Glacier: 4061224, Terminal Total Difficulty: 0, Merge Netsplit: 4061224, Shanghai: <nil>, Cancun: <nil>, Prague: <nil>, Engine: unknown}" genesis=0xc1fc15cd51159b1f1e5cbc4b82e85c1447ddfa33c52cf1d98d14fba0d6354be1
[INFO] [06-02|10:42:26.295] Effective                                prune_flags= snapshot_flags= history.v3=false
[INFO] [06-02|10:42:26.295] Initialising Ethereum protocol           network=420
[INFO] [06-02|10:42:26.295] Disk storage enabled for ethash DAGs     dir=/home/ubuntu/op-erigon/erigon_db/ethash-dags count=2
[INFO] [06-02|10:42:26.730] Starting private RPC server              on=localhost:12345
[INFO] [06-02|10:42:26.730] new subscription to logs established 
[INFO] [06-02|10:42:26.731] Database sanity check for block number   blockNumber=4061224 checkEmpty=true
[INFO] [06-02|10:42:26.731] World State Trie Root Calculation        elapsed=304ns
[INFO] [06-02|10:42:26.731] State trie must by empty 
[INFO] [06-02|10:42:26.731] Walk accounts                            index=0 elapsed=31.373µs
[INFO] [06-02|10:42:26.731] Iterate accounts                         index=0 elapsed=42.548µs
[INFO] [06-02|10:42:26.731] state root consistent with target root 
[INFO] [06-02|10:42:26.731] Importing state                          file=/tmp/migration-artifact/world_trie_state.jsonl stream=true
[INFO] [06-02|10:42:26.731] Importing state for block number         blockNumber=4061224
[INFO] [06-02|10:42:26.731] state root from header                   root=0xbfe2b059bc76c33556870c292048f1d28c9d498462a02a3c7aadb6edf1c2d21c
[INFO] [06-02|10:42:34.732] Import state                             index=23048 elapsed=8.000849571s
[INFO] [06-02|10:42:42.731] Import state                             index=24321 elapsed=16.00062303s
[INFO] [06-02|10:42:50.732] Import state                             index=60259 elapsed=24.00077045s
[INFO] [06-02|10:42:58.733] Import state                             index=77702 elapsed=32.002069041s
[INFO] [06-02|10:43:06.732] Import state                             index=84328 elapsed=40.000899976s
[INFO] [06-02|10:43:14.731] Import state                             index=99471 elapsed=48.000441085s
[INFO] [06-02|10:43:22.051] Import state                             index=127608 elapsed=55.320349569s
[INFO] [06-02|10:44:24.428] newly calculated root                    root=0xbfe2b059bc76c33556870c292048f1d28c9d498462a02a3c7aadb6edf1c2d21c
[INFO] [06-02|10:44:26.297] [p2p] GoodPeers 
[INFO] [06-02|10:44:57.179] commit block                             elapsed=32.751327457s
[INFO] [06-02|10:45:16.174] write change sets                        elapsed=18.994882339s
[INFO] [06-02|10:46:12.989] write history                            elapsed=56.814423953s
[INFO] [06-02|10:46:12.989] state root stored at blockheader         root=0xbfe2b059bc76c33556870c292048f1d28c9d498462a02a3c7aadb6edf1c2d21c
[INFO] [06-02|10:46:12.989] state root consistent with block header's state root 
