INFO [06-01|10:05:30.496] Maximum peer count                       ETH=50 LES=0 total=50
INFO [06-01|10:05:30.498] Smartcard socket not found, disabling    err="stat /run/pcscd/pcscd.comm: no such file or directory"
INFO [06-01|10:05:30.500] Set global gas cap                       cap=50,000,000
INFO [06-01|10:05:30.502] Using leveldb as the backing database 
INFO [06-01|10:05:30.502] Allocated cache and file handles         database=/home/ubuntu/geth_db/geth/chaindata cache=512.00MiB handles=524,288 readonly=true
INFO [06-01|10:05:30.806] Using LevelDB as the backing database 
INFO [06-01|10:05:30.806] Found legacy ancient chain path          location=/home/ubuntu/geth_db/geth/chaindata/ancient
INFO [06-01|10:05:30.807] Opened ancient database                  database=/home/ubuntu/geth_db/geth/chaindata/ancient readonly=true
INFO [06-01|10:05:30.808] State dump configured                    block=4,061,224 hash=0x0f783549ea4313b784eadd9b8e8a69913b368b7366363ea814d7707ac505175f skipcode=false skipstorage=false start=0x0000000000000000000000000000000000000000000000000000000000000000 limit=0
INFO [06-01|10:05:30.808] Trie dumping started                     root=bfe2b0..c2d21c
INFO [06-01|10:05:38.961] Trie dumping in progress                 at="[13 252 104 230 219 26 241 158 8 236 222 153 188 115 116 39 251 109 175 134 205 47 224 187 68 212 64 107 54 121 134 183]" accounts=6956 elapsed=8.153s
INFO [06-01|10:05:47.255] Trie dumping in progress                 at="[36 4 4 68 202 255 209 13 86 166 229 75 217 37 169 142 52 205 236 237 128 112 31 9 163 183 86 57 192 214 227 109]" accounts=17835 elapsed=16.447s
INFO [06-01|10:05:55.870] Trie dumping in progress                 at="[46 35 130 168 248 74 143 169 223 109 116 214 107 0 70 33 89 142 150 134 123 149 95 165 90 236 188 14 71 131 17 102]" accounts=22789 elapsed=25.062s
INFO [06-01|10:06:36.861] Trie dumping in progress                 at="[46 166 113 5 123 1 199 107 205 255 75 248 11 172 94 210 149 12 109 10 222 157 240 147 211 23 2 19 192 28 23 43]" accounts=23049 elapsed=1m6.053s
INFO [06-01|10:06:44.887] Trie dumping in progress                 at="[69 141 202 129 190 36 123 201 129 17 188 183 41 68 163 198 36 51 136 186 81 159 219 40 147 211 154 109 125 113 174 111]" accounts=34546 elapsed=1m14.079s
INFO [06-01|10:06:52.946] Trie dumping in progress                 at="[84 34 32 176 20 127 76 192 224 21 109 153 51 52 119 125 105 156 49 44 47 228 84 248 179 250 51 142 211 9 244 160]" accounts=41948 elapsed=1m22.138s
INFO [06-01|10:07:00.947] Trie dumping in progress                 at="[99 137 6 21 87 39 152 76 138 42 151 107 112 63 184 217 145 42 161 194 106 67 244 116 61 15 131 138 108 86 223 210]" accounts=49719 elapsed=1m30.139s
INFO [06-01|10:07:09.313] Trie dumping in progress                 at="[117 76 63 213 196 101 20 95 206 189 234 14 4 110 144 22 154 153 246 188 183 114 77 168 214 139 141 63 117 238 2 245]" accounts=58529 elapsed=1m38.505s
INFO [06-01|10:07:22.388] Trie dumping in progress                 at="[131 180 56 192 37 9 144 250 194 165 245 190 98 71 20 168 164 82 69 36 188 50 76 140 69 118 67 100 163 145 200 128]" accounts=65730 elapsed=1m51.580s
INFO [06-01|10:07:31.002] Trie dumping in progress                 at="[141 109 164 161 50 59 240 200 207 194 192 125 157 65 142 150 36 92 79 110 173 60 199 12 194 126 175 227 53 190 123 122]" accounts=70698 elapsed=2m0.194s
INFO [06-01|10:08:07.770] Trie dumping in progress                 at="[155 148 14 39 173 79 229 32 6 101 43 132 52 175 219 126 185 13 112 42 119 209 26 88 68 98 30 184 249 57 51 195]" accounts=77703 elapsed=2m36.962s
INFO [06-01|10:08:17.561] Trie dumping in progress                 at="[171 47 65 213 166 204 209 14 165 49 242 93 170 146 189 20 200 53 158 196 0 34 132 246 12 167 19 173 163 240 243 197]" accounts=85595 elapsed=2m46.753s
INFO [06-01|10:08:27.514] Trie dumping in progress                 at="[183 21 86 171 82 194 29 58 113 192 121 103 168 212 99 59 75 97 11 63 247 64 67 73 199 34 210 238 217 250 130 88]" accounts=91533 elapsed=2m56.706s
INFO [06-01|10:08:49.392] Trie dumping in progress                 at="[198 220 101 31 149 81 52 57 78 237 7 249 229 191 251 235 134 219 0 52 87 165 208 208 237 48 150 211 81 253 18 249]" accounts=99471 elapsed=3m18.583s
INFO [06-01|10:08:57.626] Trie dumping in progress                 at="[218 133 50 155 189 31 153 163 235 235 85 7 157 65 253 63 31 229 42 51 35 110 142 82 152 1 10 242 83 214 107 63]" accounts=109,039 elapsed=3m26.818s
INFO [06-01|10:09:06.155] Trie dumping in progress                 at="[236 130 123 89 223 36 216 108 169 204 10 61 168 31 222 22 128 89 59 164 120 195 78 62 190 223 44 8 231 201 189 139]" accounts=117,942 elapsed=3m35.347s
INFO [06-01|10:09:12.833] Trie dumping complete                    accounts=127,608 elapsed=3m42.025s
