INFO [06-01|09:57:10.571] Maximum peer count                       ETH=50 LES=0 total=50
INFO [06-01|09:57:10.572] Smartcard socket not found, disabling    err="stat /run/pcscd/pcscd.comm: no such file or directory"
INFO [06-01|09:57:10.574] Set global gas cap                       cap=50,000,000
INFO [06-01|09:57:10.576] Using leveldb as the backing database 
INFO [06-01|09:57:10.576] Allocated cache and file handles         database=/home/ubuntu/geth_db/geth/chaindata cache=512.00MiB handles=524,288 readonly=true
INFO [06-01|09:57:10.882] Using LevelDB as the backing database 
INFO [06-01|09:57:10.882] Found legacy ancient chain path          location=/home/ubuntu/geth_db/geth/chaindata/ancient
INFO [06-01|09:57:10.882] Opened ancient database                  database=/home/ubuntu/geth_db/geth/chaindata/ancient readonly=true
INFO [06-01|09:57:10.883] Disk storage enabled for ethash caches   dir=/home/ubuntu/geth_db/geth/ethash count=3
INFO [06-01|09:57:10.883] Disk storage enabled for ethash DAGs     dir=/home/ubuntu/.ethash             count=2
INFO [06-01|09:57:10.883]  
INFO [06-01|09:57:10.883] --------------------------------------------------------------------------------------------------------------------------------------------------------- 
INFO [06-01|09:57:10.884] Chain ID:  420 (unknown) 
INFO [06-01|09:57:10.884] Consensus: Optimism 
INFO [06-01|09:57:10.884]  
INFO [06-01|09:57:10.884] Pre-Merge hard forks (block based): 
INFO [06-01|09:57:10.884]  - Homestead:                   #0        (https://github.com/ethereum/execution-specs/blob/master/network-upgrades/mainnet-upgrades/homestead.md) 
INFO [06-01|09:57:10.884]  - Tangerine Whistle (EIP 150): #0        (https://github.com/ethereum/execution-specs/blob/master/network-upgrades/mainnet-upgrades/tangerine-whistle.md) 
INFO [06-01|09:57:10.884]  - Spurious Dragon/1 (EIP 155): #0        (https://github.com/ethereum/execution-specs/blob/master/network-upgrades/mainnet-upgrades/spurious-dragon.md) 
INFO [06-01|09:57:10.884]  - Spurious Dragon/2 (EIP 158): #0        (https://github.com/ethereum/execution-specs/blob/master/network-upgrades/mainnet-upgrades/spurious-dragon.md) 
INFO [06-01|09:57:10.884]  - Byzantium:                   #0        (https://github.com/ethereum/execution-specs/blob/master/network-upgrades/mainnet-upgrades/byzantium.md) 
INFO [06-01|09:57:10.884]  - Constantinople:              #0        (https://github.com/ethereum/execution-specs/blob/master/network-upgrades/mainnet-upgrades/constantinople.md) 
INFO [06-01|09:57:10.884]  - Petersburg:                  #0        (https://github.com/ethereum/execution-specs/blob/master/network-upgrades/mainnet-upgrades/petersburg.md) 
INFO [06-01|09:57:10.884]  - Istanbul:                    #0        (https://github.com/ethereum/execution-specs/blob/master/network-upgrades/mainnet-upgrades/istanbul.md) 
INFO [06-01|09:57:10.884]  - Muir Glacier:                #0        (https://github.com/ethereum/execution-specs/blob/master/network-upgrades/mainnet-upgrades/muir-glacier.md) 
INFO [06-01|09:57:10.884]  - Berlin:                      #0        (https://github.com/ethereum/execution-specs/blob/master/network-upgrades/mainnet-upgrades/berlin.md) 
INFO [06-01|09:57:10.884]  - London:                      #4061224  (https://github.com/ethereum/execution-specs/blob/master/network-upgrades/mainnet-upgrades/london.md) 
INFO [06-01|09:57:10.884]  - Arrow Glacier:               #4061224  (https://github.com/ethereum/execution-specs/blob/master/network-upgrades/mainnet-upgrades/arrow-glacier.md) 
INFO [06-01|09:57:10.884]  - Gray Glacier:                #4061224  (https://github.com/ethereum/execution-specs/blob/master/network-upgrades/mainnet-upgrades/gray-glacier.md) 
INFO [06-01|09:57:10.884]  
INFO [06-01|09:57:10.884] Merge configured: 
INFO [06-01|09:57:10.884]  - Hard-fork specification:    https://github.com/ethereum/execution-specs/blob/master/network-upgrades/mainnet-upgrades/paris.md 
INFO [06-01|09:57:10.884]  - Network known to be merged: true 
INFO [06-01|09:57:10.884]  - Total terminal difficulty:  0 
INFO [06-01|09:57:10.884]  - Merge netsplit block:       #4061224  
INFO [06-01|09:57:10.884]  
INFO [06-01|09:57:10.884] Post-Merge hard forks (timestamp based): 
INFO [06-01|09:57:10.884]  - Regolith:                    @1679079600 
INFO [06-01|09:57:10.884]  
INFO [06-01|09:57:10.884] --------------------------------------------------------------------------------------------------------------------------------------------------------- 
INFO [06-01|09:57:10.884]  
INFO [06-01|09:57:10.884] Loaded most recent local block           number=4,061,224 hash=0f7835..05175f td=0 age=4mo2w5d
INFO [06-01|09:57:10.884] Loaded most recent local finalized block number=4,061,224 hash=0f7835..05175f td=0 age=4mo2w5d
INFO [06-01|09:57:10.885] Exporting blockchain                     file=/tmp/migration-artifact/blocks.rlp
INFO [06-01|09:57:10.885] Exporting batch of blocks                count=4,061,225
INFO [06-01|09:57:18.885] Exporting blocks                         exported=355,477 elapsed=8.000s
INFO [06-01|09:57:26.885] Exporting blocks                         exported=708,232 elapsed=16.000s
INFO [06-01|09:57:34.885] Exporting blocks                         exported=1,055,507 elapsed=24.000s
INFO [06-01|09:57:42.885] Exporting blocks                         exported=1,406,507 elapsed=32.000s
INFO [06-01|09:57:50.885] Exporting blocks                         exported=1,755,159 elapsed=40.000s
INFO [06-01|09:57:58.885] Exporting blocks                         exported=2,109,050 elapsed=48.000s
INFO [06-01|09:58:06.885] Exporting blocks                         exported=2,457,015 elapsed=56.000s
INFO [06-01|09:58:14.885] Exporting blocks                         exported=2,798,813 elapsed=1m4.000s
INFO [06-01|09:58:22.885] Exporting blocks                         exported=3,129,018 elapsed=1m12.000s
INFO [06-01|09:58:30.885] Exporting blocks                         exported=3,467,371 elapsed=1m20.000s
INFO [06-01|09:58:38.885] Exporting blocks                         exported=3,808,820 elapsed=1m28.000s
INFO [06-01|09:58:45.669] Exported blockchain to                   file=/tmp/migration-artifact/blocks.rlp
