INFO [06-01|09:56:50.559] Starting Geth on Ethereum mainnet... 
INFO [06-01|09:56:50.560] Bumping default cache on mainnet         provided=1024 updated=4096
INFO [06-01|09:56:50.561] Maximum peer count                       ETH=50 LES=0 total=50
INFO [06-01|09:56:50.562] Smartcard socket not found, disabling    err="stat /run/pcscd/pcscd.comm: no such file or directory"
INFO [06-01|09:56:50.565] Set global gas cap                       cap=50,000,000
INFO [06-01|09:56:50.567] Allocated trie memory caches             clean=614.00MiB dirty=1024.00MiB
INFO [06-01|09:56:50.568] Using leveldb as the backing database 
INFO [06-01|09:56:50.568] Allocated cache and file handles         database=/home/ubuntu/geth_db/geth/chaindata cache=2.00GiB handles=524,288
INFO [06-01|09:56:50.596] Using LevelDB as the backing database 
INFO [06-01|09:56:50.596] Found legacy ancient chain path          location=/home/ubuntu/geth_db/geth/chaindata/ancient
INFO [06-01|09:56:50.599] Opened ancient database                  database=/home/ubuntu/geth_db/geth/chaindata/ancient readonly=false
INFO [06-01|09:56:50.604] Disk storage enabled for ethash caches   dir=/home/ubuntu/geth_db/geth/ethash count=3
INFO [06-01|09:56:50.604] Disk storage enabled for ethash DAGs     dir=/home/ubuntu/.ethash             count=2
WARN [06-01|09:56:50.605] Upgrade blockchain database version      from=7 to=8
INFO [06-01|09:56:50.605]  
INFO [06-01|09:56:50.605] --------------------------------------------------------------------------------------------------------------------------------------------------------- 
INFO [06-01|09:56:50.605] Chain ID:  420 (unknown) 
INFO [06-01|09:56:50.605] Consensus: Optimism 
INFO [06-01|09:56:50.605]  
INFO [06-01|09:56:50.605] Pre-Merge hard forks (block based): 
INFO [06-01|09:56:50.605]  - Homestead:                   #0        (https://github.com/ethereum/execution-specs/blob/master/network-upgrades/mainnet-upgrades/homestead.md) 
INFO [06-01|09:56:50.605]  - Tangerine Whistle (EIP 150): #0        (https://github.com/ethereum/execution-specs/blob/master/network-upgrades/mainnet-upgrades/tangerine-whistle.md) 
INFO [06-01|09:56:50.605]  - Spurious Dragon/1 (EIP 155): #0        (https://github.com/ethereum/execution-specs/blob/master/network-upgrades/mainnet-upgrades/spurious-dragon.md) 
INFO [06-01|09:56:50.605]  - Spurious Dragon/2 (EIP 158): #0        (https://github.com/ethereum/execution-specs/blob/master/network-upgrades/mainnet-upgrades/spurious-dragon.md) 
INFO [06-01|09:56:50.605]  - Byzantium:                   #0        (https://github.com/ethereum/execution-specs/blob/master/network-upgrades/mainnet-upgrades/byzantium.md) 
INFO [06-01|09:56:50.605]  - Constantinople:              #0        (https://github.com/ethereum/execution-specs/blob/master/network-upgrades/mainnet-upgrades/constantinople.md) 
INFO [06-01|09:56:50.605]  - Petersburg:                  #0        (https://github.com/ethereum/execution-specs/blob/master/network-upgrades/mainnet-upgrades/petersburg.md) 
INFO [06-01|09:56:50.605]  - Istanbul:                    #0        (https://github.com/ethereum/execution-specs/blob/master/network-upgrades/mainnet-upgrades/istanbul.md) 
INFO [06-01|09:56:50.605]  - Muir Glacier:                #0        (https://github.com/ethereum/execution-specs/blob/master/network-upgrades/mainnet-upgrades/muir-glacier.md) 
INFO [06-01|09:56:50.605]  - Berlin:                      #0        (https://github.com/ethereum/execution-specs/blob/master/network-upgrades/mainnet-upgrades/berlin.md) 
INFO [06-01|09:56:50.605]  - London:                      #4061224  (https://github.com/ethereum/execution-specs/blob/master/network-upgrades/mainnet-upgrades/london.md) 
INFO [06-01|09:56:50.605]  - Arrow Glacier:               #4061224  (https://github.com/ethereum/execution-specs/blob/master/network-upgrades/mainnet-upgrades/arrow-glacier.md) 
INFO [06-01|09:56:50.605]  - Gray Glacier:                #4061224  (https://github.com/ethereum/execution-specs/blob/master/network-upgrades/mainnet-upgrades/gray-glacier.md) 
INFO [06-01|09:56:50.605]  
INFO [06-01|09:56:50.605] Merge configured: 
INFO [06-01|09:56:50.605]  - Hard-fork specification:    https://github.com/ethereum/execution-specs/blob/master/network-upgrades/mainnet-upgrades/paris.md 
INFO [06-01|09:56:50.605]  - Network known to be merged: true 
INFO [06-01|09:56:50.605]  - Total terminal difficulty:  0 
INFO [06-01|09:56:50.605]  - Merge netsplit block:       #4061224  
INFO [06-01|09:56:50.605]  
INFO [06-01|09:56:50.605] Post-Merge hard forks (timestamp based): 
INFO [06-01|09:56:50.606]  - Regolith:                    @1679079600 
INFO [06-01|09:56:50.606]  
INFO [06-01|09:56:50.606] --------------------------------------------------------------------------------------------------------------------------------------------------------- 
INFO [06-01|09:56:50.606]  
INFO [06-01|09:56:50.606] Loaded most recent local block           number=4,061,224 hash=0f7835..05175f td=0 age=4mo2w5d
INFO [06-01|09:56:50.606] Loaded most recent local finalized block number=4,061,224 hash=0f7835..05175f td=0 age=4mo2w5d
WARN [06-01|09:56:50.606] Failed to load snapshot                  err="missing or corrupted snapshot"
INFO [06-01|09:56:50.606] Rebuilding state snapshot 
INFO [06-01|09:56:50.606] Initialising Ethereum protocol           network=420 dbversion=7
INFO [06-01|09:56:50.606] Entered PoS stage 
INFO [06-01|09:56:50.606] Resuming state snapshot generation       root=bfe2b0..c2d21c accounts=0 slots=0 storage=0.00B dangling=0 elapsed="196.776µs"
INFO [06-01|09:56:50.606] Loaded local transaction journal         transactions=0 dropped=0
INFO [06-01|09:56:50.607] Regenerated local transaction journal    transactions=0 accounts=0
WARN [06-01|09:56:50.607] Switch sync mode from snap sync to full sync 
INFO [06-01|09:56:50.607] Chain post-merge, sync via beacon client 
INFO [06-01|09:56:50.607] Gasprice oracle is ignoring threshold set threshold=2
WARN [06-01|09:56:50.607] Error reading unclean shutdown markers   error="leveldb: not found"
WARN [06-01|09:56:50.607] Engine API enabled                       protocol=eth
INFO [06-01|09:56:50.608] Starting peer-to-peer node               instance=Geth/v0.1.0-unstable-afd142c0-20230601/linux-amd64/go1.19.6
INFO [06-01|09:56:50.618] New local node record                    seq=4 id=d02ca800c6957ef8 ip=127.0.0.1 udp=30303 tcp=30303
INFO [06-01|09:56:50.618] Started P2P networking                   self=enode://966efad9d4f21debf82f3e33e29ca938318ecd75941bc76264a8c89490575cd6d38240a6141695c900f5bdccd2f7ab1d9ddcdf407b171d983f7ac894eca5dba8@127.0.0.1:30303
INFO [06-01|09:56:50.619] IPC endpoint opened                      url=/home/ubuntu/geth_db/geth.ipc
INFO [06-01|09:56:50.619] Generated JWT secret                     path=/home/ubuntu/geth_db/geth/jwtsecret
INFO [06-01|09:56:50.619] HTTP server started                      endpoint=127.0.0.1:8545 auth=false prefix= cors= vhosts=localhost
INFO [06-01|09:56:50.619] WebSocket enabled                        url=ws://127.0.0.1:8551
INFO [06-01|09:56:50.619] HTTP server started                      endpoint=127.0.0.1:8551 auth=true  prefix= cors=localhost vhosts=localhost
INFO [06-01|09:56:54.551] New local node record                    seq=5 id=d02ca800c6957ef8 ip=15.164.236.227 udp=30303 tcp=30303
INFO [06-01|09:56:58.607] Generating state snapshot                root=bfe2b0..c2d21c in=1be073..8490a9 at=17c1fc..14a9bf accounts=13735 slots=410,647 storage=33.15MiB dangling=0 elapsed=8.000s      eta=1m5.474s
INFO [06-01|09:57:00.533] Got interrupt, shutting down... 
INFO [06-01|09:57:00.533] HTTP server stopped                      endpoint=127.0.0.1:8545
INFO [06-01|09:57:00.533] HTTP server stopped                      endpoint=127.0.0.1:8551
INFO [06-01|09:57:00.533] IPC endpoint closed                      url=/home/ubuntu/geth_db/geth.ipc
INFO [06-01|09:57:00.533] Ethereum protocol stopped 
INFO [06-01|09:57:00.533] Transaction pool stopped 
INFO [06-01|09:57:00.534] Aborting state snapshot generation       root=bfe2b0..c2d21c in=240404..d6e36d at=6696c0..11073b accounts=17835 slots=514,717 storage=41.09MiB dangling=0 elapsed=9.927s      eta=1m0.64s
INFO [06-01|09:57:00.534] Journalling in-progress snapshot         root=bfe2b0..c2d21c in=240404..d6e36d at=6696c0..11073b accounts=17835 slots=514,717 storage=41.09MiB dangling=0 elapsed=9.927s      eta=1m0.64s
INFO [06-01|09:57:00.534] Writing cached state to disk             block=4,061,224 hash=0f7835..05175f root=bfe2b0..c2d21c
INFO [06-01|09:57:00.534] Persisted trie from memory database      nodes=0 size=0.00B time="1.989µs" gcnodes=0 gcsize=0.00B gctime=0s livenodes=1 livesize=0.00B
INFO [06-01|09:57:00.534] Writing cached state to disk             block=4,061,223 hash=31267a..a49dc9 root=da1301..2eac3c
INFO [06-01|09:57:00.534] Persisted trie from memory database      nodes=0 size=0.00B time=403ns     gcnodes=0 gcsize=0.00B gctime=0s livenodes=1 livesize=0.00B
INFO [06-01|09:57:00.534] Writing cached state to disk             block=4,061,097 hash=803777..4f5059 root=81f9ea..e7a9cc
INFO [06-01|09:57:00.534] Persisted trie from memory database      nodes=0 size=0.00B time=577ns     gcnodes=0 gcsize=0.00B gctime=0s livenodes=1 livesize=0.00B
INFO [06-01|09:57:00.534] Writing snapshot state to disk           root=bfe2b0..c2d21c
INFO [06-01|09:57:00.534] Persisted trie from memory database      nodes=0 size=0.00B time=310ns     gcnodes=0 gcsize=0.00B gctime=0s livenodes=1 livesize=0.00B
INFO [06-01|09:57:00.534] Writing clean trie cache to disk         path=/home/ubuntu/geth_db/geth/triecache threads=96
INFO [06-01|09:57:00.566] Persisted the clean trie cache           path=/home/ubuntu/geth_db/geth/triecache elapsed=32.155ms
INFO [06-01|09:57:00.566] Blockchain stopped 
INFO [06-01|09:57:00.625] Looking for peers                        peercount=0 tried=31 static=0
