 ____           _                _      __  __ _                 _   _              
 |  _ \         | |              | |    |  \/  (_)               | | (_)            
 | |_) | ___  __| |_ __ ___   ___| | __ | \  / |_  __ _ _ __ __ _| |_ _  ___  _ __  
 |  _ < / _ \/ _  |  __/ _ \ / __| |/ / | |\/| | |/ _  | '__/ _  | __| |/ _ \| '_ \ 
 | |_) |  __/ (_| | | | (_) | (__|   <  | |  | | | (_| | | | (_| | |_| | (_) | | | |
 |____/ \___|\__,_|_|  \___/ \___|_|\_\ |_|  |_|_|\__, |_|  \__,_|\__|_|\___/|_| |_|
                                                   __/ |                            
                                                  |___/                             
+------------------------------------------+
| Thu Jun  1 07:04:57 UTC 2023             |
|                                          |
|[1m Import Genesis                           (B[m|
+------------------------------------------+

real	0m0.121s
user	0m0.101s
sys	0m0.040s
+------------------------------------------+
| Thu Jun  1 07:04:57 UTC 2023             |
|                                          |
|[1m Recover Genesis                          (B[m|
+------------------------------------------+

real	0m2.212s
user	0m0.097s
sys	0m0.044s
+------------------------------------------+
| Thu Jun  1 07:04:59 UTC 2023             |
|                                          |
|[1m Import Blocks                            (B[m|
+------------------------------------------+

real	11m10.814s
user	3m16.063s
sys	0m54.018s
+------------------------------------------+
| Thu Jun  1 07:16:10 UTC 2023             |
|                                          |
|[1m Import Total Difficulty                  (B[m|
+------------------------------------------+

real	0m33.914s
user	0m39.452s
sys	0m1.201s
+------------------------------------------+
| Thu Jun  1 07:16:44 UTC 2023             |
|                                          |
|[1m Import Receipts                          (B[m|
+------------------------------------------+

real	1m57.399s
user	2m23.517s
sys	0m5.394s
+------------------------------------------+
| Thu Jun  1 07:18:41 UTC 2023             |
|                                          |
|[1m Import State                             (B[m|
+------------------------------------------+

real	3m51.157s
user	4m24.199s
sys	0m13.658s
+------------------------------------------+
| Thu Jun  1 07:22:33 UTC 2023             |
|                                          |
|[1m Drop Log Index                           (B[m|
+------------------------------------------+

real	0m2.622s
user	0m0.515s
sys	0m0.073s
+------------------------------------------+
| Thu Jun  1 07:22:35 UTC 2023             |
|                                          |
|[1m Recover Log Index                        (B[m|
+------------------------------------------+

real	7m38.419s
user	3m32.123s
sys	0m13.505s
+------------------------------------------+
| Thu Jun  1 07:30:14 UTC 2023             |
|                                          |
|[1m Recover Senders                          (B[m|
+------------------------------------------+

real	4m29.041s
user	4m42.536s
sys	0m2.081s
