 ____           _                _      __  __ _                 _   _              
 |  _ \         | |              | |    |  \/  (_)               | | (_)            
 | |_) | ___  __| |_ __ ___   ___| | __ | \  / |_  __ _ _ __ __ _| |_ _  ___  _ __  
 |  _ < / _ \/ _  |  __/ _ \ / __| |/ / | |\/| | |/ _  | '__/ _  | __| |/ _ \| '_ \ 
 | |_) |  __/ (_| | | | (_) | (__|   <  | |  | | | (_| | | | (_| | |_| | (_) | | | |
 |____/ \___|\__,_|_|  \___/ \___|_|\_\ |_|  |_|_|\__, |_|  \__,_|\__|_|\___/|_| |_|
                                                   __/ |                            
                                                  |___/                             
+------------------------------------------+
| Wed May 31 15:42:46 KST 2023             |
|                                          |
|[1m Export Blocks                            (B[m|
+------------------------------------------+
Export done in 1m53.195332667s

real	1m54.130s
user	0m51.176s
sys	0m56.837s
+------------------------------------------+
| Wed May 31 15:44:40 KST 2023             |
|                                          |
|[1m Export Total Difficulty                  (B[m|
+------------------------------------------+
Export done in 1m15.773168625s

real	1m16.583s
user	0m51.199s
sys	0m24.479s
+------------------------------------------+
| Wed May 31 15:45:57 KST 2023             |
|                                          |
|[1m Export Receipts                          (B[m|
+------------------------------------------+
Export done in 5m13.722576916s

real	5m14.519s
user	3m2.769s
sys	2m0.962s
+------------------------------------------+
| Wed May 31 15:51:11 KST 2023             |
|                                          |
|[1m Export State                             (B[m|
+------------------------------------------+

real	3m41.340s
user	2m31.461s
sys	0m30.173s
