 ____           _                _      __  __ _                 _   _              
 |  _ \         | |              | |    |  \/  (_)               | | (_)            
 | |_) | ___  __| |_ __ ___   ___| | __ | \  / |_  __ _ _ __ __ _| |_ _  ___  _ __  
 |  _ < / _ \/ _  |  __/ _ \ / __| |/ / | |\/| | |/ _  | '__/ _  | __| |/ _ \| '_ \ 
 | |_) |  __/ (_| | | | (_) | (__|   <  | |  | | | (_| | | | (_| | |_| | (_) | | | |
 |____/ \___|\__,_|_|  \___/ \___|_|\_\ |_|  |_|_|\__, |_|  \__,_|\__|_|\___/|_| |_|
                                                   __/ |                            
                                                  |___/                             
+------------------------------------------+
| Fri Jun  2 08:51:56 UTC 2023             |
|                                          |
|[1m Import Genesis                           [m|
+------------------------------------------+

real	0m0.161s
user	0m0.160s
sys	0m0.020s
+------------------------------------------+
| Fri Jun  2 08:51:57 UTC 2023             |
|                                          |
|[1m Recover Genesis                          [m|
+------------------------------------------+

real	0m2.255s
user	0m0.134s
sys	0m0.063s
+------------------------------------------+
| Fri Jun  2 08:51:59 UTC 2023             |
|                                          |
|[1m Import Blocks                            [m|
+------------------------------------------+

real	8m21.714s
user	4m21.488s
sys	1m1.495s
+------------------------------------------+
| Fri Jun  2 09:00:21 UTC 2023             |
|                                          |
|[1m Import State                             [m|
+------------------------------------------+

real	3m4.403s
user	3m17.392s
sys	0m11.375s
