[INFO] [06-01|07:22:35.843] logging to file system                   log dir=migration-log/recover_log_index file prefix=erigon log level=info json=false
[INFO] [06-01|07:22:35.843] Starting metrics server                  addr=http://127.0.0.1:6060/debug/metrics/prometheus
[INFO] [06-01|07:22:35.849] Starting Erigon on Optimism Görli testnet... 
[INFO] [06-01|07:22:35.849] Maximum peer count                       ETH=0 total=0
[INFO] [06-01|07:22:35.849] starting HTTP APIs                       APIs=eth,erigon,engine
[INFO] [06-01|07:22:35.849] torrent verbosity                        level=WRN
[INFO] [06-01|07:22:37.951] Set global gas cap                       cap=50000000
[INFO] [06-01|07:22:37.953] [Downloader] Runnning with               ipv6-enabled=true ipv4-enabled=true download.rate=16mb upload.rate=4mb
[INFO] [06-01|07:22:37.953] Opening Database                         label=chaindata path=/home/ubuntu/op-erigon/erigon_db/chaindata
[INFO] [06-01|07:22:37.953] [db] params: growStep=2GB, mapsSize=7TB, shrinkThreshold=-1, pageSize=4KB, label=chaindata, WriteMap=false, Durable=false, NoReadahead=true,  
[INFO] [06-01|07:22:37.954] Initialised chain configuration          config="{ChainID: 420, Homestead: 0, DAO: <nil>, Tangerine Whistle: 0, Spurious Dragon: 0, Byzantium: 0, Constantinople: 0, Petersburg: 0, Istanbul: 0, Muir Glacier: 0, Berlin: 0, London: 4061224, Arrow Glacier: 4061224, Gray Glacier: 4061224, Terminal Total Difficulty: 0, Merge Netsplit: 4061224, Shanghai: <nil>, Cancun: <nil>, Prague: <nil>, Engine: unknown}" genesis=0xc1fc15cd51159b1f1e5cbc4b82e85c1447ddfa33c52cf1d98d14fba0d6354be1
[INFO] [06-01|07:22:37.954] Effective                                prune_flags= snapshot_flags= history.v3=false
[INFO] [06-01|07:22:37.955] Initialising Ethereum protocol           network=420
[INFO] [06-01|07:22:37.955] Disk storage enabled for ethash DAGs     dir=/home/ubuntu/op-erigon/erigon_db/ethash-dags count=2
[INFO] [06-01|07:22:38.280] Starting private RPC server              on=127.0.0.1:9090
[INFO] [06-01|07:22:38.280] new subscription to logs established 
[INFO] [06-01|07:22:38.280] rpc filters: subscribing to Erigon events 
[INFO] [06-01|07:22:38.281] new subscription to newHeaders established 
[INFO] [06-01|07:22:38.281] Reading JWT secret                       path=/home/ubuntu/op-erigon/erigon_db/jwt.hex
[INFO] [06-01|07:22:38.281] HTTP endpoint opened for Engine API      url=127.0.0.1:8551 ws=true ws.compression=true
[INFO] [06-01|07:22:38.281] HTTP endpoint opened                     url=127.0.0.1:8545 ws=false ws.compression=true grpc=false
[INFO] [06-01|07:22:38.282] Recovering Log Index 
[INFO] [06-01|07:22:46.287] Recovering Log Index                     recovered=185000 elapsed=8.005752209s
[INFO] [06-01|07:22:54.295] Recovering Log Index                     recovered=355000 elapsed=16.01304961s
[INFO] [06-01|07:23:02.350] Recovering Log Index                     recovered=497500 elapsed=24.068183279s
[INFO] [06-01|07:23:10.493] Recovering Log Index                     recovered=615000 elapsed=32.211376236s
[INFO] [06-01|07:23:18.648] Recovering Log Index                     recovered=715000 elapsed=40.366113s
[INFO] [06-01|07:23:26.746] Recovering Log Index                     recovered=825000 elapsed=48.464597897s
[INFO] [06-01|07:23:34.916] Recovering Log Index                     recovered=922500 elapsed=56.633842216s
[INFO] [06-01|07:23:42.971] Recovering Log Index                     recovered=1027500 elapsed=1m4.689159981s
[INFO] [06-01|07:23:51.069] Recovering Log Index                     recovered=1137500 elapsed=1m12.787191431s
[INFO] [06-01|07:23:59.127] Recovering Log Index                     recovered=1255000 elapsed=1m20.845524408s
[INFO] [06-01|07:24:07.187] Recovering Log Index                     recovered=1357500 elapsed=1m28.905095749s
[INFO] [06-01|07:24:15.354] Recovering Log Index                     recovered=1460000 elapsed=1m37.072593911s
[INFO] [06-01|07:24:23.374] Recovering Log Index                     recovered=1557500 elapsed=1m45.092783744s
[INFO] [06-01|07:24:31.495] Recovering Log Index                     recovered=1672500 elapsed=1m53.21322585s
[INFO] [06-01|07:24:37.956] [p2p] GoodPeers 
[INFO] [06-01|07:24:39.645] Recovering Log Index                     recovered=1775000 elapsed=2m1.363769479s
[INFO] [06-01|07:24:47.772] Recovering Log Index                     recovered=1865000 elapsed=2m9.490516027s
[INFO] [06-01|07:24:55.903] Recovering Log Index                     recovered=1945000 elapsed=2m17.621321146s
[INFO] [06-01|07:25:04.154] Recovering Log Index                     recovered=2027500 elapsed=2m25.871941643s
[INFO] [06-01|07:25:12.158] Recovering Log Index                     recovered=2105000 elapsed=2m33.875854779s
[INFO] [06-01|07:25:20.397] Recovering Log Index                     recovered=2180000 elapsed=2m42.115042465s
[INFO] [06-01|07:25:28.523] Recovering Log Index                     recovered=2247500 elapsed=2m50.241475482s
[INFO] [06-01|07:25:36.528] Recovering Log Index                     recovered=2307500 elapsed=2m58.246115456s
[INFO] [06-01|07:25:44.763] Recovering Log Index                     recovered=2365000 elapsed=3m6.481619786s
[INFO] [06-01|07:25:52.823] Recovering Log Index                     recovered=2430000 elapsed=3m14.541312125s
[INFO] [06-01|07:26:00.836] Recovering Log Index                     recovered=2490000 elapsed=3m22.554370884s
[INFO] [06-01|07:26:09.131] Recovering Log Index                     recovered=2547500 elapsed=3m30.849795212s
[INFO] [06-01|07:26:17.495] Recovering Log Index                     recovered=2602500 elapsed=3m39.213516792s
[INFO] [06-01|07:26:25.610] Recovering Log Index                     recovered=2665000 elapsed=3m47.328197591s
[INFO] [06-01|07:26:33.878] Recovering Log Index                     recovered=2727500 elapsed=3m55.596722524s
[INFO] [06-01|07:26:37.956] [p2p] GoodPeers 
[INFO] [06-01|07:26:42.192] Recovering Log Index                     recovered=2782500 elapsed=4m3.910817536s
[INFO] [06-01|07:26:50.386] Recovering Log Index                     recovered=2835000 elapsed=4m12.10444798s
[INFO] [06-01|07:26:58.764] Recovering Log Index                     recovered=2870000 elapsed=4m20.482109029s
[INFO] [06-01|07:27:07.116] Recovering Log Index                     recovered=2912500 elapsed=4m28.834415782s
[INFO] [06-01|07:27:15.661] Recovering Log Index                     recovered=2942500 elapsed=4m37.378938189s
[INFO] [06-01|07:27:23.779] Recovering Log Index                     recovered=2980000 elapsed=4m45.497634748s
[INFO] [06-01|07:27:32.406] Recovering Log Index                     recovered=3025000 elapsed=4m54.123896549s
[INFO] [06-01|07:27:41.018] Recovering Log Index                     recovered=3055000 elapsed=5m2.736546965s
[INFO] [06-01|07:27:49.497] Recovering Log Index                     recovered=3087500 elapsed=5m11.215572566s
[INFO] [06-01|07:27:57.640] Recovering Log Index                     recovered=3152500 elapsed=5m19.358782942s
[INFO] [06-01|07:28:05.744] Recovering Log Index                     recovered=3222500 elapsed=5m27.462239789s
[INFO] [06-01|07:28:14.062] Recovering Log Index                     recovered=3282500 elapsed=5m35.780501265s
[INFO] [06-01|07:28:22.215] Recovering Log Index                     recovered=3345000 elapsed=5m43.93310862s
[INFO] [06-01|07:28:30.508] Recovering Log Index                     recovered=3400000 elapsed=5m52.226568056s
[INFO] [06-01|07:28:37.955] [p2p] GoodPeers 
[INFO] [06-01|07:28:39.499] Recovering Log Index                     recovered=3422500 elapsed=6m1.217476339s
[INFO] [06-01|07:28:47.660] Recovering Log Index                     recovered=3452500 elapsed=6m9.37851428s
[INFO] [06-01|07:28:55.985] Recovering Log Index                     recovered=3515000 elapsed=6m17.703630927s
[INFO] [06-01|07:29:04.118] Recovering Log Index                     recovered=3575000 elapsed=6m25.836589442s
[INFO] [06-01|07:29:12.131] Recovering Log Index                     recovered=3632500 elapsed=6m33.849231159s
[INFO] [06-01|07:29:20.246] Recovering Log Index                     recovered=3700000 elapsed=6m41.964519659s
[INFO] [06-01|07:29:28.608] Recovering Log Index                     recovered=3772500 elapsed=6m50.326736167s
[INFO] [06-01|07:29:36.992] Recovering Log Index                     recovered=3817500 elapsed=6m58.710087584s
[INFO] [06-01|07:29:45.087] Recovering Log Index                     recovered=3880000 elapsed=7m6.805251355s
[INFO] [06-01|07:29:53.725] Recovering Log Index                     recovered=3925000 elapsed=7m15.442963682s
[INFO] [06-01|07:30:01.824] Recovering Log Index                     recovered=3987500 elapsed=7m23.541857337s
[INFO] [06-01|07:30:10.126] Recovering Log Index                     recovered=4035000 elapsed=7m31.844781318s
