[INFO] [06-02|07:12:01.629] logging to file system                   log dir=migration-log/recover_senders file prefix=erigon log level=info json=false
[INFO] [06-02|07:12:01.630] Starting metrics server                  addr=http://127.0.0.1:6060/debug/metrics/prometheus
[INFO] [06-02|07:12:01.638] Starting Erigon on Optimism Görli testnet... 
[INFO] [06-02|07:12:01.638] Maximum peer count                       ETH=0 total=0
[INFO] [06-02|07:12:01.638] starting HTTP APIs                       APIs=eth,erigon,engine
[INFO] [06-02|07:12:01.639] torrent verbosity                        level=WRN
[INFO] [06-02|07:12:03.741] Set global gas cap                       cap=50000000
[INFO] [06-02|07:12:03.744] [Downloader] Runnning with               ipv6-enabled=true ipv4-enabled=true download.rate=16mb upload.rate=4mb
[INFO] [06-02|07:12:03.744] Opening Database                         label=chaindata path=/home/ubuntu/op-erigon/erigon_db/chaindata
[INFO] [06-02|07:12:03.744] [db] params: growStep=2GB, mapsSize=7TB, shrinkThreshold=-1, pageSize=4KB, label=chaindata, WriteMap=false, Durable=false, NoReadahead=true,  
[INFO] [06-02|07:12:03.746] Initialised chain configuration          config="{ChainID: 420, Homestead: 0, DAO: <nil>, Tangerine Whistle: 0, Spurious Dragon: 0, Byzantium: 0, Constantinople: 0, Petersburg: 0, Istanbul: 0, Muir Glacier: 0, Berlin: 0, London: 4061224, Arrow Glacier: 4061224, Gray Glacier: 4061224, Terminal Total Difficulty: 0, Merge Netsplit: 4061224, Shanghai: <nil>, Cancun: <nil>, Prague: <nil>, Engine: unknown}" genesis=0xc1fc15cd51159b1f1e5cbc4b82e85c1447ddfa33c52cf1d98d14fba0d6354be1
[INFO] [06-02|07:12:03.746] Effective                                prune_flags= snapshot_flags= history.v3=false
[INFO] [06-02|07:12:03.746] Initialising Ethereum protocol           network=420
[INFO] [06-02|07:12:03.746] Disk storage enabled for ethash DAGs     dir=/home/ubuntu/op-erigon/erigon_db/ethash-dags count=2
[INFO] [06-02|07:12:04.176] Starting private RPC server              on=localhost:12345
[INFO] [06-02|07:12:04.176] new subscription to logs established 
[INFO] [06-02|07:12:04.176] rpc filters: subscribing to Erigon events 
[INFO] [06-02|07:12:04.177] Recovering Senders 
[INFO] [06-02|07:12:04.177] new subscription to newHeaders established 
[INFO] [06-02|07:12:04.177] Recovery: transactions not found         blockNum=0
[INFO] [06-02|07:12:04.177] Reading JWT secret                       path=/home/ubuntu/op-erigon/erigon_db/jwt.hex
[INFO] [06-02|07:12:04.177] HTTP endpoint opened for Engine API      url=127.0.0.1:8551 ws=true ws.compression=true
[INFO] [06-02|07:12:04.178] HTTP endpoint opened                     url=127.0.0.1:8545 ws=false ws.compression=true grpc=false
[INFO] [06-02|07:12:12.232] Recovering senders                       recovered=85000 elapsed=8.055872683s
[INFO] [06-02|07:12:20.287] Recovering senders                       recovered=172500 elapsed=16.110785224s
[INFO] [06-02|07:12:28.320] Recovering senders                       recovered=260000 elapsed=24.14329344s
[INFO] [06-02|07:12:36.489] Recovering senders                       recovered=350000 elapsed=32.312823419s
[INFO] [06-02|07:12:44.555] Recovering senders                       recovered=440000 elapsed=40.378946144s
[INFO] [06-02|07:12:52.592] Recovering senders                       recovered=527500 elapsed=48.415771094s
[INFO] [06-02|07:13:00.680] Recovering senders                       recovered=615000 elapsed=56.502992821s
[INFO] [06-02|07:13:08.805] Recovering senders                       recovered=702500 elapsed=1m4.628837423s
[INFO] [06-02|07:13:16.909] Recovering senders                       recovered=790000 elapsed=1m12.73216683s
[INFO] [06-02|07:13:25.046] Recovering senders                       recovered=877500 elapsed=1m20.868989182s
[INFO] [06-02|07:13:33.215] Recovering senders                       recovered=965000 elapsed=1m29.038479324s
