[INFO] [06-02|06:57:10.938] logging to file system                   log dir=migration-log/drop_log_index file prefix=erigon log level=info json=false
[INFO] [06-02|06:57:10.938] Starting metrics server                  addr=http://127.0.0.1:6060/debug/metrics/prometheus
[INFO] [06-02|06:57:10.946] Starting Erigon on Optimism Görli testnet... 
[INFO] [06-02|06:57:10.947] Maximum peer count                       ETH=0 total=0
[INFO] [06-02|06:57:10.947] starting HTTP APIs                       APIs=eth,erigon,engine
[INFO] [06-02|06:57:10.947] torrent verbosity                        level=WRN
[INFO] [06-02|06:57:13.049] Set global gas cap                       cap=50000000
[INFO] [06-02|06:57:13.052] [Downloader] Runnning with               ipv6-enabled=true ipv4-enabled=true download.rate=16mb upload.rate=4mb
[INFO] [06-02|06:57:13.053] Opening Database                         label=chaindata path=/home/ubuntu/op-erigon/erigon_db/chaindata
[INFO] [06-02|06:57:13.053] [db] params: growStep=2GB, mapsSize=7TB, shrinkThreshold=-1, pageSize=4KB, label=chaindata, WriteMap=false, Durable=false, NoReadahead=true,  
[INFO] [06-02|06:57:13.054] Initialised chain configuration          config="{ChainID: 420, Homestead: 0, DAO: <nil>, Tangerine Whistle: 0, Spurious Dragon: 0, Byzantium: 0, Constantinople: 0, Petersburg: 0, Istanbul: 0, Muir Glacier: 0, Berlin: 0, London: 4061224, Arrow Glacier: 4061224, Gray Glacier: 4061224, Terminal Total Difficulty: 0, Merge Netsplit: 4061224, Shanghai: <nil>, Cancun: <nil>, Prague: <nil>, Engine: unknown}" genesis=0xc1fc15cd51159b1f1e5cbc4b82e85c1447ddfa33c52cf1d98d14fba0d6354be1
[INFO] [06-02|06:57:13.054] Effective                                prune_flags= snapshot_flags= history.v3=false
[INFO] [06-02|06:57:13.055] Initialising Ethereum protocol           network=420
[INFO] [06-02|06:57:13.055] Disk storage enabled for ethash DAGs     dir=/home/ubuntu/op-erigon/erigon_db/ethash-dags count=2
[INFO] [06-02|06:57:13.488] Starting private RPC server              on=localhost:12345
[INFO] [06-02|06:57:13.488] new subscription to logs established 
[INFO] [06-02|06:57:13.489] rpc filters: subscribing to Erigon events 
[INFO] [06-02|06:57:13.489] new subscription to newHeaders established 
[INFO] [06-02|06:57:13.489] Dropping Log Index 
[INFO] [06-02|06:57:13.489] Dropped LogTopicIndex Table              elapsed=6.797µs
[INFO] [06-02|06:57:13.489] Dropped LogAddressIndex Table            elapsed=25.633µs
[INFO] [06-02|06:57:13.489] Reading JWT secret                       path=/home/ubuntu/op-erigon/erigon_db/jwt.hex
[INFO] [06-02|06:57:13.489] HTTP endpoint opened for Engine API      url=127.0.0.1:8551 ws=true ws.compression=true
[INFO] [06-02|06:57:13.490] HTTP endpoint opened                     url=127.0.0.1:8545 ws=false ws.compression=true grpc=false
[INFO] [06-02|06:57:13.490] DB commit                                elapsed=1.045214ms
