[INFO] [06-01|06:15:25.007] logging to file system                   log dir=migration-log/import_totaldifficulty file prefix=erigon log level=info json=false
[INFO] [06-01|06:15:25.007] Starting metrics server                  addr=http://127.0.0.1:6060/debug/metrics/prometheus
[INFO] [06-01|06:15:25.013] Starting Erigon on Optimism Görli testnet... 
[INFO] [06-01|06:15:25.014] Maximum peer count                       ETH=0 total=0
[INFO] [06-01|06:15:25.014] starting HTTP APIs                       APIs=eth,erigon,engine
[INFO] [06-01|06:15:25.014] torrent verbosity                        level=WRN
[INFO] [06-01|06:15:27.116] Set global gas cap                       cap=50000000
[INFO] [06-01|06:15:27.118] [Downloader] Runnning with               ipv6-enabled=true ipv4-enabled=true download.rate=16mb upload.rate=4mb
[INFO] [06-01|06:15:27.118] Opening Database                         label=chaindata path=/home/ubuntu/op-erigon/erigon_db/chaindata
[INFO] [06-01|06:15:27.118] [db] params: growStep=2GB, mapsSize=7TB, shrinkThreshold=-1, pageSize=4KB, label=chaindata, WriteMap=false, Durable=false, NoReadahead=true,  
[INFO] [06-01|06:15:27.119] Initialised chain configuration          config="{ChainID: 420, Homestead: 0, DAO: <nil>, Tangerine Whistle: 0, Spurious Dragon: 0, Byzantium: 0, Constantinople: 0, Petersburg: 0, Istanbul: 0, Muir Glacier: 0, Berlin: 0, London: 4061224, Arrow Glacier: 4061224, Gray Glacier: 4061224, Terminal Total Difficulty: 0, Merge Netsplit: 4061224, Shanghai: <nil>, Cancun: <nil>, Prague: <nil>, Engine: unknown}" genesis=0xc1fc15cd51159b1f1e5cbc4b82e85c1447ddfa33c52cf1d98d14fba0d6354be1
[INFO] [06-01|06:15:27.120] Effective                                prune_flags= snapshot_flags= history.v3=false
[INFO] [06-01|06:15:27.120] Initialising Ethereum protocol           network=420
[INFO] [06-01|06:15:27.120] Disk storage enabled for ethash DAGs     dir=/home/ubuntu/op-erigon/erigon_db/ethash-dags count=2
[INFO] [06-01|06:15:27.443] Starting private RPC server              on=127.0.0.1:9090
[INFO] [06-01|06:15:27.443] new subscription to logs established 
[INFO] [06-01|06:15:27.444] Importing total difficulty               file=/tmp/migration-artifact/totaldifficulty.rlp
[INFO] [06-01|06:15:35.444] Import total difficulty                  index=1080531 elapsed=8.000746415s
[INFO] [06-01|06:15:43.445] Import total difficulty                  index=2162500 elapsed=16.000941634s
[INFO] [06-01|06:15:51.444] Import total difficulty                  index=3192500 elapsed=24.000806151s
[INFO] [06-01|06:15:58.224] Import total difficulty                  index=4061225 elapsed=30.78001632s
