[INFO] [06-01|08:44:03.982] logging to file system                   log dir=migration-log/import_totaldifficulty file prefix=erigon log level=info json=false
[INFO] [06-01|08:44:03.982] Starting metrics server                  addr=http://127.0.0.1:6060/debug/metrics/prometheus
[INFO] [06-01|08:44:03.988] Starting Erigon on Optimism Görli testnet... 
[INFO] [06-01|08:44:03.988] Maximum peer count                       ETH=0 total=0
[INFO] [06-01|08:44:03.988] starting HTTP APIs                       APIs=eth,erigon,engine
[INFO] [06-01|08:44:03.988] torrent verbosity                        level=WRN
[INFO] [06-01|08:44:06.091] Set global gas cap                       cap=50000000
[INFO] [06-01|08:44:06.092] [Downloader] Runnning with               ipv6-enabled=true ipv4-enabled=true download.rate=16mb upload.rate=4mb
[INFO] [06-01|08:44:06.092] Opening Database                         label=chaindata path=/home/ubuntu/op-erigon/erigon_db/chaindata
[INFO] [06-01|08:44:06.092] [db] params: growStep=2GB, mapsSize=7TB, shrinkThreshold=-1, pageSize=4KB, label=chaindata, WriteMap=false, Durable=false, NoReadahead=true,  
[INFO] [06-01|08:44:06.094] Initialised chain configuration          config="{ChainID: 420, Homestead: 0, DAO: <nil>, Tangerine Whistle: 0, Spurious Dragon: 0, Byzantium: 0, Constantinople: 0, Petersburg: 0, Istanbul: 0, Muir Glacier: 0, Berlin: 0, London: 4061224, Arrow Glacier: 4061224, Gray Glacier: 4061224, Terminal Total Difficulty: 0, Merge Netsplit: 4061224, Shanghai: <nil>, Cancun: <nil>, Prague: <nil>, Engine: unknown}" genesis=0xc1fc15cd51159b1f1e5cbc4b82e85c1447ddfa33c52cf1d98d14fba0d6354be1
[INFO] [06-01|08:44:06.094] Effective                                prune_flags= snapshot_flags= history.v3=false
[INFO] [06-01|08:44:06.096] Initialising Ethereum protocol           network=420
[INFO] [06-01|08:44:06.096] Disk storage enabled for ethash DAGs     dir=/home/ubuntu/op-erigon/erigon_db/ethash-dags count=2
[INFO] [06-01|08:44:06.442] Starting private RPC server              on=127.0.0.1:9090
[INFO] [06-01|08:44:06.442] new subscription to logs established 
[INFO] [06-01|08:44:06.442] Importing total difficulty               file=/tmp/migration-artifact/totaldifficulty.rlp
[INFO] [06-01|08:44:14.442] Import total difficulty                  index=1067500 elapsed=8.000165852s
[INFO] [06-01|08:44:22.443] Import total difficulty                  index=2102500 elapsed=16.000975699s
[INFO] [06-01|08:44:30.443] Import total difficulty                  index=3101659 elapsed=24.000646555s
[INFO] [06-01|08:44:38.268] Import total difficulty                  index=4061225 elapsed=31.825587559s
