[INFO] [06-02|08:08:16.582] logging to file system                   log dir=migration-log/import_state file prefix=erigon log level=info json=false
[INFO] [06-02|08:08:16.583] Starting metrics server                  addr=http://127.0.0.1:6060/debug/metrics/prometheus
[INFO] [06-02|08:08:16.591] Starting Erigon on Optimism Görli testnet... 
[INFO] [06-02|08:08:16.591] Maximum peer count                       ETH=0 total=0
[INFO] [06-02|08:08:16.591] starting HTTP APIs                       APIs=eth,erigon,engine
[INFO] [06-02|08:08:16.592] torrent verbosity                        level=WRN
[INFO] [06-02|08:08:18.695] Set global gas cap                       cap=50000000
[INFO] [06-02|08:08:18.697] [Downloader] Runnning with               ipv6-enabled=true ipv4-enabled=true download.rate=16mb upload.rate=4mb
[INFO] [06-02|08:08:18.697] Opening Database                         label=chaindata path=/home/ubuntu/op-erigon/erigon_db/chaindata
[INFO] [06-02|08:08:18.697] [db] params: growStep=2GB, mapsSize=7TB, shrinkThreshold=-1, pageSize=4KB, label=chaindata, WriteMap=false, Durable=false, NoReadahead=true,  
[INFO] [06-02|08:08:18.699] Initialised chain configuration          config="{ChainID: 420, Homestead: 0, DAO: <nil>, Tangerine Whistle: 0, Spurious Dragon: 0, Byzantium: 0, Constantinople: 0, Petersburg: 0, Istanbul: 0, Muir Glacier: 0, Berlin: 0, London: 4061224, Arrow Glacier: 4061224, Gray Glacier: 4061224, Terminal Total Difficulty: 0, Merge Netsplit: 4061224, Shanghai: <nil>, Cancun: <nil>, Prague: <nil>, Engine: unknown}" genesis=0xc1fc15cd51159b1f1e5cbc4b82e85c1447ddfa33c52cf1d98d14fba0d6354be1
[INFO] [06-02|08:08:18.699] Effective                                prune_flags= snapshot_flags= history.v3=false
[INFO] [06-02|08:08:18.699] Initialising Ethereum protocol           network=420
[INFO] [06-02|08:08:18.699] Disk storage enabled for ethash DAGs     dir=/home/ubuntu/op-erigon/erigon_db/ethash-dags count=2
[INFO] [06-02|08:08:19.146] Starting private RPC server              on=localhost:12345
[INFO] [06-02|08:08:19.146] new subscription to logs established 
[INFO] [06-02|08:08:19.147] Database sanity check for block number   blockNumber=4061224 checkEmpty=true
[INFO] [06-02|08:08:19.147] World State Trie Root Calculation        elapsed=300ns
[INFO] [06-02|08:08:19.147] Walk accounts                            index=0 elapsed=39.984µs
[INFO] [06-02|08:08:19.147] State trie must by empty 
[INFO] [06-02|08:08:19.147] Iterate accounts                         index=0 elapsed=30.6µs
[INFO] [06-02|08:08:19.147] state root consistent with target root 
[INFO] [06-02|08:08:19.147] Importing state                          file=/tmp/migration-artifact/world_trie_state.jsonl stream=true
[INFO] [06-02|08:08:19.147] Importing state for block number         blockNumber=4061224
[INFO] [06-02|08:08:19.147] state root from header                   root=0xbfe2b059bc76c33556870c292048f1d28c9d498462a02a3c7aadb6edf1c2d21c
[INFO] [06-02|08:08:27.148] Import state                             index=23048 elapsed=8.000892312s
[INFO] [06-02|08:08:35.148] Import state                             index=23049 elapsed=16.001343993s
[INFO] [06-02|08:08:43.148] Import state                             index=57891 elapsed=24.001480186s
[INFO] [06-02|08:08:51.149] Import state                             index=77702 elapsed=32.001790602s
[INFO] [06-02|08:08:59.148] Import state                             index=82018 elapsed=40.001065785s
[INFO] [06-02|08:09:07.147] Import state                             index=99471 elapsed=48.000208408s
[INFO] [06-02|08:09:15.148] Import state                             index=126316 elapsed=56.001352916s
[INFO] [06-02|08:09:15.299] Import state                             index=127608 elapsed=56.151614354s
[INFO] [06-02|08:10:18.701] [p2p] GoodPeers 
[INFO] [06-02|08:10:19.023] newly calculated root                    root=0xbfe2b059bc76c33556870c292048f1d28c9d498462a02a3c7aadb6edf1c2d21c
[INFO] [06-02|08:10:54.737] commit block                             elapsed=35.714107123s
[INFO] [06-02|08:11:16.025] write change sets                        elapsed=21.2879272s
[INFO] [06-02|08:12:15.062] write history                            elapsed=59.037200909s
[INFO] [06-02|08:12:15.062] state root stored at blockheader         root=0xbfe2b059bc76c33556870c292048f1d28c9d498462a02a3c7aadb6edf1c2d21c
[INFO] [06-02|08:12:15.062] state root consistent with block header's state root 
[INFO] [06-02|08:12:18.700] [p2p] GoodPeers 
