[INFO] [06-02|07:10:41.866] logging to file system                   log dir=migration-log/import_receipts file prefix=erigon log level=info json=false
[INFO] [06-02|07:10:41.866] Starting metrics server                  addr=http://127.0.0.1:6060/debug/metrics/prometheus
[INFO] [06-02|07:10:41.874] Starting Erigon on Optimism Görli testnet... 
[INFO] [06-02|07:10:41.875] Maximum peer count                       ETH=0 total=0
[INFO] [06-02|07:10:41.875] starting HTTP APIs                       APIs=eth,erigon,engine
[INFO] [06-02|07:10:41.875] torrent verbosity                        level=WRN
[INFO] [06-02|07:10:43.977] Set global gas cap                       cap=50000000
[INFO] [06-02|07:10:43.980] [Downloader] Runnning with               ipv6-enabled=true ipv4-enabled=true download.rate=16mb upload.rate=4mb
[INFO] [06-02|07:10:43.980] Opening Database                         label=chaindata path=/home/ubuntu/op-erigon/erigon_db/chaindata
[INFO] [06-02|07:10:43.980] [db] params: growStep=2GB, mapsSize=7TB, shrinkThreshold=-1, pageSize=4KB, label=chaindata, WriteMap=false, Durable=false, NoReadahead=true,  
[INFO] [06-02|07:10:43.982] Initialised chain configuration          config="{ChainID: 420, Homestead: 0, DAO: <nil>, Tangerine Whistle: 0, Spurious Dragon: 0, Byzantium: 0, Constantinople: 0, Petersburg: 0, Istanbul: 0, Muir Glacier: 0, Berlin: 0, London: 4061224, Arrow Glacier: 4061224, Gray Glacier: 4061224, Terminal Total Difficulty: 0, Merge Netsplit: 4061224, Shanghai: <nil>, Cancun: <nil>, Prague: <nil>, Engine: unknown}" genesis=0xc1fc15cd51159b1f1e5cbc4b82e85c1447ddfa33c52cf1d98d14fba0d6354be1
[INFO] [06-02|07:10:43.982] Effective                                prune_flags= snapshot_flags= history.v3=false
[INFO] [06-02|07:10:43.982] Initialising Ethereum protocol           network=420
[INFO] [06-02|07:10:43.982] Disk storage enabled for ethash DAGs     dir=/home/ubuntu/op-erigon/erigon_db/ethash-dags count=2
[INFO] [06-02|07:10:44.408] Starting private RPC server              on=localhost:12345
[INFO] [06-02|07:10:44.408] new subscription to logs established 
[INFO] [06-02|07:10:44.408] Importing receipts                       file=/tmp/migration-artifact/receipts.rlp
[INFO] [06-02|07:10:52.409] Import receipts                          index=289433 elapsed=8.000834306s
[INFO] [06-02|07:11:00.409] Import receipts                          index=560000 elapsed=16.000574641s
[INFO] [06-02|07:11:08.410] Import receipts                          index=815000 elapsed=24.001366462s
[INFO] [06-02|07:11:14.828] Import receipts                          index=1015307 elapsed=30.419679471s
