[INFO] [06-01|05:13:39.517] logging to file system                   log dir=migration-log/import_receipts file prefix=erigon log level=info json=false
[INFO] [06-01|05:13:39.518] Starting metrics server                  addr=http://127.0.0.1:6060/debug/metrics/prometheus
[INFO] [06-01|05:13:39.527] Starting Erigon on Optimism Görli testnet... 
[INFO] [06-01|05:13:39.528] Maximum peer count                       ETH=0 total=0
[INFO] [06-01|05:13:39.529] starting HTTP APIs                       APIs=eth,erigon,engine
[INFO] [06-01|05:13:39.529] torrent verbosity                        level=WRN
[INFO] [06-01|05:13:41.631] Set global gas cap                       cap=50000000
[INFO] [06-01|05:13:41.634] [Downloader] Runnning with               ipv6-enabled=true ipv4-enabled=true download.rate=16mb upload.rate=4mb
[INFO] [06-01|05:13:41.634] Opening Database                         label=chaindata path=/home/ubuntu/op-erigon/erigon_db/chaindata
[INFO] [06-01|05:13:41.634] [db] params: growStep=2GB, mapsSize=7TB, shrinkThreshold=-1, pageSize=4KB, label=chaindata, WriteMap=false, Durable=false, NoReadahead=true,  
[INFO] [06-01|05:13:41.636] Initialised chain configuration          config="{ChainID: 420, Homestead: 0, DAO: <nil>, Tangerine Whistle: 0, Spurious Dragon: 0, Byzantium: 0, Constantinople: 0, Petersburg: 0, Istanbul: 0, Muir Glacier: 0, Berlin: 0, London: 4061224, Arrow Glacier: 4061224, Gray Glacier: 4061224, Terminal Total Difficulty: 0, Merge Netsplit: 4061224, Shanghai: <nil>, Cancun: <nil>, Prague: <nil>, Engine: unknown}" genesis=0xc1fc15cd51159b1f1e5cbc4b82e85c1447ddfa33c52cf1d98d14fba0d6354be1
[INFO] [06-01|05:13:41.636] Effective                                prune_flags= snapshot_flags= history.v3=false
[INFO] [06-01|05:13:41.636] Initialising Ethereum protocol           network=420
[INFO] [06-01|05:13:41.636] Disk storage enabled for ethash DAGs     dir=/home/ubuntu/op-erigon/erigon_db/ethash-dags count=2
[INFO] [06-01|05:13:42.276] Starting private RPC server              on=127.0.0.1:9090
[INFO] [06-01|05:13:42.276] new subscription to logs established 
[INFO] [06-01|05:13:42.276] Importing receipts                       file=/tmp/migration-artifact/receipts.rlp
[INFO] [06-01|05:13:50.276] Import receipts                          index=232500 elapsed=8.000227158s
[INFO] [06-01|05:13:58.277] Import receipts                          index=457520 elapsed=16.000818568s
[INFO] [06-01|05:14:06.277] Import receipts                          index=667500 elapsed=24.000577186s
[INFO] [06-01|05:14:14.277] Import receipts                          index=875000 elapsed=32.000318517s
[INFO] [06-01|05:14:22.277] Import receipts                          index=1080188 elapsed=40.00102232s
[INFO] [06-01|05:14:30.276] Import receipts                          index=1297500 elapsed=48.000151569s
[INFO] [06-01|05:14:38.277] Import receipts                          index=1502775 elapsed=56.000458861s
[INFO] [06-01|05:14:46.279] Import receipts                          index=1715000 elapsed=1m4.00245865s
[INFO] [06-01|05:14:54.276] Import receipts                          index=1900000 elapsed=1m12.000288543s
[INFO] [06-01|05:15:02.277] Import receipts                          index=2083251 elapsed=1m20.000995137s
[INFO] [06-01|05:15:10.276] Import receipts                          index=2255000 elapsed=1m28.000208737s
[INFO] [06-01|05:15:18.277] Import receipts                          index=2422500 elapsed=1m36.000549598s
[INFO] [06-01|05:15:26.276] Import receipts                          index=2597500 elapsed=1m44.000231813s
[INFO] [06-01|05:15:34.277] Import receipts                          index=2776846 elapsed=1m52.000351459s
[INFO] [06-01|05:15:41.637] [p2p] GoodPeers 
[INFO] [06-01|05:15:42.277] Import receipts                          index=2932500 elapsed=2m0.00078116s
[INFO] [06-01|05:15:50.277] Import receipts                          index=3074091 elapsed=2m8.000877951s
[INFO] [06-01|05:15:58.277] Import receipts                          index=3252500 elapsed=2m16.000393518s
[INFO] [06-01|05:16:06.277] Import receipts                          index=3422500 elapsed=2m24.000363245s
[INFO] [06-01|05:16:14.277] Import receipts                          index=3590000 elapsed=2m32.000706646s
[INFO] [06-01|05:16:22.277] Import receipts                          index=3775770 elapsed=2m40.000835035s
[INFO] [06-01|05:16:30.277] Import receipts                          index=3940000 elapsed=2m48.000576483s
