INFO [06-01|08:23:46.651] Maximum peer count                       ETH=50 LES=0 total=50
INFO [06-01|08:23:46.652] Smartcard socket not found, disabling    err="stat /run/pcscd/pcscd.comm: no such file or directory"
INFO [06-01|08:23:46.654] Set global gas cap                       cap=50,000,000
INFO [06-01|08:23:46.657] Using leveldb as the backing database 
INFO [06-01|08:23:46.657] Allocated cache and file handles         database=/home/ubuntu/geth_db/geth/chaindata cache=512.00MiB handles=524,288 readonly=true
INFO [06-01|08:23:46.945] Using LevelDB as the backing database 
INFO [06-01|08:23:46.945] Found legacy ancient chain path          location=/home/ubuntu/geth_db/geth/chaindata/ancient
INFO [06-01|08:23:46.945] Opened ancient database                  database=/home/ubuntu/geth_db/geth/chaindata/ancient readonly=true
INFO [06-01|08:23:46.946] Disk storage enabled for ethash caches   dir=/home/ubuntu/geth_db/geth/ethash count=3
INFO [06-01|08:23:46.946] Disk storage enabled for ethash DAGs     dir=/home/ubuntu/.ethash             count=2
INFO [06-01|08:23:46.947]  
INFO [06-01|08:23:46.947] --------------------------------------------------------------------------------------------------------------------------------------------------------- 
INFO [06-01|08:23:46.947] Chain ID:  420 (unknown) 
INFO [06-01|08:23:46.947] Consensus: Optimism 
INFO [06-01|08:23:46.947]  
INFO [06-01|08:23:46.947] Pre-Merge hard forks (block based): 
INFO [06-01|08:23:46.947]  - Homestead:                   #0        (https://github.com/ethereum/execution-specs/blob/master/network-upgrades/mainnet-upgrades/homestead.md) 
INFO [06-01|08:23:46.947]  - Tangerine Whistle (EIP 150): #0        (https://github.com/ethereum/execution-specs/blob/master/network-upgrades/mainnet-upgrades/tangerine-whistle.md) 
INFO [06-01|08:23:46.947]  - Spurious Dragon/1 (EIP 155): #0        (https://github.com/ethereum/execution-specs/blob/master/network-upgrades/mainnet-upgrades/spurious-dragon.md) 
INFO [06-01|08:23:46.947]  - Spurious Dragon/2 (EIP 158): #0        (https://github.com/ethereum/execution-specs/blob/master/network-upgrades/mainnet-upgrades/spurious-dragon.md) 
INFO [06-01|08:23:46.947]  - Byzantium:                   #0        (https://github.com/ethereum/execution-specs/blob/master/network-upgrades/mainnet-upgrades/byzantium.md) 
INFO [06-01|08:23:46.947]  - Constantinople:              #0        (https://github.com/ethereum/execution-specs/blob/master/network-upgrades/mainnet-upgrades/constantinople.md) 
INFO [06-01|08:23:46.947]  - Petersburg:                  #0        (https://github.com/ethereum/execution-specs/blob/master/network-upgrades/mainnet-upgrades/petersburg.md) 
INFO [06-01|08:23:46.947]  - Istanbul:                    #0        (https://github.com/ethereum/execution-specs/blob/master/network-upgrades/mainnet-upgrades/istanbul.md) 
INFO [06-01|08:23:46.947]  - Muir Glacier:                #0        (https://github.com/ethereum/execution-specs/blob/master/network-upgrades/mainnet-upgrades/muir-glacier.md) 
INFO [06-01|08:23:46.947]  - Berlin:                      #0        (https://github.com/ethereum/execution-specs/blob/master/network-upgrades/mainnet-upgrades/berlin.md) 
INFO [06-01|08:23:46.947]  - London:                      #4061224  (https://github.com/ethereum/execution-specs/blob/master/network-upgrades/mainnet-upgrades/london.md) 
INFO [06-01|08:23:46.947]  - Arrow Glacier:               #4061224  (https://github.com/ethereum/execution-specs/blob/master/network-upgrades/mainnet-upgrades/arrow-glacier.md) 
INFO [06-01|08:23:46.947]  - Gray Glacier:                #4061224  (https://github.com/ethereum/execution-specs/blob/master/network-upgrades/mainnet-upgrades/gray-glacier.md) 
INFO [06-01|08:23:46.947]  
INFO [06-01|08:23:46.947] Merge configured: 
INFO [06-01|08:23:46.947]  - Hard-fork specification:    https://github.com/ethereum/execution-specs/blob/master/network-upgrades/mainnet-upgrades/paris.md 
INFO [06-01|08:23:46.947]  - Network known to be merged: true 
INFO [06-01|08:23:46.947]  - Total terminal difficulty:  0 
INFO [06-01|08:23:46.947]  - Merge netsplit block:       #4061224  
INFO [06-01|08:23:46.947]  
INFO [06-01|08:23:46.947] Post-Merge hard forks (timestamp based): 
INFO [06-01|08:23:46.947]  - Regolith:                    @1679079600 
INFO [06-01|08:23:46.947]  
INFO [06-01|08:23:46.947] --------------------------------------------------------------------------------------------------------------------------------------------------------- 
INFO [06-01|08:23:46.947]  
INFO [06-01|08:23:46.947] Loaded most recent local block           number=4,061,224 hash=0f7835..05175f td=0 age=4mo2w5d
INFO [06-01|08:23:46.947] Loaded most recent local finalized block number=4,061,224 hash=0f7835..05175f td=0 age=4mo2w5d
INFO [06-01|08:23:46.948] Exporting blockchain                     file=/tmp/migration-artifact/blocks.rlp
INFO [06-01|08:23:46.948] Exporting batch of blocks                count=4,061,225
INFO [06-01|08:23:54.948] Exporting blocks                         exported=316,848 elapsed=8.000s
INFO [06-01|08:24:02.948] Exporting blocks                         exported=626,494 elapsed=16.000s
INFO [06-01|08:24:10.948] Exporting blocks                         exported=931,920 elapsed=24.000s
INFO [06-01|08:24:18.948] Exporting blocks                         exported=1,235,067 elapsed=32.000s
INFO [06-01|08:24:26.948] Exporting blocks                         exported=1,538,145 elapsed=40.000s
INFO [06-01|08:24:34.948] Exporting blocks                         exported=1,844,493 elapsed=48.000s
INFO [06-01|08:24:42.949] Exporting blocks                         exported=2,151,670 elapsed=56.000s
INFO [06-01|08:24:50.949] Exporting blocks                         exported=2,453,671 elapsed=1m4.000s
INFO [06-01|08:24:58.949] Exporting blocks                         exported=2,752,024 elapsed=1m12.000s
INFO [06-01|08:25:06.949] Exporting blocks                         exported=3,042,178 elapsed=1m20.000s
INFO [06-01|08:25:14.949] Exporting blocks                         exported=3,337,760 elapsed=1m28.000s
INFO [06-01|08:25:22.949] Exporting blocks                         exported=3,629,559 elapsed=1m36.000s
INFO [06-01|08:25:30.949] Exporting blocks                         exported=3,928,307 elapsed=1m44.000s
INFO [06-01|08:25:35.433] Exported blockchain to                   file=/tmp/migration-artifact/blocks.rlp
