INFO [06-01|08:27:12.727] Maximum peer count                       ETH=50 LES=0 total=50
INFO [06-01|08:27:12.729] Smartcard socket not found, disabling    err="stat /run/pcscd/pcscd.comm: no such file or directory"
INFO [06-01|08:27:12.731] Set global gas cap                       cap=50,000,000
INFO [06-01|08:27:12.733] Using leveldb as the backing database 
INFO [06-01|08:27:12.733] Allocated cache and file handles         database=/home/ubuntu/geth_db/geth/chaindata cache=512.00MiB handles=524,288 readonly=true
INFO [06-01|08:27:13.020] Using LevelDB as the backing database 
INFO [06-01|08:27:13.021] Found legacy ancient chain path          location=/home/ubuntu/geth_db/geth/chaindata/ancient
INFO [06-01|08:27:13.021] Opened ancient database                  database=/home/ubuntu/geth_db/geth/chaindata/ancient readonly=true
INFO [06-01|08:27:13.022] Disk storage enabled for ethash caches   dir=/home/ubuntu/geth_db/geth/ethash count=3
INFO [06-01|08:27:13.022] Disk storage enabled for ethash DAGs     dir=/home/ubuntu/.ethash             count=2
INFO [06-01|08:27:13.022]  
INFO [06-01|08:27:13.022] --------------------------------------------------------------------------------------------------------------------------------------------------------- 
INFO [06-01|08:27:13.022] Chain ID:  420 (unknown) 
INFO [06-01|08:27:13.022] Consensus: Optimism 
INFO [06-01|08:27:13.022]  
INFO [06-01|08:27:13.022] Pre-Merge hard forks (block based): 
INFO [06-01|08:27:13.022]  - Homestead:                   #0        (https://github.com/ethereum/execution-specs/blob/master/network-upgrades/mainnet-upgrades/homestead.md) 
INFO [06-01|08:27:13.023]  - Tangerine Whistle (EIP 150): #0        (https://github.com/ethereum/execution-specs/blob/master/network-upgrades/mainnet-upgrades/tangerine-whistle.md) 
INFO [06-01|08:27:13.023]  - Spurious Dragon/1 (EIP 155): #0        (https://github.com/ethereum/execution-specs/blob/master/network-upgrades/mainnet-upgrades/spurious-dragon.md) 
INFO [06-01|08:27:13.023]  - Spurious Dragon/2 (EIP 158): #0        (https://github.com/ethereum/execution-specs/blob/master/network-upgrades/mainnet-upgrades/spurious-dragon.md) 
INFO [06-01|08:27:13.023]  - Byzantium:                   #0        (https://github.com/ethereum/execution-specs/blob/master/network-upgrades/mainnet-upgrades/byzantium.md) 
INFO [06-01|08:27:13.023]  - Constantinople:              #0        (https://github.com/ethereum/execution-specs/blob/master/network-upgrades/mainnet-upgrades/constantinople.md) 
INFO [06-01|08:27:13.023]  - Petersburg:                  #0        (https://github.com/ethereum/execution-specs/blob/master/network-upgrades/mainnet-upgrades/petersburg.md) 
INFO [06-01|08:27:13.023]  - Istanbul:                    #0        (https://github.com/ethereum/execution-specs/blob/master/network-upgrades/mainnet-upgrades/istanbul.md) 
INFO [06-01|08:27:13.023]  - Muir Glacier:                #0        (https://github.com/ethereum/execution-specs/blob/master/network-upgrades/mainnet-upgrades/muir-glacier.md) 
INFO [06-01|08:27:13.023]  - Berlin:                      #0        (https://github.com/ethereum/execution-specs/blob/master/network-upgrades/mainnet-upgrades/berlin.md) 
INFO [06-01|08:27:13.023]  - London:                      #4061224  (https://github.com/ethereum/execution-specs/blob/master/network-upgrades/mainnet-upgrades/london.md) 
INFO [06-01|08:27:13.023]  - Arrow Glacier:               #4061224  (https://github.com/ethereum/execution-specs/blob/master/network-upgrades/mainnet-upgrades/arrow-glacier.md) 
INFO [06-01|08:27:13.023]  - Gray Glacier:                #4061224  (https://github.com/ethereum/execution-specs/blob/master/network-upgrades/mainnet-upgrades/gray-glacier.md) 
INFO [06-01|08:27:13.023]  
INFO [06-01|08:27:13.023] Merge configured: 
INFO [06-01|08:27:13.023]  - Hard-fork specification:    https://github.com/ethereum/execution-specs/blob/master/network-upgrades/mainnet-upgrades/paris.md 
INFO [06-01|08:27:13.023]  - Network known to be merged: true 
INFO [06-01|08:27:13.023]  - Total terminal difficulty:  0 
INFO [06-01|08:27:13.023]  - Merge netsplit block:       #4061224  
INFO [06-01|08:27:13.023]  
INFO [06-01|08:27:13.023] Post-Merge hard forks (timestamp based): 
INFO [06-01|08:27:13.023]  - Regolith:                    @1679079600 
INFO [06-01|08:27:13.023]  
INFO [06-01|08:27:13.023] --------------------------------------------------------------------------------------------------------------------------------------------------------- 
INFO [06-01|08:27:13.023]  
INFO [06-01|08:27:13.023] Loaded most recent local block           number=4,061,224 hash=0f7835..05175f td=0 age=4mo2w5d
INFO [06-01|08:27:13.023] Loaded most recent local finalized block number=4,061,224 hash=0f7835..05175f td=0 age=4mo2w5d
INFO [06-01|08:27:13.024] Exporting receipts                       file=/tmp/migration-artifact/receipts.rlp
INFO [06-01|08:27:13.024] Exporting batch of receipts              count=4,061,225
INFO [06-01|08:27:21.024] Exporting receipts                       exported=105,734 elapsed=8.000s
INFO [06-01|08:27:29.024] Exporting receipts                       exported=211,643 elapsed=16.000s
INFO [06-01|08:27:37.024] Exporting receipts                       exported=320,253 elapsed=24.000s
INFO [06-01|08:27:45.024] Exporting receipts                       exported=420,614 elapsed=32.000s
INFO [06-01|08:27:53.024] Exporting receipts                       exported=526,448 elapsed=40.000s
INFO [06-01|08:28:01.024] Exporting receipts                       exported=627,835 elapsed=48.000s
INFO [06-01|08:28:09.025] Exporting receipts                       exported=725,731 elapsed=56.000s
INFO [06-01|08:28:17.025] Exporting receipts                       exported=824,654 elapsed=1m4.000s
INFO [06-01|08:28:25.025] Exporting receipts                       exported=923,258 elapsed=1m12.000s
INFO [06-01|08:28:33.025] Exporting receipts                       exported=1,018,029 elapsed=1m20.001s
INFO [06-01|08:28:41.025] Exporting receipts                       exported=1,118,115 elapsed=1m28.001s
INFO [06-01|08:28:49.025] Exporting receipts                       exported=1,221,254 elapsed=1m36.001s
INFO [06-01|08:28:57.025] Exporting receipts                       exported=1,322,057 elapsed=1m44.001s
INFO [06-01|08:29:05.025] Exporting receipts                       exported=1,418,637 elapsed=1m52.001s
INFO [06-01|08:29:13.025] Exporting receipts                       exported=1,516,085 elapsed=2m0.001s
INFO [06-01|08:29:21.025] Exporting receipts                       exported=1,612,021 elapsed=2m8.001s
INFO [06-01|08:29:29.026] Exporting receipts                       exported=1,713,790 elapsed=2m16.001s
INFO [06-01|08:29:37.026] Exporting receipts                       exported=1,804,983 elapsed=2m24.001s
INFO [06-01|08:29:45.026] Exporting receipts                       exported=1,896,450 elapsed=2m32.001s
INFO [06-01|08:29:53.026] Exporting receipts                       exported=1,984,211 elapsed=2m40.001s
INFO [06-01|08:30:01.026] Exporting receipts                       exported=2,072,078 elapsed=2m48.002s
INFO [06-01|08:30:09.026] Exporting receipts                       exported=2,155,332 elapsed=2m56.002s
INFO [06-01|08:30:17.026] Exporting receipts                       exported=2,235,055 elapsed=3m4.002s
INFO [06-01|08:30:25.026] Exporting receipts                       exported=2,311,384 elapsed=3m12.002s
INFO [06-01|08:30:33.026] Exporting receipts                       exported=2,391,876 elapsed=3m20.002s
INFO [06-01|08:30:41.026] Exporting receipts                       exported=2,475,530 elapsed=3m28.002s
INFO [06-01|08:30:49.027] Exporting receipts                       exported=2,559,456 elapsed=3m36.002s
INFO [06-01|08:30:57.027] Exporting receipts                       exported=2,644,383 elapsed=3m44.002s
INFO [06-01|08:31:05.028] Exporting receipts                       exported=2,732,227 elapsed=3m52.003s
INFO [06-01|08:31:13.028] Exporting receipts                       exported=2,815,879 elapsed=4m0.003s
INFO [06-01|08:31:21.028] Exporting receipts                       exported=2,891,127 elapsed=4m8.003s
INFO [06-01|08:31:29.028] Exporting receipts                       exported=2,961,179 elapsed=4m16.004s
INFO [06-01|08:31:37.028] Exporting receipts                       exported=3,036,957 elapsed=4m24.004s
INFO [06-01|08:31:45.028] Exporting receipts                       exported=3,107,105 elapsed=4m32.004s
INFO [06-01|08:31:53.028] Exporting receipts                       exported=3,198,077 elapsed=4m40.004s
INFO [06-01|08:32:01.028] Exporting receipts                       exported=3,285,904 elapsed=4m48.004s
INFO [06-01|08:32:09.029] Exporting receipts                       exported=3,373,798 elapsed=4m56.004s
INFO [06-01|08:32:17.029] Exporting receipts                       exported=3,442,953 elapsed=5m4.004s
INFO [06-01|08:32:25.029] Exporting receipts                       exported=3,530,747 elapsed=5m12.005s
INFO [06-01|08:32:33.029] Exporting receipts                       exported=3,618,054 elapsed=5m20.005s
INFO [06-01|08:32:41.029] Exporting receipts                       exported=3,711,018 elapsed=5m28.005s
INFO [06-01|08:32:49.029] Exporting receipts                       exported=3,799,056 elapsed=5m36.005s
INFO [06-01|08:32:57.029] Exporting receipts                       exported=3,888,071 elapsed=5m44.005s
INFO [06-01|08:33:05.029] Exporting receipts                       exported=3,964,835 elapsed=5m52.005s
INFO [06-01|08:33:13.029] Exporting receipts                       exported=4,037,317 elapsed=6m0.005s
INFO [06-01|08:33:15.623] Exported receipts to                     file=/tmp/migration-artifact/receipts.rlp
