INFO [06-01|08:25:35.511] Maximum peer count                       ETH=50 LES=0 total=50
INFO [06-01|08:25:35.512] Smartcard socket not found, disabling    err="stat /run/pcscd/pcscd.comm: no such file or directory"
INFO [06-01|08:25:35.515] Set global gas cap                       cap=50,000,000
INFO [06-01|08:25:35.517] Using leveldb as the backing database 
INFO [06-01|08:25:35.517] Allocated cache and file handles         database=/home/ubuntu/geth_db/geth/chaindata cache=512.00MiB handles=524,288 readonly=true
INFO [06-01|08:25:35.812] Using LevelDB as the backing database 
INFO [06-01|08:25:35.812] Found legacy ancient chain path          location=/home/ubuntu/geth_db/geth/chaindata/ancient
INFO [06-01|08:25:35.812] Opened ancient database                  database=/home/ubuntu/geth_db/geth/chaindata/ancient readonly=true
INFO [06-01|08:25:35.813] Disk storage enabled for ethash caches   dir=/home/ubuntu/geth_db/geth/ethash count=3
INFO [06-01|08:25:35.813] Disk storage enabled for ethash DAGs     dir=/home/ubuntu/.ethash             count=2
INFO [06-01|08:25:35.814]  
INFO [06-01|08:25:35.814] --------------------------------------------------------------------------------------------------------------------------------------------------------- 
INFO [06-01|08:25:35.814] Chain ID:  420 (unknown) 
INFO [06-01|08:25:35.814] Consensus: Optimism 
INFO [06-01|08:25:35.814]  
INFO [06-01|08:25:35.814] Pre-Merge hard forks (block based): 
INFO [06-01|08:25:35.814]  - Homestead:                   #0        (https://github.com/ethereum/execution-specs/blob/master/network-upgrades/mainnet-upgrades/homestead.md) 
INFO [06-01|08:25:35.814]  - Tangerine Whistle (EIP 150): #0        (https://github.com/ethereum/execution-specs/blob/master/network-upgrades/mainnet-upgrades/tangerine-whistle.md) 
INFO [06-01|08:25:35.814]  - Spurious Dragon/1 (EIP 155): #0        (https://github.com/ethereum/execution-specs/blob/master/network-upgrades/mainnet-upgrades/spurious-dragon.md) 
INFO [06-01|08:25:35.814]  - Spurious Dragon/2 (EIP 158): #0        (https://github.com/ethereum/execution-specs/blob/master/network-upgrades/mainnet-upgrades/spurious-dragon.md) 
INFO [06-01|08:25:35.814]  - Byzantium:                   #0        (https://github.com/ethereum/execution-specs/blob/master/network-upgrades/mainnet-upgrades/byzantium.md) 
INFO [06-01|08:25:35.814]  - Constantinople:              #0        (https://github.com/ethereum/execution-specs/blob/master/network-upgrades/mainnet-upgrades/constantinople.md) 
INFO [06-01|08:25:35.814]  - Petersburg:                  #0        (https://github.com/ethereum/execution-specs/blob/master/network-upgrades/mainnet-upgrades/petersburg.md) 
INFO [06-01|08:25:35.814]  - Istanbul:                    #0        (https://github.com/ethereum/execution-specs/blob/master/network-upgrades/mainnet-upgrades/istanbul.md) 
INFO [06-01|08:25:35.814]  - Muir Glacier:                #0        (https://github.com/ethereum/execution-specs/blob/master/network-upgrades/mainnet-upgrades/muir-glacier.md) 
INFO [06-01|08:25:35.814]  - Berlin:                      #0        (https://github.com/ethereum/execution-specs/blob/master/network-upgrades/mainnet-upgrades/berlin.md) 
INFO [06-01|08:25:35.814]  - London:                      #4061224  (https://github.com/ethereum/execution-specs/blob/master/network-upgrades/mainnet-upgrades/london.md) 
INFO [06-01|08:25:35.814]  - Arrow Glacier:               #4061224  (https://github.com/ethereum/execution-specs/blob/master/network-upgrades/mainnet-upgrades/arrow-glacier.md) 
INFO [06-01|08:25:35.814]  - Gray Glacier:                #4061224  (https://github.com/ethereum/execution-specs/blob/master/network-upgrades/mainnet-upgrades/gray-glacier.md) 
INFO [06-01|08:25:35.814]  
INFO [06-01|08:25:35.814] Merge configured: 
INFO [06-01|08:25:35.814]  - Hard-fork specification:    https://github.com/ethereum/execution-specs/blob/master/network-upgrades/mainnet-upgrades/paris.md 
INFO [06-01|08:25:35.814]  - Network known to be merged: true 
INFO [06-01|08:25:35.814]  - Total terminal difficulty:  0 
INFO [06-01|08:25:35.814]  - Merge netsplit block:       #4061224  
INFO [06-01|08:25:35.814]  
INFO [06-01|08:25:35.814] Post-Merge hard forks (timestamp based): 
INFO [06-01|08:25:35.814]  - Regolith:                    @1679079600 
INFO [06-01|08:25:35.814]  
INFO [06-01|08:25:35.814] --------------------------------------------------------------------------------------------------------------------------------------------------------- 
INFO [06-01|08:25:35.814]  
INFO [06-01|08:25:35.815] Loaded most recent local block           number=4,061,224 hash=0f7835..05175f td=0 age=4mo2w5d
INFO [06-01|08:25:35.815] Loaded most recent local finalized block number=4,061,224 hash=0f7835..05175f td=0 age=4mo2w5d
INFO [06-01|08:25:35.815] Exporting total difficulty               file=/tmp/migration-artifact/totaldifficulty.rlp
INFO [06-01|08:25:35.815] Exporting batch of total difficulty      count=4,061,225
INFO [06-01|08:25:43.815] Exporting total difficulty               exported=355,503 elapsed=8.000s
INFO [06-01|08:25:51.815] Exporting total difficulty               exported=698,349 elapsed=16.000s
INFO [06-01|08:25:59.815] Exporting total difficulty               exported=1,035,415 elapsed=24.000s
INFO [06-01|08:26:07.816] Exporting total difficulty               exported=1,373,760 elapsed=32.000s
INFO [06-01|08:26:15.816] Exporting total difficulty               exported=1,716,311 elapsed=40.000s
INFO [06-01|08:26:23.816] Exporting total difficulty               exported=2,061,057 elapsed=48.000s
INFO [06-01|08:26:31.816] Exporting total difficulty               exported=2,402,296 elapsed=56.000s
INFO [06-01|08:26:39.816] Exporting total difficulty               exported=2,739,203 elapsed=1m4.000s
INFO [06-01|08:26:47.816] Exporting total difficulty               exported=3,063,521 elapsed=1m12.000s
INFO [06-01|08:26:55.816] Exporting total difficulty               exported=3,396,612 elapsed=1m20.000s
INFO [06-01|08:27:03.816] Exporting total difficulty               exported=3,730,463 elapsed=1m28.000s
INFO [06-01|08:27:11.816] Exporting total difficulty               exported=4,037,389 elapsed=1m36.000s
INFO [06-01|08:27:12.642] Exported total difficulty to             file=/tmp/migration-artifact/totaldifficulty.rlp
