[INFO] [05-31|11:55:07.214] logging to file system                   log dir=migration-log/drop_log_index file prefix=erigon log level=info json=false
[INFO] [05-31|11:55:07.216] Starting metrics server                  addr=http://127.0.0.1:6060/debug/metrics/prometheus
[INFO] [05-31|11:55:07.225] Starting Erigon on Optimism Görli testnet... 
[INFO] [05-31|11:55:07.226] Maximum peer count                       ETH=0 total=0
[INFO] [05-31|11:55:07.226] starting HTTP APIs                       APIs=eth,erigon,engine
[INFO] [05-31|11:55:07.226] torrent verbosity                        level=WRN
[INFO] [05-31|11:55:09.331] Set global gas cap                       cap=50000000
[INFO] [05-31|11:55:09.335] [Downloader] Runnning with               ipv6-enabled=true ipv4-enabled=true download.rate=16mb upload.rate=4mb
[INFO] [05-31|11:55:09.335] Opening Database                         label=chaindata path=/home/ubuntu/op-erigon/erigon_db/chaindata
[INFO] [05-31|11:55:09.335] [db] params: growStep=2GB, mapsSize=7TB, shrinkThreshold=-1, pageSize=4KB, label=chaindata, WriteMap=false, Durable=false, NoReadahead=true,  
[INFO] [05-31|11:55:09.338] Initialised chain configuration          config="{ChainID: 420, Homestead: 0, DAO: <nil>, Tangerine Whistle: 0, Spurious Dragon: 0, Byzantium: 0, Constantinople: 0, Petersburg: 0, Istanbul: 0, Muir Glacier: 0, Berlin: 0, London: 4061224, Arrow Glacier: 4061224, Gray Glacier: 4061224, Terminal Total Difficulty: 0, Merge Netsplit: 4061224, Shanghai: <nil>, Cancun: <nil>, Prague: <nil>, Engine: unknown}" genesis=0xc1fc15cd51159b1f1e5cbc4b82e85c1447ddfa33c52cf1d98d14fba0d6354be1
[INFO] [05-31|11:55:09.339] Effective                                prune_flags= snapshot_flags= history.v3=false
[INFO] [05-31|11:55:09.339] Initialising Ethereum protocol           network=420
[INFO] [05-31|11:55:09.339] Disk storage enabled for ethash DAGs     dir=/home/ubuntu/op-erigon/erigon_db/ethash-dags count=2
[INFO] [05-31|11:55:09.790] Starting private RPC server              on=127.0.0.1:9090
[INFO] [05-31|11:55:09.790] new subscription to logs established 
[INFO] [05-31|11:55:09.791] rpc filters: subscribing to Erigon events 
[INFO] [05-31|11:55:09.794] new subscription to newHeaders established 
[INFO] [05-31|11:55:09.796] Dropping Log Index 
[INFO] [05-31|11:55:09.796] Dropped LogTopicIndex Table              elapsed=11.931µs
[INFO] [05-31|11:55:09.796] Dropped LogAddressIndex Table            elapsed=45.07µs
[INFO] [05-31|11:55:09.798] DB commit                                elapsed=1.836462ms
[INFO] [05-31|11:55:09.799] Reading JWT secret                       path=/home/ubuntu/op-erigon/erigon_db/jwt.hex
[INFO] [05-31|11:55:09.800] HTTP endpoint opened for Engine API      url=127.0.0.1:8551 ws=true ws.compression=true
