[INFO] [06-01|10:15:31.465] logging to file system                   log dir=migration-log/import_state file prefix=erigon log level=info json=false
[INFO] [06-01|10:15:31.465] Starting metrics server                  addr=http://127.0.0.1:6060/debug/metrics/prometheus
[INFO] [06-01|10:15:31.471] Starting Erigon on Optimism Görli testnet... 
[INFO] [06-01|10:15:31.472] Maximum peer count                       ETH=0 total=0
[INFO] [06-01|10:15:31.472] starting HTTP APIs                       APIs=eth,erigon,engine
[INFO] [06-01|10:15:31.472] torrent verbosity                        level=WRN
[INFO] [06-01|10:15:33.574] Set global gas cap                       cap=50000000
[INFO] [06-01|10:15:33.576] [Downloader] Runnning with               ipv6-enabled=true ipv4-enabled=true download.rate=16mb upload.rate=4mb
[INFO] [06-01|10:15:33.576] Opening Database                         label=chaindata path=/home/ubuntu/op-erigon/erigon_db/chaindata
[INFO] [06-01|10:15:33.576] [db] params: growStep=2GB, mapsSize=7TB, shrinkThreshold=-1, pageSize=4KB, label=chaindata, WriteMap=false, Durable=false, NoReadahead=true,  
[INFO] [06-01|10:15:33.577] Initialised chain configuration          config="{ChainID: 420, Homestead: 0, DAO: <nil>, Tangerine Whistle: 0, Spurious Dragon: 0, Byzantium: 0, Constantinople: 0, Petersburg: 0, Istanbul: 0, Muir Glacier: 0, Berlin: 0, London: 4061224, Arrow Glacier: 4061224, Gray Glacier: 4061224, Terminal Total Difficulty: 0, Merge Netsplit: 4061224, Shanghai: <nil>, Cancun: <nil>, Prague: <nil>, Engine: unknown}" genesis=0xc1fc15cd51159b1f1e5cbc4b82e85c1447ddfa33c52cf1d98d14fba0d6354be1
[INFO] [06-01|10:15:33.577] Effective                                prune_flags= snapshot_flags= history.v3=false
[INFO] [06-01|10:15:33.578] Initialising Ethereum protocol           network=420
[INFO] [06-01|10:15:33.578] Disk storage enabled for ethash DAGs     dir=/home/ubuntu/op-erigon/erigon_db/ethash-dags count=2
[INFO] [06-01|10:15:33.935] Starting private RPC server              on=127.0.0.1:9090
[INFO] [06-01|10:15:33.935] new subscription to logs established 
[INFO] [06-01|10:15:33.935] Database sanity check for block number   blockNumber=4061224 checkEmpty=true
[INFO] [06-01|10:15:33.936] World State Trie Root Calculation        elapsed=440ns
[INFO] [06-01|10:15:33.936] State trie must by empty 
[INFO] [06-01|10:15:33.936] state root consistent with target root 
[INFO] [06-01|10:15:33.936] Walk accounts                            index=0 elapsed=79.909µs
[INFO] [06-01|10:15:33.936] Importing state                          file=/tmp/migration-artifact/world_trie_state.jsonl stream=true
[INFO] [06-01|10:15:33.936] Importing state for block number         blockNumber=4061224
[INFO] [06-01|10:15:33.936] Iterate accounts                         index=0 elapsed=51.215µs
[INFO] [06-01|10:15:33.936] state root from header                   root=0xbfe2b059bc76c33556870c292048f1d28c9d498462a02a3c7aadb6edf1c2d21c
[INFO] [06-01|10:15:41.936] Import state                             index=23049 elapsed=8.000140734s
[INFO] [06-01|10:15:49.936] Import state                             index=41860 elapsed=16.000435999s
[INFO] [06-01|10:15:57.936] Import state                             index=72001 elapsed=24.000574392s
[INFO] [06-01|10:16:05.938] Import state                             index=84327 elapsed=32.00184503s
[INFO] [06-01|10:16:13.936] Import state                             index=102064 elapsed=40.000025356s
[INFO] [06-01|10:16:18.150] Import state                             index=127608 elapsed=44.213783273s
[INFO] [06-01|10:17:09.297] newly calculated root                    root=0xbfe2b059bc76c33556870c292048f1d28c9d498462a02a3c7aadb6edf1c2d21c
[INFO] [06-01|10:17:33.579] [p2p] GoodPeers 
[INFO] [06-01|10:17:34.693] commit block                             elapsed=25.396352996s
[INFO] [06-01|10:17:48.029] write change sets                        elapsed=13.335788086s
[INFO] [06-01|10:18:32.868] write history                            elapsed=44.839351908s
[INFO] [06-01|10:18:32.869] state root stored at blockheader         root=0xbfe2b059bc76c33556870c292048f1d28c9d498462a02a3c7aadb6edf1c2d21c
[INFO] [06-01|10:18:32.869] state root consistent with block header's state root 
[INFO] [06-01|10:18:35.635] Sanity check storage trie                file=/tmp/migration-artifact/world_trie_state.jsonl stream=true
[INFO] [06-01|10:18:35.635] Sanity check storage trie for block number blockNumber=4061224
[INFO] [06-01|10:18:35.637] state root from header                   root=0xbfe2b059bc76c33556870c292048f1d28c9d498462a02a3c7aadb6edf1c2d21c
[INFO] [06-01|10:18:43.637] Sanity check storage trie                index=23048 elapsed=8.00050392s
[INFO] [06-01|10:18:51.638] Sanity check storage trie                index=35744 elapsed=16.001043828s
[INFO] [06-01|10:18:59.637] Sanity check storage trie                index=65730 elapsed=24.000760229s
[INFO] [06-01|10:19:07.637] Sanity check storage trie                index=77703 elapsed=32.000396269s
[INFO] [06-01|10:19:15.638] Sanity check storage trie                index=99471 elapsed=40.001002471s
[INFO] [06-01|10:19:23.306] Sanity check storage trie                index=127608 elapsed=47.669171592s
