 ____           _                _      __  __ _                 _   _              
 |  _ \         | |              | |    |  \/  (_)               | | (_)            
 | |_) | ___  __| |_ __ ___   ___| | __ | \  / |_  __ _ _ __ __ _| |_ _  ___  _ __  
 |  _ < / _ \/ _  |  __/ _ \ / __| |/ / | |\/| | |/ _  | '__/ _  | __| |/ _ \| '_ \ 
 | |_) |  __/ (_| | | | (_) | (__|   <  | |  | | | (_| | | | (_| | |_| | (_) | | | |
 |____/ \___|\__,_|_|  \___/ \___|_|\_\ |_|  |_|_|\__, |_|  \__,_|\__|_|\___/|_| |_|
                                                   __/ |                            
                                                  |___/                             
+------------------------------------------+
| Fri Jun  2 08:37:04 UTC 2023             |
|                                          |
|[1m Import Genesis                           [m|
+------------------------------------------+

real	0m0.166s
user	0m0.169s
sys	0m0.030s
+------------------------------------------+
| Fri Jun  2 08:37:04 UTC 2023             |
|                                          |
|[1m Recover Genesis                          [m|
+------------------------------------------+

real	0m2.257s
user	0m0.158s
sys	0m0.041s
+------------------------------------------+
| Fri Jun  2 08:37:07 UTC 2023             |
|                                          |
|[1m Import Blocks                            [m|
+------------------------------------------+

real	8m27.913s
user	4m26.180s
sys	1m3.524s
+------------------------------------------+
| Fri Jun  2 08:45:35 UTC 2023             |
|                                          |
|[1m Import State                             [m|
+------------------------------------------+

real	1m21.882s
user	1m21.045s
sys	0m5.295s
