[INFO] [06-02|07:25:58.366] logging to file system                   log dir=migration-log/recover_log_index file prefix=erigon log level=info json=false
[INFO] [06-02|07:25:58.366] Starting metrics server                  addr=http://127.0.0.1:6060/debug/metrics/prometheus
[INFO] [06-02|07:25:58.375] Starting Erigon on Optimism Görli testnet... 
[INFO] [06-02|07:25:58.375] Maximum peer count                       ETH=0 total=0
[INFO] [06-02|07:25:58.376] starting HTTP APIs                       APIs=eth,erigon,engine
[INFO] [06-02|07:25:58.376] torrent verbosity                        level=WRN
[INFO] [06-02|07:26:00.480] Set global gas cap                       cap=50000000
[INFO] [06-02|07:26:00.482] [Downloader] Runnning with               ipv6-enabled=true ipv4-enabled=true download.rate=16mb upload.rate=4mb
[INFO] [06-02|07:26:00.482] Opening Database                         label=chaindata path=/home/ubuntu/op-erigon/erigon_db/chaindata
[INFO] [06-02|07:26:00.482] [db] params: growStep=2GB, mapsSize=7TB, shrinkThreshold=-1, pageSize=4KB, label=chaindata, WriteMap=false, Durable=false, NoReadahead=true,  
[INFO] [06-02|07:26:00.483] Initialised chain configuration          config="{ChainID: 420, Homestead: 0, DAO: <nil>, Tangerine Whistle: 0, Spurious Dragon: 0, Byzantium: 0, Constantinople: 0, Petersburg: 0, Istanbul: 0, Muir Glacier: 0, Berlin: 0, London: 4061224, Arrow Glacier: 4061224, Gray Glacier: 4061224, Terminal Total Difficulty: 0, Merge Netsplit: 4061224, Shanghai: <nil>, Cancun: <nil>, Prague: <nil>, Engine: unknown}" genesis=0xc1fc15cd51159b1f1e5cbc4b82e85c1447ddfa33c52cf1d98d14fba0d6354be1
[INFO] [06-02|07:26:00.483] Effective                                prune_flags= snapshot_flags= history.v3=false
[INFO] [06-02|07:26:00.484] Initialising Ethereum protocol           network=420
[INFO] [06-02|07:26:00.484] Disk storage enabled for ethash DAGs     dir=/home/ubuntu/op-erigon/erigon_db/ethash-dags count=2
[INFO] [06-02|07:26:00.944] Starting private RPC server              on=localhost:12345
[INFO] [06-02|07:26:00.944] new subscription to logs established 
[INFO] [06-02|07:26:00.944] rpc filters: subscribing to Erigon events 
[INFO] [06-02|07:26:00.944] new subscription to newHeaders established 
[INFO] [06-02|07:26:00.945] Recovering Log Index 
[INFO] [06-02|07:26:00.945] Reading JWT secret                       path=/home/ubuntu/op-erigon/erigon_db/jwt.hex
[INFO] [06-02|07:26:00.945] HTTP endpoint opened for Engine API      url=127.0.0.1:8551 ws=true ws.compression=true
[INFO] [06-02|07:26:00.946] HTTP endpoint opened                     url=127.0.0.1:8545 ws=false ws.compression=true grpc=false
[INFO] [06-02|07:26:09.035] Recovering Log Index                     recovered=230000 elapsed=8.090332738s
[INFO] [06-02|07:26:17.037] Recovering Log Index                     recovered=442500 elapsed=16.092890733s
[INFO] [06-02|07:26:25.047] Recovering Log Index                     recovered=632500 elapsed=24.102391128s
[INFO] [06-02|07:26:33.108] Recovering Log Index                     recovered=800000 elapsed=32.163066381s
[INFO] [06-02|07:26:41.204] Recovering Log Index                     recovered=962500 elapsed=40.259697561s
[INFO] [06-02|07:26:49.251] Recovering Log Index                     recovered=1125000 elapsed=48.306772609s
[INFO] [06-02|07:26:57.326] Recovering Log Index                     recovered=1297500 elapsed=56.38109197s
[INFO] [06-02|07:27:05.384] Recovering Log Index                     recovered=1447500 elapsed=1m4.439583935s
[INFO] [06-02|07:27:13.397] Recovering Log Index                     recovered=1592500 elapsed=1m12.452582206s
[INFO] [06-02|07:27:21.499] Recovering Log Index                     recovered=1750000 elapsed=1m20.554269396s
[INFO] [06-02|07:27:29.645] Recovering Log Index                     recovered=1885000 elapsed=1m28.700787493s
[INFO] [06-02|07:27:37.656] Recovering Log Index                     recovered=2005000 elapsed=1m36.711495849s
[INFO] [06-02|07:27:45.686] Recovering Log Index                     recovered=2122500 elapsed=1m44.740939737s
[INFO] [06-02|07:27:53.699] Recovering Log Index                     recovered=2232500 elapsed=1m52.754048183s
[INFO] [06-02|07:28:00.484] [p2p] GoodPeers 
[INFO] [06-02|07:28:01.758] Recovering Log Index                     recovered=2330000 elapsed=2m0.813489676s
[INFO] [06-02|07:28:09.801] Recovering Log Index                     recovered=2430000 elapsed=2m8.856799236s
[INFO] [06-02|07:28:17.838] Recovering Log Index                     recovered=2532500 elapsed=2m16.893628681s
[INFO] [06-02|07:28:25.961] Recovering Log Index                     recovered=2635000 elapsed=2m25.016747542s
[INFO] [06-02|07:28:34.065] Recovering Log Index                     recovered=2740000 elapsed=2m33.120349245s
[INFO] [06-02|07:28:42.269] Recovering Log Index                     recovered=2840000 elapsed=2m41.324638645s
[INFO] [06-02|07:28:50.519] Recovering Log Index                     recovered=2915000 elapsed=2m49.574639244s
[INFO] [06-02|07:28:58.523] Recovering Log Index                     recovered=3007500 elapsed=2m57.578522014s
