INFO [06-01|09:58:50.494] Maximum peer count                       ETH=50 LES=0 total=50
INFO [06-01|09:58:50.495] Smartcard socket not found, disabling    err="stat /run/pcscd/pcscd.comm: no such file or directory"
INFO [06-01|09:58:50.497] Set global gas cap                       cap=50,000,000
INFO [06-01|09:58:50.499] Using leveldb as the backing database 
INFO [06-01|09:58:50.499] Allocated cache and file handles         database=/home/ubuntu/geth_db/geth/chaindata cache=512.00MiB handles=524,288 readonly=true
INFO [06-01|09:58:50.796] Using LevelDB as the backing database 
INFO [06-01|09:58:50.796] Found legacy ancient chain path          location=/home/ubuntu/geth_db/geth/chaindata/ancient
INFO [06-01|09:58:50.797] Opened ancient database                  database=/home/ubuntu/geth_db/geth/chaindata/ancient readonly=true
INFO [06-01|09:58:50.797] Disk storage enabled for ethash caches   dir=/home/ubuntu/geth_db/geth/ethash count=3
INFO [06-01|09:58:50.797] Disk storage enabled for ethash DAGs     dir=/home/ubuntu/.ethash             count=2
INFO [06-01|09:58:50.798]  
INFO [06-01|09:58:50.798] --------------------------------------------------------------------------------------------------------------------------------------------------------- 
INFO [06-01|09:58:50.798] Chain ID:  420 (unknown) 
INFO [06-01|09:58:50.798] Consensus: Optimism 
INFO [06-01|09:58:50.798]  
INFO [06-01|09:58:50.798] Pre-Merge hard forks (block based): 
INFO [06-01|09:58:50.798]  - Homestead:                   #0        (https://github.com/ethereum/execution-specs/blob/master/network-upgrades/mainnet-upgrades/homestead.md) 
INFO [06-01|09:58:50.798]  - Tangerine Whistle (EIP 150): #0        (https://github.com/ethereum/execution-specs/blob/master/network-upgrades/mainnet-upgrades/tangerine-whistle.md) 
INFO [06-01|09:58:50.798]  - Spurious Dragon/1 (EIP 155): #0        (https://github.com/ethereum/execution-specs/blob/master/network-upgrades/mainnet-upgrades/spurious-dragon.md) 
INFO [06-01|09:58:50.798]  - Spurious Dragon/2 (EIP 158): #0        (https://github.com/ethereum/execution-specs/blob/master/network-upgrades/mainnet-upgrades/spurious-dragon.md) 
INFO [06-01|09:58:50.798]  - Byzantium:                   #0        (https://github.com/ethereum/execution-specs/blob/master/network-upgrades/mainnet-upgrades/byzantium.md) 
INFO [06-01|09:58:50.798]  - Constantinople:              #0        (https://github.com/ethereum/execution-specs/blob/master/network-upgrades/mainnet-upgrades/constantinople.md) 
INFO [06-01|09:58:50.798]  - Petersburg:                  #0        (https://github.com/ethereum/execution-specs/blob/master/network-upgrades/mainnet-upgrades/petersburg.md) 
INFO [06-01|09:58:50.798]  - Istanbul:                    #0        (https://github.com/ethereum/execution-specs/blob/master/network-upgrades/mainnet-upgrades/istanbul.md) 
INFO [06-01|09:58:50.798]  - Muir Glacier:                #0        (https://github.com/ethereum/execution-specs/blob/master/network-upgrades/mainnet-upgrades/muir-glacier.md) 
INFO [06-01|09:58:50.798]  - Berlin:                      #0        (https://github.com/ethereum/execution-specs/blob/master/network-upgrades/mainnet-upgrades/berlin.md) 
INFO [06-01|09:58:50.798]  - London:                      #4061224  (https://github.com/ethereum/execution-specs/blob/master/network-upgrades/mainnet-upgrades/london.md) 
INFO [06-01|09:58:50.798]  - Arrow Glacier:               #4061224  (https://github.com/ethereum/execution-specs/blob/master/network-upgrades/mainnet-upgrades/arrow-glacier.md) 
INFO [06-01|09:58:50.798]  - Gray Glacier:                #4061224  (https://github.com/ethereum/execution-specs/blob/master/network-upgrades/mainnet-upgrades/gray-glacier.md) 
INFO [06-01|09:58:50.798]  
INFO [06-01|09:58:50.798] Merge configured: 
INFO [06-01|09:58:50.798]  - Hard-fork specification:    https://github.com/ethereum/execution-specs/blob/master/network-upgrades/mainnet-upgrades/paris.md 
INFO [06-01|09:58:50.798]  - Network known to be merged: true 
INFO [06-01|09:58:50.798]  - Total terminal difficulty:  0 
INFO [06-01|09:58:50.798]  - Merge netsplit block:       #4061224  
INFO [06-01|09:58:50.798]  
INFO [06-01|09:58:50.798] Post-Merge hard forks (timestamp based): 
INFO [06-01|09:58:50.798]  - Regolith:                    @1679079600 
INFO [06-01|09:58:50.798]  
INFO [06-01|09:58:50.798] --------------------------------------------------------------------------------------------------------------------------------------------------------- 
INFO [06-01|09:58:50.798]  
INFO [06-01|09:58:50.799] Loaded most recent local block           number=4,061,224 hash=0f7835..05175f td=0 age=4mo2w5d
INFO [06-01|09:58:50.799] Loaded most recent local finalized block number=4,061,224 hash=0f7835..05175f td=0 age=4mo2w5d
INFO [06-01|09:58:50.799] Exporting total difficulty               file=/tmp/migration-artifact/totaldifficulty.rlp
INFO [06-01|09:58:50.799] Exporting batch of total difficulty      count=4,061,225
INFO [06-01|09:58:58.799] Exporting total difficulty               exported=412,002 elapsed=8.000s
INFO [06-01|09:59:06.799] Exporting total difficulty               exported=820,205 elapsed=16.000s
INFO [06-01|09:59:14.799] Exporting total difficulty               exported=1,228,382 elapsed=24.000s
INFO [06-01|09:59:22.799] Exporting total difficulty               exported=1,634,909 elapsed=32.000s
INFO [06-01|09:59:30.799] Exporting total difficulty               exported=2,044,612 elapsed=40.000s
INFO [06-01|09:59:38.799] Exporting total difficulty               exported=2,445,946 elapsed=48.000s
INFO [06-01|09:59:46.800] Exporting total difficulty               exported=2,846,039 elapsed=56.000s
INFO [06-01|09:59:54.800] Exporting total difficulty               exported=3,241,391 elapsed=1m4.000s
INFO [06-01|10:00:02.800] Exporting total difficulty               exported=3,637,113 elapsed=1m12.000s
INFO [06-01|10:00:10.800] Exporting total difficulty               exported=4,013,224 elapsed=1m20.000s
INFO [06-01|10:00:12.372] Exported total difficulty to             file=/tmp/migration-artifact/totaldifficulty.rlp
