INFO [06-01|09:57:15.727] Maximum peer count                       ETH=50 LES=0 total=50
INFO [06-01|09:57:15.728] Smartcard socket not found, disabling    err="stat /run/pcscd/pcscd.comm: no such file or directory"
INFO [06-01|09:57:15.731] Set global gas cap                       cap=50,000,000
INFO [06-01|09:57:15.733] Using leveldb as the backing database 
INFO [06-01|09:57:15.733] Allocated cache and file handles         database=/home/ubuntu/geth_db/geth/chaindata cache=512.00MiB handles=524,288 readonly=true
INFO [06-01|09:57:16.028] Using LevelDB as the backing database 
INFO [06-01|09:57:16.028] Found legacy ancient chain path          location=/home/ubuntu/geth_db/geth/chaindata/ancient
INFO [06-01|09:57:16.028] Opened ancient database                  database=/home/ubuntu/geth_db/geth/chaindata/ancient readonly=true
INFO [06-01|09:57:16.029] Disk storage enabled for ethash caches   dir=/home/ubuntu/geth_db/geth/ethash count=3
INFO [06-01|09:57:16.029] Disk storage enabled for ethash DAGs     dir=/home/ubuntu/.ethash             count=2
INFO [06-01|09:57:16.029]  
INFO [06-01|09:57:16.029] --------------------------------------------------------------------------------------------------------------------------------------------------------- 
INFO [06-01|09:57:16.029] Chain ID:  420 (unknown) 
INFO [06-01|09:57:16.029] Consensus: Optimism 
INFO [06-01|09:57:16.029]  
INFO [06-01|09:57:16.029] Pre-Merge hard forks (block based): 
INFO [06-01|09:57:16.029]  - Homestead:                   #0        (https://github.com/ethereum/execution-specs/blob/master/network-upgrades/mainnet-upgrades/homestead.md) 
INFO [06-01|09:57:16.029]  - Tangerine Whistle (EIP 150): #0        (https://github.com/ethereum/execution-specs/blob/master/network-upgrades/mainnet-upgrades/tangerine-whistle.md) 
INFO [06-01|09:57:16.029]  - Spurious Dragon/1 (EIP 155): #0        (https://github.com/ethereum/execution-specs/blob/master/network-upgrades/mainnet-upgrades/spurious-dragon.md) 
INFO [06-01|09:57:16.029]  - Spurious Dragon/2 (EIP 158): #0        (https://github.com/ethereum/execution-specs/blob/master/network-upgrades/mainnet-upgrades/spurious-dragon.md) 
INFO [06-01|09:57:16.029]  - Byzantium:                   #0        (https://github.com/ethereum/execution-specs/blob/master/network-upgrades/mainnet-upgrades/byzantium.md) 
INFO [06-01|09:57:16.029]  - Constantinople:              #0        (https://github.com/ethereum/execution-specs/blob/master/network-upgrades/mainnet-upgrades/constantinople.md) 
INFO [06-01|09:57:16.029]  - Petersburg:                  #0        (https://github.com/ethereum/execution-specs/blob/master/network-upgrades/mainnet-upgrades/petersburg.md) 
INFO [06-01|09:57:16.029]  - Istanbul:                    #0        (https://github.com/ethereum/execution-specs/blob/master/network-upgrades/mainnet-upgrades/istanbul.md) 
INFO [06-01|09:57:16.029]  - Muir Glacier:                #0        (https://github.com/ethereum/execution-specs/blob/master/network-upgrades/mainnet-upgrades/muir-glacier.md) 
INFO [06-01|09:57:16.029]  - Berlin:                      #0        (https://github.com/ethereum/execution-specs/blob/master/network-upgrades/mainnet-upgrades/berlin.md) 
INFO [06-01|09:57:16.030]  - London:                      #4061224  (https://github.com/ethereum/execution-specs/blob/master/network-upgrades/mainnet-upgrades/london.md) 
INFO [06-01|09:57:16.030]  - Arrow Glacier:               #4061224  (https://github.com/ethereum/execution-specs/blob/master/network-upgrades/mainnet-upgrades/arrow-glacier.md) 
INFO [06-01|09:57:16.030]  - Gray Glacier:                #4061224  (https://github.com/ethereum/execution-specs/blob/master/network-upgrades/mainnet-upgrades/gray-glacier.md) 
INFO [06-01|09:57:16.030]  
INFO [06-01|09:57:16.030] Merge configured: 
INFO [06-01|09:57:16.030]  - Hard-fork specification:    https://github.com/ethereum/execution-specs/blob/master/network-upgrades/mainnet-upgrades/paris.md 
INFO [06-01|09:57:16.030]  - Network known to be merged: true 
INFO [06-01|09:57:16.030]  - Total terminal difficulty:  0 
INFO [06-01|09:57:16.030]  - Merge netsplit block:       #4061224  
INFO [06-01|09:57:16.030]  
INFO [06-01|09:57:16.030] Post-Merge hard forks (timestamp based): 
INFO [06-01|09:57:16.030]  - Regolith:                    @1679079600 
INFO [06-01|09:57:16.030]  
INFO [06-01|09:57:16.030] --------------------------------------------------------------------------------------------------------------------------------------------------------- 
INFO [06-01|09:57:16.030]  
INFO [06-01|09:57:16.030] Loaded most recent local block           number=4,061,224 hash=0f7835..05175f td=0 age=4mo2w5d
INFO [06-01|09:57:16.030] Loaded most recent local finalized block number=4,061,224 hash=0f7835..05175f td=0 age=4mo2w5d
INFO [06-01|09:57:16.030] Exporting blockchain                     file=/tmp/migration-artifact/blocks.rlp
INFO [06-01|09:57:16.031] Exporting batch of blocks                count=4,061,225
INFO [06-01|09:57:24.031] Exporting blocks                         exported=355,937 elapsed=8.000s
INFO [06-01|09:57:32.031] Exporting blocks                         exported=708,740 elapsed=16.000s
INFO [06-01|09:57:40.031] Exporting blocks                         exported=1,058,063 elapsed=24.000s
INFO [06-01|09:57:48.031] Exporting blocks                         exported=1,409,576 elapsed=32.000s
INFO [06-01|09:57:56.031] Exporting blocks                         exported=1,759,678 elapsed=40.000s
INFO [06-01|09:58:04.031] Exporting blocks                         exported=2,114,570 elapsed=48.000s
INFO [06-01|09:58:12.031] Exporting blocks                         exported=2,462,154 elapsed=56.000s
INFO [06-01|09:58:20.031] Exporting blocks                         exported=2,804,572 elapsed=1m4.000s
INFO [06-01|09:58:28.031] Exporting blocks                         exported=3,141,011 elapsed=1m12.000s
INFO [06-01|09:58:36.031] Exporting blocks                         exported=3,481,776 elapsed=1m20.000s
INFO [06-01|09:58:44.031] Exporting blocks                         exported=3,824,136 elapsed=1m28.000s
INFO [06-01|09:58:50.420] Exported blockchain to                   file=/tmp/migration-artifact/blocks.rlp
