INFO [06-01|04:46:02.579] Maximum peer count                       ETH=50 LES=0 total=50
INFO [06-01|04:46:02.581] Smartcard socket not found, disabling    err="stat /run/pcscd/pcscd.comm: no such file or directory"
INFO [06-01|04:46:02.584] Set global gas cap                       cap=50,000,000
INFO [06-01|04:46:02.588] Using leveldb as the backing database 
INFO [06-01|04:46:02.588] Allocated cache and file handles         database=/home/ubuntu/geth_db/geth/chaindata cache=512.00MiB handles=524,288 readonly=true
INFO [06-01|04:46:02.895] Using LevelDB as the backing database 
INFO [06-01|04:46:02.895] Found legacy ancient chain path          location=/home/ubuntu/geth_db/geth/chaindata/ancient
INFO [06-01|04:46:02.896] Opened ancient database                  database=/home/ubuntu/geth_db/geth/chaindata/ancient readonly=true
INFO [06-01|04:46:02.898] Disk storage enabled for ethash caches   dir=/home/ubuntu/geth_db/geth/ethash count=3
INFO [06-01|04:46:02.898] Disk storage enabled for ethash DAGs     dir=/home/ubuntu/.ethash             count=2
INFO [06-01|04:46:02.898]  
INFO [06-01|04:46:02.898] --------------------------------------------------------------------------------------------------------------------------------------------------------- 
INFO [06-01|04:46:02.898] Chain ID:  420 (unknown) 
INFO [06-01|04:46:02.898] Consensus: Optimism 
INFO [06-01|04:46:02.898]  
INFO [06-01|04:46:02.898] Pre-Merge hard forks (block based): 
INFO [06-01|04:46:02.898]  - Homestead:                   #0        (https://github.com/ethereum/execution-specs/blob/master/network-upgrades/mainnet-upgrades/homestead.md) 
INFO [06-01|04:46:02.898]  - Tangerine Whistle (EIP 150): #0        (https://github.com/ethereum/execution-specs/blob/master/network-upgrades/mainnet-upgrades/tangerine-whistle.md) 
INFO [06-01|04:46:02.898]  - Spurious Dragon/1 (EIP 155): #0        (https://github.com/ethereum/execution-specs/blob/master/network-upgrades/mainnet-upgrades/spurious-dragon.md) 
INFO [06-01|04:46:02.899]  - Spurious Dragon/2 (EIP 158): #0        (https://github.com/ethereum/execution-specs/blob/master/network-upgrades/mainnet-upgrades/spurious-dragon.md) 
INFO [06-01|04:46:02.899]  - Byzantium:                   #0        (https://github.com/ethereum/execution-specs/blob/master/network-upgrades/mainnet-upgrades/byzantium.md) 
INFO [06-01|04:46:02.899]  - Constantinople:              #0        (https://github.com/ethereum/execution-specs/blob/master/network-upgrades/mainnet-upgrades/constantinople.md) 
INFO [06-01|04:46:02.899]  - Petersburg:                  #0        (https://github.com/ethereum/execution-specs/blob/master/network-upgrades/mainnet-upgrades/petersburg.md) 
INFO [06-01|04:46:02.899]  - Istanbul:                    #0        (https://github.com/ethereum/execution-specs/blob/master/network-upgrades/mainnet-upgrades/istanbul.md) 
INFO [06-01|04:46:02.899]  - Muir Glacier:                #0        (https://github.com/ethereum/execution-specs/blob/master/network-upgrades/mainnet-upgrades/muir-glacier.md) 
INFO [06-01|04:46:02.899]  - Berlin:                      #0        (https://github.com/ethereum/execution-specs/blob/master/network-upgrades/mainnet-upgrades/berlin.md) 
INFO [06-01|04:46:02.899]  - London:                      #4061224  (https://github.com/ethereum/execution-specs/blob/master/network-upgrades/mainnet-upgrades/london.md) 
INFO [06-01|04:46:02.899]  - Arrow Glacier:               #4061224  (https://github.com/ethereum/execution-specs/blob/master/network-upgrades/mainnet-upgrades/arrow-glacier.md) 
INFO [06-01|04:46:02.899]  - Gray Glacier:                #4061224  (https://github.com/ethereum/execution-specs/blob/master/network-upgrades/mainnet-upgrades/gray-glacier.md) 
INFO [06-01|04:46:02.899]  
INFO [06-01|04:46:02.899] Merge configured: 
INFO [06-01|04:46:02.899]  - Hard-fork specification:    https://github.com/ethereum/execution-specs/blob/master/network-upgrades/mainnet-upgrades/paris.md 
INFO [06-01|04:46:02.899]  - Network known to be merged: true 
INFO [06-01|04:46:02.899]  - Total terminal difficulty:  0 
INFO [06-01|04:46:02.899]  - Merge netsplit block:       #4061224  
INFO [06-01|04:46:02.899]  
INFO [06-01|04:46:02.899] Post-Merge hard forks (timestamp based): 
INFO [06-01|04:46:02.899]  - Regolith:                    @1679079600 
INFO [06-01|04:46:02.899]  
INFO [06-01|04:46:02.899] --------------------------------------------------------------------------------------------------------------------------------------------------------- 
INFO [06-01|04:46:02.899]  
INFO [06-01|04:46:02.899] Loaded most recent local block           number=4,061,224 hash=0f7835..05175f td=0 age=4mo2w5d
INFO [06-01|04:46:02.899] Loaded most recent local finalized block number=4,061,224 hash=0f7835..05175f td=0 age=4mo2w5d
INFO [06-01|04:46:02.900] Exporting total difficulty               file=/tmp/migration-artifact/totaldifficulty.rlp
INFO [06-01|04:46:02.900] Exporting batch of total difficulty      count=4,061,225
INFO [06-01|04:46:10.900] Exporting total difficulty               exported=237,414 elapsed=8.000s
INFO [06-01|04:46:18.900] Exporting total difficulty               exported=474,741 elapsed=16.000s
INFO [06-01|04:46:26.901] Exporting total difficulty               exported=710,303 elapsed=24.000s
INFO [06-01|04:46:34.901] Exporting total difficulty               exported=945,557 elapsed=32.000s
INFO [06-01|04:46:42.901] Exporting total difficulty               exported=1,180,089 elapsed=40.000s
INFO [06-01|04:46:50.901] Exporting total difficulty               exported=1,414,938 elapsed=48.000s
INFO [06-01|04:46:58.901] Exporting total difficulty               exported=1,649,983 elapsed=56.000s
INFO [06-01|04:47:06.901] Exporting total difficulty               exported=1,885,323 elapsed=1m4.000s
INFO [06-01|04:47:14.901] Exporting total difficulty               exported=2,120,434 elapsed=1m12.000s
INFO [06-01|04:47:22.901] Exporting total difficulty               exported=2,354,012 elapsed=1m20.000s
INFO [06-01|04:47:30.901] Exporting total difficulty               exported=2,585,314 elapsed=1m28.000s
INFO [06-01|04:47:38.901] Exporting total difficulty               exported=2,817,140 elapsed=1m36.000s
INFO [06-01|04:47:46.901] Exporting total difficulty               exported=3,046,245 elapsed=1m44.000s
INFO [06-01|04:47:54.901] Exporting total difficulty               exported=3,277,609 elapsed=1m52.000s
INFO [06-01|04:48:02.901] Exporting total difficulty               exported=3,507,485 elapsed=2m0.000s
INFO [06-01|04:48:10.901] Exporting total difficulty               exported=3,738,523 elapsed=2m8.001s
INFO [06-01|04:48:18.901] Exporting total difficulty               exported=3,969,419 elapsed=2m16.001s
INFO [06-01|04:48:24.632] Exported total difficulty to             file=/tmp/migration-artifact/totaldifficulty.rlp
