INFO [06-01|04:43:21.483] Maximum peer count                       ETH=50 LES=0 total=50
INFO [06-01|04:43:21.485] Smartcard socket not found, disabling    err="stat /run/pcscd/pcscd.comm: no such file or directory"
INFO [06-01|04:43:21.488] Set global gas cap                       cap=50,000,000
INFO [06-01|04:43:21.492] Using leveldb as the backing database 
INFO [06-01|04:43:21.492] Allocated cache and file handles         database=/home/ubuntu/geth_db/geth/chaindata cache=512.00MiB handles=524,288 readonly=true
INFO [06-01|04:43:21.799] Using LevelDB as the backing database 
INFO [06-01|04:43:21.799] Found legacy ancient chain path          location=/home/ubuntu/geth_db/geth/chaindata/ancient
INFO [06-01|04:43:21.799] Opened ancient database                  database=/home/ubuntu/geth_db/geth/chaindata/ancient readonly=true
INFO [06-01|04:43:21.801] Disk storage enabled for ethash caches   dir=/home/ubuntu/geth_db/geth/ethash count=3
INFO [06-01|04:43:21.801] Disk storage enabled for ethash DAGs     dir=/home/ubuntu/.ethash             count=2
INFO [06-01|04:43:21.802]  
INFO [06-01|04:43:21.802] --------------------------------------------------------------------------------------------------------------------------------------------------------- 
INFO [06-01|04:43:21.802] Chain ID:  420 (unknown) 
INFO [06-01|04:43:21.802] Consensus: Optimism 
INFO [06-01|04:43:21.802]  
INFO [06-01|04:43:21.802] Pre-Merge hard forks (block based): 
INFO [06-01|04:43:21.802]  - Homestead:                   #0        (https://github.com/ethereum/execution-specs/blob/master/network-upgrades/mainnet-upgrades/homestead.md) 
INFO [06-01|04:43:21.802]  - Tangerine Whistle (EIP 150): #0        (https://github.com/ethereum/execution-specs/blob/master/network-upgrades/mainnet-upgrades/tangerine-whistle.md) 
INFO [06-01|04:43:21.802]  - Spurious Dragon/1 (EIP 155): #0        (https://github.com/ethereum/execution-specs/blob/master/network-upgrades/mainnet-upgrades/spurious-dragon.md) 
INFO [06-01|04:43:21.802]  - Spurious Dragon/2 (EIP 158): #0        (https://github.com/ethereum/execution-specs/blob/master/network-upgrades/mainnet-upgrades/spurious-dragon.md) 
INFO [06-01|04:43:21.802]  - Byzantium:                   #0        (https://github.com/ethereum/execution-specs/blob/master/network-upgrades/mainnet-upgrades/byzantium.md) 
INFO [06-01|04:43:21.802]  - Constantinople:              #0        (https://github.com/ethereum/execution-specs/blob/master/network-upgrades/mainnet-upgrades/constantinople.md) 
INFO [06-01|04:43:21.802]  - Petersburg:                  #0        (https://github.com/ethereum/execution-specs/blob/master/network-upgrades/mainnet-upgrades/petersburg.md) 
INFO [06-01|04:43:21.802]  - Istanbul:                    #0        (https://github.com/ethereum/execution-specs/blob/master/network-upgrades/mainnet-upgrades/istanbul.md) 
INFO [06-01|04:43:21.802]  - Muir Glacier:                #0        (https://github.com/ethereum/execution-specs/blob/master/network-upgrades/mainnet-upgrades/muir-glacier.md) 
INFO [06-01|04:43:21.802]  - Berlin:                      #0        (https://github.com/ethereum/execution-specs/blob/master/network-upgrades/mainnet-upgrades/berlin.md) 
INFO [06-01|04:43:21.802]  - London:                      #4061224  (https://github.com/ethereum/execution-specs/blob/master/network-upgrades/mainnet-upgrades/london.md) 
INFO [06-01|04:43:21.802]  - Arrow Glacier:               #4061224  (https://github.com/ethereum/execution-specs/blob/master/network-upgrades/mainnet-upgrades/arrow-glacier.md) 
INFO [06-01|04:43:21.802]  - Gray Glacier:                #4061224  (https://github.com/ethereum/execution-specs/blob/master/network-upgrades/mainnet-upgrades/gray-glacier.md) 
INFO [06-01|04:43:21.802]  
INFO [06-01|04:43:21.802] Merge configured: 
INFO [06-01|04:43:21.802]  - Hard-fork specification:    https://github.com/ethereum/execution-specs/blob/master/network-upgrades/mainnet-upgrades/paris.md 
INFO [06-01|04:43:21.802]  - Network known to be merged: true 
INFO [06-01|04:43:21.802]  - Total terminal difficulty:  0 
INFO [06-01|04:43:21.802]  - Merge netsplit block:       #4061224  
INFO [06-01|04:43:21.802]  
INFO [06-01|04:43:21.802] Post-Merge hard forks (timestamp based): 
INFO [06-01|04:43:21.802]  - Regolith:                    @1679079600 
INFO [06-01|04:43:21.803]  
INFO [06-01|04:43:21.803] --------------------------------------------------------------------------------------------------------------------------------------------------------- 
INFO [06-01|04:43:21.803]  
INFO [06-01|04:43:21.803] Loaded most recent local block           number=4,061,224 hash=0f7835..05175f td=0 age=4mo2w5d
INFO [06-01|04:43:21.803] Loaded most recent local finalized block number=4,061,224 hash=0f7835..05175f td=0 age=4mo2w5d
INFO [06-01|04:43:21.804] Exporting blockchain                     file=/tmp/migration-artifact/blocks.rlp
INFO [06-01|04:43:21.804] Exporting batch of blocks                count=4,061,225
INFO [06-01|04:43:29.804] Exporting blocks                         exported=210,804 elapsed=8.000s
INFO [06-01|04:43:37.804] Exporting blocks                         exported=421,195 elapsed=16.000s
INFO [06-01|04:43:45.804] Exporting blocks                         exported=630,136 elapsed=24.000s
INFO [06-01|04:43:53.804] Exporting blocks                         exported=837,161 elapsed=32.000s
INFO [06-01|04:44:01.804] Exporting blocks                         exported=1,044,079 elapsed=40.000s
INFO [06-01|04:44:09.804] Exporting blocks                         exported=1,251,339 elapsed=48.000s
INFO [06-01|04:44:17.804] Exporting blocks                         exported=1,458,015 elapsed=56.000s
INFO [06-01|04:44:25.804] Exporting blocks                         exported=1,664,843 elapsed=1m4.000s
INFO [06-01|04:44:33.805] Exporting blocks                         exported=1,872,560 elapsed=1m12.000s
INFO [06-01|04:44:41.805] Exporting blocks                         exported=2,080,574 elapsed=1m20.000s
INFO [06-01|04:44:49.805] Exporting blocks                         exported=2,287,113 elapsed=1m28.000s
INFO [06-01|04:44:57.805] Exporting blocks                         exported=2,489,853 elapsed=1m36.000s
INFO [06-01|04:45:05.805] Exporting blocks                         exported=2,691,609 elapsed=1m44.000s
INFO [06-01|04:45:13.805] Exporting blocks                         exported=2,892,938 elapsed=1m52.000s
INFO [06-01|04:45:21.805] Exporting blocks                         exported=3,088,594 elapsed=2m0.000s
INFO [06-01|04:45:29.805] Exporting blocks                         exported=3,291,000 elapsed=2m8.001s
INFO [06-01|04:45:37.805] Exporting blocks                         exported=3,488,794 elapsed=2m16.001s
INFO [06-01|04:45:45.805] Exporting blocks                         exported=3,690,309 elapsed=2m24.001s
INFO [06-01|04:45:53.805] Exporting blocks                         exported=3,892,271 elapsed=2m32.001s
INFO [06-01|04:46:01.805] Exporting blocks                         exported=4,050,692 elapsed=2m40.001s
INFO [06-01|04:46:02.465] Exported blockchain to                   file=/tmp/migration-artifact/blocks.rlp
