[INFO] [05-31|11:47:33.992] logging to file system                   log dir=migration-log/import_receipts file prefix=erigon log level=info json=false
[INFO] [05-31|11:47:33.992] Starting metrics server                  addr=http://127.0.0.1:6060/debug/metrics/prometheus
[INFO] [05-31|11:47:34.002] Starting Erigon on Optimism Görli testnet... 
[INFO] [05-31|11:47:34.003] Maximum peer count                       ETH=0 total=0
[INFO] [05-31|11:47:34.003] starting HTTP APIs                       APIs=eth,erigon,engine
[INFO] [05-31|11:47:34.003] torrent verbosity                        level=WRN
[INFO] [05-31|11:47:36.105] Set global gas cap                       cap=50000000
[INFO] [05-31|11:47:36.107] [Downloader] Runnning with               ipv6-enabled=true ipv4-enabled=true download.rate=16mb upload.rate=4mb
[INFO] [05-31|11:47:36.107] Opening Database                         label=chaindata path=/home/ubuntu/op-erigon/erigon_db/chaindata
[INFO] [05-31|11:47:36.107] [db] params: growStep=2GB, mapsSize=7TB, shrinkThreshold=-1, pageSize=4KB, label=chaindata, WriteMap=false, Durable=false, NoReadahead=true,  
[INFO] [05-31|11:47:36.108] Initialised chain configuration          config="{ChainID: 420, Homestead: 0, DAO: <nil>, Tangerine Whistle: 0, Spurious Dragon: 0, Byzantium: 0, Constantinople: 0, Petersburg: 0, Istanbul: 0, Muir Glacier: 0, Berlin: 0, London: 4061224, Arrow Glacier: 4061224, Gray Glacier: 4061224, Terminal Total Difficulty: 0, Merge Netsplit: 4061224, Shanghai: <nil>, Cancun: <nil>, Prague: <nil>, Engine: unknown}" genesis=0xc1fc15cd51159b1f1e5cbc4b82e85c1447ddfa33c52cf1d98d14fba0d6354be1
[INFO] [05-31|11:47:36.108] Effective                                prune_flags= snapshot_flags= history.v3=false
[INFO] [05-31|11:47:36.109] Initialising Ethereum protocol           network=420
[INFO] [05-31|11:47:36.109] Disk storage enabled for ethash DAGs     dir=/home/ubuntu/op-erigon/erigon_db/ethash-dags count=2
[INFO] [05-31|11:47:36.554] Starting private RPC server              on=127.0.0.1:9090
[INFO] [05-31|11:47:36.554] new subscription to logs established 
[INFO] [05-31|11:47:36.554] Importing receipts                       file=/tmp/migration-artifact/receipts.rlp
[INFO] [05-31|11:47:44.555] Import receipts                          index=273468 elapsed=8.000319146s
[INFO] [05-31|11:47:52.556] Import receipts                          index=535000 elapsed=16.001396889s
[INFO] [05-31|11:48:00.555] Import receipts                          index=774912 elapsed=24.000705871s
[INFO] [05-31|11:48:08.555] Import receipts                          index=1012500 elapsed=32.001116845s
[INFO] [05-31|11:48:16.554] Import receipts                          index=1262500 elapsed=40.000022942s
[INFO] [05-31|11:48:24.554] Import receipts                          index=1500000 elapsed=48.000178842s
[INFO] [05-31|11:48:32.554] Import receipts                          index=1742500 elapsed=56.000202914s
[INFO] [05-31|11:48:40.555] Import receipts                          index=1962500 elapsed=1m4.000607828s
[INFO] [05-31|11:48:48.554] Import receipts                          index=2172500 elapsed=1m12.000161094s
[INFO] [05-31|11:48:56.555] Import receipts                          index=2362500 elapsed=1m20.000881751s
[INFO] [05-31|11:49:04.554] Import receipts                          index=2567500 elapsed=1m28.000056544s
[INFO] [05-31|11:49:12.555] Import receipts                          index=2771367 elapsed=1m36.000698603s
[INFO] [05-31|11:49:20.555] Import receipts                          index=2945000 elapsed=1m44.000643243s
[INFO] [05-31|11:49:28.554] Import receipts                          index=3108146 elapsed=1m52.000242138s
[INFO] [05-31|11:49:36.109] [p2p] GoodPeers 
[INFO] [05-31|11:49:36.554] Import receipts                          index=3325000 elapsed=2m0.000081948s
[INFO] [05-31|11:49:44.555] Import receipts                          index=3507500 elapsed=2m8.000709015s
[INFO] [05-31|11:49:52.554] Import receipts                          index=3722500 elapsed=2m16.000197831s
[INFO] [05-31|11:50:00.555] Import receipts                          index=3919313 elapsed=2m24.000852792s
[INFO] [05-31|11:50:06.424] Import receipts                          index=4061225 elapsed=2m29.869404204s
