[INFO] [06-06|06:49:23.634] logging to file system                   log dir=migration-log/import_totaldifficulty file prefix=erigon log level=info json=false
[INFO] [06-06|06:49:23.634] Starting metrics server                  addr=http://0.0.0.0:55555/debug/metrics/prometheus
[INFO] [06-06|06:49:23.640] Starting Erigon on Optimism Görli testnet... 
[INFO] [06-06|06:49:23.641] Maximum peer count                       ETH=0 total=0
[INFO] [06-06|06:49:23.641] starting HTTP APIs                       APIs=eth,erigon,engine
[INFO] [06-06|06:49:23.641] torrent verbosity                        level=WRN
[INFO] [06-06|06:49:25.743] Set global gas cap                       cap=50000000
[INFO] [06-06|06:49:25.744] [Downloader] Runnning with               ipv6-enabled=true ipv4-enabled=true download.rate=16mb upload.rate=4mb
[INFO] [06-06|06:49:25.744] Opening Database                         label=chaindata path=/data1/erigon_db/chaindata
[INFO] [06-06|06:49:25.744] [db] params: growStep=2GB, mapsSize=7TB, shrinkThreshold=-1, pageSize=4KB, label=chaindata, WriteMap=false, Durable=false, NoReadahead=true,  
[INFO] [06-06|06:49:25.745] Initialised chain configuration          config="{ChainID: 420, Homestead: 0, DAO: <nil>, Tangerine Whistle: 0, Spurious Dragon: 0, Byzantium: 0, Constantinople: 0, Petersburg: 0, Istanbul: 0, Muir Glacier: 0, Berlin: 0, London: 4061224, Arrow Glacier: 4061224, Gray Glacier: 4061224, Terminal Total Difficulty: 0, Merge Netsplit: 4061224, Shanghai: <nil>, Cancun: <nil>, Prague: <nil>, Engine: unknown}" genesis=0xc1fc15cd51159b1f1e5cbc4b82e85c1447ddfa33c52cf1d98d14fba0d6354be1
[INFO] [06-06|06:49:25.745] Effective                                prune_flags= snapshot_flags= history.v3=false
[INFO] [06-06|06:49:25.746] Initialising Ethereum protocol           network=420
[INFO] [06-06|06:49:25.746] Disk storage enabled for ethash DAGs     dir=/data1/erigon_db/ethash-dags count=2
[INFO] [06-06|06:49:26.084] Starting private RPC server              on=localhost:12345
[INFO] [06-06|06:49:26.085] new subscription to logs established 
[INFO] [06-06|06:49:26.085] Importing total difficulty               file=/data1/migration-artifact/totaldifficulty.rlp
[INFO] [06-06|06:49:34.086] Import total difficulty                  index=1157500 elapsed=8.000855255s
[INFO] [06-06|06:49:42.086] Import total difficulty                  index=2305000 elapsed=16.000975167s
[INFO] [06-06|06:49:50.085] Import total difficulty                  index=3402500 elapsed=24.000547636s
[INFO] [06-06|06:49:54.823] Import total difficulty                  index=4061225 elapsed=28.737954478s
