 ____           _                _      __  __ _                 _   _              
 |  _ \         | |              | |    |  \/  (_)               | | (_)            
 | |_) | ___  __| |_ __ ___   ___| | __ | \  / |_  __ _ _ __ __ _| |_ _  ___  _ __  
 |  _ < / _ \/ _  |  __/ _ \ / __| |/ / | |\/| | |/ _  | '__/ _  | __| |/ _ \| '_ \ 
 | |_) |  __/ (_| | | | (_) | (__|   <  | |  | | | (_| | | | (_| | |_| | (_) | | | |
 |____/ \___|\__,_|_|  \___/ \___|_|\_\ |_|  |_|_|\__, |_|  \__,_|\__|_|\___/|_| |_|
                                                   __/ |                            
                                                  |___/                             
+------------------------------------------+
| Fri Jun  2 06:43:19 UTC 2023             |
|                                          |
|[1m Init                                     [m|
+------------------------------------------+
  % Total    % Received % Xferd  Average Speed   Time    Time     Time  Current
                                 Dload  Upload   Total   Spent    Left  Speed
  0     0    0     0    0     0      0      0 --:--:-- --:--:-- --:--:--     0100   119  100    46  100    73  66282   102k --:--:-- --:--:-- --:--:--  116k
{"jsonrpc":"2.0","id":83,"result":"0x3df828"}
+------------------------------------------+
| Fri Jun  2 06:43:39 UTC 2023             |
|                                          |
|[1m Export Blocks                            [m|
+------------------------------------------+
Export done in 1m12.604603517s

real	1m12.990s
user	0m50.687s
sys	0m24.290s
+------------------------------------------+
| Fri Jun  2 06:44:52 UTC 2023             |
|                                          |
|[1m Export Total Difficulty                  [m|
+------------------------------------------+
Export done in 1m2.677074762s

real	1m3.065s
user	0m51.729s
sys	0m13.332s
+------------------------------------------+
| Fri Jun  2 06:45:55 UTC 2023             |
|                                          |
|[1m Export Receipts                          [m|
+------------------------------------------+
Export done in 3m30.93467834s

real	3m31.363s
user	2m55.943s
sys	0m44.955s
