[INFO] [05-31|10:10:31.737] logging to file system                   log dir=migration-log/import_block file prefix=erigon log level=info json=false
[INFO] [05-31|10:10:31.737] Starting metrics server                  addr=http://127.0.0.1:6060/debug/metrics/prometheus
[INFO] [05-31|10:10:31.745] Starting Erigon on Optimism Görli testnet... 
[INFO] [05-31|10:10:31.745] Maximum peer count                       ETH=0 total=0
[INFO] [05-31|10:10:31.745] starting HTTP APIs                       APIs=eth,erigon,engine
[INFO] [05-31|10:10:31.746] torrent verbosity                        level=WRN
[INFO] [05-31|10:10:33.849] Set global gas cap                       cap=50000000
[INFO] [05-31|10:10:33.850] [Downloader] Runnning with               ipv6-enabled=true ipv4-enabled=true download.rate=16mb upload.rate=4mb
[INFO] [05-31|10:10:33.850] Opening Database                         label=chaindata path=/home/ubuntu/op-erigon/erigon_db/chaindata
[INFO] [05-31|10:10:33.850] [db] params: growStep=2GB, mapsSize=7TB, shrinkThreshold=-1, pageSize=4KB, label=chaindata, WriteMap=false, Durable=false, NoReadahead=true,  
[INFO] [05-31|10:10:33.852] Initialised chain configuration          config="{ChainID: 420, Homestead: 0, DAO: <nil>, Tangerine Whistle: 0, Spurious Dragon: 0, Byzantium: 0, Constantinople: 0, Petersburg: 0, Istanbul: 0, Muir Glacier: 0, Berlin: 0, London: 4061224, Arrow Glacier: 4061224, Gray Glacier: 4061224, Terminal Total Difficulty: 0, Merge Netsplit: 4061224, Shanghai: <nil>, Cancun: <nil>, Prague: <nil>, Engine: unknown}" genesis=0xc1fc15cd51159b1f1e5cbc4b82e85c1447ddfa33c52cf1d98d14fba0d6354be1
[INFO] [05-31|10:10:33.852] Effective                                prune_flags= snapshot_flags= history.v3=false
[INFO] [05-31|10:10:33.852] Initialising Ethereum protocol           network=420
[INFO] [05-31|10:10:33.853] Disk storage enabled for ethash DAGs     dir=/home/ubuntu/op-erigon/erigon_db/ethash-dags count=2
[INFO] [05-31|10:10:33.853] Starting private RPC server              on=127.0.0.1:9090
[INFO] [05-31|10:10:33.853] new subscription to logs established 
[INFO] [05-31|10:10:33.853] rpc filters: subscribing to Erigon events 
[INFO] [05-31|10:10:33.853] new subscription to newHeaders established 
[INFO] [05-31|10:10:33.853] Importing blockchain                     file=/tmp/migration-artifact/blocks.rlp
[INFO] [05-31|10:10:33.853] Blockchain execution                     execute=false
[INFO] [05-31|10:10:33.853] Reading JWT secret                       path=/home/ubuntu/op-erigon/erigon_db/jwt.hex
[INFO] [05-31|10:10:33.854] Generated JWT secret                     path=/home/ubuntu/op-erigon/erigon_db/jwt.hex
[INFO] [05-31|10:10:33.854] HTTP endpoint opened for Engine API      url=127.0.0.1:8551 ws=true ws.compression=true
[INFO] [05-31|10:10:33.854] HTTP endpoint opened                     url=127.0.0.1:8545 ws=false ws.compression=true grpc=false
[INFO] [05-31|10:10:41.854] Import blockchain                        index=77500 elapsed=8.000404125s
[INFO] [05-31|10:10:49.854] Import blockchain                        index=107500 elapsed=16.000815765s
[INFO] [05-31|10:10:57.854] Import blockchain                        index=132500 elapsed=24.000859584s
[INFO] [05-31|10:11:05.854] Import blockchain                        index=155000 elapsed=32.00038205s
[INFO] [05-31|10:11:13.854] Import blockchain                        index=177500 elapsed=40.000612114s
[INFO] [05-31|10:11:21.853] Import blockchain                        index=197500 elapsed=48.000080076s
[INFO] [05-31|10:11:29.854] Import blockchain                        index=217500 elapsed=56.00041158s
[INFO] [05-31|10:11:37.854] Import blockchain                        index=235000 elapsed=1m4.000521395s
[INFO] [05-31|10:11:45.854] Import blockchain                        index=252500 elapsed=1m12.000634518s
[INFO] [05-31|10:11:53.854] Import blockchain                        index=270000 elapsed=1m20.000364474s
[INFO] [05-31|10:12:01.854] Import blockchain                        index=287500 elapsed=1m28.000541923s
[INFO] [05-31|10:12:09.854] Import blockchain                        index=305000 elapsed=1m36.000560765s
[INFO] [05-31|10:12:17.854] Import blockchain                        index=322500 elapsed=1m44.000369278s
[INFO] [05-31|10:12:25.853] Import blockchain                        index=337500 elapsed=1m52.000085159s
[INFO] [05-31|10:12:33.853] [p2p] GoodPeers 
[INFO] [05-31|10:12:33.854] Import blockchain                        index=355000 elapsed=2m0.000582475s
[INFO] [05-31|10:12:41.854] Import blockchain                        index=370000 elapsed=2m8.000948687s
[INFO] [05-31|10:12:49.854] Import blockchain                        index=385000 elapsed=2m16.00070974s
[INFO] [05-31|10:12:57.853] Import blockchain                        index=400000 elapsed=2m24.000170106s
[INFO] [05-31|10:13:05.854] Import blockchain                        index=415000 elapsed=2m32.000825649s
[INFO] [05-31|10:13:13.854] Import blockchain                        index=430000 elapsed=2m40.000462701s
[INFO] [05-31|10:13:21.854] Import blockchain                        index=445000 elapsed=2m48.000391466s
[INFO] [05-31|10:13:29.853] Import blockchain                        index=460000 elapsed=2m56.00025468s
[INFO] [05-31|10:13:37.853] Import blockchain                        index=475000 elapsed=3m4.000247512s
[INFO] [05-31|10:13:45.853] Import blockchain                        index=490000 elapsed=3m12.000248523s
[INFO] [05-31|10:13:53.854] Import blockchain                        index=502500 elapsed=3m20.000607659s
[INFO] [05-31|10:14:01.854] Import blockchain                        index=517500 elapsed=3m28.001058826s
[INFO] [05-31|10:14:09.854] Import blockchain                        index=532500 elapsed=3m36.000406712s
[INFO] [05-31|10:14:17.853] Import blockchain                        index=545000 elapsed=3m44.000249207s
[INFO] [05-31|10:14:25.854] Import blockchain                        index=560000 elapsed=3m52.001063671s
[INFO] [05-31|10:14:33.853] [p2p] GoodPeers 
[INFO] [05-31|10:14:33.854] Import blockchain                        index=572500 elapsed=4m0.000522955s
[INFO] [05-31|10:14:41.853] Import blockchain                        index=587500 elapsed=4m8.00018115s
[INFO] [05-31|10:14:49.854] Import blockchain                        index=602500 elapsed=4m16.000442841s
[INFO] [05-31|10:14:57.854] Import blockchain                        index=615000 elapsed=4m24.000684889s
[INFO] [05-31|10:15:05.854] Import blockchain                        index=627500 elapsed=4m32.001032418s
[INFO] [05-31|10:15:13.853] Import blockchain                        index=642500 elapsed=4m40.000012437s
[INFO] [05-31|10:15:21.853] Import blockchain                        index=655000 elapsed=4m48.000206459s
[INFO] [05-31|10:15:29.854] Import blockchain                        index=670000 elapsed=4m56.000937964s
[INFO] [05-31|10:15:37.854] Import blockchain                        index=682500 elapsed=5m4.000425369s
[INFO] [05-31|10:15:45.854] Import blockchain                        index=695000 elapsed=5m12.000946235s
[INFO] [05-31|10:15:53.853] Import blockchain                        index=710000 elapsed=5m20.000229249s
[INFO] [05-31|10:16:01.853] Import blockchain                        index=722500 elapsed=5m28.000013898s
[INFO] [05-31|10:16:09.853] Import blockchain                        index=735000 elapsed=5m36.000015112s
[INFO] [05-31|10:16:17.854] Import blockchain                        index=747500 elapsed=5m44.000617254s
[INFO] [05-31|10:16:25.854] Import blockchain                        index=760000 elapsed=5m52.00101662s
[INFO] [05-31|10:16:33.854] Import blockchain                        index=775000 elapsed=6m0.000315103s
[INFO] [05-31|10:16:33.854] [p2p] GoodPeers 
[INFO] [05-31|10:16:41.854] Import blockchain                        index=787500 elapsed=6m8.000668673s
[INFO] [05-31|10:16:49.854] Import blockchain                        index=800000 elapsed=6m16.001068908s
[INFO] [05-31|10:16:57.854] Import blockchain                        index=812500 elapsed=6m24.000369947s
[INFO] [05-31|10:17:05.853] Import blockchain                        index=825000 elapsed=6m32.000240369s
[INFO] [05-31|10:17:13.854] Import blockchain                        index=837500 elapsed=6m40.000314282s
[INFO] [05-31|10:17:21.854] Import blockchain                        index=850000 elapsed=6m48.000936914s
[INFO] [05-31|10:17:29.853] Import blockchain                        index=862500 elapsed=6m56.000211886s
[INFO] [05-31|10:17:37.854] Import blockchain                        index=875000 elapsed=7m4.000418552s
[INFO] [05-31|10:17:45.854] Import blockchain                        index=887500 elapsed=7m12.000815274s
[INFO] [05-31|10:17:53.854] Import blockchain                        index=900000 elapsed=7m20.000344708s
[INFO] [05-31|10:18:01.854] Import blockchain                        index=912500 elapsed=7m28.000549683s
[INFO] [05-31|10:18:09.854] Import blockchain                        index=922500 elapsed=7m36.000616012s
[INFO] [05-31|10:18:17.854] Import blockchain                        index=935000 elapsed=7m44.000616701s
[INFO] [05-31|10:18:25.854] Import blockchain                        index=947500 elapsed=7m52.000366597s
[INFO] [05-31|10:18:33.853] [p2p] GoodPeers 
[INFO] [05-31|10:18:33.854] Import blockchain                        index=960000 elapsed=8m0.000940632s
[INFO] [05-31|10:18:41.853] Import blockchain                        index=972500 elapsed=8m8.000109321s
[INFO] [05-31|10:18:49.853] Import blockchain                        index=985000 elapsed=8m16.000094757s
[INFO] [05-31|10:18:57.853] Import blockchain                        index=997500 elapsed=8m24.000099618s
[INFO] [05-31|10:19:05.854] Import blockchain                        index=1010000 elapsed=8m32.000738733s
[INFO] [05-31|10:19:13.854] Import blockchain                        index=1022500 elapsed=8m40.000716931s
[INFO] [05-31|10:19:21.854] Import blockchain                        index=1032500 elapsed=8m48.000978087s
[INFO] [05-31|10:19:29.854] Import blockchain                        index=1045000 elapsed=8m56.00048992s
[INFO] [05-31|10:19:37.853] Import blockchain                        index=1057500 elapsed=9m4.000043963s
[INFO] [05-31|10:19:45.854] Import blockchain                        index=1070000 elapsed=9m12.000675931s
[INFO] [05-31|10:19:53.854] Import blockchain                        index=1082500 elapsed=9m20.000571117s
[INFO] [05-31|10:20:01.854] Import blockchain                        index=1092500 elapsed=9m28.000334879s
[INFO] [05-31|10:20:09.854] Import blockchain                        index=1105000 elapsed=9m36.000862948s
[INFO] [05-31|10:20:17.854] Import blockchain                        index=1117500 elapsed=9m44.000652284s
[INFO] [05-31|10:20:25.854] Import blockchain                        index=1130000 elapsed=9m52.000326148s
[INFO] [05-31|10:20:33.853] [p2p] GoodPeers 
[INFO] [05-31|10:20:33.854] Import blockchain                        index=1142500 elapsed=10m0.000489678s
[INFO] [05-31|10:20:41.854] Import blockchain                        index=1154514 elapsed=10m8.000973163s
[INFO] [05-31|10:20:49.853] Import blockchain                        index=1165000 elapsed=10m16.000063908s
[INFO] [05-31|10:20:57.854] Import blockchain                        index=1177500 elapsed=10m24.000957087s
[INFO] [05-31|10:21:05.854] Import blockchain                        index=1190000 elapsed=10m32.000971301s
[INFO] [05-31|10:21:13.854] Import blockchain                        index=1202500 elapsed=10m40.000318722s
[INFO] [05-31|10:21:21.854] Import blockchain                        index=1212500 elapsed=10m48.000511296s
[INFO] [05-31|10:21:29.854] Import blockchain                        index=1225000 elapsed=10m56.000786557s
[INFO] [05-31|10:21:37.854] Import blockchain                        index=1237500 elapsed=11m4.000566949s
[INFO] [05-31|10:21:45.854] Import blockchain                        index=1250000 elapsed=11m12.000483395s
[INFO] [05-31|10:21:53.854] Import blockchain                        index=1260000 elapsed=11m20.000680273s
[INFO] [05-31|10:22:01.853] Import blockchain                        index=1272500 elapsed=11m28.000131572s
[INFO] [05-31|10:22:09.853] Import blockchain                        index=1285000 elapsed=11m36.000233027s
[INFO] [05-31|10:22:17.854] Import blockchain                        index=1297500 elapsed=11m44.00102816s
[INFO] [05-31|10:22:25.854] Import blockchain                        index=1307500 elapsed=11m52.000897955s
[INFO] [05-31|10:22:33.853] [p2p] GoodPeers 
[INFO] [05-31|10:22:33.854] Import blockchain                        index=1320000 elapsed=12m0.000706715s
[INFO] [05-31|10:22:41.853] Import blockchain                        index=1332500 elapsed=12m8.000210071s
[INFO] [05-31|10:22:49.854] Import blockchain                        index=1342500 elapsed=12m16.000570475s
[INFO] [05-31|10:22:57.853] Import blockchain                        index=1355000 elapsed=12m24.000162379s
[INFO] [05-31|10:23:05.854] Import blockchain                        index=1367500 elapsed=12m32.000595218s
[INFO] [05-31|10:23:13.854] Import blockchain                        index=1377500 elapsed=12m40.000765563s
[INFO] [05-31|10:23:21.854] Import blockchain                        index=1390000 elapsed=12m48.000784643s
[INFO] [05-31|10:23:29.854] Import blockchain                        index=1400000 elapsed=12m56.000828685s
[INFO] [05-31|10:23:37.854] Import blockchain                        index=1412500 elapsed=13m4.000701322s
[INFO] [05-31|10:23:45.853] Import blockchain                        index=1422500 elapsed=13m12.000049s
[INFO] [05-31|10:23:53.854] Import blockchain                        index=1435000 elapsed=13m20.000513307s
[INFO] [05-31|10:24:01.854] Import blockchain                        index=1445000 elapsed=13m28.000828132s
[INFO] [05-31|10:24:09.854] Import blockchain                        index=1457500 elapsed=13m36.000478038s
[INFO] [05-31|10:24:17.854] Import blockchain                        index=1467500 elapsed=13m44.000407386s
[INFO] [05-31|10:24:25.854] Import blockchain                        index=1480000 elapsed=13m52.000314603s
[INFO] [05-31|10:24:33.854] Import blockchain                        index=1490000 elapsed=14m0.000278738s
[INFO] [05-31|10:24:33.854] [p2p] GoodPeers 
[INFO] [05-31|10:24:41.854] Import blockchain                        index=1502500 elapsed=14m8.000981038s
[INFO] [05-31|10:24:49.854] Import blockchain                        index=1512500 elapsed=14m16.001062308s
[INFO] [05-31|10:24:57.854] Import blockchain                        index=1525000 elapsed=14m24.000615189s
[INFO] [05-31|10:25:05.854] Import blockchain                        index=1535000 elapsed=14m32.000961805s
[INFO] [05-31|10:25:13.853] Import blockchain                        index=1545000 elapsed=14m40.000122805s
[INFO] [05-31|10:25:21.853] Import blockchain                        index=1557500 elapsed=14m48.000056068s
[INFO] [05-31|10:25:29.854] Import blockchain                        index=1567500 elapsed=14m56.000542339s
[INFO] [05-31|10:25:37.854] Import blockchain                        index=1577500 elapsed=15m4.000816892s
[INFO] [05-31|10:25:45.854] Import blockchain                        index=1590000 elapsed=15m12.00068729s
[INFO] [05-31|10:25:53.854] Import blockchain                        index=1600000 elapsed=15m20.001080901s
[INFO] [05-31|10:26:01.854] Import blockchain                        index=1610000 elapsed=15m28.000635267s
[INFO] [05-31|10:26:09.854] Import blockchain                        index=1622500 elapsed=15m36.000686254s
[INFO] [05-31|10:26:17.854] Import blockchain                        index=1632500 elapsed=15m44.001046209s
[INFO] [05-31|10:26:25.854] Import blockchain                        index=1642500 elapsed=15m52.001048596s
[INFO] [05-31|10:26:33.853] [p2p] GoodPeers 
[INFO] [05-31|10:26:33.854] Import blockchain                        index=1655000 elapsed=16m0.000655816s
[INFO] [05-31|10:26:41.854] Import blockchain                        index=1665000 elapsed=16m8.000395921s
[INFO] [05-31|10:26:49.854] Import blockchain                        index=1675000 elapsed=16m16.000335475s
[INFO] [05-31|10:26:57.854] Import blockchain                        index=1685000 elapsed=16m24.000686559s
[INFO] [05-31|10:27:05.854] Import blockchain                        index=1697500 elapsed=16m32.000681874s
[INFO] [05-31|10:27:13.854] Import blockchain                        index=1707500 elapsed=16m40.000510243s
[INFO] [05-31|10:27:21.854] Import blockchain                        index=1717500 elapsed=16m48.000657888s
[INFO] [05-31|10:27:29.854] Import blockchain                        index=1730000 elapsed=16m56.000373975s
[INFO] [05-31|10:27:37.854] Import blockchain                        index=1740000 elapsed=17m4.000491171s
[INFO] [05-31|10:27:45.853] Import blockchain                        index=1750000 elapsed=17m12.000191068s
[INFO] [05-31|10:27:53.854] Import blockchain                        index=1760000 elapsed=17m20.000966919s
[INFO] [05-31|10:28:01.854] Import blockchain                        index=1772500 elapsed=17m28.000927509s
[INFO] [05-31|10:28:09.854] Import blockchain                        index=1782500 elapsed=17m36.000608635s
[INFO] [05-31|10:28:17.854] Import blockchain                        index=1792500 elapsed=17m44.000870665s
[INFO] [05-31|10:28:25.853] Import blockchain                        index=1802500 elapsed=17m52.000018764s
[INFO] [05-31|10:28:33.853] [p2p] GoodPeers 
[INFO] [05-31|10:28:33.853] Import blockchain                        index=1812500 elapsed=18m0.000027118s
[INFO] [05-31|10:28:41.854] Import blockchain                        index=1825000 elapsed=18m8.000322973s
[INFO] [05-31|10:28:49.854] Import blockchain                        index=1835000 elapsed=18m16.000949101s
[INFO] [05-31|10:28:57.854] Import blockchain                        index=1845000 elapsed=18m24.000559369s
[INFO] [05-31|10:29:05.854] Import blockchain                        index=1855000 elapsed=18m32.000690061s
[INFO] [05-31|10:29:13.853] Import blockchain                        index=1867500 elapsed=18m40.000163758s
[INFO] [05-31|10:29:21.853] Import blockchain                        index=1877500 elapsed=18m48.000175926s
[INFO] [05-31|10:29:29.854] Import blockchain                        index=1887500 elapsed=18m56.000812976s
[INFO] [05-31|10:29:37.854] Import blockchain                        index=1897500 elapsed=19m4.000504634s
[INFO] [05-31|10:29:45.854] Import blockchain                        index=1907500 elapsed=19m12.000761377s
[INFO] [05-31|10:29:53.854] Import blockchain                        index=1920000 elapsed=19m20.000762002s
[INFO] [05-31|10:30:01.853] Import blockchain                        index=1930000 elapsed=19m28.000052267s
[INFO] [05-31|10:30:09.854] Import blockchain                        index=1940000 elapsed=19m36.001061141s
[INFO] [05-31|10:30:17.854] Import blockchain                        index=1950000 elapsed=19m44.00052913s
[INFO] [05-31|10:30:25.853] Import blockchain                        index=1962500 elapsed=19m52.000068464s
[INFO] [05-31|10:30:33.853] Import blockchain                        index=1972500 elapsed=20m0.000120972s
[INFO] [05-31|10:30:33.853] [p2p] GoodPeers 
[INFO] [05-31|10:30:41.854] Import blockchain                        index=1982500 elapsed=20m8.000439519s
[INFO] [05-31|10:30:49.854] Import blockchain                        index=1992500 elapsed=20m16.001059507s
[INFO] [05-31|10:30:57.854] Import blockchain                        index=2002500 elapsed=20m24.000555884s
[INFO] [05-31|10:31:05.854] Import blockchain                        index=2015000 elapsed=20m32.000795266s
[INFO] [05-31|10:31:13.854] Import blockchain                        index=2025000 elapsed=20m40.000762744s
[INFO] [05-31|10:31:21.854] Import blockchain                        index=2035000 elapsed=20m48.000431368s
[INFO] [05-31|10:31:29.853] Import blockchain                        index=2045000 elapsed=20m56.00023168s
[INFO] [05-31|10:31:37.854] Import blockchain                        index=2055000 elapsed=21m4.000832109s
[INFO] [05-31|10:31:45.853] Import blockchain                        index=2067500 elapsed=21m12.000208948s
[INFO] [05-31|10:31:53.854] Import blockchain                        index=2077500 elapsed=21m20.00037854s
[INFO] [05-31|10:32:01.854] Import blockchain                        index=2087500 elapsed=21m28.001057438s
[INFO] [05-31|10:32:09.854] Import blockchain                        index=2097500 elapsed=21m36.000494667s
[INFO] [05-31|10:32:17.854] Import blockchain                        index=2107500 elapsed=21m44.000809677s
[INFO] [05-31|10:32:25.853] Import blockchain                        index=2119396 elapsed=21m52.000213322s
[INFO] [05-31|10:32:33.853] [p2p] GoodPeers 
[INFO] [05-31|10:32:33.854] Import blockchain                        index=2130000 elapsed=22m0.000499673s
[INFO] [05-31|10:32:41.854] Import blockchain                        index=2140000 elapsed=22m8.000651668s
[INFO] [05-31|10:32:49.854] Import blockchain                        index=2150000 elapsed=22m16.000643385s
[INFO] [05-31|10:32:57.854] Import blockchain                        index=2160000 elapsed=22m24.000831198s
[INFO] [05-31|10:33:05.854] Import blockchain                        index=2170000 elapsed=22m32.000893023s
[INFO] [05-31|10:33:13.853] Import blockchain                        index=2182500 elapsed=22m40.00001237s
[INFO] [05-31|10:33:21.854] Import blockchain                        index=2192500 elapsed=22m48.00087772s
[INFO] [05-31|10:33:29.854] Import blockchain                        index=2202500 elapsed=22m56.000393595s
[INFO] [05-31|10:33:37.854] Import blockchain                        index=2212500 elapsed=23m4.000528326s
[INFO] [05-31|10:33:45.854] Import blockchain                        index=2222500 elapsed=23m12.000404081s
[INFO] [05-31|10:33:53.853] Import blockchain                        index=2232500 elapsed=23m20.000203168s
[INFO] [05-31|10:34:01.854] Import blockchain                        index=2245000 elapsed=23m28.000741537s
[INFO] [05-31|10:34:09.854] Import blockchain                        index=2255000 elapsed=23m36.000815505s
[INFO] [05-31|10:34:17.854] Import blockchain                        index=2265000 elapsed=23m44.001060329s
[INFO] [05-31|10:34:25.854] Import blockchain                        index=2275000 elapsed=23m52.001032616s
[INFO] [05-31|10:34:33.853] [p2p] GoodPeers 
[INFO] [05-31|10:34:33.854] Import blockchain                        index=2285000 elapsed=24m0.000866481s
[INFO] [05-31|10:34:41.854] Import blockchain                        index=2297500 elapsed=24m8.000405617s
[INFO] [05-31|10:34:49.854] Import blockchain                        index=2307500 elapsed=24m16.000822268s
[INFO] [05-31|10:34:57.853] Import blockchain                        index=2317500 elapsed=24m24.000231482s
[INFO] [05-31|10:35:05.854] Import blockchain                        index=2327500 elapsed=24m32.000516194s
[INFO] [05-31|10:35:13.854] Import blockchain                        index=2337500 elapsed=24m40.000935439s
[INFO] [05-31|10:35:21.854] Import blockchain                        index=2347500 elapsed=24m48.000750681s
[INFO] [05-31|10:35:29.854] Import blockchain                        index=2357500 elapsed=24m56.000655264s
[INFO] [05-31|10:35:37.853] Import blockchain                        index=2370000 elapsed=25m4.000227891s
[INFO] [05-31|10:35:45.853] Import blockchain                        index=2380000 elapsed=25m12.000209486s
[INFO] [05-31|10:35:53.854] Import blockchain                        index=2390000 elapsed=25m20.000955077s
[INFO] [05-31|10:36:01.854] Import blockchain                        index=2400000 elapsed=25m28.000558292s
[INFO] [05-31|10:36:09.854] Import blockchain                        index=2410000 elapsed=25m36.000685384s
[INFO] [05-31|10:36:17.853] Import blockchain                        index=2420000 elapsed=25m44.000117108s
[INFO] [05-31|10:36:25.854] Import blockchain                        index=2430000 elapsed=25m52.000962325s
[INFO] [05-31|10:36:33.853] [p2p] GoodPeers 
[INFO] [05-31|10:36:33.854] Import blockchain                        index=2442500 elapsed=26m0.000744347s
[INFO] [05-31|10:36:41.853] Import blockchain                        index=2452500 elapsed=26m8.000238386s
[INFO] [05-31|10:36:49.854] Import blockchain                        index=2462500 elapsed=26m16.000891718s
[INFO] [05-31|10:36:57.854] Import blockchain                        index=2472500 elapsed=26m24.000530128s
[INFO] [05-31|10:37:05.853] Import blockchain                        index=2482500 elapsed=26m32.000013505s
[INFO] [05-31|10:37:13.853] Import blockchain                        index=2492500 elapsed=26m40.000009606s
[INFO] [05-31|10:37:21.854] Import blockchain                        index=2502500 elapsed=26m48.000697781s
[INFO] [05-31|10:37:29.854] Import blockchain                        index=2512500 elapsed=26m56.000784855s
[INFO] [05-31|10:37:37.854] Import blockchain                        index=2522500 elapsed=27m4.000747914s
[INFO] [05-31|10:37:45.854] Import blockchain                        index=2535000 elapsed=27m12.001016515s
[INFO] [05-31|10:37:53.853] Import blockchain                        index=2545000 elapsed=27m20.000199882s
[INFO] [05-31|10:38:01.854] Import blockchain                        index=2555000 elapsed=27m28.000817046s
[INFO] [05-31|10:38:09.853] Import blockchain                        index=2565000 elapsed=27m36.000066501s
[INFO] [05-31|10:38:17.854] Import blockchain                        index=2575000 elapsed=27m44.000581201s
[INFO] [05-31|10:38:25.854] Import blockchain                        index=2585000 elapsed=27m52.00036218s
[INFO] [05-31|10:38:33.853] [p2p] GoodPeers 
[INFO] [05-31|10:38:33.854] Import blockchain                        index=2595000 elapsed=28m0.000632689s
[INFO] [05-31|10:38:41.854] Import blockchain                        index=2605000 elapsed=28m8.000472699s
[INFO] [05-31|10:38:49.854] Import blockchain                        index=2615000 elapsed=28m16.000578921s
[INFO] [05-31|10:38:57.854] Import blockchain                        index=2625000 elapsed=28m24.00106526s
[INFO] [05-31|10:39:05.854] Import blockchain                        index=2635000 elapsed=28m32.000812241s
[INFO] [05-31|10:39:13.854] Import blockchain                        index=2645000 elapsed=28m40.00058362s
[INFO] [05-31|10:39:21.854] Import blockchain                        index=2655000 elapsed=28m48.000965863s
[INFO] [05-31|10:39:29.854] Import blockchain                        index=2665000 elapsed=28m56.000400989s
[INFO] [05-31|10:39:37.853] Import blockchain                        index=2675000 elapsed=29m4.000246033s
[INFO] [05-31|10:39:45.854] Import blockchain                        index=2685000 elapsed=29m12.00082194s
[INFO] [05-31|10:39:53.853] Import blockchain                        index=2695000 elapsed=29m20.00026354s
[INFO] [05-31|10:40:01.853] Import blockchain                        index=2705000 elapsed=29m28.00016974s
[INFO] [05-31|10:40:09.854] Import blockchain                        index=2715000 elapsed=29m36.000996534s
[INFO] [05-31|10:40:17.854] Import blockchain                        index=2725000 elapsed=29m44.000430672s
[INFO] [05-31|10:40:25.854] Import blockchain                        index=2735000 elapsed=29m52.000892334s
[INFO] [05-31|10:40:33.853] [p2p] GoodPeers 
[INFO] [05-31|10:40:33.854] Import blockchain                        index=2745000 elapsed=30m0.000840895s
[INFO] [05-31|10:40:41.853] Import blockchain                        index=2755000 elapsed=30m8.000242544s
[INFO] [05-31|10:40:49.854] Import blockchain                        index=2765000 elapsed=30m16.000767998s
[INFO] [05-31|10:40:57.854] Import blockchain                        index=2775000 elapsed=30m24.000779746s
[INFO] [05-31|10:41:05.853] Import blockchain                        index=2785000 elapsed=30m32.000110639s
[INFO] [05-31|10:41:13.854] Import blockchain                        index=2795000 elapsed=30m40.000987238s
[INFO] [05-31|10:41:21.854] Import blockchain                        index=2805000 elapsed=30m48.000857961s
[INFO] [05-31|10:41:29.854] Import blockchain                        index=2815000 elapsed=30m56.000421478s
[INFO] [05-31|10:41:37.854] Import blockchain                        index=2825000 elapsed=31m4.000296775s
[INFO] [05-31|10:41:45.854] Import blockchain                        index=2835000 elapsed=31m12.001063179s
[INFO] [05-31|10:41:53.854] Import blockchain                        index=2845000 elapsed=31m20.000628687s
[INFO] [05-31|10:42:01.854] Import blockchain                        index=2852500 elapsed=31m28.001000843s
[INFO] [05-31|10:42:09.854] Import blockchain                        index=2862500 elapsed=31m36.000408789s
[INFO] [05-31|10:42:17.854] Import blockchain                        index=2872500 elapsed=31m44.000496804s
[INFO] [05-31|10:42:25.854] Import blockchain                        index=2882500 elapsed=31m52.000360834s
[INFO] [05-31|10:42:33.853] [p2p] GoodPeers 
[INFO] [05-31|10:42:33.853] Import blockchain                        index=2892500 elapsed=32m0.000027403s
[INFO] [05-31|10:42:41.854] Import blockchain                        index=2902500 elapsed=32m8.000922836s
[INFO] [05-31|10:42:49.854] Import blockchain                        index=2912500 elapsed=32m16.000937638s
[INFO] [05-31|10:42:57.853] Import blockchain                        index=2920000 elapsed=32m24.000178288s
[INFO] [05-31|10:43:05.853] Import blockchain                        index=2930000 elapsed=32m32.000094991s
[INFO] [05-31|10:43:13.854] Import blockchain                        index=2940000 elapsed=32m40.000407876s
[INFO] [05-31|10:43:21.854] Import blockchain                        index=2950000 elapsed=32m48.000366814s
[INFO] [05-31|10:43:29.854] Import blockchain                        index=2960000 elapsed=32m56.00090569s
[INFO] [05-31|10:43:37.854] Import blockchain                        index=2967500 elapsed=33m4.000952907s
[INFO] [05-31|10:43:45.854] Import blockchain                        index=2977500 elapsed=33m12.000595704s
[INFO] [05-31|10:43:53.854] Import blockchain                        index=2987500 elapsed=33m20.000827903s
[INFO] [05-31|10:44:01.854] Import blockchain                        index=2997500 elapsed=33m28.000998382s
[INFO] [05-31|10:44:09.853] Import blockchain                        index=3005000 elapsed=33m36.000080914s
[INFO] [05-31|10:44:17.854] Import blockchain                        index=3015000 elapsed=33m44.001052295s
[INFO] [05-31|10:44:25.854] Import blockchain                        index=3025000 elapsed=33m52.000588039s
[INFO] [05-31|10:44:33.853] [p2p] GoodPeers 
[INFO] [05-31|10:44:33.853] Import blockchain                        index=3035000 elapsed=34m0.000037245s
[INFO] [05-31|10:44:41.854] Import blockchain                        index=3042500 elapsed=34m8.000614943s
[INFO] [05-31|10:44:49.854] Import blockchain                        index=3052500 elapsed=34m16.000374719s
[INFO] [05-31|10:44:57.854] Import blockchain                        index=3062500 elapsed=34m24.000556122s
[INFO] [05-31|10:45:05.854] Import blockchain                        index=3072500 elapsed=34m32.000820241s
[INFO] [05-31|10:45:13.854] Import blockchain                        index=3080000 elapsed=34m40.000888472s
[INFO] [05-31|10:45:21.854] Import blockchain                        index=3090000 elapsed=34m48.000916817s
[INFO] [05-31|10:45:29.854] Import blockchain                        index=3100000 elapsed=34m56.000909855s
[INFO] [05-31|10:45:37.854] Import blockchain                        index=3107500 elapsed=35m4.00105947s
[INFO] [05-31|10:45:45.854] Import blockchain                        index=3117500 elapsed=35m12.000695841s
[INFO] [05-31|10:45:53.853] Import blockchain                        index=3127500 elapsed=35m20.000263733s
[INFO] [05-31|10:46:01.854] Import blockchain                        index=3137500 elapsed=35m28.000879336s
[INFO] [05-31|10:46:09.854] Import blockchain                        index=3145000 elapsed=35m36.000741815s
[INFO] [05-31|10:46:17.854] Import blockchain                        index=3155000 elapsed=35m44.000622137s
[INFO] [05-31|10:46:25.854] Import blockchain                        index=3165000 elapsed=35m52.000743898s
[INFO] [05-31|10:46:33.853] [p2p] GoodPeers 
[INFO] [05-31|10:46:33.854] Import blockchain                        index=3172500 elapsed=36m0.000755592s
[INFO] [05-31|10:46:41.853] Import blockchain                        index=3182500 elapsed=36m8.00008s
[INFO] [05-31|10:46:49.853] Import blockchain                        index=3192500 elapsed=36m16.000135145s
[INFO] [05-31|10:46:57.854] Import blockchain                        index=3200000 elapsed=36m24.000448265s
[INFO] [05-31|10:47:05.854] Import blockchain                        index=3210000 elapsed=36m32.001061373s
[INFO] [05-31|10:47:13.854] Import blockchain                        index=3220000 elapsed=36m40.001051661s
[INFO] [05-31|10:47:21.854] Import blockchain                        index=3227500 elapsed=36m48.000877195s
[INFO] [05-31|10:47:29.853] Import blockchain                        index=3237500 elapsed=36m56.000144372s
[INFO] [05-31|10:47:37.854] Import blockchain                        index=3247500 elapsed=37m4.00065718s
[INFO] [05-31|10:47:45.854] Import blockchain                        index=3255000 elapsed=37m12.000432887s
[INFO] [05-31|10:47:53.853] Import blockchain                        index=3265000 elapsed=37m20.00003458s
[INFO] [05-31|10:48:01.854] Import blockchain                        index=3275000 elapsed=37m28.000973273s
[INFO] [05-31|10:48:09.853] Import blockchain                        index=3277500 elapsed=37m36.000242054s
[INFO] [05-31|10:48:17.854] Import blockchain                        index=3280000 elapsed=37m44.000634794s
[INFO] [05-31|10:48:25.854] Import blockchain                        index=3280000 elapsed=37m52.000777097s
[INFO] [05-31|10:48:33.853] [p2p] GoodPeers 
[INFO] [05-31|10:48:33.853] Import blockchain                        index=3282500 elapsed=38m0.00002493s
[INFO] [05-31|10:48:41.854] Import blockchain                        index=3285000 elapsed=38m8.000409296s
[INFO] [05-31|10:48:49.854] Import blockchain                        index=3285000 elapsed=38m16.001013128s
[INFO] [05-31|10:48:57.854] Import blockchain                        index=3287500 elapsed=38m24.000469811s
[INFO] [05-31|10:49:05.853] Import blockchain                        index=3290000 elapsed=38m32.000242971s
[INFO] [05-31|10:49:13.853] Import blockchain                        index=3292500 elapsed=38m40.000242908s
[INFO] [05-31|10:49:21.854] Import blockchain                        index=3292500 elapsed=38m48.000670825s
[INFO] [05-31|10:49:29.853] Import blockchain                        index=3295000 elapsed=38m56.00020902s
[INFO] [05-31|10:49:37.853] Import blockchain                        index=3297500 elapsed=39m4.000017416s
[INFO] [05-31|10:49:45.853] Import blockchain                        index=3300000 elapsed=39m12.000032946s
[INFO] [05-31|10:49:53.854] Import blockchain                        index=3300000 elapsed=39m20.000346008s
[INFO] [05-31|10:50:01.854] Import blockchain                        index=3302500 elapsed=39m28.000644869s
[INFO] [05-31|10:50:09.854] Import blockchain                        index=3305000 elapsed=39m36.001069879s
[INFO] [05-31|10:50:17.853] Import blockchain                        index=3307500 elapsed=39m44.000207025s
[INFO] [05-31|10:50:25.854] Import blockchain                        index=3307500 elapsed=39m52.000972093s
[INFO] [05-31|10:50:33.853] Import blockchain                        index=3310000 elapsed=40m0.000068664s
[INFO] [05-31|10:50:33.853] [p2p] GoodPeers 
[INFO] [05-31|10:50:41.854] Import blockchain                        index=3312500 elapsed=40m8.000508353s
[INFO] [05-31|10:50:49.853] Import blockchain                        index=3312500 elapsed=40m16.000140765s
[INFO] [05-31|10:50:57.854] Import blockchain                        index=3315000 elapsed=40m24.00073805s
[INFO] [05-31|10:51:05.854] Import blockchain                        index=3317500 elapsed=40m32.000870541s
[INFO] [05-31|10:51:13.853] Import blockchain                        index=3320000 elapsed=40m40.000010765s
[INFO] [05-31|10:51:21.853] Import blockchain                        index=3320000 elapsed=40m48.000074328s
[INFO] [05-31|10:51:29.854] Import blockchain                        index=3322500 elapsed=40m56.001033954s
[INFO] [05-31|10:51:37.854] Import blockchain                        index=3325000 elapsed=41m4.000708282s
[INFO] [05-31|10:51:45.854] Import blockchain                        index=3327500 elapsed=41m12.000467289s
[INFO] [05-31|10:51:53.854] Import blockchain                        index=3327500 elapsed=41m20.00089446s
[INFO] [05-31|10:52:01.853] Import blockchain                        index=3330000 elapsed=41m28.000198082s
[INFO] [05-31|10:52:09.853] Import blockchain                        index=3332500 elapsed=41m36.000085282s
[INFO] [05-31|10:52:17.854] Import blockchain                        index=3332500 elapsed=41m44.000303982s
[INFO] [05-31|10:52:25.854] Import blockchain                        index=3335000 elapsed=41m52.001002209s
[INFO] [05-31|10:52:33.853] [p2p] GoodPeers 
[INFO] [05-31|10:52:33.854] Import blockchain                        index=3337500 elapsed=42m0.000458043s
[INFO] [05-31|10:52:41.854] Import blockchain                        index=3340000 elapsed=42m8.000486405s
[INFO] [05-31|10:52:49.854] Import blockchain                        index=3340000 elapsed=42m16.000548093s
[INFO] [05-31|10:52:57.853] Import blockchain                        index=3342500 elapsed=42m24.000226969s
[INFO] [05-31|10:53:05.854] Import blockchain                        index=3345000 elapsed=42m32.000970454s
[INFO] [05-31|10:53:13.854] Import blockchain                        index=3347500 elapsed=42m40.000999145s
[INFO] [05-31|10:53:21.854] Import blockchain                        index=3347500 elapsed=42m48.000623751s
[INFO] [05-31|10:53:29.854] Import blockchain                        index=3350000 elapsed=42m56.000866796s
[INFO] [05-31|10:53:37.854] Import blockchain                        index=3352500 elapsed=43m4.000647087s
[INFO] [05-31|10:53:45.854] Import blockchain                        index=3352500 elapsed=43m12.000869755s
[INFO] [05-31|10:53:53.854] Import blockchain                        index=3355000 elapsed=43m20.000922131s
[INFO] [05-31|10:54:01.853] Import blockchain                        index=3357500 elapsed=43m28.000115139s
[INFO] [05-31|10:54:09.854] Import blockchain                        index=3360000 elapsed=43m36.000644068s
[INFO] [05-31|10:54:17.854] Import blockchain                        index=3360000 elapsed=43m44.00073235s
[INFO] [05-31|10:54:25.854] Import blockchain                        index=3362500 elapsed=43m52.000319657s
[INFO] [05-31|10:54:33.853] [p2p] GoodPeers 
[INFO] [05-31|10:54:33.854] Import blockchain                        index=3365000 elapsed=44m0.00068854s
[INFO] [05-31|10:54:41.854] Import blockchain                        index=3365000 elapsed=44m8.000876268s
[INFO] [05-31|10:54:49.853] Import blockchain                        index=3367500 elapsed=44m16.000203885s
[INFO] [05-31|10:54:57.854] Import blockchain                        index=3370000 elapsed=44m24.000341903s
[INFO] [05-31|10:55:05.853] Import blockchain                        index=3372500 elapsed=44m32.000093343s
[INFO] [05-31|10:55:13.853] Import blockchain                        index=3372500 elapsed=44m40.000023102s
[INFO] [05-31|10:55:21.854] Import blockchain                        index=3375000 elapsed=44m48.000358558s
[INFO] [05-31|10:55:29.853] Import blockchain                        index=3377500 elapsed=44m56.000185273s
[INFO] [05-31|10:55:37.853] Import blockchain                        index=3380000 elapsed=45m4.000243846s
[INFO] [05-31|10:55:45.853] Import blockchain                        index=3380000 elapsed=45m12.000239849s
[INFO] [05-31|10:55:53.854] Import blockchain                        index=3382500 elapsed=45m20.000296462s
[INFO] [05-31|10:56:01.853] Import blockchain                        index=3385000 elapsed=45m28.000243576s
[INFO] [05-31|10:56:09.853] Import blockchain                        index=3385000 elapsed=45m36.000137622s
[INFO] [05-31|10:56:17.854] Import blockchain                        index=3387500 elapsed=45m44.000785895s
[INFO] [05-31|10:56:25.854] Import blockchain                        index=3390000 elapsed=45m52.000478969s
[INFO] [05-31|10:56:33.853] [p2p] GoodPeers 
[INFO] [05-31|10:56:33.854] Import blockchain                        index=3392500 elapsed=46m0.000941897s
[INFO] [05-31|10:56:41.854] Import blockchain                        index=3392500 elapsed=46m8.000637626s
[INFO] [05-31|10:56:49.854] Import blockchain                        index=3395000 elapsed=46m16.000636733s
[INFO] [05-31|10:56:57.854] Import blockchain                        index=3397500 elapsed=46m24.000992555s
[INFO] [05-31|10:57:05.853] Import blockchain                        index=3397500 elapsed=46m32.000180877s
[INFO] [05-31|10:57:13.854] Import blockchain                        index=3400000 elapsed=46m40.000480328s
[INFO] [05-31|10:57:21.853] Import blockchain                        index=3402500 elapsed=46m48.000192612s
[INFO] [05-31|10:57:29.854] Import blockchain                        index=3405000 elapsed=46m56.000908219s
[INFO] [05-31|10:57:37.853] Import blockchain                        index=3405000 elapsed=47m4.000128876s
[INFO] [05-31|10:57:45.854] Import blockchain                        index=3407500 elapsed=47m12.000606351s
[INFO] [05-31|10:57:53.853] Import blockchain                        index=3410000 elapsed=47m20.000064267s
[INFO] [05-31|10:58:01.854] Import blockchain                        index=3410000 elapsed=47m28.000824198s
[INFO] [05-31|10:58:09.853] Import blockchain                        index=3412500 elapsed=47m36.000016227s
[INFO] [05-31|10:58:17.854] Import blockchain                        index=3415000 elapsed=47m44.000314922s
[INFO] [05-31|10:58:25.854] Import blockchain                        index=3417500 elapsed=47m52.00036406s
[INFO] [05-31|10:58:33.853] Import blockchain                        index=3417500 elapsed=48m0.000230207s
[INFO] [05-31|10:58:33.853] [p2p] GoodPeers 
[INFO] [05-31|10:58:41.854] Import blockchain                        index=3420000 elapsed=48m8.000503796s
[INFO] [05-31|10:58:49.853] Import blockchain                        index=3422500 elapsed=48m16.000059977s
[INFO] [05-31|10:58:57.854] Import blockchain                        index=3425000 elapsed=48m24.000331464s
[INFO] [05-31|10:59:05.854] Import blockchain                        index=3425000 elapsed=48m32.000825967s
[INFO] [05-31|10:59:13.853] Import blockchain                        index=3427500 elapsed=48m40.000016192s
[INFO] [05-31|10:59:21.854] Import blockchain                        index=3430000 elapsed=48m48.000704653s
[INFO] [05-31|10:59:29.854] Import blockchain                        index=3430000 elapsed=48m56.000519523s
[INFO] [05-31|10:59:37.854] Import blockchain                        index=3432500 elapsed=49m4.000462741s
[INFO] [05-31|10:59:45.854] Import blockchain                        index=3435000 elapsed=49m12.00082218s
[INFO] [05-31|10:59:53.854] Import blockchain                        index=3437500 elapsed=49m20.000833909s
[INFO] [05-31|11:00:01.853] Import blockchain                        index=3437500 elapsed=49m28.000016969s
[INFO] [05-31|11:00:09.854] Import blockchain                        index=3440000 elapsed=49m36.00080745s
[INFO] [05-31|11:00:17.854] Import blockchain                        index=3442500 elapsed=49m44.000803154s
[INFO] [05-31|11:00:25.854] Import blockchain                        index=3442500 elapsed=49m52.00062763s
[INFO] [05-31|11:00:33.853] Import blockchain                        index=3445000 elapsed=50m0.000251143s
[INFO] [05-31|11:00:33.853] [p2p] GoodPeers 
[INFO] [05-31|11:00:41.853] Import blockchain                        index=3447500 elapsed=50m8.000238332s
[INFO] [05-31|11:00:49.854] Import blockchain                        index=3450000 elapsed=50m16.000407621s
[INFO] [05-31|11:00:57.854] Import blockchain                        index=3450000 elapsed=50m24.000819541s
[INFO] [05-31|11:01:05.854] Import blockchain                        index=3452500 elapsed=50m32.000370461s
[INFO] [05-31|11:01:13.854] Import blockchain                        index=3455000 elapsed=50m40.000834491s
[INFO] [05-31|11:01:21.854] Import blockchain                        index=3455000 elapsed=50m48.000627703s
[INFO] [05-31|11:01:29.853] Import blockchain                        index=3457500 elapsed=50m56.00009627s
[INFO] [05-31|11:01:37.854] Import blockchain                        index=3460000 elapsed=51m4.000754787s
[INFO] [05-31|11:01:45.853] Import blockchain                        index=3462500 elapsed=51m12.000236701s
[INFO] [05-31|11:01:53.854] Import blockchain                        index=3462500 elapsed=51m20.000306636s
[INFO] [05-31|11:02:01.853] Import blockchain                        index=3465000 elapsed=51m28.000238532s
[INFO] [05-31|11:02:09.854] Import blockchain                        index=3467500 elapsed=51m36.000967067s
[INFO] [05-31|11:02:17.854] Import blockchain                        index=3470000 elapsed=51m44.00030599s
[INFO] [05-31|11:02:25.853] Import blockchain                        index=3470000 elapsed=51m52.00022469s
[INFO] [05-31|11:02:33.853] Import blockchain                        index=3472500 elapsed=52m0.000060025s
[INFO] [05-31|11:02:33.853] [p2p] GoodPeers 
[INFO] [05-31|11:02:41.853] Import blockchain                        index=3475000 elapsed=52m8.000228918s
[INFO] [05-31|11:02:49.854] Import blockchain                        index=3475000 elapsed=52m16.001027967s
[INFO] [05-31|11:02:57.853] Import blockchain                        index=3477500 elapsed=52m24.000016084s
[INFO] [05-31|11:03:05.853] Import blockchain                        index=3480000 elapsed=52m32.000041493s
[INFO] [05-31|11:03:13.854] Import blockchain                        index=3482500 elapsed=52m40.000297304s
[INFO] [05-31|11:03:21.853] Import blockchain                        index=3482500 elapsed=52m48.000102628s
[INFO] [05-31|11:03:29.854] Import blockchain                        index=3485000 elapsed=52m56.001061001s
[INFO] [05-31|11:03:37.854] Import blockchain                        index=3487500 elapsed=53m4.000345774s
[INFO] [05-31|11:03:45.854] Import blockchain                        index=3487500 elapsed=53m12.000571709s
[INFO] [05-31|11:03:53.854] Import blockchain                        index=3490000 elapsed=53m20.000632577s
[INFO] [05-31|11:04:01.854] Import blockchain                        index=3492500 elapsed=53m28.000559728s
[INFO] [05-31|11:04:09.854] Import blockchain                        index=3495000 elapsed=53m36.000486255s
[INFO] [05-31|11:04:17.853] Import blockchain                        index=3495000 elapsed=53m44.000148559s
[INFO] [05-31|11:04:25.854] Import blockchain                        index=3497500 elapsed=53m52.001058869s
[INFO] [05-31|11:04:33.853] [p2p] GoodPeers 
[INFO] [05-31|11:04:33.854] Import blockchain                        index=3500000 elapsed=54m0.000795808s
[INFO] [05-31|11:04:41.854] Import blockchain                        index=3500000 elapsed=54m8.000367034s
[INFO] [05-31|11:04:49.853] Import blockchain                        index=3502500 elapsed=54m16.000121196s
[INFO] [05-31|11:04:57.854] Import blockchain                        index=3505000 elapsed=54m24.000492374s
[INFO] [05-31|11:05:05.854] Import blockchain                        index=3507500 elapsed=54m32.001055074s
[INFO] [05-31|11:05:13.854] Import blockchain                        index=3507500 elapsed=54m40.000749846s
[INFO] [05-31|11:05:21.853] Import blockchain                        index=3510000 elapsed=54m48.000182323s
[INFO] [05-31|11:05:29.854] Import blockchain                        index=3512500 elapsed=54m56.00107519s
[INFO] [05-31|11:05:37.854] Import blockchain                        index=3512500 elapsed=55m4.000355737s
[INFO] [05-31|11:05:45.854] Import blockchain                        index=3515000 elapsed=55m12.000404628s
[INFO] [05-31|11:05:53.854] Import blockchain                        index=3517500 elapsed=55m20.000362127s
[INFO] [05-31|11:06:01.854] Import blockchain                        index=3520000 elapsed=55m28.00046864s
[INFO] [05-31|11:06:09.854] Import blockchain                        index=3520000 elapsed=55m36.000973792s
[INFO] [05-31|11:06:17.854] Import blockchain                        index=3522500 elapsed=55m44.000509336s
[INFO] [05-31|11:06:25.854] Import blockchain                        index=3525000 elapsed=55m52.000599821s
[INFO] [05-31|11:06:33.853] [p2p] GoodPeers 
[INFO] [05-31|11:06:33.854] Import blockchain                        index=3525000 elapsed=56m0.00093891s
[INFO] [05-31|11:06:41.854] Import blockchain                        index=3527500 elapsed=56m8.000409012s
[INFO] [05-31|11:06:49.854] Import blockchain                        index=3530000 elapsed=56m16.0004037s
[INFO] [05-31|11:06:57.854] Import blockchain                        index=3532500 elapsed=56m24.001000455s
[INFO] [05-31|11:07:05.854] Import blockchain                        index=3532500 elapsed=56m32.000624574s
[INFO] [05-31|11:07:13.854] Import blockchain                        index=3535000 elapsed=56m40.000927602s
[INFO] [05-31|11:07:21.853] Import blockchain                        index=3537500 elapsed=56m48.000070907s
[INFO] [05-31|11:07:29.854] Import blockchain                        index=3540000 elapsed=56m56.000938123s
[INFO] [05-31|11:07:37.854] Import blockchain                        index=3540000 elapsed=57m4.000945939s
[INFO] [05-31|11:07:45.854] Import blockchain                        index=3542500 elapsed=57m12.000346517s
[INFO] [05-31|11:07:53.854] Import blockchain                        index=3545000 elapsed=57m20.000653698s
[INFO] [05-31|11:08:01.854] Import blockchain                        index=3545000 elapsed=57m28.00100003s
[INFO] [05-31|11:08:09.853] Import blockchain                        index=3547500 elapsed=57m36.000068049s
[INFO] [05-31|11:08:17.854] Import blockchain                        index=3550000 elapsed=57m44.001000263s
[INFO] [05-31|11:08:25.854] Import blockchain                        index=3552500 elapsed=57m52.001011258s
[INFO] [05-31|11:08:33.853] Import blockchain                        index=3552500 elapsed=58m0.000159854s
[INFO] [05-31|11:08:33.853] [p2p] GoodPeers 
[INFO] [05-31|11:08:41.854] Import blockchain                        index=3555000 elapsed=58m8.000483736s
[INFO] [05-31|11:08:49.854] Import blockchain                        index=3557500 elapsed=58m16.0008024s
[INFO] [05-31|11:08:57.853] Import blockchain                        index=3557500 elapsed=58m24.000240104s
[INFO] [05-31|11:09:05.853] Import blockchain                        index=3560000 elapsed=58m32.000023419s
[INFO] [05-31|11:09:13.854] Import blockchain                        index=3562500 elapsed=58m40.000708533s
[INFO] [05-31|11:09:21.854] Import blockchain                        index=3565000 elapsed=58m48.000691914s
[INFO] [05-31|11:09:29.854] Import blockchain                        index=3565000 elapsed=58m56.000670831s
[INFO] [05-31|11:09:37.854] Import blockchain                        index=3567500 elapsed=59m4.000343877s
[INFO] [05-31|11:09:45.853] Import blockchain                        index=3570000 elapsed=59m12.000190063s
[INFO] [05-31|11:09:53.853] Import blockchain                        index=3570000 elapsed=59m20.000247332s
[INFO] [05-31|11:10:01.854] Import blockchain                        index=3572500 elapsed=59m28.00074768s
[INFO] [05-31|11:10:09.853] Import blockchain                        index=3575000 elapsed=59m36.000160666s
[INFO] [05-31|11:10:17.853] Import blockchain                        index=3577500 elapsed=59m44.000114993s
[INFO] [05-31|11:10:25.854] Import blockchain                        index=3577500 elapsed=59m52.000749101s
[INFO] [05-31|11:10:33.853] [p2p] GoodPeers 
[INFO] [05-31|11:10:33.854] Import blockchain                        index=3580000 elapsed=1h0m0.000737738s
[INFO] [05-31|11:10:41.854] Import blockchain                        index=3582500 elapsed=1h0m8.000463228s
[INFO] [05-31|11:10:49.854] Import blockchain                        index=3582500 elapsed=1h0m16.000892973s
[INFO] [05-31|11:10:57.853] Import blockchain                        index=3585000 elapsed=1h0m24.000007577s
[INFO] [05-31|11:11:05.854] Import blockchain                        index=3587500 elapsed=1h0m32.000442979s
[INFO] [05-31|11:11:13.854] Import blockchain                        index=3590000 elapsed=1h0m40.000839611s
[INFO] [05-31|11:11:21.854] Import blockchain                        index=3590000 elapsed=1h0m48.000731736s
[INFO] [05-31|11:11:29.853] Import blockchain                        index=3592500 elapsed=1h0m56.000171695s
[INFO] [05-31|11:11:37.854] Import blockchain                        index=3595000 elapsed=1h1m4.001033975s
[INFO] [05-31|11:11:45.854] Import blockchain                        index=3595000 elapsed=1h1m12.000320576s
[INFO] [05-31|11:11:53.853] Import blockchain                        index=3597500 elapsed=1h1m20.00000527s
[INFO] [05-31|11:12:01.854] Import blockchain                        index=3600000 elapsed=1h1m28.000659692s
[INFO] [05-31|11:12:09.854] Import blockchain                        index=3602500 elapsed=1h1m36.000976281s
[INFO] [05-31|11:12:17.854] Import blockchain                        index=3602500 elapsed=1h1m44.000407393s
[INFO] [05-31|11:12:25.854] Import blockchain                        index=3605000 elapsed=1h1m52.000820041s
[INFO] [05-31|11:12:33.853] [p2p] GoodPeers 
[INFO] [05-31|11:12:33.854] Import blockchain                        index=3607500 elapsed=1h2m0.000698066s
[INFO] [05-31|11:12:41.854] Import blockchain                        index=3607500 elapsed=1h2m8.000414459s
[INFO] [05-31|11:12:49.853] Import blockchain                        index=3610000 elapsed=1h2m16.000241168s
[INFO] [05-31|11:12:57.854] Import blockchain                        index=3612500 elapsed=1h2m24.000652469s
[INFO] [05-31|11:13:05.853] Import blockchain                        index=3615000 elapsed=1h2m32.000072897s
[INFO] [05-31|11:13:13.854] Import blockchain                        index=3615000 elapsed=1h2m40.000947124s
[INFO] [05-31|11:13:21.853] Import blockchain                        index=3617500 elapsed=1h2m48.000225697s
[INFO] [05-31|11:13:29.853] Import blockchain                        index=3620000 elapsed=1h2m56.000034934s
[INFO] [05-31|11:13:37.854] Import blockchain                        index=3620000 elapsed=1h3m4.000353383s
[INFO] [05-31|11:13:45.854] Import blockchain                        index=3622500 elapsed=1h3m12.001063115s
[INFO] [05-31|11:13:53.854] Import blockchain                        index=3625000 elapsed=1h3m20.0002888s
[INFO] [05-31|11:14:01.853] Import blockchain                        index=3627500 elapsed=1h3m28.000195475s
[INFO] [05-31|11:14:09.854] Import blockchain                        index=3627500 elapsed=1h3m36.000548127s
[INFO] [05-31|11:14:17.854] Import blockchain                        index=3630000 elapsed=1h3m44.000970668s
[INFO] [05-31|11:14:25.853] Import blockchain                        index=3632500 elapsed=1h3m52.000135518s
[INFO] [05-31|11:14:33.853] [p2p] GoodPeers 
[INFO] [05-31|11:14:33.853] Import blockchain                        index=3632500 elapsed=1h4m0.000010529s
[INFO] [05-31|11:14:41.854] Import blockchain                        index=3635000 elapsed=1h4m8.000416266s
[INFO] [05-31|11:14:49.854] Import blockchain                        index=3637500 elapsed=1h4m16.000690509s
[INFO] [05-31|11:14:57.854] Import blockchain                        index=3640000 elapsed=1h4m24.000587301s
[INFO] [05-31|11:15:05.854] Import blockchain                        index=3640000 elapsed=1h4m32.000763948s
[INFO] [05-31|11:15:13.854] Import blockchain                        index=3642500 elapsed=1h4m40.000822762s
[INFO] [05-31|11:15:21.854] Import blockchain                        index=3645000 elapsed=1h4m48.000618077s
[INFO] [05-31|11:15:29.854] Import blockchain                        index=3645000 elapsed=1h4m56.000837716s
[INFO] [05-31|11:15:37.854] Import blockchain                        index=3647500 elapsed=1h5m4.000790712s
[INFO] [05-31|11:15:45.853] Import blockchain                        index=3650000 elapsed=1h5m12.000046758s
[INFO] [05-31|11:15:53.854] Import blockchain                        index=3652500 elapsed=1h5m20.001038458s
[INFO] [05-31|11:16:01.854] Import blockchain                        index=3652500 elapsed=1h5m28.000457708s
[INFO] [05-31|11:16:09.854] Import blockchain                        index=3655000 elapsed=1h5m36.001027495s
[INFO] [05-31|11:16:17.854] Import blockchain                        index=3657500 elapsed=1h5m44.000398038s
[INFO] [05-31|11:16:25.853] Import blockchain                        index=3657500 elapsed=1h5m52.000165696s
[INFO] [05-31|11:16:33.853] Import blockchain                        index=3660000 elapsed=1h6m0.000206209s
[INFO] [05-31|11:16:33.853] [p2p] GoodPeers 
[INFO] [05-31|11:16:41.854] Import blockchain                        index=3662500 elapsed=1h6m8.00047618s
[INFO] [05-31|11:16:49.853] Import blockchain                        index=3665000 elapsed=1h6m16.00010931s
[INFO] [05-31|11:16:57.853] Import blockchain                        index=3665000 elapsed=1h6m24.000188341s
[INFO] [05-31|11:17:05.854] Import blockchain                        index=3667500 elapsed=1h6m32.000574143s
[INFO] [05-31|11:17:13.854] Import blockchain                        index=3670000 elapsed=1h6m40.000491638s
[INFO] [05-31|11:17:21.854] Import blockchain                        index=3670000 elapsed=1h6m48.00031878s
[INFO] [05-31|11:17:29.853] Import blockchain                        index=3672500 elapsed=1h6m56.000091211s
[INFO] [05-31|11:17:37.854] Import blockchain                        index=3675000 elapsed=1h7m4.000998352s
[INFO] [05-31|11:17:45.854] Import blockchain                        index=3677500 elapsed=1h7m12.001047914s
[INFO] [05-31|11:17:53.854] Import blockchain                        index=3677500 elapsed=1h7m20.000413658s
[INFO] [05-31|11:18:01.854] Import blockchain                        index=3680000 elapsed=1h7m28.0009813s
[INFO] [05-31|11:18:09.854] Import blockchain                        index=3682500 elapsed=1h7m36.000502281s
[INFO] [05-31|11:18:17.854] Import blockchain                        index=3682500 elapsed=1h7m44.000610794s
[INFO] [05-31|11:18:25.854] Import blockchain                        index=3685000 elapsed=1h7m52.000728393s
[INFO] [05-31|11:18:33.853] Import blockchain                        index=3687500 elapsed=1h8m0.000199332s
[INFO] [05-31|11:18:33.853] [p2p] GoodPeers 
[INFO] [05-31|11:18:41.854] Import blockchain                        index=3690000 elapsed=1h8m8.00073008s
[INFO] [05-31|11:18:49.853] Import blockchain                        index=3690000 elapsed=1h8m16.000185801s
[INFO] [05-31|11:18:57.854] Import blockchain                        index=3692500 elapsed=1h8m24.00074896s
[INFO] [05-31|11:19:05.854] Import blockchain                        index=3695000 elapsed=1h8m32.00062342s
[INFO] [05-31|11:19:13.854] Import blockchain                        index=3695000 elapsed=1h8m40.000913501s
[INFO] [05-31|11:19:21.854] Import blockchain                        index=3697500 elapsed=1h8m48.000667874s
[INFO] [05-31|11:19:29.854] Import blockchain                        index=3700000 elapsed=1h8m56.000399352s
[INFO] [05-31|11:19:37.854] Import blockchain                        index=3702500 elapsed=1h9m4.000585123s
[INFO] [05-31|11:19:45.853] Import blockchain                        index=3702500 elapsed=1h9m12.000193527s
[INFO] [05-31|11:19:53.854] Import blockchain                        index=3705000 elapsed=1h9m20.000916276s
[INFO] [05-31|11:20:01.854] Import blockchain                        index=3707500 elapsed=1h9m28.000711358s
[INFO] [05-31|11:20:09.853] Import blockchain                        index=3707500 elapsed=1h9m36.000089499s
[INFO] [05-31|11:20:17.854] Import blockchain                        index=3710000 elapsed=1h9m44.00043992s
[INFO] [05-31|11:20:25.854] Import blockchain                        index=3712500 elapsed=1h9m52.000495393s
[INFO] [05-31|11:20:33.853] [p2p] GoodPeers 
[INFO] [05-31|11:20:33.854] Import blockchain                        index=3715000 elapsed=1h10m0.000558853s
[INFO] [05-31|11:20:41.854] Import blockchain                        index=3715000 elapsed=1h10m8.000655136s
[INFO] [05-31|11:20:49.854] Import blockchain                        index=3717500 elapsed=1h10m16.000708112s
[INFO] [05-31|11:20:57.854] Import blockchain                        index=3720000 elapsed=1h10m24.000603914s
[INFO] [05-31|11:21:05.854] Import blockchain                        index=3720000 elapsed=1h10m32.000487718s
[INFO] [05-31|11:21:13.854] Import blockchain                        index=3722500 elapsed=1h10m40.000646599s
[INFO] [05-31|11:21:21.854] Import blockchain                        index=3725000 elapsed=1h10m48.000943886s
[INFO] [05-31|11:21:29.854] Import blockchain                        index=3727500 elapsed=1h10m56.000383764s
[INFO] [05-31|11:21:37.853] Import blockchain                        index=3727500 elapsed=1h11m4.000094132s
[INFO] [05-31|11:21:45.854] Import blockchain                        index=3730000 elapsed=1h11m12.000454909s
[INFO] [05-31|11:21:53.854] Import blockchain                        index=3732500 elapsed=1h11m20.000816295s
[INFO] [05-31|11:22:01.854] Import blockchain                        index=3732500 elapsed=1h11m28.000688586s
[INFO] [05-31|11:22:09.854] Import blockchain                        index=3735000 elapsed=1h11m36.000357403s
[INFO] [05-31|11:22:17.853] Import blockchain                        index=3737500 elapsed=1h11m44.000249699s
[INFO] [05-31|11:22:25.854] Import blockchain                        index=3740000 elapsed=1h11m52.000477075s
[INFO] [05-31|11:22:33.854] Import blockchain                        index=3740000 elapsed=1h12m0.000336911s
[INFO] [05-31|11:22:33.854] [p2p] GoodPeers 
[INFO] [05-31|11:22:41.854] Import blockchain                        index=3742500 elapsed=1h12m8.000464975s
[INFO] [05-31|11:22:49.854] Import blockchain                        index=3745000 elapsed=1h12m16.00094619s
[INFO] [05-31|11:22:57.854] Import blockchain                        index=3745000 elapsed=1h12m24.000574022s
[INFO] [05-31|11:23:05.853] Import blockchain                        index=3747500 elapsed=1h12m32.000111945s
[INFO] [05-31|11:23:13.854] Import blockchain                        index=3750000 elapsed=1h12m40.000745327s
[INFO] [05-31|11:23:21.854] Import blockchain                        index=3752500 elapsed=1h12m48.000388064s
[INFO] [05-31|11:23:29.853] Import blockchain                        index=3752500 elapsed=1h12m56.000132779s
[INFO] [05-31|11:23:37.854] Import blockchain                        index=3755000 elapsed=1h13m4.000634252s
[INFO] [05-31|11:23:45.853] Import blockchain                        index=3757500 elapsed=1h13m12.000081646s
[INFO] [05-31|11:23:53.853] Import blockchain                        index=3757500 elapsed=1h13m20.000012072s
[INFO] [05-31|11:24:01.854] Import blockchain                        index=3760000 elapsed=1h13m28.000788238s
[INFO] [05-31|11:24:09.854] Import blockchain                        index=3762500 elapsed=1h13m36.001070101s
[INFO] [05-31|11:24:17.854] Import blockchain                        index=3765000 elapsed=1h13m44.000588976s
[INFO] [05-31|11:24:25.854] Import blockchain                        index=3765000 elapsed=1h13m52.000929577s
[INFO] [05-31|11:24:33.853] [p2p] GoodPeers 
[INFO] [05-31|11:24:33.854] Import blockchain                        index=3767500 elapsed=1h14m0.000998771s
[INFO] [05-31|11:24:41.854] Import blockchain                        index=3770000 elapsed=1h14m8.000957432s
[INFO] [05-31|11:24:49.854] Import blockchain                        index=3770000 elapsed=1h14m16.00064843s
[INFO] [05-31|11:24:57.854] Import blockchain                        index=3772500 elapsed=1h14m24.000933607s
[INFO] [05-31|11:25:05.854] Import blockchain                        index=3775000 elapsed=1h14m32.000892402s
[INFO] [05-31|11:25:13.854] Import blockchain                        index=3777500 elapsed=1h14m40.000919439s
[INFO] [05-31|11:25:21.854] Import blockchain                        index=3777500 elapsed=1h14m48.000622642s
[INFO] [05-31|11:25:29.854] Import blockchain                        index=3780000 elapsed=1h14m56.000778919s
[INFO] [05-31|11:25:37.854] Import blockchain                        index=3782500 elapsed=1h15m4.000949221s
[INFO] [05-31|11:25:45.854] Import blockchain                        index=3782500 elapsed=1h15m12.000376809s
[INFO] [05-31|11:25:53.854] Import blockchain                        index=3785000 elapsed=1h15m20.000885822s
[INFO] [05-31|11:26:01.853] Import blockchain                        index=3787500 elapsed=1h15m28.000267866s
[INFO] [05-31|11:26:09.854] Import blockchain                        index=3790000 elapsed=1h15m36.001059735s
[INFO] [05-31|11:26:17.854] Import blockchain                        index=3790000 elapsed=1h15m44.001026213s
[INFO] [05-31|11:26:25.854] Import blockchain                        index=3792500 elapsed=1h15m52.000655949s
[INFO] [05-31|11:26:33.853] [p2p] GoodPeers 
[INFO] [05-31|11:26:33.854] Import blockchain                        index=3795000 elapsed=1h16m0.000933033s
[INFO] [05-31|11:26:41.854] Import blockchain                        index=3795000 elapsed=1h16m8.000967233s
[INFO] [05-31|11:26:49.853] Import blockchain                        index=3797500 elapsed=1h16m16.000046674s
[INFO] [05-31|11:26:57.853] Import blockchain                        index=3800000 elapsed=1h16m24.000012646s
[INFO] [05-31|11:27:05.854] Import blockchain                        index=3802500 elapsed=1h16m32.000610861s
[INFO] [05-31|11:27:13.853] Import blockchain                        index=3802500 elapsed=1h16m40.000176049s
[INFO] [05-31|11:27:21.854] Import blockchain                        index=3805000 elapsed=1h16m48.001059245s
[INFO] [05-31|11:27:29.853] Import blockchain                        index=3807500 elapsed=1h16m56.000011469s
[INFO] [05-31|11:27:37.853] Import blockchain                        index=3807500 elapsed=1h17m4.000228695s
[INFO] [05-31|11:27:45.854] Import blockchain                        index=3810000 elapsed=1h17m12.000869025s
[INFO] [05-31|11:27:53.854] Import blockchain                        index=3812500 elapsed=1h17m20.001070494s
[INFO] [05-31|11:28:01.853] Import blockchain                        index=3815000 elapsed=1h17m28.000237009s
[INFO] [05-31|11:28:09.854] Import blockchain                        index=3815000 elapsed=1h17m36.00062658s
[INFO] [05-31|11:28:17.853] Import blockchain                        index=3817500 elapsed=1h17m44.000008233s
[INFO] [05-31|11:28:25.854] Import blockchain                        index=3820000 elapsed=1h17m52.000622351s
[INFO] [05-31|11:28:33.853] [p2p] GoodPeers 
[INFO] [05-31|11:28:33.853] Import blockchain                        index=3820000 elapsed=1h18m0.000011121s
[INFO] [05-31|11:28:41.854] Import blockchain                        index=3822500 elapsed=1h18m8.000691492s
[INFO] [05-31|11:28:49.854] Import blockchain                        index=3825000 elapsed=1h18m16.000574539s
[INFO] [05-31|11:28:57.854] Import blockchain                        index=3827500 elapsed=1h18m24.000762132s
[INFO] [05-31|11:29:05.854] Import blockchain                        index=3827500 elapsed=1h18m32.000410084s
[INFO] [05-31|11:29:13.854] Import blockchain                        index=3830000 elapsed=1h18m40.00064911s
[INFO] [05-31|11:29:21.854] Import blockchain                        index=3832500 elapsed=1h18m48.000438831s
[INFO] [05-31|11:29:29.853] Import blockchain                        index=3832500 elapsed=1h18m56.000114002s
[INFO] [05-31|11:29:37.854] Import blockchain                        index=3835000 elapsed=1h19m4.000681427s
[INFO] [05-31|11:29:45.854] Import blockchain                        index=3837500 elapsed=1h19m12.000364829s
[INFO] [05-31|11:29:53.854] Import blockchain                        index=3840000 elapsed=1h19m20.000722192s
[INFO] [05-31|11:30:01.854] Import blockchain                        index=3840000 elapsed=1h19m28.000483675s
[INFO] [05-31|11:30:09.854] Import blockchain                        index=3842500 elapsed=1h19m36.000583038s
[INFO] [05-31|11:30:17.854] Import blockchain                        index=3845000 elapsed=1h19m44.000795047s
[INFO] [05-31|11:30:25.854] Import blockchain                        index=3845000 elapsed=1h19m52.000979777s
[INFO] [05-31|11:30:33.854] Import blockchain                        index=3847500 elapsed=1h20m0.000369176s
[INFO] [05-31|11:30:33.854] [p2p] GoodPeers 
[INFO] [05-31|11:30:41.854] Import blockchain                        index=3850000 elapsed=1h20m8.000531958s
[INFO] [05-31|11:30:49.854] Import blockchain                        index=3852500 elapsed=1h20m16.000910513s
[INFO] [05-31|11:30:57.854] Import blockchain                        index=3852500 elapsed=1h20m24.000468521s
[INFO] [05-31|11:31:05.854] Import blockchain                        index=3855000 elapsed=1h20m32.000919239s
[INFO] [05-31|11:31:13.854] Import blockchain                        index=3857500 elapsed=1h20m40.000611911s
[INFO] [05-31|11:31:21.854] Import blockchain                        index=3857500 elapsed=1h20m48.000784871s
[INFO] [05-31|11:31:29.853] Import blockchain                        index=3860000 elapsed=1h20m56.000055137s
[INFO] [05-31|11:31:37.854] Import blockchain                        index=3862500 elapsed=1h21m4.000978532s
[INFO] [05-31|11:31:45.853] Import blockchain                        index=3865000 elapsed=1h21m12.000017413s
[INFO] [05-31|11:31:53.853] Import blockchain                        index=3865000 elapsed=1h21m20.00008914s
[INFO] [05-31|11:32:01.854] Import blockchain                        index=3867500 elapsed=1h21m28.000472269s
[INFO] [05-31|11:32:09.853] Import blockchain                        index=3870000 elapsed=1h21m36.000203072s
[INFO] [05-31|11:32:17.854] Import blockchain                        index=3870000 elapsed=1h21m44.00092633s
[INFO] [05-31|11:32:25.853] Import blockchain                        index=3872500 elapsed=1h21m52.000180385s
[INFO] [05-31|11:32:33.853] [p2p] GoodPeers 
[INFO] [05-31|11:32:33.854] Import blockchain                        index=3875000 elapsed=1h22m0.000755523s
[INFO] [05-31|11:32:41.854] Import blockchain                        index=3877500 elapsed=1h22m8.000745974s
[INFO] [05-31|11:32:49.854] Import blockchain                        index=3877500 elapsed=1h22m16.000504923s
[INFO] [05-31|11:32:57.854] Import blockchain                        index=3880000 elapsed=1h22m24.00047277s
[INFO] [05-31|11:33:05.853] Import blockchain                        index=3882500 elapsed=1h22m32.000268201s
[INFO] [05-31|11:33:13.854] Import blockchain                        index=3882500 elapsed=1h22m40.000673738s
[INFO] [05-31|11:33:21.854] Import blockchain                        index=3885000 elapsed=1h22m48.000914724s
[INFO] [05-31|11:33:29.854] Import blockchain                        index=3887500 elapsed=1h22m56.000949464s
[INFO] [05-31|11:33:37.854] Import blockchain                        index=3887500 elapsed=1h23m4.000617729s
[INFO] [05-31|11:33:45.854] Import blockchain                        index=3890000 elapsed=1h23m12.000458714s
[INFO] [05-31|11:33:53.854] Import blockchain                        index=3892500 elapsed=1h23m20.000991003s
[INFO] [05-31|11:34:01.854] Import blockchain                        index=3895000 elapsed=1h23m28.001002311s
[INFO] [05-31|11:34:09.854] Import blockchain                        index=3895000 elapsed=1h23m36.000422631s
[INFO] [05-31|11:34:17.854] Import blockchain                        index=3897500 elapsed=1h23m44.000654731s
[INFO] [05-31|11:34:25.854] Import blockchain                        index=3900000 elapsed=1h23m52.000947531s
[INFO] [05-31|11:34:33.853] [p2p] GoodPeers 
[INFO] [05-31|11:34:33.854] Import blockchain                        index=3900000 elapsed=1h24m0.000508718s
[INFO] [05-31|11:34:41.854] Import blockchain                        index=3902500 elapsed=1h24m8.000735701s
[INFO] [05-31|11:34:49.854] Import blockchain                        index=3905000 elapsed=1h24m16.000433976s
[INFO] [05-31|11:34:57.854] Import blockchain                        index=3907500 elapsed=1h24m24.000957209s
[INFO] [05-31|11:35:05.854] Import blockchain                        index=3907500 elapsed=1h24m32.000985269s
[INFO] [05-31|11:35:13.854] Import blockchain                        index=3910000 elapsed=1h24m40.001005525s
[INFO] [05-31|11:35:21.854] Import blockchain                        index=3912500 elapsed=1h24m48.000406319s
[INFO] [05-31|11:35:29.854] Import blockchain                        index=3912500 elapsed=1h24m56.000491595s
[INFO] [05-31|11:35:37.854] Import blockchain                        index=3915000 elapsed=1h25m4.000482839s
[INFO] [05-31|11:35:45.854] Import blockchain                        index=3917500 elapsed=1h25m12.001002366s
[INFO] [05-31|11:35:53.854] Import blockchain                        index=3920000 elapsed=1h25m20.000933977s
[INFO] [05-31|11:36:01.853] Import blockchain                        index=3920000 elapsed=1h25m28.000126237s
[INFO] [05-31|11:36:09.854] Import blockchain                        index=3922500 elapsed=1h25m36.000476121s
[INFO] [05-31|11:36:17.854] Import blockchain                        index=3925000 elapsed=1h25m44.000971497s
[INFO] [05-31|11:36:25.854] Import blockchain                        index=3925000 elapsed=1h25m52.000630244s
[INFO] [05-31|11:36:33.853] [p2p] GoodPeers 
[INFO] [05-31|11:36:33.853] Import blockchain                        index=3927500 elapsed=1h26m0.000044616s
[INFO] [05-31|11:36:41.853] Import blockchain                        index=3930000 elapsed=1h26m8.000101687s
[INFO] [05-31|11:36:49.854] Import blockchain                        index=3932500 elapsed=1h26m16.001043962s
[INFO] [05-31|11:36:57.853] Import blockchain                        index=3932500 elapsed=1h26m24.000139898s
[INFO] [05-31|11:37:05.854] Import blockchain                        index=3935000 elapsed=1h26m32.000819499s
[INFO] [05-31|11:37:13.854] Import blockchain                        index=3937500 elapsed=1h26m40.000953065s
[INFO] [05-31|11:37:21.854] Import blockchain                        index=3937500 elapsed=1h26m48.000928219s
[INFO] [05-31|11:37:29.854] Import blockchain                        index=3940000 elapsed=1h26m56.00101832s
[INFO] [05-31|11:37:37.854] Import blockchain                        index=3942500 elapsed=1h27m4.000381235s
[INFO] [05-31|11:37:45.854] Import blockchain                        index=3945000 elapsed=1h27m12.000984986s
[INFO] [05-31|11:37:53.854] Import blockchain                        index=3945000 elapsed=1h27m20.000496464s
[INFO] [05-31|11:38:01.854] Import blockchain                        index=3947500 elapsed=1h27m28.000628219s
[INFO] [05-31|11:38:09.854] Import blockchain                        index=3950000 elapsed=1h27m36.001001304s
[INFO] [05-31|11:38:17.854] Import blockchain                        index=3950000 elapsed=1h27m44.001000496s
[INFO] [05-31|11:38:25.854] Import blockchain                        index=3952500 elapsed=1h27m52.000393806s
[INFO] [05-31|11:38:33.853] Import blockchain                        index=3955000 elapsed=1h28m0.000251248s
[INFO] [05-31|11:38:33.853] [p2p] GoodPeers 
[INFO] [05-31|11:38:41.853] Import blockchain                        index=3957500 elapsed=1h28m8.000219779s
[INFO] [05-31|11:38:49.854] Import blockchain                        index=3957500 elapsed=1h28m16.000374492s
[INFO] [05-31|11:38:57.853] Import blockchain                        index=3960000 elapsed=1h28m24.000264266s
[INFO] [05-31|11:39:05.854] Import blockchain                        index=3962500 elapsed=1h28m32.000793299s
[INFO] [05-31|11:39:13.854] Import blockchain                        index=3962500 elapsed=1h28m40.000998483s
[INFO] [05-31|11:39:21.853] Import blockchain                        index=3965000 elapsed=1h28m48.000090852s
[INFO] [05-31|11:39:29.854] Import blockchain                        index=3967500 elapsed=1h28m56.000792993s
[INFO] [05-31|11:39:37.854] Import blockchain                        index=3967500 elapsed=1h29m4.000603649s
[INFO] [05-31|11:39:45.854] Import blockchain                        index=3970000 elapsed=1h29m12.000675899s
[INFO] [05-31|11:39:53.854] Import blockchain                        index=3972500 elapsed=1h29m20.000835754s
[INFO] [05-31|11:40:01.854] Import blockchain                        index=3975000 elapsed=1h29m28.000773916s
[INFO] [05-31|11:40:09.853] Import blockchain                        index=3975000 elapsed=1h29m36.000105166s
[INFO] [05-31|11:40:17.853] Import blockchain                        index=3977500 elapsed=1h29m44.00010612s
[INFO] [05-31|11:40:25.853] Import blockchain                        index=3980000 elapsed=1h29m52.000056835s
[INFO] [05-31|11:40:33.853] Import blockchain                        index=3980000 elapsed=1h30m0.000044966s
[INFO] [05-31|11:40:33.853] [p2p] GoodPeers 
[INFO] [05-31|11:40:41.854] Import blockchain                        index=3982500 elapsed=1h30m8.000950515s
[INFO] [05-31|11:40:49.854] Import blockchain                        index=3985000 elapsed=1h30m16.000765653s
[INFO] [05-31|11:40:57.853] Import blockchain                        index=3987500 elapsed=1h30m24.00025619s
[INFO] [05-31|11:41:05.853] Import blockchain                        index=3987500 elapsed=1h30m32.00010971s
[INFO] [05-31|11:41:13.853] Import blockchain                        index=3990000 elapsed=1h30m40.00015168s
[INFO] [05-31|11:41:21.853] Import blockchain                        index=3992500 elapsed=1h30m48.000078891s
[INFO] [05-31|11:41:29.854] Import blockchain                        index=3992500 elapsed=1h30m56.000312177s
[INFO] [05-31|11:41:37.854] Import blockchain                        index=3995000 elapsed=1h31m4.000819705s
[INFO] [05-31|11:41:45.853] Import blockchain                        index=3997500 elapsed=1h31m12.000064821s
[INFO] [05-31|11:41:53.854] Import blockchain                        index=4000000 elapsed=1h31m20.000944541s
[INFO] [05-31|11:42:01.854] Import blockchain                        index=4000000 elapsed=1h31m28.000745129s
[INFO] [05-31|11:42:09.854] Import blockchain                        index=4002500 elapsed=1h31m36.001010236s
[INFO] [05-31|11:42:17.854] Import blockchain                        index=4005000 elapsed=1h31m44.000762751s
[INFO] [05-31|11:42:25.854] Import blockchain                        index=4005000 elapsed=1h31m52.000276749s
[INFO] [05-31|11:42:33.853] [p2p] GoodPeers 
[INFO] [05-31|11:42:33.854] Import blockchain                        index=4007500 elapsed=1h32m0.000920389s
[INFO] [05-31|11:42:41.854] Import blockchain                        index=4010000 elapsed=1h32m8.000805105s
[INFO] [05-31|11:42:49.854] Import blockchain                        index=4012500 elapsed=1h32m16.000812738s
[INFO] [05-31|11:42:57.854] Import blockchain                        index=4012500 elapsed=1h32m24.000805646s
[INFO] [05-31|11:43:05.854] Import blockchain                        index=4015000 elapsed=1h32m32.000813626s
[INFO] [05-31|11:43:13.854] Import blockchain                        index=4017500 elapsed=1h32m40.000695797s
[INFO] [05-31|11:43:21.854] Import blockchain                        index=4017500 elapsed=1h32m48.000581878s
[INFO] [05-31|11:43:29.854] Import blockchain                        index=4020000 elapsed=1h32m56.000943624s
[INFO] [05-31|11:43:37.853] Import blockchain                        index=4022500 elapsed=1h33m4.00014897s
[INFO] [05-31|11:43:45.854] Import blockchain                        index=4025000 elapsed=1h33m12.000419695s
[INFO] [05-31|11:43:53.853] Import blockchain                        index=4025000 elapsed=1h33m20.000109752s
[INFO] [05-31|11:44:01.854] Import blockchain                        index=4027500 elapsed=1h33m28.000947524s
[INFO] [05-31|11:44:09.854] Import blockchain                        index=4030000 elapsed=1h33m36.000418447s
[INFO] [05-31|11:44:17.854] Import blockchain                        index=4030000 elapsed=1h33m44.000511523s
[INFO] [05-31|11:44:25.854] Import blockchain                        index=4032500 elapsed=1h33m52.000362051s
[INFO] [05-31|11:44:33.853] [p2p] GoodPeers 
[INFO] [05-31|11:44:33.854] Import blockchain                        index=4035000 elapsed=1h34m0.000938457s
[INFO] [05-31|11:44:41.854] Import blockchain                        index=4037500 elapsed=1h34m8.001028577s
[INFO] [05-31|11:44:49.853] Import blockchain                        index=4037500 elapsed=1h34m16.000215483s
[INFO] [05-31|11:44:57.854] Import blockchain                        index=4040000 elapsed=1h34m24.000344761s
[INFO] [05-31|11:45:05.854] Import blockchain                        index=4042500 elapsed=1h34m32.000341484s
[INFO] [05-31|11:45:13.854] Import blockchain                        index=4042500 elapsed=1h34m40.000811883s
[INFO] [05-31|11:45:21.854] Import blockchain                        index=4045000 elapsed=1h34m48.000468794s
[INFO] [05-31|11:45:29.854] Import blockchain                        index=4047500 elapsed=1h34m56.000820024s
[INFO] [05-31|11:45:37.853] Import blockchain                        index=4047500 elapsed=1h35m4.00014032s
[INFO] [05-31|11:45:45.854] Import blockchain                        index=4050000 elapsed=1h35m12.001064668s
[INFO] [05-31|11:45:53.854] Import blockchain                        index=4052500 elapsed=1h35m20.000341933s
[INFO] [05-31|11:46:01.854] Import blockchain                        index=4055000 elapsed=1h35m28.000389273s
[INFO] [05-31|11:46:09.853] Import blockchain                        index=4055000 elapsed=1h35m36.000040244s
[INFO] [05-31|11:46:17.854] Import blockchain                        index=4057500 elapsed=1h35m44.000740349s
[INFO] [05-31|11:46:25.854] Import blockchain                        index=4060000 elapsed=1h35m52.000619141s
[INFO] [05-31|11:46:33.854] Import blockchain                        index=4060000 elapsed=1h36m0.000313731s
[INFO] [05-31|11:46:33.854] [p2p] GoodPeers 
[INFO] [05-31|11:46:41.662] Import blockchain                        index=4061224 elapsed=1h36m7.808754503s
