 ____           _                _      __  __ _                 _   _              
 |  _ \         | |              | |    |  \/  (_)               | | (_)            
 | |_) | ___  __| |_ __ ___   ___| | __ | \  / |_  __ _ _ __ __ _| |_ _  ___  _ __  
 |  _ < / _ \/ _  |  __/ _ \ / __| |/ / | |\/| | |/ _  | '__/ _  | __| |/ _ \| '_ \ 
 | |_) |  __/ (_| | | | (_) | (__|   <  | |  | | | (_| | | | (_| | |_| | (_) | | | |
 |____/ \___|\__,_|_|  \___/ \___|_|\_\ |_|  |_|_|\__, |_|  \__,_|\__|_|\___/|_| |_|
                                                   __/ |                            
                                                  |___/                             
+------------------------------------------+
| Thu Jun  1 06:04:11 UTC 2023             |
|                                          |
|[1m Import Genesis                           (B[m|
+------------------------------------------+

real	0m0.118s
user	0m0.107s
sys	0m0.022s
+------------------------------------------+
| Thu Jun  1 06:04:11 UTC 2023             |
|                                          |
|[1m Recover Genesis                          (B[m|
+------------------------------------------+

real	0m2.211s
user	0m0.098s
sys	0m0.043s
+------------------------------------------+
| Thu Jun  1 06:04:14 UTC 2023             |
|                                          |
|[1m Import Blocks                            (B[m|
+------------------------------------------+

real	11m10.887s
user	3m17.479s
sys	0m54.051s
+------------------------------------------+
| Thu Jun  1 06:15:24 UTC 2023             |
|                                          |
|[1m Import Total Difficulty                  (B[m|
+------------------------------------------+

real	0m33.624s
user	0m39.231s
sys	0m1.090s
+------------------------------------------+
| Thu Jun  1 06:15:58 UTC 2023             |
|                                          |
|[1m Import Receipts                          (B[m|
+------------------------------------------+

real	1m59.084s
user	2m22.275s
sys	0m5.754s
+------------------------------------------+
| Thu Jun  1 06:17:57 UTC 2023             |
|                                          |
|[1m Import State                             (B[m|
+------------------------------------------+

real	3m53.600s
user	4m20.828s
sys	0m14.032s
+------------------------------------------+
| Thu Jun  1 06:21:51 UTC 2023             |
|                                          |
|[1m Drop Log Index                           (B[m|
+------------------------------------------+

real	0m2.539s
user	0m0.511s
sys	0m0.062s
+------------------------------------------+
| Thu Jun  1 06:21:53 UTC 2023             |
|                                          |
|[1m Recover Log Index                        (B[m|
+------------------------------------------+

real	5m43.026s
user	3m29.322s
sys	0m11.465s
+------------------------------------------+
| Thu Jun  1 06:27:36 UTC 2023             |
|                                          |
|[1m Recover Senders                          (B[m|
+------------------------------------------+

real	4m30.933s
user	4m44.711s
sys	0m2.529s
