[INFO] [06-01|08:50:32.322] logging to file system                   log dir=migration-log/drop_log_index file prefix=erigon log level=info json=false
[INFO] [06-01|08:50:32.322] Starting metrics server                  addr=http://127.0.0.1:6060/debug/metrics/prometheus
[INFO] [06-01|08:50:32.328] Starting Erigon on Optimism Görli testnet... 
[INFO] [06-01|08:50:32.328] Maximum peer count                       ETH=0 total=0
[INFO] [06-01|08:50:32.328] starting HTTP APIs                       APIs=eth,erigon,engine
[INFO] [06-01|08:50:32.329] torrent verbosity                        level=WRN
[INFO] [06-01|08:50:34.431] Set global gas cap                       cap=50000000
[INFO] [06-01|08:50:34.432] [Downloader] Runnning with               ipv6-enabled=true ipv4-enabled=true download.rate=16mb upload.rate=4mb
[INFO] [06-01|08:50:34.432] Opening Database                         label=chaindata path=/home/ubuntu/op-erigon/erigon_db/chaindata
[INFO] [06-01|08:50:34.433] [db] params: growStep=2GB, mapsSize=7TB, shrinkThreshold=-1, pageSize=4KB, label=chaindata, WriteMap=false, Durable=false, NoReadahead=true,  
[INFO] [06-01|08:50:34.434] Initialised chain configuration          config="{ChainID: 420, Homestead: 0, DAO: <nil>, Tangerine Whistle: 0, Spurious Dragon: 0, Byzantium: 0, Constantinople: 0, Petersburg: 0, Istanbul: 0, Muir Glacier: 0, Berlin: 0, London: 4061224, Arrow Glacier: 4061224, Gray Glacier: 4061224, Terminal Total Difficulty: 0, Merge Netsplit: 4061224, Shanghai: <nil>, Cancun: <nil>, Prague: <nil>, Engine: unknown}" genesis=0xc1fc15cd51159b1f1e5cbc4b82e85c1447ddfa33c52cf1d98d14fba0d6354be1
[INFO] [06-01|08:50:34.435] Effective                                prune_flags= snapshot_flags= history.v3=false
[INFO] [06-01|08:50:34.435] Initialising Ethereum protocol           network=420
[INFO] [06-01|08:50:34.435] Disk storage enabled for ethash DAGs     dir=/home/ubuntu/op-erigon/erigon_db/ethash-dags count=2
[INFO] [06-01|08:50:34.788] Starting private RPC server              on=127.0.0.1:9090
[INFO] [06-01|08:50:34.788] new subscription to logs established 
[INFO] [06-01|08:50:34.789] rpc filters: subscribing to Erigon events 
[INFO] [06-01|08:50:34.789] Dropping Log Index 
[INFO] [06-01|08:50:34.789] Dropped LogTopicIndex Table              elapsed=5.238µs
[INFO] [06-01|08:50:34.789] Dropped LogAddressIndex Table            elapsed=15.92µs
[INFO] [06-01|08:50:34.789] new subscription to newHeaders established 
[INFO] [06-01|08:50:34.789] Reading JWT secret                       path=/home/ubuntu/op-erigon/erigon_db/jwt.hex
[INFO] [06-01|08:50:34.789] HTTP endpoint opened for Engine API      url=127.0.0.1:8551 ws=true ws.compression=true
[INFO] [06-01|08:50:34.790] HTTP endpoint opened                     url=127.0.0.1:8545 ws=false ws.compression=true grpc=false
[INFO] [06-01|08:50:34.790] DB commit                                elapsed=980.422µs
