INFO [06-01|05:22:29.335] Maximum peer count                       ETH=50 LES=0 total=50
INFO [06-01|05:22:29.336] Smartcard socket not found, disabling    err="stat /run/pcscd/pcscd.comm: no such file or directory"
INFO [06-01|05:22:29.338] Set global gas cap                       cap=50,000,000
INFO [06-01|05:22:29.340] Using leveldb as the backing database 
INFO [06-01|05:22:29.340] Allocated cache and file handles         database=/home/ubuntu/geth_db/geth/chaindata cache=512.00MiB handles=524,288 readonly=true
INFO [06-01|05:22:29.652] Using LevelDB as the backing database 
INFO [06-01|05:22:29.652] Found legacy ancient chain path          location=/home/ubuntu/geth_db/geth/chaindata/ancient
INFO [06-01|05:22:29.652] Opened ancient database                  database=/home/ubuntu/geth_db/geth/chaindata/ancient readonly=true
INFO [06-01|05:22:29.653] State dump configured                    block=4,061,224 hash=0x0f783549ea4313b784eadd9b8e8a69913b368b7366363ea814d7707ac505175f skipcode=false skipstorage=false start=0x0000000000000000000000000000000000000000000000000000000000000000 limit=0
INFO [06-01|05:22:29.653] Trie dumping started                     root=bfe2b0..c2d21c
INFO [06-01|05:22:37.748] Trie dumping in progress                 at="[13 252 104 230 219 26 241 158 8 236 222 153 188 115 116 39 251 109 175 134 205 47 224 187 68 212 64 107 54 121 134 183]" accounts=6956 elapsed=8.095s
INFO [06-01|05:22:45.780] Trie dumping in progress                 at="[36 4 4 68 202 255 209 13 86 166 229 75 217 37 169 142 52 205 236 237 128 112 31 9 163 183 86 57 192 214 227 109]" accounts=17835 elapsed=16.126s
INFO [06-01|05:23:34.549] Trie dumping in progress                 at="[46 166 113 5 123 1 199 107 205 255 75 248 11 172 94 210 149 12 109 10 222 157 240 147 211 23 2 19 192 28 23 43]" accounts=23049 elapsed=1m4.895s
INFO [06-01|05:23:42.549] Trie dumping in progress                 at="[70 174 192 26 188 224 0 209 145 213 195 124 121 230 11 126 89 12 245 217 17 232 78 234 60 130 53 56 70 50 114 68]" accounts=35103 elapsed=1m12.896s
INFO [06-01|05:23:51.680] Trie dumping in progress                 at="[84 138 117 82 140 73 173 80 199 176 69 60 81 32 248 252 143 69 66 169 46 218 166 221 245 82 227 124 104 168 243 252]" accounts=42141 elapsed=1m22.026s
INFO [06-01|05:24:00.381] Trie dumping in progress                 at="[103 188 2 73 146 196 119 194 46 248 203 210 169 27 156 90 91 105 150 1 89 5 243 195 142 19 106 18 123 228 140 152]" accounts=51755 elapsed=1m30.728s
INFO [06-01|05:24:08.402] Trie dumping in progress                 at="[127 182 214 168 56 6 35 10 188 29 160 13 122 54 171 151 179 152 150 144 45 56 7 237 145 188 139 118 138 100 173 231]" accounts=63766 elapsed=1m38.749s
INFO [06-01|05:24:19.044] Trie dumping in progress                 at="[131 180 56 192 37 9 144 250 194 165 245 190 98 71 20 168 164 82 69 36 188 50 76 140 69 118 67 100 163 145 200 128]" accounts=65730 elapsed=1m49.391s
INFO [06-01|05:24:27.583] Trie dumping in progress                 at="[141 109 164 161 50 59 240 200 207 194 192 125 157 65 142 150 36 92 79 110 173 60 199 12 194 126 175 227 53 190 123 122]" accounts=70698 elapsed=1m57.930s
INFO [06-01|05:25:03.596] Trie dumping in progress                 at="[155 148 14 39 173 79 229 32 6 101 43 132 52 175 219 126 185 13 112 42 119 209 26 88 68 98 30 184 249 57 51 195]" accounts=77703 elapsed=2m33.942s
INFO [06-01|05:25:13.161] Trie dumping in progress                 at="[171 47 65 213 166 204 209 14 165 49 242 93 170 146 189 20 200 53 158 196 0 34 132 246 12 167 19 173 163 240 243 197]" accounts=85595 elapsed=2m43.507s
INFO [06-01|05:25:22.884] Trie dumping in progress                 at="[183 21 86 171 82 194 29 58 113 192 121 103 168 212 99 59 75 97 11 63 247 64 67 73 199 34 210 238 217 250 130 88]" accounts=91533 elapsed=2m53.230s
INFO [06-01|05:25:44.452] Trie dumping in progress                 at="[198 220 101 31 149 81 52 57 78 237 7 249 229 191 251 235 134 219 0 52 87 165 208 208 237 48 150 211 81 253 18 249]" accounts=99471 elapsed=3m14.798s
INFO [06-01|05:25:54.014] Trie dumping in progress                 at="[220 29 228 126 104 190 252 77 21 170 87 40 131 162 61 231 11 39 8 209 47 41 48 148 203 52 240 135 155 20 23 11]" accounts=109,834 elapsed=3m24.361s
INFO [06-01|05:26:03.161] Trie dumping in progress                 at="[244 29 38 43 47 36 234 32 187 211 189 124 249 149 27 196 63 144 225 26 88 125 117 30 37 30 194 74 159 233 255 183]" accounts=121,756 elapsed=3m33.508s
INFO [06-01|05:26:07.532] Trie dumping complete                    accounts=127,608 elapsed=3m37.878s
