INFO [06-01|05:13:29.424] Maximum peer count                       ETH=50 LES=0 total=50
INFO [06-01|05:13:29.425] Smartcard socket not found, disabling    err="stat /run/pcscd/pcscd.comm: no such file or directory"
INFO [06-01|05:13:29.427] Set global gas cap                       cap=50,000,000
INFO [06-01|05:13:29.429] Using leveldb as the backing database 
INFO [06-01|05:13:29.429] Allocated cache and file handles         database=/home/ubuntu/geth_db/geth/chaindata cache=512.00MiB handles=524,288 readonly=true
INFO [06-01|05:13:29.741] Using LevelDB as the backing database 
INFO [06-01|05:13:29.741] Found legacy ancient chain path          location=/home/ubuntu/geth_db/geth/chaindata/ancient
INFO [06-01|05:13:29.741] Opened ancient database                  database=/home/ubuntu/geth_db/geth/chaindata/ancient readonly=true
INFO [06-01|05:13:29.742] Disk storage enabled for ethash caches   dir=/home/ubuntu/geth_db/geth/ethash count=3
INFO [06-01|05:13:29.742] Disk storage enabled for ethash DAGs     dir=/home/ubuntu/.ethash             count=2
INFO [06-01|05:13:29.742]  
INFO [06-01|05:13:29.742] --------------------------------------------------------------------------------------------------------------------------------------------------------- 
INFO [06-01|05:13:29.742] Chain ID:  420 (unknown) 
INFO [06-01|05:13:29.742] Consensus: Optimism 
INFO [06-01|05:13:29.742]  
INFO [06-01|05:13:29.742] Pre-Merge hard forks (block based): 
INFO [06-01|05:13:29.742]  - Homestead:                   #0        (https://github.com/ethereum/execution-specs/blob/master/network-upgrades/mainnet-upgrades/homestead.md) 
INFO [06-01|05:13:29.742]  - Tangerine Whistle (EIP 150): #0        (https://github.com/ethereum/execution-specs/blob/master/network-upgrades/mainnet-upgrades/tangerine-whistle.md) 
INFO [06-01|05:13:29.742]  - Spurious Dragon/1 (EIP 155): #0        (https://github.com/ethereum/execution-specs/blob/master/network-upgrades/mainnet-upgrades/spurious-dragon.md) 
INFO [06-01|05:13:29.742]  - Spurious Dragon/2 (EIP 158): #0        (https://github.com/ethereum/execution-specs/blob/master/network-upgrades/mainnet-upgrades/spurious-dragon.md) 
INFO [06-01|05:13:29.743]  - Byzantium:                   #0        (https://github.com/ethereum/execution-specs/blob/master/network-upgrades/mainnet-upgrades/byzantium.md) 
INFO [06-01|05:13:29.743]  - Constantinople:              #0        (https://github.com/ethereum/execution-specs/blob/master/network-upgrades/mainnet-upgrades/constantinople.md) 
INFO [06-01|05:13:29.743]  - Petersburg:                  #0        (https://github.com/ethereum/execution-specs/blob/master/network-upgrades/mainnet-upgrades/petersburg.md) 
INFO [06-01|05:13:29.743]  - Istanbul:                    #0        (https://github.com/ethereum/execution-specs/blob/master/network-upgrades/mainnet-upgrades/istanbul.md) 
INFO [06-01|05:13:29.743]  - Muir Glacier:                #0        (https://github.com/ethereum/execution-specs/blob/master/network-upgrades/mainnet-upgrades/muir-glacier.md) 
INFO [06-01|05:13:29.743]  - Berlin:                      #0        (https://github.com/ethereum/execution-specs/blob/master/network-upgrades/mainnet-upgrades/berlin.md) 
INFO [06-01|05:13:29.743]  - London:                      #4061224  (https://github.com/ethereum/execution-specs/blob/master/network-upgrades/mainnet-upgrades/london.md) 
INFO [06-01|05:13:29.743]  - Arrow Glacier:               #4061224  (https://github.com/ethereum/execution-specs/blob/master/network-upgrades/mainnet-upgrades/arrow-glacier.md) 
INFO [06-01|05:13:29.743]  - Gray Glacier:                #4061224  (https://github.com/ethereum/execution-specs/blob/master/network-upgrades/mainnet-upgrades/gray-glacier.md) 
INFO [06-01|05:13:29.743]  
INFO [06-01|05:13:29.743] Merge configured: 
INFO [06-01|05:13:29.743]  - Hard-fork specification:    https://github.com/ethereum/execution-specs/blob/master/network-upgrades/mainnet-upgrades/paris.md 
INFO [06-01|05:13:29.743]  - Network known to be merged: true 
INFO [06-01|05:13:29.743]  - Total terminal difficulty:  0 
INFO [06-01|05:13:29.743]  - Merge netsplit block:       #4061224  
INFO [06-01|05:13:29.743]  
INFO [06-01|05:13:29.743] Post-Merge hard forks (timestamp based): 
INFO [06-01|05:13:29.743]  - Regolith:                    @1679079600 
INFO [06-01|05:13:29.743]  
INFO [06-01|05:13:29.743] --------------------------------------------------------------------------------------------------------------------------------------------------------- 
INFO [06-01|05:13:29.743]  
INFO [06-01|05:13:29.743] Loaded most recent local block           number=4,061,224 hash=0f7835..05175f td=0 age=4mo2w5d
INFO [06-01|05:13:29.743] Loaded most recent local finalized block number=4,061,224 hash=0f7835..05175f td=0 age=4mo2w5d
INFO [06-01|05:13:29.744] Exporting blockchain                     file=/tmp/migration-artifact/blocks.rlp
INFO [06-01|05:13:29.744] Exporting batch of blocks                count=4,061,225
INFO [06-01|05:13:37.744] Exporting blocks                         exported=326,049 elapsed=8.000s
INFO [06-01|05:13:45.744] Exporting blocks                         exported=645,662 elapsed=16.000s
INFO [06-01|05:13:53.744] Exporting blocks                         exported=962,045 elapsed=24.000s
INFO [06-01|05:14:01.744] Exporting blocks                         exported=1,277,866 elapsed=32.000s
INFO [06-01|05:14:09.744] Exporting blocks                         exported=1,591,838 elapsed=40.000s
INFO [06-01|05:14:17.744] Exporting blocks                         exported=1,910,235 elapsed=48.000s
INFO [06-01|05:14:25.744] Exporting blocks                         exported=2,228,007 elapsed=56.000s
INFO [06-01|05:14:33.744] Exporting blocks                         exported=2,535,125 elapsed=1m4.000s
INFO [06-01|05:14:41.744] Exporting blocks                         exported=2,840,282 elapsed=1m12.000s
INFO [06-01|05:14:49.744] Exporting blocks                         exported=3,136,300 elapsed=1m20.000s
INFO [06-01|05:14:57.744] Exporting blocks                         exported=3,438,519 elapsed=1m28.000s
INFO [06-01|05:15:05.744] Exporting blocks                         exported=3,743,551 elapsed=1m36.000s
INFO [06-01|05:15:13.744] Exporting blocks                         exported=4,027,503 elapsed=1m44.000s
INFO [06-01|05:15:14.931] Exported blockchain to                   file=/tmp/migration-artifact/blocks.rlp
