INFO [06-01|08:09:11.408] Maximum peer count                       ETH=50 LES=0 total=50
INFO [06-01|08:09:11.409] Smartcard socket not found, disabling    err="stat /run/pcscd/pcscd.comm: no such file or directory"
INFO [06-01|08:09:11.411] Set global gas cap                       cap=50,000,000
INFO [06-01|08:09:11.413] Using leveldb as the backing database 
INFO [06-01|08:09:11.413] Allocated cache and file handles         database=/home/ubuntu/geth_db/geth/chaindata cache=512.00MiB handles=524,288 readonly=true
INFO [06-01|08:09:11.740] Using LevelDB as the backing database 
INFO [06-01|08:09:11.740] Found legacy ancient chain path          location=/home/ubuntu/geth_db/geth/chaindata/ancient
INFO [06-01|08:09:11.741] Opened ancient database                  database=/home/ubuntu/geth_db/geth/chaindata/ancient readonly=true
INFO [06-01|08:09:11.741] Disk storage enabled for ethash caches   dir=/home/ubuntu/geth_db/geth/ethash count=3
INFO [06-01|08:09:11.741] Disk storage enabled for ethash DAGs     dir=/home/ubuntu/.ethash             count=2
INFO [06-01|08:09:11.742]  
INFO [06-01|08:09:11.742] --------------------------------------------------------------------------------------------------------------------------------------------------------- 
INFO [06-01|08:09:11.742] Chain ID:  420 (unknown) 
INFO [06-01|08:09:11.742] Consensus: Optimism 
INFO [06-01|08:09:11.742]  
INFO [06-01|08:09:11.742] Pre-Merge hard forks (block based): 
INFO [06-01|08:09:11.742]  - Homestead:                   #0        (https://github.com/ethereum/execution-specs/blob/master/network-upgrades/mainnet-upgrades/homestead.md) 
INFO [06-01|08:09:11.742]  - Tangerine Whistle (EIP 150): #0        (https://github.com/ethereum/execution-specs/blob/master/network-upgrades/mainnet-upgrades/tangerine-whistle.md) 
INFO [06-01|08:09:11.742]  - Spurious Dragon/1 (EIP 155): #0        (https://github.com/ethereum/execution-specs/blob/master/network-upgrades/mainnet-upgrades/spurious-dragon.md) 
INFO [06-01|08:09:11.742]  - Spurious Dragon/2 (EIP 158): #0        (https://github.com/ethereum/execution-specs/blob/master/network-upgrades/mainnet-upgrades/spurious-dragon.md) 
INFO [06-01|08:09:11.742]  - Byzantium:                   #0        (https://github.com/ethereum/execution-specs/blob/master/network-upgrades/mainnet-upgrades/byzantium.md) 
INFO [06-01|08:09:11.742]  - Constantinople:              #0        (https://github.com/ethereum/execution-specs/blob/master/network-upgrades/mainnet-upgrades/constantinople.md) 
INFO [06-01|08:09:11.742]  - Petersburg:                  #0        (https://github.com/ethereum/execution-specs/blob/master/network-upgrades/mainnet-upgrades/petersburg.md) 
INFO [06-01|08:09:11.742]  - Istanbul:                    #0        (https://github.com/ethereum/execution-specs/blob/master/network-upgrades/mainnet-upgrades/istanbul.md) 
INFO [06-01|08:09:11.742]  - Muir Glacier:                #0        (https://github.com/ethereum/execution-specs/blob/master/network-upgrades/mainnet-upgrades/muir-glacier.md) 
INFO [06-01|08:09:11.742]  - Berlin:                      #0        (https://github.com/ethereum/execution-specs/blob/master/network-upgrades/mainnet-upgrades/berlin.md) 
INFO [06-01|08:09:11.742]  - London:                      #4061224  (https://github.com/ethereum/execution-specs/blob/master/network-upgrades/mainnet-upgrades/london.md) 
INFO [06-01|08:09:11.742]  - Arrow Glacier:               #4061224  (https://github.com/ethereum/execution-specs/blob/master/network-upgrades/mainnet-upgrades/arrow-glacier.md) 
INFO [06-01|08:09:11.742]  - Gray Glacier:                #4061224  (https://github.com/ethereum/execution-specs/blob/master/network-upgrades/mainnet-upgrades/gray-glacier.md) 
INFO [06-01|08:09:11.742]  
INFO [06-01|08:09:11.742] Merge configured: 
INFO [06-01|08:09:11.742]  - Hard-fork specification:    https://github.com/ethereum/execution-specs/blob/master/network-upgrades/mainnet-upgrades/paris.md 
INFO [06-01|08:09:11.742]  - Network known to be merged: true 
INFO [06-01|08:09:11.742]  - Total terminal difficulty:  0 
INFO [06-01|08:09:11.742]  - Merge netsplit block:       #4061224  
INFO [06-01|08:09:11.742]  
INFO [06-01|08:09:11.742] Post-Merge hard forks (timestamp based): 
INFO [06-01|08:09:11.742]  - Regolith:                    @1679079600 
INFO [06-01|08:09:11.742]  
INFO [06-01|08:09:11.742] --------------------------------------------------------------------------------------------------------------------------------------------------------- 
INFO [06-01|08:09:11.742]  
INFO [06-01|08:09:11.743] Loaded most recent local block           number=4,061,224 hash=0f7835..05175f td=0 age=4mo2w5d
INFO [06-01|08:09:11.743] Loaded most recent local finalized block number=4,061,224 hash=0f7835..05175f td=0 age=4mo2w5d
INFO [06-01|08:09:11.743] Exporting blockchain                     file=/tmp/migration-artifact/blocks.rlp
INFO [06-01|08:09:11.743] Exporting batch of blocks                count=4,061,225
INFO [06-01|08:09:19.743] Exporting blocks                         exported=359,775 elapsed=8.000s
INFO [06-01|08:09:27.743] Exporting blocks                         exported=715,949 elapsed=16.000s
INFO [06-01|08:09:35.743] Exporting blocks                         exported=1,068,866 elapsed=24.000s
INFO [06-01|08:09:43.743] Exporting blocks                         exported=1,422,576 elapsed=32.000s
INFO [06-01|08:09:51.743] Exporting blocks                         exported=1,775,506 elapsed=40.000s
INFO [06-01|08:09:59.743] Exporting blocks                         exported=2,130,713 elapsed=48.000s
INFO [06-01|08:10:07.743] Exporting blocks                         exported=2,479,930 elapsed=56.000s
INFO [06-01|08:10:15.744] Exporting blocks                         exported=2,823,560 elapsed=1m4.000s
INFO [06-01|08:10:23.744] Exporting blocks                         exported=3,161,480 elapsed=1m12.000s
INFO [06-01|08:10:31.744] Exporting blocks                         exported=3,503,379 elapsed=1m20.000s
INFO [06-01|08:10:39.744] Exporting blocks                         exported=3,847,625 elapsed=1m28.000s
INFO [06-01|08:10:45.525] Exported blockchain to                   file=/tmp/migration-artifact/blocks.rlp
