 ____           _                _      __  __ _                 _   _              
 |  _ \         | |              | |    |  \/  (_)               | | (_)            
 | |_) | ___  __| |_ __ ___   ___| | __ | \  / |_  __ _ _ __ __ _| |_ _  ___  _ __  
 |  _ < / _ \/ _  |  __/ _ \ / __| |/ / | |\/| | |/ _  | '__/ _  | __| |/ _ \| '_ \ 
 | |_) |  __/ (_| | | | (_) | (__|   <  | |  | | | (_| | | | (_| | |_| | (_) | | | |
 |____/ \___|\__,_|_|  \___/ \___|_|\_\ |_|  |_|_|\__, |_|  \__,_|\__|_|\___/|_| |_|
                                                   __/ |                            
                                                  |___/                             
data dir set to /data1/geth_db
artifact path set to /data1/migration-artifact
+------------------------------------------+
| Wed Jun  7 05:10:45 UTC 2023             |
|                                          |
|[1m Init                                     [m|
+------------------------------------------+
  % Total    % Received % Xferd  Average Speed   Time    Time     Time  Current
                                 Dload  Upload   Total   Spent    Left  Speed
  0     0    0     0    0     0      0      0 --:--:-- --:--:-- --:--:--     0100   120  100    47  100    73  67821   102k --:--:-- --:--:-- --:--:--  117k
{"jsonrpc":"2.0","id":83,"result":"0x645c277"}
+------------------------------------------+
| Wed Jun  7 05:11:05 UTC 2023             |
|                                          |
|[1m Export Blocks                            [m|
+------------------------------------------+
Export done in 37m20.738344197s

real	37m21.307s
user	31m3.220s
sys	10m20.636s
+------------------------------------------+
| Wed Jun  7 05:48:26 UTC 2023             |
|                                          |
|[1m Export Total Difficulty                  [m|
+------------------------------------------+
Export done in 35m6.382702581s

real	35m6.957s
user	31m33.408s
sys	7m10.398s
+------------------------------------------+
| Wed Jun  7 06:23:33 UTC 2023             |
|                                          |
|[1m Export Receipts                          [m|
+------------------------------------------+
Export done in 3h37m58.144484126s

real	217m58.750s
user	179m24.633s
sys	51m20.692s
+------------------------------------------+
| Wed Jun  7 10:01:32 UTC 2023             |
|                                          |
|[1m Export State                             [m|
+------------------------------------------+

real	179m39.917s
user	170m18.725s
sys	42m28.341s
