INFO [06-01|05:16:47.783] Maximum peer count                       ETH=50 LES=0 total=50
INFO [06-01|05:16:47.784] Smartcard socket not found, disabling    err="stat /run/pcscd/pcscd.comm: no such file or directory"
INFO [06-01|05:16:47.786] Set global gas cap                       cap=50,000,000
INFO [06-01|05:16:47.788] Using leveldb as the backing database 
INFO [06-01|05:16:47.788] Allocated cache and file handles         database=/home/ubuntu/geth_db/geth/chaindata cache=512.00MiB handles=524,288 readonly=true
INFO [06-01|05:16:48.102] Using LevelDB as the backing database 
INFO [06-01|05:16:48.102] Found legacy ancient chain path          location=/home/ubuntu/geth_db/geth/chaindata/ancient
INFO [06-01|05:16:48.102] Opened ancient database                  database=/home/ubuntu/geth_db/geth/chaindata/ancient readonly=true
INFO [06-01|05:16:48.103] Disk storage enabled for ethash caches   dir=/home/ubuntu/geth_db/geth/ethash count=3
INFO [06-01|05:16:48.103] Disk storage enabled for ethash DAGs     dir=/home/ubuntu/.ethash             count=2
INFO [06-01|05:16:48.103]  
INFO [06-01|05:16:48.103] --------------------------------------------------------------------------------------------------------------------------------------------------------- 
INFO [06-01|05:16:48.103] Chain ID:  420 (unknown) 
INFO [06-01|05:16:48.103] Consensus: Optimism 
INFO [06-01|05:16:48.103]  
INFO [06-01|05:16:48.103] Pre-Merge hard forks (block based): 
INFO [06-01|05:16:48.104]  - Homestead:                   #0        (https://github.com/ethereum/execution-specs/blob/master/network-upgrades/mainnet-upgrades/homestead.md) 
INFO [06-01|05:16:48.104]  - Tangerine Whistle (EIP 150): #0        (https://github.com/ethereum/execution-specs/blob/master/network-upgrades/mainnet-upgrades/tangerine-whistle.md) 
INFO [06-01|05:16:48.104]  - Spurious Dragon/1 (EIP 155): #0        (https://github.com/ethereum/execution-specs/blob/master/network-upgrades/mainnet-upgrades/spurious-dragon.md) 
INFO [06-01|05:16:48.104]  - Spurious Dragon/2 (EIP 158): #0        (https://github.com/ethereum/execution-specs/blob/master/network-upgrades/mainnet-upgrades/spurious-dragon.md) 
INFO [06-01|05:16:48.104]  - Byzantium:                   #0        (https://github.com/ethereum/execution-specs/blob/master/network-upgrades/mainnet-upgrades/byzantium.md) 
INFO [06-01|05:16:48.104]  - Constantinople:              #0        (https://github.com/ethereum/execution-specs/blob/master/network-upgrades/mainnet-upgrades/constantinople.md) 
INFO [06-01|05:16:48.104]  - Petersburg:                  #0        (https://github.com/ethereum/execution-specs/blob/master/network-upgrades/mainnet-upgrades/petersburg.md) 
INFO [06-01|05:16:48.104]  - Istanbul:                    #0        (https://github.com/ethereum/execution-specs/blob/master/network-upgrades/mainnet-upgrades/istanbul.md) 
INFO [06-01|05:16:48.104]  - Muir Glacier:                #0        (https://github.com/ethereum/execution-specs/blob/master/network-upgrades/mainnet-upgrades/muir-glacier.md) 
INFO [06-01|05:16:48.104]  - Berlin:                      #0        (https://github.com/ethereum/execution-specs/blob/master/network-upgrades/mainnet-upgrades/berlin.md) 
INFO [06-01|05:16:48.104]  - London:                      #4061224  (https://github.com/ethereum/execution-specs/blob/master/network-upgrades/mainnet-upgrades/london.md) 
INFO [06-01|05:16:48.104]  - Arrow Glacier:               #4061224  (https://github.com/ethereum/execution-specs/blob/master/network-upgrades/mainnet-upgrades/arrow-glacier.md) 
INFO [06-01|05:16:48.104]  - Gray Glacier:                #4061224  (https://github.com/ethereum/execution-specs/blob/master/network-upgrades/mainnet-upgrades/gray-glacier.md) 
INFO [06-01|05:16:48.104]  
INFO [06-01|05:16:48.104] Merge configured: 
INFO [06-01|05:16:48.104]  - Hard-fork specification:    https://github.com/ethereum/execution-specs/blob/master/network-upgrades/mainnet-upgrades/paris.md 
INFO [06-01|05:16:48.104]  - Network known to be merged: true 
INFO [06-01|05:16:48.104]  - Total terminal difficulty:  0 
INFO [06-01|05:16:48.104]  - Merge netsplit block:       #4061224  
INFO [06-01|05:16:48.104]  
INFO [06-01|05:16:48.104] Post-Merge hard forks (timestamp based): 
INFO [06-01|05:16:48.104]  - Regolith:                    @1679079600 
INFO [06-01|05:16:48.104]  
INFO [06-01|05:16:48.104] --------------------------------------------------------------------------------------------------------------------------------------------------------- 
INFO [06-01|05:16:48.104]  
INFO [06-01|05:16:48.104] Loaded most recent local block           number=4,061,224 hash=0f7835..05175f td=0 age=4mo2w5d
INFO [06-01|05:16:48.104] Loaded most recent local finalized block number=4,061,224 hash=0f7835..05175f td=0 age=4mo2w5d
INFO [06-01|05:16:48.105] Exporting receipts                       file=/tmp/migration-artifact/receipts.rlp
INFO [06-01|05:16:48.105] Exporting batch of receipts              count=4,061,225
INFO [06-01|05:16:56.105] Exporting receipts                       exported=115,573 elapsed=8.000s
INFO [06-01|05:17:04.105] Exporting receipts                       exported=232,607 elapsed=16.000s
INFO [06-01|05:17:12.105] Exporting receipts                       exported=346,667 elapsed=24.000s
INFO [06-01|05:17:20.105] Exporting receipts                       exported=460,879 elapsed=32.000s
INFO [06-01|05:17:28.105] Exporting receipts                       exported=571,483 elapsed=40.000s
INFO [06-01|05:17:36.105] Exporting receipts                       exported=675,446 elapsed=48.000s
INFO [06-01|05:17:44.105] Exporting receipts                       exported=783,293 elapsed=56.000s
INFO [06-01|05:17:52.105] Exporting receipts                       exported=890,139 elapsed=1m4.000s
INFO [06-01|05:18:00.105] Exporting receipts                       exported=993,922 elapsed=1m12.000s
INFO [06-01|05:18:08.105] Exporting receipts                       exported=1,100,451 elapsed=1m20.000s
INFO [06-01|05:18:16.105] Exporting receipts                       exported=1,210,988 elapsed=1m28.000s
INFO [06-01|05:18:24.106] Exporting receipts                       exported=1,319,672 elapsed=1m36.000s
INFO [06-01|05:18:32.106] Exporting receipts                       exported=1,423,459 elapsed=1m44.000s
INFO [06-01|05:18:40.106] Exporting receipts                       exported=1,526,655 elapsed=1m52.001s
INFO [06-01|05:18:48.106] Exporting receipts                       exported=1,632,705 elapsed=2m0.001s
INFO [06-01|05:18:56.106] Exporting receipts                       exported=1,740,673 elapsed=2m8.001s
INFO [06-01|05:19:04.106] Exporting receipts                       exported=1,839,438 elapsed=2m16.001s
INFO [06-01|05:19:12.106] Exporting receipts                       exported=1,933,914 elapsed=2m24.001s
INFO [06-01|05:19:20.106] Exporting receipts                       exported=2,026,702 elapsed=2m32.001s
INFO [06-01|05:19:28.106] Exporting receipts                       exported=2,116,651 elapsed=2m40.001s
INFO [06-01|05:19:36.107] Exporting receipts                       exported=2,203,465 elapsed=2m48.001s
INFO [06-01|05:19:44.107] Exporting receipts                       exported=2,284,731 elapsed=2m56.001s
INFO [06-01|05:19:52.107] Exporting receipts                       exported=2,366,583 elapsed=3m4.001s
INFO [06-01|05:20:00.107] Exporting receipts                       exported=2,454,520 elapsed=3m12.002s
INFO [06-01|05:20:08.107] Exporting receipts                       exported=2,543,076 elapsed=3m20.002s
INFO [06-01|05:20:16.107] Exporting receipts                       exported=2,630,769 elapsed=3m28.002s
INFO [06-01|05:20:24.107] Exporting receipts                       exported=2,723,744 elapsed=3m36.002s
INFO [06-01|05:20:32.107] Exporting receipts                       exported=2,808,426 elapsed=3m44.002s
INFO [06-01|05:20:40.107] Exporting receipts                       exported=2,887,739 elapsed=3m52.002s
INFO [06-01|05:20:48.107] Exporting receipts                       exported=2,961,011 elapsed=4m0.002s
INFO [06-01|05:20:56.107] Exporting receipts                       exported=3,039,960 elapsed=4m8.002s
INFO [06-01|05:21:04.107] Exporting receipts                       exported=3,115,717 elapsed=4m16.002s
INFO [06-01|05:21:12.108] Exporting receipts                       exported=3,210,166 elapsed=4m24.002s
INFO [06-01|05:21:20.108] Exporting receipts                       exported=3,300,689 elapsed=4m32.002s
INFO [06-01|05:21:28.108] Exporting receipts                       exported=3,394,365 elapsed=4m40.003s
INFO [06-01|05:21:36.108] Exporting receipts                       exported=3,467,459 elapsed=4m48.003s
INFO [06-01|05:21:44.108] Exporting receipts                       exported=3,562,823 elapsed=4m56.003s
INFO [06-01|05:21:52.108] Exporting receipts                       exported=3,656,729 elapsed=5m4.003s
INFO [06-01|05:22:00.108] Exporting receipts                       exported=3,756,430 elapsed=5m12.003s
INFO [06-01|05:22:08.108] Exporting receipts                       exported=3,842,650 elapsed=5m20.003s
INFO [06-01|05:22:16.108] Exporting receipts                       exported=3,927,282 elapsed=5m28.003s
INFO [06-01|05:22:24.108] Exporting receipts                       exported=4,011,940 elapsed=5m36.003s
INFO [06-01|05:22:29.241] Exported receipts to                     file=/tmp/migration-artifact/receipts.rlp
