 ____           _                _      __  __ _                 _   _              
 |  _ \         | |              | |    |  \/  (_)               | | (_)            
 | |_) | ___  __| |_ __ ___   ___| | __ | \  / |_  __ _ _ __ __ _| |_ _  ___  _ __  
 |  _ < / _ \/ _  |  __/ _ \ / __| |/ / | |\/| | |/ _  | '__/ _  | __| |/ _ \| '_ \ 
 | |_) |  __/ (_| | | | (_) | (__|   <  | |  | | | (_| | | | (_| | |_| | (_) | | | |
 |____/ \___|\__,_|_|  \___/ \___|_|\_\ |_|  |_|_|\__, |_|  \__,_|\__|_|\___/|_| |_|
                                                   __/ |                            
                                                  |___/                             
+------------------------------------------+
| Fri Jun  2 07:05:52 UTC 2023             |
|                                          |
|[1m Init                                     [m|
+------------------------------------------+
  % Total    % Received % Xferd  Average Speed   Time    Time     Time  Current
                                 Dload  Upload   Total   Spent    Left  Speed
  0     0    0     0    0     0      0      0 --:--:-- --:--:-- --:--:--     0100   119  100    46  100    73  64971   100k --:--:-- --:--:-- --:--:--  116k
{"jsonrpc":"2.0","id":83,"result":"0x3df828"}
+------------------------------------------+
| Fri Jun  2 07:06:12 UTC 2023             |
|                                          |
|[1m Export Blocks                            [m|
+------------------------------------------+
Export done in 1m50.687275736s

real	1m51.047s
user	1m17.318s
sys	0m36.792s
+------------------------------------------+
| Fri Jun  2 07:08:03 UTC 2023             |
|                                          |
|[1m Export Total Difficulty                  [m|
+------------------------------------------+
Export done in 1m35.420948871s

real	1m35.767s
user	1m19.200s
sys	0m19.568s
+------------------------------------------+
| Fri Jun  2 07:09:39 UTC 2023             |
|                                          |
|[1m Export Receipts                          [m|
+------------------------------------------+
Export done in 5m48.754588185s

real	5m49.147s
user	4m47.784s
sys	1m17.258s
