[INFO] [06-02|06:58:50.741] logging to file system                   log dir=migration-log/recover_senders file prefix=erigon log level=info json=false
[INFO] [06-02|06:58:50.741] Starting metrics server                  addr=http://127.0.0.1:6060/debug/metrics/prometheus
[INFO] [06-02|06:58:50.749] Starting Erigon on Optimism Görli testnet... 
[INFO] [06-02|06:58:50.749] Maximum peer count                       ETH=0 total=0
[INFO] [06-02|06:58:50.749] starting HTTP APIs                       APIs=eth,erigon,engine
[INFO] [06-02|06:58:50.750] torrent verbosity                        level=WRN
[INFO] [06-02|06:58:52.852] Set global gas cap                       cap=50000000
[INFO] [06-02|06:58:52.855] [Downloader] Runnning with               ipv6-enabled=true ipv4-enabled=true download.rate=16mb upload.rate=4mb
[INFO] [06-02|06:58:52.855] Opening Database                         label=chaindata path=/home/ubuntu/op-erigon/erigon_db/chaindata
[INFO] [06-02|06:58:52.855] [db] params: growStep=2GB, mapsSize=7TB, shrinkThreshold=-1, pageSize=4KB, label=chaindata, WriteMap=false, Durable=false, NoReadahead=true,  
[INFO] [06-02|06:58:52.857] Initialised chain configuration          config="{ChainID: 420, Homestead: 0, DAO: <nil>, Tangerine Whistle: 0, Spurious Dragon: 0, Byzantium: 0, Constantinople: 0, Petersburg: 0, Istanbul: 0, Muir Glacier: 0, Berlin: 0, London: 4061224, Arrow Glacier: 4061224, Gray Glacier: 4061224, Terminal Total Difficulty: 0, Merge Netsplit: 4061224, Shanghai: <nil>, Cancun: <nil>, Prague: <nil>, Engine: unknown}" genesis=0xc1fc15cd51159b1f1e5cbc4b82e85c1447ddfa33c52cf1d98d14fba0d6354be1
[INFO] [06-02|06:58:52.857] Effective                                prune_flags= snapshot_flags= history.v3=false
[INFO] [06-02|06:58:52.857] Initialising Ethereum protocol           network=420
[INFO] [06-02|06:58:52.857] Disk storage enabled for ethash DAGs     dir=/home/ubuntu/op-erigon/erigon_db/ethash-dags count=2
[INFO] [06-02|06:58:53.289] Starting private RPC server              on=localhost:12345
[INFO] [06-02|06:58:53.289] new subscription to logs established 
[INFO] [06-02|06:58:53.289] rpc filters: subscribing to Erigon events 
[INFO] [06-02|06:58:53.290] new subscription to newHeaders established 
[INFO] [06-02|06:58:53.290] Recovering Senders 
[INFO] [06-02|06:58:53.290] Recovery: transactions not found         blockNum=0
[INFO] [06-02|06:58:53.290] Reading JWT secret                       path=/home/ubuntu/op-erigon/erigon_db/jwt.hex
[INFO] [06-02|06:58:53.290] HTTP endpoint opened for Engine API      url=127.0.0.1:8551 ws=true ws.compression=true
[INFO] [06-02|06:58:53.291] HTTP endpoint opened                     url=127.0.0.1:8545 ws=false ws.compression=true grpc=false
[INFO] [06-02|06:59:01.345] Recovering senders                       recovered=85000 elapsed=8.055818708s
[INFO] [06-02|06:59:09.406] Recovering senders                       recovered=172500 elapsed=16.116286599s
[INFO] [06-02|06:59:17.450] Recovering senders                       recovered=260000 elapsed=24.159874678s
[INFO] [06-02|06:59:25.618] Recovering senders                       recovered=350000 elapsed=32.328085212s
[INFO] [06-02|06:59:33.716] Recovering senders                       recovered=440000 elapsed=40.426291258s
[INFO] [06-02|06:59:41.784] Recovering senders                       recovered=527500 elapsed=48.4939519s
[INFO] [06-02|06:59:49.857] Recovering senders                       recovered=615000 elapsed=56.567239919s
[INFO] [06-02|06:59:57.976] Recovering senders                       recovered=702500 elapsed=1m4.686210022s
[INFO] [06-02|07:00:06.097] Recovering senders                       recovered=790000 elapsed=1m12.806991704s
[INFO] [06-02|07:00:14.222] Recovering senders                       recovered=877500 elapsed=1m20.932527469s
[INFO] [06-02|07:00:22.389] Recovering senders                       recovered=965000 elapsed=1m29.099810624s
[INFO] [06-02|07:00:30.559] Recovering senders                       recovered=1052500 elapsed=1m37.269825031s
[INFO] [06-02|07:00:38.676] Recovering senders                       recovered=1140000 elapsed=1m45.386781108s
[INFO] [06-02|07:00:46.809] Recovering senders                       recovered=1227500 elapsed=1m53.519325885s
[INFO] [06-02|07:00:52.858] [p2p] GoodPeers 
[INFO] [06-02|07:00:54.925] Recovering senders                       recovered=1315000 elapsed=2m1.635116755s
[INFO] [06-02|07:01:03.084] Recovering senders                       recovered=1402500 elapsed=2m9.794801273s
[INFO] [06-02|07:01:11.202] Recovering senders                       recovered=1490000 elapsed=2m17.912682154s
[INFO] [06-02|07:01:19.342] Recovering senders                       recovered=1577500 elapsed=2m26.05226815s
[INFO] [06-02|07:01:27.457] Recovering senders                       recovered=1665000 elapsed=2m34.1673786s
[INFO] [06-02|07:01:35.533] Recovering senders                       recovered=1752500 elapsed=2m42.243576339s
[INFO] [06-02|07:01:43.616] Recovering senders                       recovered=1840000 elapsed=2m50.326579844s
[INFO] [06-02|07:01:51.710] Recovering senders                       recovered=1927500 elapsed=2m58.420372115s
[INFO] [06-02|07:01:59.795] Recovering senders                       recovered=2015000 elapsed=3m6.505652233s
