INFO [06-02|07:04:23.243] Maximum peer count                       ETH=50 LES=0 total=50
INFO [06-02|07:04:23.245] Smartcard socket not found, disabling    err="stat /run/pcscd/pcscd.comm: no such file or directory"
INFO [06-02|07:04:23.247] Set global gas cap                       cap=50,000,000
INFO [06-02|07:04:23.251] Using leveldb as the backing database 
INFO [06-02|07:04:23.251] Allocated cache and file handles         database=/home/ubuntu/geth_db/geth/chaindata cache=512.00MiB handles=524,288 readonly=true
INFO [06-02|07:04:23.584] Using LevelDB as the backing database 
INFO [06-02|07:04:23.584] Found legacy ancient chain path          location=/home/ubuntu/geth_db/geth/chaindata/ancient
INFO [06-02|07:04:23.584] Opened ancient database                  database=/home/ubuntu/geth_db/geth/chaindata/ancient readonly=true
INFO [06-02|07:04:23.584] Disk storage enabled for ethash caches   dir=/home/ubuntu/geth_db/geth/ethash count=3
INFO [06-02|07:04:23.584] Disk storage enabled for ethash DAGs     dir=/home/ubuntu/.ethash             count=2
INFO [06-02|07:04:23.585]  
INFO [06-02|07:04:23.585] --------------------------------------------------------------------------------------------------------------------------------------------------------- 
INFO [06-02|07:04:23.585] Chain ID:  420 (unknown) 
INFO [06-02|07:04:23.585] Consensus: Optimism 
INFO [06-02|07:04:23.585]  
INFO [06-02|07:04:23.585] Pre-Merge hard forks (block based): 
INFO [06-02|07:04:23.585]  - Homestead:                   #0        (https://github.com/ethereum/execution-specs/blob/master/network-upgrades/mainnet-upgrades/homestead.md) 
INFO [06-02|07:04:23.585]  - Tangerine Whistle (EIP 150): #0        (https://github.com/ethereum/execution-specs/blob/master/network-upgrades/mainnet-upgrades/tangerine-whistle.md) 
INFO [06-02|07:04:23.585]  - Spurious Dragon/1 (EIP 155): #0        (https://github.com/ethereum/execution-specs/blob/master/network-upgrades/mainnet-upgrades/spurious-dragon.md) 
INFO [06-02|07:04:23.585]  - Spurious Dragon/2 (EIP 158): #0        (https://github.com/ethereum/execution-specs/blob/master/network-upgrades/mainnet-upgrades/spurious-dragon.md) 
INFO [06-02|07:04:23.585]  - Byzantium:                   #0        (https://github.com/ethereum/execution-specs/blob/master/network-upgrades/mainnet-upgrades/byzantium.md) 
INFO [06-02|07:04:23.585]  - Constantinople:              #0        (https://github.com/ethereum/execution-specs/blob/master/network-upgrades/mainnet-upgrades/constantinople.md) 
INFO [06-02|07:04:23.585]  - Petersburg:                  #0        (https://github.com/ethereum/execution-specs/blob/master/network-upgrades/mainnet-upgrades/petersburg.md) 
INFO [06-02|07:04:23.586]  - Istanbul:                    #0        (https://github.com/ethereum/execution-specs/blob/master/network-upgrades/mainnet-upgrades/istanbul.md) 
INFO [06-02|07:04:23.586]  - Muir Glacier:                #0        (https://github.com/ethereum/execution-specs/blob/master/network-upgrades/mainnet-upgrades/muir-glacier.md) 
INFO [06-02|07:04:23.586]  - Berlin:                      #0        (https://github.com/ethereum/execution-specs/blob/master/network-upgrades/mainnet-upgrades/berlin.md) 
INFO [06-02|07:04:23.586]  - London:                      #4061224  (https://github.com/ethereum/execution-specs/blob/master/network-upgrades/mainnet-upgrades/london.md) 
INFO [06-02|07:04:23.586]  - Arrow Glacier:               #4061224  (https://github.com/ethereum/execution-specs/blob/master/network-upgrades/mainnet-upgrades/arrow-glacier.md) 
INFO [06-02|07:04:23.586]  - Gray Glacier:                #4061224  (https://github.com/ethereum/execution-specs/blob/master/network-upgrades/mainnet-upgrades/gray-glacier.md) 
INFO [06-02|07:04:23.586]  
INFO [06-02|07:04:23.586] Merge configured: 
INFO [06-02|07:04:23.586]  - Hard-fork specification:    https://github.com/ethereum/execution-specs/blob/master/network-upgrades/mainnet-upgrades/paris.md 
INFO [06-02|07:04:23.586]  - Network known to be merged: true 
INFO [06-02|07:04:23.586]  - Total terminal difficulty:  0 
INFO [06-02|07:04:23.586]  - Merge netsplit block:       #4061224  
INFO [06-02|07:04:23.586]  
INFO [06-02|07:04:23.586] Post-Merge hard forks (timestamp based): 
INFO [06-02|07:04:23.586]  - Regolith:                    @1679079600 
INFO [06-02|07:04:23.586]  
INFO [06-02|07:04:23.586] --------------------------------------------------------------------------------------------------------------------------------------------------------- 
INFO [06-02|07:04:23.586]  
INFO [06-02|07:04:23.586] Loaded most recent local block           number=4,061,224 hash=0f7835..05175f td=0 age=4mo2w6d
INFO [06-02|07:04:23.586] Loaded most recent local finalized block number=4,061,224 hash=0f7835..05175f td=0 age=4mo2w6d
INFO [06-02|07:04:23.587] Exporting blockchain                     file=/tmp/migration-artifact/blocks.rlp
INFO [06-02|07:04:23.587] Exporting batch of blocks                count=1,015,307
INFO [06-02|07:04:31.587] Exporting blocks                         exported=228,249 elapsed=8.000s
INFO [06-02|07:04:39.587] Exporting blocks                         exported=454,714 elapsed=16.000s
INFO [06-02|07:04:47.587] Exporting blocks                         exported=677,783 elapsed=24.000s
INFO [06-02|07:04:55.587] Exporting blocks                         exported=899,761 elapsed=32.000s
INFO [06-02|07:04:59.763] Exported blockchain to                   file=/tmp/migration-artifact/blocks.rlp
