INFO [06-02|07:05:31.411] Maximum peer count                       ETH=50 LES=0 total=50
INFO [06-02|07:05:31.413] Smartcard socket not found, disabling    err="stat /run/pcscd/pcscd.comm: no such file or directory"
INFO [06-02|07:05:31.415] Set global gas cap                       cap=50,000,000
INFO [06-02|07:05:31.418] Using leveldb as the backing database 
INFO [06-02|07:05:31.418] Allocated cache and file handles         database=/home/ubuntu/geth_db/geth/chaindata cache=512.00MiB handles=524,288 readonly=true
INFO [06-02|07:05:31.751] Using LevelDB as the backing database 
INFO [06-02|07:05:31.751] Found legacy ancient chain path          location=/home/ubuntu/geth_db/geth/chaindata/ancient
INFO [06-02|07:05:31.751] Opened ancient database                  database=/home/ubuntu/geth_db/geth/chaindata/ancient readonly=true
INFO [06-02|07:05:31.752] Disk storage enabled for ethash caches   dir=/home/ubuntu/geth_db/geth/ethash count=3
INFO [06-02|07:05:31.752] Disk storage enabled for ethash DAGs     dir=/home/ubuntu/.ethash             count=2
INFO [06-02|07:05:31.752]  
INFO [06-02|07:05:31.752] --------------------------------------------------------------------------------------------------------------------------------------------------------- 
INFO [06-02|07:05:31.752] Chain ID:  420 (unknown) 
INFO [06-02|07:05:31.752] Consensus: Optimism 
INFO [06-02|07:05:31.752]  
INFO [06-02|07:05:31.752] Pre-Merge hard forks (block based): 
INFO [06-02|07:05:31.752]  - Homestead:                   #0        (https://github.com/ethereum/execution-specs/blob/master/network-upgrades/mainnet-upgrades/homestead.md) 
INFO [06-02|07:05:31.752]  - Tangerine Whistle (EIP 150): #0        (https://github.com/ethereum/execution-specs/blob/master/network-upgrades/mainnet-upgrades/tangerine-whistle.md) 
INFO [06-02|07:05:31.752]  - Spurious Dragon/1 (EIP 155): #0        (https://github.com/ethereum/execution-specs/blob/master/network-upgrades/mainnet-upgrades/spurious-dragon.md) 
INFO [06-02|07:05:31.753]  - Spurious Dragon/2 (EIP 158): #0        (https://github.com/ethereum/execution-specs/blob/master/network-upgrades/mainnet-upgrades/spurious-dragon.md) 
INFO [06-02|07:05:31.753]  - Byzantium:                   #0        (https://github.com/ethereum/execution-specs/blob/master/network-upgrades/mainnet-upgrades/byzantium.md) 
INFO [06-02|07:05:31.753]  - Constantinople:              #0        (https://github.com/ethereum/execution-specs/blob/master/network-upgrades/mainnet-upgrades/constantinople.md) 
INFO [06-02|07:05:31.753]  - Petersburg:                  #0        (https://github.com/ethereum/execution-specs/blob/master/network-upgrades/mainnet-upgrades/petersburg.md) 
INFO [06-02|07:05:31.753]  - Istanbul:                    #0        (https://github.com/ethereum/execution-specs/blob/master/network-upgrades/mainnet-upgrades/istanbul.md) 
INFO [06-02|07:05:31.753]  - Muir Glacier:                #0        (https://github.com/ethereum/execution-specs/blob/master/network-upgrades/mainnet-upgrades/muir-glacier.md) 
INFO [06-02|07:05:31.753]  - Berlin:                      #0        (https://github.com/ethereum/execution-specs/blob/master/network-upgrades/mainnet-upgrades/berlin.md) 
INFO [06-02|07:05:31.753]  - London:                      #4061224  (https://github.com/ethereum/execution-specs/blob/master/network-upgrades/mainnet-upgrades/london.md) 
INFO [06-02|07:05:31.753]  - Arrow Glacier:               #4061224  (https://github.com/ethereum/execution-specs/blob/master/network-upgrades/mainnet-upgrades/arrow-glacier.md) 
INFO [06-02|07:05:31.753]  - Gray Glacier:                #4061224  (https://github.com/ethereum/execution-specs/blob/master/network-upgrades/mainnet-upgrades/gray-glacier.md) 
INFO [06-02|07:05:31.753]  
INFO [06-02|07:05:31.753] Merge configured: 
INFO [06-02|07:05:31.753]  - Hard-fork specification:    https://github.com/ethereum/execution-specs/blob/master/network-upgrades/mainnet-upgrades/paris.md 
INFO [06-02|07:05:31.753]  - Network known to be merged: true 
INFO [06-02|07:05:31.753]  - Total terminal difficulty:  0 
INFO [06-02|07:05:31.753]  - Merge netsplit block:       #4061224  
INFO [06-02|07:05:31.753]  
INFO [06-02|07:05:31.753] Post-Merge hard forks (timestamp based): 
INFO [06-02|07:05:31.753]  - Regolith:                    @1679079600 
INFO [06-02|07:05:31.753]  
INFO [06-02|07:05:31.753] --------------------------------------------------------------------------------------------------------------------------------------------------------- 
INFO [06-02|07:05:31.753]  
INFO [06-02|07:05:31.753] Loaded most recent local block           number=4,061,224 hash=0f7835..05175f td=0 age=4mo2w6d
INFO [06-02|07:05:31.753] Loaded most recent local finalized block number=4,061,224 hash=0f7835..05175f td=0 age=4mo2w6d
INFO [06-02|07:05:31.754] Exporting receipts                       file=/tmp/migration-artifact/receipts.rlp
INFO [06-02|07:05:31.754] Exporting batch of receipts              count=1,015,307
INFO [06-02|07:05:39.754] Exporting receipts                       exported=85825 elapsed=8.000s
INFO [06-02|07:05:47.754] Exporting receipts                       exported=173,159 elapsed=16.000s
INFO [06-02|07:05:55.754] Exporting receipts                       exported=259,888 elapsed=24.000s
INFO [06-02|07:06:03.754] Exporting receipts                       exported=345,961 elapsed=32.000s
INFO [06-02|07:06:11.755] Exporting receipts                       exported=430,759 elapsed=40.000s
INFO [06-02|07:06:19.755] Exporting receipts                       exported=515,265 elapsed=48.000s
INFO [06-02|07:06:27.755] Exporting receipts                       exported=595,997 elapsed=56.000s
INFO [06-02|07:06:35.755] Exporting receipts                       exported=671,589 elapsed=1m4.000s
INFO [06-02|07:06:43.755] Exporting receipts                       exported=751,590 elapsed=1m12.000s
INFO [06-02|07:06:51.755] Exporting receipts                       exported=829,543 elapsed=1m20.000s
INFO [06-02|07:06:59.755] Exporting receipts                       exported=906,963 elapsed=1m28.000s
INFO [06-02|07:07:07.755] Exporting receipts                       exported=984,586 elapsed=1m36.001s
INFO [06-02|07:07:10.897] Exported receipts to                     file=/tmp/migration-artifact/receipts.rlp
