INFO [06-06|06:12:32.001] Maximum peer count                       ETH=50 LES=0 total=50
INFO [06-06|06:12:32.002] Smartcard socket not found, disabling    err="stat /run/pcscd/pcscd.comm: no such file or directory"
INFO [06-06|06:12:32.005] Set global gas cap                       cap=50,000,000
INFO [06-06|06:12:32.007] Using leveldb as the backing database 
INFO [06-06|06:12:32.007] Allocated cache and file handles         database=/data1/geth_db/geth/chaindata cache=512.00MiB handles=524,288 readonly=true
INFO [06-06|06:12:32.354] Using LevelDB as the backing database 
INFO [06-06|06:12:32.354] Found legacy ancient chain path          location=/data1/geth_db/geth/chaindata/ancient
INFO [06-06|06:12:32.355] Opened ancient database                  database=/data1/geth_db/geth/chaindata/ancient readonly=true
INFO [06-06|06:12:32.355] Disk storage enabled for ethash caches   dir=/data1/geth_db/geth/ethash count=3
INFO [06-06|06:12:32.355] Disk storage enabled for ethash DAGs     dir=/home/ubuntu/.ethash       count=2
INFO [06-06|06:12:32.356]  
INFO [06-06|06:12:32.356] --------------------------------------------------------------------------------------------------------------------------------------------------------- 
INFO [06-06|06:12:32.356] Chain ID:  420 (unknown) 
INFO [06-06|06:12:32.356] Consensus: Optimism 
INFO [06-06|06:12:32.356]  
INFO [06-06|06:12:32.356] Pre-Merge hard forks (block based): 
INFO [06-06|06:12:32.356]  - Homestead:                   #0        (https://github.com/ethereum/execution-specs/blob/master/network-upgrades/mainnet-upgrades/homestead.md) 
INFO [06-06|06:12:32.356]  - Tangerine Whistle (EIP 150): #0        (https://github.com/ethereum/execution-specs/blob/master/network-upgrades/mainnet-upgrades/tangerine-whistle.md) 
INFO [06-06|06:12:32.356]  - Spurious Dragon/1 (EIP 155): #0        (https://github.com/ethereum/execution-specs/blob/master/network-upgrades/mainnet-upgrades/spurious-dragon.md) 
INFO [06-06|06:12:32.356]  - Spurious Dragon/2 (EIP 158): #0        (https://github.com/ethereum/execution-specs/blob/master/network-upgrades/mainnet-upgrades/spurious-dragon.md) 
INFO [06-06|06:12:32.356]  - Byzantium:                   #0        (https://github.com/ethereum/execution-specs/blob/master/network-upgrades/mainnet-upgrades/byzantium.md) 
INFO [06-06|06:12:32.356]  - Constantinople:              #0        (https://github.com/ethereum/execution-specs/blob/master/network-upgrades/mainnet-upgrades/constantinople.md) 
INFO [06-06|06:12:32.356]  - Petersburg:                  #0        (https://github.com/ethereum/execution-specs/blob/master/network-upgrades/mainnet-upgrades/petersburg.md) 
INFO [06-06|06:12:32.356]  - Istanbul:                    #0        (https://github.com/ethereum/execution-specs/blob/master/network-upgrades/mainnet-upgrades/istanbul.md) 
INFO [06-06|06:12:32.356]  - Muir Glacier:                #0        (https://github.com/ethereum/execution-specs/blob/master/network-upgrades/mainnet-upgrades/muir-glacier.md) 
INFO [06-06|06:12:32.356]  - Berlin:                      #0        (https://github.com/ethereum/execution-specs/blob/master/network-upgrades/mainnet-upgrades/berlin.md) 
INFO [06-06|06:12:32.356]  - London:                      #4061224  (https://github.com/ethereum/execution-specs/blob/master/network-upgrades/mainnet-upgrades/london.md) 
INFO [06-06|06:12:32.356]  - Arrow Glacier:               #4061224  (https://github.com/ethereum/execution-specs/blob/master/network-upgrades/mainnet-upgrades/arrow-glacier.md) 
INFO [06-06|06:12:32.356]  - Gray Glacier:                #4061224  (https://github.com/ethereum/execution-specs/blob/master/network-upgrades/mainnet-upgrades/gray-glacier.md) 
INFO [06-06|06:12:32.356]  
INFO [06-06|06:12:32.356] Merge configured: 
INFO [06-06|06:12:32.356]  - Hard-fork specification:    https://github.com/ethereum/execution-specs/blob/master/network-upgrades/mainnet-upgrades/paris.md 
INFO [06-06|06:12:32.356]  - Network known to be merged: true 
INFO [06-06|06:12:32.356]  - Total terminal difficulty:  0 
INFO [06-06|06:12:32.356]  - Merge netsplit block:       #4061224  
INFO [06-06|06:12:32.356]  
INFO [06-06|06:12:32.356] Post-Merge hard forks (timestamp based): 
INFO [06-06|06:12:32.356]  - Regolith:                    @1679079600 
INFO [06-06|06:12:32.356]  
INFO [06-06|06:12:32.356] --------------------------------------------------------------------------------------------------------------------------------------------------------- 
INFO [06-06|06:12:32.356]  
INFO [06-06|06:12:32.356] Loaded most recent local block           number=4,061,224 hash=0f7835..05175f td=0 age=4mo3w3d
INFO [06-06|06:12:32.356] Loaded most recent local finalized block number=4,061,224 hash=0f7835..05175f td=0 age=4mo3w3d
INFO [06-06|06:12:32.357] Exporting receipts                       file=/data1/migration-artifact/receipts.rlp
INFO [06-06|06:12:32.357] Exporting batch of receipts              count=4,061,225
INFO [06-06|06:12:40.357] Exporting receipts                       exported=132,964 elapsed=8.000s
INFO [06-06|06:12:48.357] Exporting receipts                       exported=266,097 elapsed=16.000s
INFO [06-06|06:12:56.357] Exporting receipts                       exported=397,006 elapsed=24.000s
INFO [06-06|06:13:04.357] Exporting receipts                       exported=526,660 elapsed=32.000s
INFO [06-06|06:13:12.357] Exporting receipts                       exported=648,841 elapsed=40.000s
INFO [06-06|06:13:20.357] Exporting receipts                       exported=769,679 elapsed=48.000s
INFO [06-06|06:13:28.357] Exporting receipts                       exported=891,317 elapsed=56.000s
INFO [06-06|06:13:36.358] Exporting receipts                       exported=1,010,114 elapsed=1m4.000s
INFO [06-06|06:13:44.358] Exporting receipts                       exported=1,132,497 elapsed=1m12.000s
INFO [06-06|06:13:52.358] Exporting receipts                       exported=1,258,451 elapsed=1m20.000s
INFO [06-06|06:14:00.358] Exporting receipts                       exported=1,377,651 elapsed=1m28.000s
INFO [06-06|06:14:08.358] Exporting receipts                       exported=1,497,501 elapsed=1m36.001s
INFO [06-06|06:14:16.358] Exporting receipts                       exported=1,616,858 elapsed=1m44.001s
INFO [06-06|06:14:24.358] Exporting receipts                       exported=1,740,765 elapsed=1m52.001s
INFO [06-06|06:14:32.358] Exporting receipts                       exported=1,855,283 elapsed=2m0.001s
INFO [06-06|06:14:40.358] Exporting receipts                       exported=1,964,482 elapsed=2m8.001s
INFO [06-06|06:14:48.358] Exporting receipts                       exported=2,072,815 elapsed=2m16.001s
INFO [06-06|06:14:56.359] Exporting receipts                       exported=2,175,341 elapsed=2m24.001s
INFO [06-06|06:15:04.359] Exporting receipts                       exported=2,273,373 elapsed=2m32.001s
INFO [06-06|06:15:12.359] Exporting receipts                       exported=2,369,077 elapsed=2m40.001s
INFO [06-06|06:15:20.359] Exporting receipts                       exported=2,472,199 elapsed=2m48.002s
INFO [06-06|06:15:28.359] Exporting receipts                       exported=2,575,916 elapsed=2m56.002s
INFO [06-06|06:15:36.359] Exporting receipts                       exported=2,683,755 elapsed=3m4.002s
INFO [06-06|06:15:44.359] Exporting receipts                       exported=2,784,606 elapsed=3m12.002s
INFO [06-06|06:15:52.359] Exporting receipts                       exported=2,880,686 elapsed=3m20.002s
INFO [06-06|06:16:00.359] Exporting receipts                       exported=2,969,380 elapsed=3m28.002s
INFO [06-06|06:16:08.360] Exporting receipts                       exported=3,060,488 elapsed=3m36.002s
INFO [06-06|06:16:16.360] Exporting receipts                       exported=3,161,018 elapsed=3m44.002s
INFO [06-06|06:16:24.360] Exporting receipts                       exported=3,270,318 elapsed=3m52.002s
INFO [06-06|06:16:32.360] Exporting receipts                       exported=3,377,573 elapsed=4m0.003s
INFO [06-06|06:16:40.360] Exporting receipts                       exported=3,466,262 elapsed=4m8.003s
INFO [06-06|06:16:48.360] Exporting receipts                       exported=3,577,163 elapsed=4m16.003s
INFO [06-06|06:16:56.360] Exporting receipts                       exported=3,687,434 elapsed=4m24.003s
INFO [06-06|06:17:04.360] Exporting receipts                       exported=3,798,447 elapsed=4m32.003s
INFO [06-06|06:17:12.361] Exporting receipts                       exported=3,903,437 elapsed=4m40.003s
INFO [06-06|06:17:20.361] Exporting receipts                       exported=3,996,669 elapsed=4m48.003s
INFO [06-06|06:17:26.202] Exported receipts to                     file=/data1/migration-artifact/receipts.rlp
