INFO [06-06|06:09:24.501] Starting Geth on Ethereum mainnet... 
INFO [06-06|06:09:24.501] Bumping default cache on mainnet         provided=1024 updated=4096
INFO [06-06|06:09:24.502] Maximum peer count                       ETH=50 LES=0 total=50
INFO [06-06|06:09:24.503] Smartcard socket not found, disabling    err="stat /run/pcscd/pcscd.comm: no such file or directory"
INFO [06-06|06:09:24.506] Set global gas cap                       cap=50,000,000
INFO [06-06|06:09:24.507] Allocated trie memory caches             clean=614.00MiB dirty=1024.00MiB
INFO [06-06|06:09:24.508] Using leveldb as the backing database 
INFO [06-06|06:09:24.508] Allocated cache and file handles         database=/data1/geth_db/geth/chaindata cache=2.00GiB handles=524,288
INFO [06-06|06:09:24.529] Using LevelDB as the backing database 
INFO [06-06|06:09:24.529] Found legacy ancient chain path          location=/data1/geth_db/geth/chaindata/ancient
INFO [06-06|06:09:24.530] Opened ancient database                  database=/data1/geth_db/geth/chaindata/ancient readonly=false
INFO [06-06|06:09:24.534] Disk storage enabled for ethash caches   dir=/data1/geth_db/geth/ethash count=3
INFO [06-06|06:09:24.534] Disk storage enabled for ethash DAGs     dir=/home/ubuntu/.ethash       count=2
WARN [06-06|06:09:24.535] Upgrade blockchain database version      from=7 to=8
INFO [06-06|06:09:24.535]  
INFO [06-06|06:09:24.535] --------------------------------------------------------------------------------------------------------------------------------------------------------- 
INFO [06-06|06:09:24.535] Chain ID:  420 (unknown) 
INFO [06-06|06:09:24.535] Consensus: Optimism 
INFO [06-06|06:09:24.535]  
INFO [06-06|06:09:24.535] Pre-Merge hard forks (block based): 
INFO [06-06|06:09:24.535]  - Homestead:                   #0        (https://github.com/ethereum/execution-specs/blob/master/network-upgrades/mainnet-upgrades/homestead.md) 
INFO [06-06|06:09:24.535]  - Tangerine Whistle (EIP 150): #0        (https://github.com/ethereum/execution-specs/blob/master/network-upgrades/mainnet-upgrades/tangerine-whistle.md) 
INFO [06-06|06:09:24.535]  - Spurious Dragon/1 (EIP 155): #0        (https://github.com/ethereum/execution-specs/blob/master/network-upgrades/mainnet-upgrades/spurious-dragon.md) 
INFO [06-06|06:09:24.535]  - Spurious Dragon/2 (EIP 158): #0        (https://github.com/ethereum/execution-specs/blob/master/network-upgrades/mainnet-upgrades/spurious-dragon.md) 
INFO [06-06|06:09:24.535]  - Byzantium:                   #0        (https://github.com/ethereum/execution-specs/blob/master/network-upgrades/mainnet-upgrades/byzantium.md) 
INFO [06-06|06:09:24.535]  - Constantinople:              #0        (https://github.com/ethereum/execution-specs/blob/master/network-upgrades/mainnet-upgrades/constantinople.md) 
INFO [06-06|06:09:24.535]  - Petersburg:                  #0        (https://github.com/ethereum/execution-specs/blob/master/network-upgrades/mainnet-upgrades/petersburg.md) 
INFO [06-06|06:09:24.535]  - Istanbul:                    #0        (https://github.com/ethereum/execution-specs/blob/master/network-upgrades/mainnet-upgrades/istanbul.md) 
INFO [06-06|06:09:24.535]  - Muir Glacier:                #0        (https://github.com/ethereum/execution-specs/blob/master/network-upgrades/mainnet-upgrades/muir-glacier.md) 
INFO [06-06|06:09:24.535]  - Berlin:                      #0        (https://github.com/ethereum/execution-specs/blob/master/network-upgrades/mainnet-upgrades/berlin.md) 
INFO [06-06|06:09:24.535]  - London:                      #4061224  (https://github.com/ethereum/execution-specs/blob/master/network-upgrades/mainnet-upgrades/london.md) 
INFO [06-06|06:09:24.535]  - Arrow Glacier:               #4061224  (https://github.com/ethereum/execution-specs/blob/master/network-upgrades/mainnet-upgrades/arrow-glacier.md) 
INFO [06-06|06:09:24.535]  - Gray Glacier:                #4061224  (https://github.com/ethereum/execution-specs/blob/master/network-upgrades/mainnet-upgrades/gray-glacier.md) 
INFO [06-06|06:09:24.535]  
INFO [06-06|06:09:24.535] Merge configured: 
INFO [06-06|06:09:24.535]  - Hard-fork specification:    https://github.com/ethereum/execution-specs/blob/master/network-upgrades/mainnet-upgrades/paris.md 
INFO [06-06|06:09:24.535]  - Network known to be merged: true 
INFO [06-06|06:09:24.535]  - Total terminal difficulty:  0 
INFO [06-06|06:09:24.535]  - Merge netsplit block:       #4061224  
INFO [06-06|06:09:24.535]  
INFO [06-06|06:09:24.535] Post-Merge hard forks (timestamp based): 
INFO [06-06|06:09:24.535]  - Regolith:                    @1679079600 
INFO [06-06|06:09:24.535]  
INFO [06-06|06:09:24.535] --------------------------------------------------------------------------------------------------------------------------------------------------------- 
INFO [06-06|06:09:24.535]  
INFO [06-06|06:09:24.536] Loaded most recent local block           number=4,061,224 hash=0f7835..05175f td=0 age=4mo3w3d
INFO [06-06|06:09:24.536] Loaded most recent local finalized block number=4,061,224 hash=0f7835..05175f td=0 age=4mo3w3d
WARN [06-06|06:09:24.536] Failed to load snapshot                  err="missing or corrupted snapshot"
INFO [06-06|06:09:24.536] Rebuilding state snapshot 
INFO [06-06|06:09:24.536] Initialising Ethereum protocol           network=420 dbversion=7
INFO [06-06|06:09:24.536] Entered PoS stage 
INFO [06-06|06:09:24.537] Loaded local transaction journal         transactions=0 dropped=0
INFO [06-06|06:09:24.537] Resuming state snapshot generation       root=bfe2b0..c2d21c accounts=0 slots=0 storage=0.00B dangling=0 elapsed="466.351µs"
INFO [06-06|06:09:24.537] Regenerated local transaction journal    transactions=0 accounts=0
WARN [06-06|06:09:24.537] Switch sync mode from snap sync to full sync 
INFO [06-06|06:09:24.537] Chain post-merge, sync via beacon client 
INFO [06-06|06:09:24.537] Gasprice oracle is ignoring threshold set threshold=2
WARN [06-06|06:09:24.537] Error reading unclean shutdown markers   error="leveldb: not found"
WARN [06-06|06:09:24.537] Engine API enabled                       protocol=eth
INFO [06-06|06:09:24.537] Starting peer-to-peer node               instance=Geth/v0.1.0-unstable-2ca909f9-20230605/linux-amd64/go1.19.6
INFO [06-06|06:09:24.542] New local node record                    seq=4 id=d02ca800c6957ef8 ip=127.0.0.1 udp=30303 tcp=30303
INFO [06-06|06:09:24.542] Started P2P networking                   self=enode://966efad9d4f21debf82f3e33e29ca938318ecd75941bc76264a8c89490575cd6d38240a6141695c900f5bdccd2f7ab1d9ddcdf407b171d983f7ac894eca5dba8@127.0.0.1:30303
INFO [06-06|06:09:24.543] IPC endpoint opened                      url=/data1/geth_db/geth.ipc
INFO [06-06|06:09:24.543] Generated JWT secret                     path=/data1/geth_db/geth/jwtsecret
INFO [06-06|06:09:24.543] HTTP server started                      endpoint=127.0.0.1:8545 auth=false prefix= cors= vhosts=localhost
INFO [06-06|06:09:24.543] WebSocket enabled                        url=ws://127.0.0.1:8551
INFO [06-06|06:09:24.543] HTTP server started                      endpoint=127.0.0.1:8551 auth=true  prefix= cors=localhost vhosts=localhost
INFO [06-06|06:09:28.217] New local node record                    seq=5 id=d02ca800c6957ef8 ip=3.36.14.50 udp=30303 tcp=30303
INFO [06-06|06:09:32.537] Generating state snapshot                root=bfe2b0..c2d21c in=1d94af..0c9f82 at=3a318b..75d7fe accounts=14654 slots=448,415 storage=36.20MiB dangling=0 elapsed=8.000s      eta=1m1.241s
INFO [06-06|06:09:34.476] Got interrupt, shutting down... 
INFO [06-06|06:09:34.476] HTTP server stopped                      endpoint=127.0.0.1:8545
INFO [06-06|06:09:34.476] HTTP server stopped                      endpoint=127.0.0.1:8551
INFO [06-06|06:09:34.476] IPC endpoint closed                      url=/data1/geth_db/geth.ipc
INFO [06-06|06:09:34.476] Ethereum protocol stopped 
INFO [06-06|06:09:34.476] Transaction pool stopped 
INFO [06-06|06:09:34.476] Aborting state snapshot generation       root=bfe2b0..c2d21c in=28c6a0..d11a4e at=c131a8..480f59 accounts=20148 slots=565,100 storage=44.80MiB dangling=0 elapsed=9.940s      eta=52.47s
INFO [06-06|06:09:34.476] Journalling in-progress snapshot         root=bfe2b0..c2d21c in=28c6a0..d11a4e at=c131a8..480f59 accounts=20148 slots=565,100 storage=44.80MiB dangling=0 elapsed=9.940s      eta=52.47s
INFO [06-06|06:09:34.476] Writing cached state to disk             block=4,061,224 hash=0f7835..05175f root=bfe2b0..c2d21c
INFO [06-06|06:09:34.476] Persisted trie from memory database      nodes=0 size=0.00B time="1.984µs" gcnodes=0 gcsize=0.00B gctime=0s livenodes=1 livesize=0.00B
INFO [06-06|06:09:34.476] Writing cached state to disk             block=4,061,223 hash=31267a..a49dc9 root=da1301..2eac3c
INFO [06-06|06:09:34.476] Persisted trie from memory database      nodes=0 size=0.00B time=385ns     gcnodes=0 gcsize=0.00B gctime=0s livenodes=1 livesize=0.00B
INFO [06-06|06:09:34.477] Writing cached state to disk             block=4,061,097 hash=803777..4f5059 root=81f9ea..e7a9cc
INFO [06-06|06:09:34.477] Persisted trie from memory database      nodes=0 size=0.00B time=740ns     gcnodes=0 gcsize=0.00B gctime=0s livenodes=1 livesize=0.00B
INFO [06-06|06:09:34.477] Writing snapshot state to disk           root=bfe2b0..c2d21c
INFO [06-06|06:09:34.477] Persisted trie from memory database      nodes=0 size=0.00B time=422ns     gcnodes=0 gcsize=0.00B gctime=0s livenodes=1 livesize=0.00B
INFO [06-06|06:09:34.477] Writing clean trie cache to disk         path=/data1/geth_db/geth/triecache threads=64
INFO [06-06|06:09:34.516] Persisted the clean trie cache           path=/data1/geth_db/geth/triecache elapsed=38.910ms
INFO [06-06|06:09:34.516] Blockchain stopped 
INFO [06-06|06:09:34.544] Looking for peers                        peercount=0 tried=31 static=0
