 ____           _                _      __  __ _                 _   _              
 |  _ \         | |              | |    |  \/  (_)               | | (_)            
 | |_) | ___  __| |_ __ ___   ___| | __ | \  / |_  __ _ _ __ __ _| |_ _  ___  _ __  
 |  _ < / _ \/ _  |  __/ _ \ / __| |/ / | |\/| | |/ _  | '__/ _  | __| |/ _ \| '_ \ 
 | |_) |  __/ (_| | | | (_) | (__|   <  | |  | | | (_| | | | (_| | |_| | (_) | | | |
 |____/ \___|\__,_|_|  \___/ \___|_|\_\ |_|  |_|_|\__, |_|  \__,_|\__|_|\___/|_| |_|
                                                   __/ |                            
                                                  |___/                             
+------------------------------------------+
| Wed May 31 15:08:55 KST 2023             |
|                                          |
|[1m Import Genesis                           (B[m|
+------------------------------------------+

real	0m0.354s
user	0m0.139s
sys	0m0.127s
+------------------------------------------+
| Wed May 31 15:08:55 KST 2023             |
|                                          |
|[1m Recover Genesis                          (B[m|
+------------------------------------------+

real	0m2.317s
user	0m0.146s
sys	0m0.039s
+------------------------------------------+
| Wed May 31 15:08:58 KST 2023             |
|                                          |
|[1m Import Blocks                            (B[m|
+------------------------------------------+

real	5m53.649s
user	2m21.659s
sys	2m0.902s
+------------------------------------------+
| Wed May 31 15:14:51 KST 2023             |
|                                          |
|[1m Import Total Difficulty                  (B[m|
+------------------------------------------+

real	1m12.109s
user	0m27.669s
sys	0m4.788s
+------------------------------------------+
| Wed May 31 15:16:03 KST 2023             |
|                                          |
|[1m Import Receipts                          (B[m|
+------------------------------------------+

real	2m5.995s
user	1m27.966s
sys	0m8.244s
+------------------------------------------+
| Wed May 31 15:18:09 KST 2023             |
|                                          |
|[1m Import State                             (B[m|
+------------------------------------------+

real	3m31.558s
user	3m15.579s
sys	0m27.161s
+------------------------------------------+
| Wed May 31 15:21:41 KST 2023             |
|                                          |
|[1m Drop Log Index                           (B[m|
+------------------------------------------+

real	0m2.542s
user	0m0.430s
sys	0m0.053s
+------------------------------------------+
| Wed May 31 15:21:43 KST 2023             |
|                                          |
|[1m Recover Log Index                        (B[m|
+------------------------------------------+

real	3m50.098s
user	2m16.237s
sys	0m20.692s
+------------------------------------------+
| Wed May 31 15:25:34 KST 2023             |
|                                          |
|[1m Recover Senders                          (B[m|
+------------------------------------------+

real	7m27.001s
user	6m23.125s
sys	0m11.515s
