 ____           _                _      __  __ _                 _   _              
 |  _ \         | |              | |    |  \/  (_)               | | (_)            
 | |_) | ___  __| |_ __ ___   ___| | __ | \  / |_  __ _ _ __ __ _| |_ _  ___  _ __  
 |  _ < / _ \/ _  |  __/ _ \ / __| |/ / | |\/| | |/ _  | '__/ _  | __| |/ _ \| '_ \ 
 | |_) |  __/ (_| | | | (_) | (__|   <  | |  | | | (_| | | | (_| | |_| | (_) | | | |
 |____/ \___|\__,_|_|  \___/ \___|_|\_\ |_|  |_|_|\__, |_|  \__,_|\__|_|\___/|_| |_|
                                                   __/ |                            
                                                  |___/                             
+------------------------------------------+
| Wed May 31 09:53:07 UTC 2023             |
|                                          |
|[1m Export Blocks                            [m|
+------------------------------------------+
Export done in 2m27.470715919s

real	2m27.797s
user	1m42.094s
sys	0m49.480s
+------------------------------------------+
| Wed May 31 09:55:35 UTC 2023             |
|                                          |
|[1m Export Total Difficulty                  [m|
+------------------------------------------+
Export done in 2m5.643982588s

real	2m5.931s
user	1m43.827s
sys	0m26.375s
+------------------------------------------+
| Wed May 31 09:57:41 UTC 2023             |
|                                          |
|[1m Export Receipts                          [m|
+------------------------------------------+
Export done in 7m40.697921728s

real	7m41.006s
user	6m15.450s
sys	1m47.470s
+------------------------------------------+
| Wed May 31 10:05:22 UTC 2023             |
|                                          |
|[1m Export State                             [m|
+------------------------------------------+

real	4m28.522s
user	4m14.515s
sys	0m28.046s
