[INFO] [06-07|13:11:12.139] logging to file system                   log dir=migration-log/import_block file prefix=erigon log level=info json=false
[INFO] [06-07|13:11:12.140] Starting metrics server                  addr=http://0.0.0.0:55555/debug/metrics/prometheus
[INFO] [06-07|13:11:12.145] Starting Erigon on Optimism Mainnet... 
[INFO] [06-07|13:11:12.146] Maximum peer count                       ETH=0 total=0
[INFO] [06-07|13:11:12.146] starting HTTP APIs                       APIs=eth,erigon,engine
[INFO] [06-07|13:11:12.146] torrent verbosity                        level=WRN
[INFO] [06-07|13:11:14.248] Set global gas cap                       cap=50000000
[INFO] [06-07|13:11:14.248] [Downloader] Runnning with               ipv6-enabled=true ipv4-enabled=true download.rate=16mb upload.rate=4mb
[INFO] [06-07|13:11:14.248] Opening Database                         label=chaindata path=/data2/erigon_db/chaindata
[INFO] [06-07|13:11:14.248] [db] params: growStep=2GB, mapsSize=7TB, shrinkThreshold=-1, pageSize=4KB, label=chaindata, WriteMap=false, Durable=false, NoReadahead=true,  
[INFO] [06-07|13:11:14.249] Initialised chain configuration          config="{ChainID: 10, Homestead: 0, DAO: <nil>, Tangerine Whistle: 0, Spurious Dragon: 0, Byzantium: 0, Constantinople: 0, Petersburg: 0, Istanbul: 0, Muir Glacier: 0, Berlin: 3950000, London: 3950000, Arrow Glacier: 3950000, Gray Glacier: 3950000, Terminal Total Difficulty: 0, Merge Netsplit: 3950000, Shanghai: <nil>, Cancun: <nil>, Prague: <nil>, Engine: unknown}" genesis=0x7ca38a1916c42007829c55e69d3e9a73265554b586a499015373241b8a3fa48b
[INFO] [06-07|13:11:14.250] Effective                                prune_flags= snapshot_flags= history.v3=false
[INFO] [06-07|13:11:14.250] Initialising Ethereum protocol           network=10
[INFO] [06-07|13:11:14.250] Disk storage enabled for ethash DAGs     dir=/data2/erigon_db/ethash-dags count=2
[INFO] [06-07|13:11:14.250] Starting private RPC server              on=localhost:12345
[INFO] [06-07|13:11:14.250] new subscription to logs established 
[INFO] [06-07|13:11:14.250] rpc filters: subscribing to Erigon events 
[INFO] [06-07|13:11:14.251] new subscription to newHeaders established 
[INFO] [06-07|13:11:14.251] Importing blockchain                     file=/data1/migration-artifact/blocks.rlp
[INFO] [06-07|13:11:14.251] Blockchain execution                     execute=false
[INFO] [06-07|13:11:14.251] Reading JWT secret                       path=/data2/erigon_db/jwt.hex
[INFO] [06-07|13:11:14.251] Generated JWT secret                     path=/data2/erigon_db/jwt.hex
[INFO] [06-07|13:11:14.251] HTTP endpoint opened for Engine API      url=127.0.0.1:8551 ws=true ws.compression=true
[INFO] [06-07|13:11:14.251] HTTP endpoint opened                     url=127.0.0.1:8545 ws=false ws.compression=true grpc=false
[INFO] [06-07|13:11:22.251] Import blockchain                        index=245000 elapsed=8.000815297s
[INFO] [06-07|13:11:30.251] Import blockchain                        index=457500 elapsed=16.000100054s
[INFO] [06-07|13:11:38.251] Import blockchain                        index=667500 elapsed=24.00042031s
[INFO] [06-07|13:11:46.251] Import blockchain                        index=874035 elapsed=32.00005834s
[INFO] [06-07|13:11:54.251] Import blockchain                        index=1077500 elapsed=40.000519144s
[INFO] [06-07|13:12:02.251] Import blockchain                        index=1277500 elapsed=48.000200799s
[INFO] [06-07|13:12:10.251] Import blockchain                        index=1475000 elapsed=56.000035133s
[INFO] [06-07|13:12:18.251] Import blockchain                        index=1670000 elapsed=1m4.00001802s
[INFO] [06-07|13:12:26.251] Import blockchain                        index=1862500 elapsed=1m12.000433716s
[INFO] [06-07|13:12:34.251] Import blockchain                        index=2055000 elapsed=1m20.000354345s
[INFO] [06-07|13:12:42.251] Import blockchain                        index=2247500 elapsed=1m28.000266728s
[INFO] [06-07|13:12:50.251] Import blockchain                        index=2435894 elapsed=1m36.000400507s
[INFO] [06-07|13:12:58.252] Import blockchain                        index=2625000 elapsed=1m44.000901045s
[INFO] [06-07|13:13:06.251] Import blockchain                        index=2812500 elapsed=1m52.000277614s
[INFO] [06-07|13:13:14.251] [p2p] GoodPeers 
[INFO] [06-07|13:13:14.252] Import blockchain                        index=2997500 elapsed=2m0.000881455s
[INFO] [06-07|13:13:22.251] Import blockchain                        index=3180000 elapsed=2m8.00056857s
[INFO] [06-07|13:13:30.251] Import blockchain                        index=3360000 elapsed=2m16.000149668s
[INFO] [06-07|13:13:38.251] Import blockchain                        index=3537500 elapsed=2m24.000449129s
[INFO] [06-07|13:13:46.251] Import blockchain                        index=3715000 elapsed=2m32.000478037s
[INFO] [06-07|13:13:54.251] Import blockchain                        index=3887500 elapsed=2m40.000134042s
[INFO] [06-07|13:14:02.251] Import blockchain                        index=4060000 elapsed=2m48.000387297s
[INFO] [06-07|13:14:10.251] Import blockchain                        index=4235000 elapsed=2m56.000660818s
[INFO] [06-07|13:14:18.252] Import blockchain                        index=4410000 elapsed=3m4.001065367s
[INFO] [06-07|13:14:26.251] Import blockchain                        index=4582500 elapsed=3m12.000790541s
[INFO] [06-07|13:14:34.251] Import blockchain                        index=4755000 elapsed=3m20.000576815s
[INFO] [06-07|13:14:42.251] Import blockchain                        index=4925000 elapsed=3m28.000313639s
[INFO] [06-07|13:14:50.252] Import blockchain                        index=5097500 elapsed=3m36.000855823s
[INFO] [06-07|13:14:58.251] Import blockchain                        index=5270000 elapsed=3m44.00034245s
[INFO] [06-07|13:15:06.251] Import blockchain                        index=5440000 elapsed=3m52.000746884s
[INFO] [06-07|13:15:14.250] [p2p] GoodPeers 
[INFO] [06-07|13:15:14.252] Import blockchain                        index=5610000 elapsed=4m0.00090032s
[INFO] [06-07|13:15:22.251] Import blockchain                        index=5777500 elapsed=4m8.000781106s
[INFO] [06-07|13:15:30.251] Import blockchain                        index=5945000 elapsed=4m16.000053163s
[INFO] [06-07|13:15:38.251] Import blockchain                        index=6110000 elapsed=4m24.000251589s
[INFO] [06-07|13:15:46.251] Import blockchain                        index=6272623 elapsed=4m32.000449534s
[INFO] [06-07|13:15:54.251] Import blockchain                        index=6437500 elapsed=4m40.000027396s
[INFO] [06-07|13:16:02.251] Import blockchain                        index=6602500 elapsed=4m48.000478596s
[INFO] [06-07|13:16:10.251] Import blockchain                        index=6765000 elapsed=4m56.000663599s
[INFO] [06-07|13:16:18.252] Import blockchain                        index=6927500 elapsed=5m4.001026946s
[INFO] [06-07|13:16:26.251] Import blockchain                        index=7090000 elapsed=5m12.000080373s
[INFO] [06-07|13:16:34.251] Import blockchain                        index=7252500 elapsed=5m20.000218105s
[INFO] [06-07|13:16:42.251] Import blockchain                        index=7415000 elapsed=5m28.000340667s
[INFO] [06-07|13:16:50.251] Import blockchain                        index=7575000 elapsed=5m36.000023214s
[INFO] [06-07|13:16:58.251] Import blockchain                        index=7735000 elapsed=5m44.000174456s
[INFO] [06-07|13:17:06.252] Import blockchain                        index=7897500 elapsed=5m52.000830107s
[INFO] [06-07|13:17:14.251] [p2p] GoodPeers 
[INFO] [06-07|13:17:14.251] Import blockchain                        index=8057500 elapsed=6m0.000048305s
[INFO] [06-07|13:17:22.252] Import blockchain                        index=8217500 elapsed=6m8.001051789s
[INFO] [06-07|13:17:30.251] Import blockchain                        index=8375000 elapsed=6m16.000241958s
[INFO] [06-07|13:17:38.251] Import blockchain                        index=8535000 elapsed=6m24.000738284s
[INFO] [06-07|13:17:46.251] Import blockchain                        index=8695000 elapsed=6m32.000021901s
[INFO] [06-07|13:17:54.252] Import blockchain                        index=8852500 elapsed=6m40.000949915s
[INFO] [06-07|13:18:02.252] Import blockchain                        index=9010000 elapsed=6m48.000955527s
[INFO] [06-07|13:18:10.251] Import blockchain                        index=9167500 elapsed=6m56.000204672s
[INFO] [06-07|13:18:18.252] Import blockchain                        index=9325000 elapsed=7m4.000904365s
[INFO] [06-07|13:18:26.252] Import blockchain                        index=9480000 elapsed=7m12.000929173s
[INFO] [06-07|13:18:34.251] Import blockchain                        index=9632500 elapsed=7m20.000593106s
[INFO] [06-07|13:18:42.251] Import blockchain                        index=9790000 elapsed=7m28.000671755s
[INFO] [06-07|13:18:50.251] Import blockchain                        index=9945000 elapsed=7m36.000387251s
[INFO] [06-07|13:18:58.251] Import blockchain                        index=10102500 elapsed=7m44.000484654s
[INFO] [06-07|13:19:06.252] Import blockchain                        index=10260000 elapsed=7m52.000981659s
[INFO] [06-07|13:19:14.251] Import blockchain                        index=10417500 elapsed=8m0.00024214s
[INFO] [06-07|13:19:14.251] [p2p] GoodPeers 
[INFO] [06-07|13:19:22.252] Import blockchain                        index=10575000 elapsed=8m8.000996551s
[INFO] [06-07|13:19:30.251] Import blockchain                        index=10732500 elapsed=8m16.000393728s
[INFO] [06-07|13:19:38.251] Import blockchain                        index=10887500 elapsed=8m24.000256333s
[INFO] [06-07|13:19:46.251] Import blockchain                        index=11045000 elapsed=8m32.000010923s
[INFO] [06-07|13:19:54.252] Import blockchain                        index=11200000 elapsed=8m40.000905672s
[INFO] [06-07|13:20:02.251] Import blockchain                        index=11357500 elapsed=8m48.000086744s
[INFO] [06-07|13:20:10.251] Import blockchain                        index=11515000 elapsed=8m56.000627418s
[INFO] [06-07|13:20:18.251] Import blockchain                        index=11670000 elapsed=9m4.000181328s
[INFO] [06-07|13:20:26.251] Import blockchain                        index=11825000 elapsed=9m12.000826932s
[INFO] [06-07|13:20:34.251] Import blockchain                        index=11982500 elapsed=9m20.000030684s
[INFO] [06-07|13:20:42.251] Import blockchain                        index=12137500 elapsed=9m28.000155549s
[INFO] [06-07|13:20:50.251] Import blockchain                        index=12292500 elapsed=9m36.000175407s
[INFO] [06-07|13:20:58.251] Import blockchain                        index=12447500 elapsed=9m44.000320068s
[INFO] [06-07|13:21:06.251] Import blockchain                        index=12602500 elapsed=9m52.000544489s
[INFO] [06-07|13:21:14.250] [p2p] GoodPeers 
[INFO] [06-07|13:21:14.251] Import blockchain                        index=12755000 elapsed=10m0.000005565s
[INFO] [06-07|13:21:22.251] Import blockchain                        index=12907500 elapsed=10m8.00018991s
[INFO] [06-07|13:21:30.251] Import blockchain                        index=13060000 elapsed=10m16.000384944s
[INFO] [06-07|13:21:38.251] Import blockchain                        index=13212500 elapsed=10m24.000315091s
[INFO] [06-07|13:21:46.251] Import blockchain                        index=13365000 elapsed=10m32.000254675s
[INFO] [06-07|13:21:54.252] Import blockchain                        index=13517500 elapsed=10m40.000844088s
[INFO] [06-07|13:22:02.251] Import blockchain                        index=13672500 elapsed=10m48.000214533s
[INFO] [06-07|13:22:10.251] Import blockchain                        index=13825000 elapsed=10m56.000162349s
[INFO] [06-07|13:22:18.251] Import blockchain                        index=13977500 elapsed=11m4.000579953s
[INFO] [06-07|13:22:26.251] Import blockchain                        index=14132500 elapsed=11m12.000686532s
[INFO] [06-07|13:22:34.251] Import blockchain                        index=14285000 elapsed=11m20.000086151s
[INFO] [06-07|13:22:42.251] Import blockchain                        index=14437500 elapsed=11m28.000668195s
[INFO] [06-07|13:22:50.251] Import blockchain                        index=14592500 elapsed=11m36.000079643s
[INFO] [06-07|13:22:58.251] Import blockchain                        index=14745000 elapsed=11m44.000080737s
[INFO] [06-07|13:23:06.251] Import blockchain                        index=14897500 elapsed=11m52.000257665s
[INFO] [06-07|13:23:14.250] [p2p] GoodPeers 
[INFO] [06-07|13:23:14.251] Import blockchain                        index=15050000 elapsed=12m0.000785729s
[INFO] [06-07|13:23:22.251] Import blockchain                        index=15202500 elapsed=12m8.000040354s
[INFO] [06-07|13:23:30.251] Import blockchain                        index=15355000 elapsed=12m16.000383807s
[INFO] [06-07|13:23:38.251] Import blockchain                        index=15508574 elapsed=12m24.000015002s
[INFO] [06-07|13:23:46.251] Import blockchain                        index=15662500 elapsed=12m32.000653634s
[INFO] [06-07|13:23:54.252] Import blockchain                        index=15815000 elapsed=12m40.000871991s
[INFO] [06-07|13:24:02.251] Import blockchain                        index=15970000 elapsed=12m48.000392186s
[INFO] [06-07|13:24:10.251] Import blockchain                        index=16125000 elapsed=12m56.000823333s
[INFO] [06-07|13:24:18.251] Import blockchain                        index=16280000 elapsed=13m4.000060295s
[INFO] [06-07|13:24:26.251] Import blockchain                        index=16432500 elapsed=13m12.000047444s
[INFO] [06-07|13:24:34.251] Import blockchain                        index=16586637 elapsed=13m20.000737773s
[INFO] [06-07|13:24:42.251] Import blockchain                        index=16740000 elapsed=13m28.000161614s
[INFO] [06-07|13:24:50.251] Import blockchain                        index=16895000 elapsed=13m36.000475232s
[INFO] [06-07|13:24:58.251] Import blockchain                        index=17047500 elapsed=13m44.000505612s
[INFO] [06-07|13:25:06.251] Import blockchain                        index=17202500 elapsed=13m52.000092034s
[INFO] [06-07|13:25:14.250] [p2p] GoodPeers 
[INFO] [06-07|13:25:14.251] Import blockchain                        index=17355000 elapsed=14m0.000690731s
[INFO] [06-07|13:25:22.251] Import blockchain                        index=17509349 elapsed=14m8.000223s
[INFO] [06-07|13:25:30.251] Import blockchain                        index=17662500 elapsed=14m16.000299544s
[INFO] [06-07|13:25:38.251] Import blockchain                        index=17815000 elapsed=14m24.000367033s
[INFO] [06-07|13:25:46.251] Import blockchain                        index=17967500 elapsed=14m32.000756843s
[INFO] [06-07|13:25:54.251] Import blockchain                        index=18120000 elapsed=14m40.000083456s
[INFO] [06-07|13:26:02.251] Import blockchain                        index=18272500 elapsed=14m48.000717497s
[INFO] [06-07|13:26:10.251] Import blockchain                        index=18425000 elapsed=14m56.00065864s
[INFO] [06-07|13:26:18.251] Import blockchain                        index=18577500 elapsed=15m4.000354541s
[INFO] [06-07|13:26:26.251] Import blockchain                        index=18727500 elapsed=15m12.000300373s
[INFO] [06-07|13:26:34.251] Import blockchain                        index=18880000 elapsed=15m20.000776538s
[INFO] [06-07|13:26:42.251] Import blockchain                        index=19032500 elapsed=15m28.000155315s
[INFO] [06-07|13:26:50.251] Import blockchain                        index=19182500 elapsed=15m36.000057152s
[INFO] [06-07|13:26:58.251] Import blockchain                        index=19335000 elapsed=15m44.00081516s
[INFO] [06-07|13:27:06.251] Import blockchain                        index=19485000 elapsed=15m52.000572142s
[INFO] [06-07|13:27:14.250] [p2p] GoodPeers 
[INFO] [06-07|13:27:14.252] Import blockchain                        index=19637500 elapsed=16m0.000911176s
[INFO] [06-07|13:27:22.252] Import blockchain                        index=19787500 elapsed=16m8.000850672s
[INFO] [06-07|13:27:30.251] Import blockchain                        index=19940000 elapsed=16m16.000255044s
[INFO] [06-07|13:27:38.252] Import blockchain                        index=20092500 elapsed=16m24.000862998s
[INFO] [06-07|13:27:46.251] Import blockchain                        index=20242500 elapsed=16m32.000261103s
[INFO] [06-07|13:27:54.251] Import blockchain                        index=20395000 elapsed=16m40.000458876s
[INFO] [06-07|13:28:02.251] Import blockchain                        index=20547500 elapsed=16m48.000528766s
[INFO] [06-07|13:28:10.252] Import blockchain                        index=20697500 elapsed=16m56.000929487s
[INFO] [06-07|13:28:18.251] Import blockchain                        index=20850000 elapsed=17m4.000578898s
[INFO] [06-07|13:28:26.251] Import blockchain                        index=21002500 elapsed=17m12.000043147s
[INFO] [06-07|13:28:34.251] Import blockchain                        index=21152500 elapsed=17m20.000577086s
[INFO] [06-07|13:28:42.252] Import blockchain                        index=21305000 elapsed=17m28.000834918s
[INFO] [06-07|13:28:50.251] Import blockchain                        index=21457500 elapsed=17m36.000798483s
[INFO] [06-07|13:28:58.251] Import blockchain                        index=21607500 elapsed=17m44.000566593s
[INFO] [06-07|13:29:06.252] Import blockchain                        index=21755000 elapsed=17m52.001063713s
[INFO] [06-07|13:29:14.251] Import blockchain                        index=21902500 elapsed=18m0.000245886s
[INFO] [06-07|13:29:14.251] [p2p] GoodPeers 
[INFO] [06-07|13:29:22.251] Import blockchain                        index=22050000 elapsed=18m8.000668846s
[INFO] [06-07|13:29:30.251] Import blockchain                        index=22197823 elapsed=18m16.000480438s
[INFO] [06-07|13:29:38.251] Import blockchain                        index=22347500 elapsed=18m24.000230122s
[INFO] [06-07|13:29:46.252] Import blockchain                        index=22497500 elapsed=18m32.001032139s
[INFO] [06-07|13:29:54.252] Import blockchain                        index=22647500 elapsed=18m40.000861587s
[INFO] [06-07|13:30:02.251] Import blockchain                        index=22797500 elapsed=18m48.000395646s
[INFO] [06-07|13:30:10.251] Import blockchain                        index=22945741 elapsed=18m56.000029314s
[INFO] [06-07|13:30:18.251] Import blockchain                        index=23095000 elapsed=19m4.000226313s
[INFO] [06-07|13:30:26.251] Import blockchain                        index=23242500 elapsed=19m12.000154601s
[INFO] [06-07|13:30:34.252] Import blockchain                        index=23392500 elapsed=19m20.000972481s
[INFO] [06-07|13:30:42.251] Import blockchain                        index=23542500 elapsed=19m28.000171585s
[INFO] [06-07|13:30:50.251] Import blockchain                        index=23690000 elapsed=19m36.000081028s
[INFO] [06-07|13:30:58.251] Import blockchain                        index=23837500 elapsed=19m44.000259712s
[INFO] [06-07|13:31:06.251] Import blockchain                        index=23985000 elapsed=19m52.00081656s
[INFO] [06-07|13:31:14.251] Import blockchain                        index=24130000 elapsed=20m0.000222576s
[INFO] [06-07|13:31:14.251] [p2p] GoodPeers 
[INFO] [06-07|13:31:22.252] Import blockchain                        index=24277500 elapsed=20m8.000930404s
[INFO] [06-07|13:31:30.252] Import blockchain                        index=24425000 elapsed=20m16.001041403s
[INFO] [06-07|13:31:38.251] Import blockchain                        index=24572500 elapsed=20m24.000194034s
[INFO] [06-07|13:31:46.251] Import blockchain                        index=24721971 elapsed=20m32.000494597s
[INFO] [06-07|13:31:54.251] Import blockchain                        index=24870000 elapsed=20m40.000220937s
[INFO] [06-07|13:32:02.251] Import blockchain                        index=25017500 elapsed=20m48.000496184s
[INFO] [06-07|13:32:10.251] Import blockchain                        index=25162500 elapsed=20m56.000294759s
[INFO] [06-07|13:32:18.251] Import blockchain                        index=25310000 elapsed=21m4.00073908s
[INFO] [06-07|13:32:26.252] Import blockchain                        index=25457500 elapsed=21m12.001021739s
[INFO] [06-07|13:32:34.252] Import blockchain                        index=25605000 elapsed=21m20.000978231s
[INFO] [06-07|13:32:42.251] Import blockchain                        index=25750000 elapsed=21m28.000701291s
[INFO] [06-07|13:32:50.252] Import blockchain                        index=25897500 elapsed=21m36.001045138s
[INFO] [06-07|13:32:58.251] Import blockchain                        index=26042500 elapsed=21m44.000093603s
[INFO] [06-07|13:33:06.251] Import blockchain                        index=26190000 elapsed=21m52.000719163s
[INFO] [06-07|13:33:14.250] [p2p] GoodPeers 
[INFO] [06-07|13:33:14.251] Import blockchain                        index=26335000 elapsed=22m0.000497014s
[INFO] [06-07|13:33:22.251] Import blockchain                        index=26482500 elapsed=22m8.000776893s
[INFO] [06-07|13:33:30.251] Import blockchain                        index=26627500 elapsed=22m16.000085038s
[INFO] [06-07|13:33:38.251] Import blockchain                        index=26772500 elapsed=22m24.000618627s
[INFO] [06-07|13:33:46.251] Import blockchain                        index=26920000 elapsed=22m32.00066419s
[INFO] [06-07|13:33:54.251] Import blockchain                        index=27065000 elapsed=22m40.000078209s
[INFO] [06-07|13:34:02.251] Import blockchain                        index=27210000 elapsed=22m48.000341749s
[INFO] [06-07|13:34:10.251] Import blockchain                        index=27357500 elapsed=22m56.000732765s
[INFO] [06-07|13:34:18.251] Import blockchain                        index=27505000 elapsed=23m4.000544225s
[INFO] [06-07|13:34:26.251] Import blockchain                        index=27652500 elapsed=23m12.000565282s
[INFO] [06-07|13:34:34.251] Import blockchain                        index=27800000 elapsed=23m20.000328832s
[INFO] [06-07|13:34:42.251] Import blockchain                        index=27947500 elapsed=23m28.000731927s
[INFO] [06-07|13:34:50.251] Import blockchain                        index=28092500 elapsed=23m36.000083841s
[INFO] [06-07|13:34:58.251] Import blockchain                        index=28240000 elapsed=23m44.000719893s
[INFO] [06-07|13:35:06.251] Import blockchain                        index=28387500 elapsed=23m52.000522336s
[INFO] [06-07|13:35:14.251] [p2p] GoodPeers 
[INFO] [06-07|13:35:14.251] Import blockchain                        index=28532500 elapsed=24m0.000427273s
[INFO] [06-07|13:35:22.251] Import blockchain                        index=28677500 elapsed=24m8.000588576s
[INFO] [06-07|13:35:30.251] Import blockchain                        index=28822500 elapsed=24m16.000039074s
[INFO] [06-07|13:35:38.251] Import blockchain                        index=28965597 elapsed=24m24.000711615s
[INFO] [06-07|13:35:46.251] Import blockchain                        index=29112500 elapsed=24m32.000032424s
[INFO] [06-07|13:35:54.251] Import blockchain                        index=29260000 elapsed=24m40.000326152s
[INFO] [06-07|13:36:02.251] Import blockchain                        index=29405000 elapsed=24m48.000025041s
[INFO] [06-07|13:36:10.251] Import blockchain                        index=29552500 elapsed=24m56.000263297s
[INFO] [06-07|13:36:18.251] Import blockchain                        index=29700000 elapsed=25m4.00016031s
[INFO] [06-07|13:36:26.251] Import blockchain                        index=29845000 elapsed=25m12.000785013s
[INFO] [06-07|13:36:34.251] Import blockchain                        index=29990000 elapsed=25m20.000562242s
[INFO] [06-07|13:36:42.251] Import blockchain                        index=30135000 elapsed=25m28.000730063s
[INFO] [06-07|13:36:50.251] Import blockchain                        index=30280000 elapsed=25m36.000285351s
[INFO] [06-07|13:36:58.252] Import blockchain                        index=30425000 elapsed=25m44.00093219s
[INFO] [06-07|13:37:06.251] Import blockchain                        index=30570000 elapsed=25m52.000011901s
[INFO] [06-07|13:37:14.250] [p2p] GoodPeers 
[INFO] [06-07|13:37:14.251] Import blockchain                        index=30715000 elapsed=26m0.00045158s
[INFO] [06-07|13:37:22.251] Import blockchain                        index=30857500 elapsed=26m8.000551721s
[INFO] [06-07|13:37:30.251] Import blockchain                        index=31002500 elapsed=26m16.000408571s
[INFO] [06-07|13:37:38.251] Import blockchain                        index=31145561 elapsed=26m24.000274651s
[INFO] [06-07|13:37:46.251] Import blockchain                        index=31290000 elapsed=26m32.00017074s
[INFO] [06-07|13:37:54.251] Import blockchain                        index=31435000 elapsed=26m40.000012375s
[INFO] [06-07|13:38:02.251] Import blockchain                        index=31580000 elapsed=26m48.000011696s
[INFO] [06-07|13:38:10.252] Import blockchain                        index=31722500 elapsed=26m56.000988247s
[INFO] [06-07|13:38:18.252] Import blockchain                        index=31867500 elapsed=27m4.001008391s
[INFO] [06-07|13:38:26.251] Import blockchain                        index=32012500 elapsed=27m12.000241754s
[INFO] [06-07|13:38:34.251] Import blockchain                        index=32157500 elapsed=27m20.000636733s
[INFO] [06-07|13:38:42.251] Import blockchain                        index=32302500 elapsed=27m28.000040534s
[INFO] [06-07|13:38:50.251] Import blockchain                        index=32445000 elapsed=27m36.000083656s
[INFO] [06-07|13:38:58.251] Import blockchain                        index=32590000 elapsed=27m44.000191651s
[INFO] [06-07|13:39:06.251] Import blockchain                        index=32732500 elapsed=27m52.000008348s
[INFO] [06-07|13:39:14.250] [p2p] GoodPeers 
[INFO] [06-07|13:39:14.252] Import blockchain                        index=32877500 elapsed=28m0.00088988s
[INFO] [06-07|13:39:22.251] Import blockchain                        index=33022500 elapsed=28m8.000720978s
[INFO] [06-07|13:39:30.251] Import blockchain                        index=33166869 elapsed=28m16.000596371s
[INFO] [06-07|13:39:38.252] Import blockchain                        index=33310000 elapsed=28m24.000885897s
[INFO] [06-07|13:39:46.251] Import blockchain                        index=33456502 elapsed=28m32.000820153s
[INFO] [06-07|13:39:54.251] Import blockchain                        index=33600000 elapsed=28m40.000314683s
[INFO] [06-07|13:40:02.251] Import blockchain                        index=33745000 elapsed=28m48.000332179s
[INFO] [06-07|13:40:10.252] Import blockchain                        index=33892500 elapsed=28m56.000991729s
[INFO] [06-07|13:40:18.252] Import blockchain                        index=34037500 elapsed=29m4.000949479s
[INFO] [06-07|13:40:26.251] Import blockchain                        index=34182500 elapsed=29m12.000294924s
[INFO] [06-07|13:40:34.252] Import blockchain                        index=34327500 elapsed=29m20.001003255s
[INFO] [06-07|13:40:42.252] Import blockchain                        index=34471794 elapsed=29m28.001071646s
[INFO] [06-07|13:40:50.251] Import blockchain                        index=34617500 elapsed=29m36.000094289s
[INFO] [06-07|13:40:58.251] Import blockchain                        index=34762500 elapsed=29m44.0005118s
[INFO] [06-07|13:41:06.251] Import blockchain                        index=34907500 elapsed=29m52.000536925s
[INFO] [06-07|13:41:14.251] [p2p] GoodPeers 
[INFO] [06-07|13:41:14.251] Import blockchain                        index=35052500 elapsed=30m0.000047997s
[INFO] [06-07|13:41:22.251] Import blockchain                        index=35197500 elapsed=30m8.000047803s
[INFO] [06-07|13:41:30.251] Import blockchain                        index=35342500 elapsed=30m16.000024109s
[INFO] [06-07|13:41:38.251] Import blockchain                        index=35488765 elapsed=30m24.000799206s
[INFO] [06-07|13:41:46.252] Import blockchain                        index=35632500 elapsed=30m32.0008696s
[INFO] [06-07|13:41:54.252] Import blockchain                        index=35780000 elapsed=30m40.000852818s
[INFO] [06-07|13:42:02.251] Import blockchain                        index=35925000 elapsed=30m48.000793634s
[INFO] [06-07|13:42:10.252] Import blockchain                        index=36070000 elapsed=30m56.001066607s
[INFO] [06-07|13:42:18.251] Import blockchain                        index=36215000 elapsed=31m4.000197081s
[INFO] [06-07|13:42:26.251] Import blockchain                        index=36360000 elapsed=31m12.000505544s
[INFO] [06-07|13:42:34.251] Import blockchain                        index=36505000 elapsed=31m20.000050634s
[INFO] [06-07|13:42:42.251] Import blockchain                        index=36650000 elapsed=31m28.000395919s
[INFO] [06-07|13:42:50.251] Import blockchain                        index=36792500 elapsed=31m36.000369761s
[INFO] [06-07|13:42:58.251] Import blockchain                        index=36937500 elapsed=31m44.000006768s
[INFO] [06-07|13:43:06.252] Import blockchain                        index=37082500 elapsed=31m52.000873073s
[INFO] [06-07|13:43:14.250] [p2p] GoodPeers 
[INFO] [06-07|13:43:14.252] Import blockchain                        index=37227500 elapsed=32m0.000980749s
[INFO] [06-07|13:43:22.251] Import blockchain                        index=37375000 elapsed=32m8.00047244s
[INFO] [06-07|13:43:30.251] Import blockchain                        index=37520000 elapsed=32m16.000202892s
[INFO] [06-07|13:43:38.252] Import blockchain                        index=37665000 elapsed=32m24.000948141s
[INFO] [06-07|13:43:46.251] Import blockchain                        index=37810000 elapsed=32m32.000775229s
[INFO] [06-07|13:43:54.252] Import blockchain                        index=37955000 elapsed=32m40.001006747s
[INFO] [06-07|13:44:02.251] Import blockchain                        index=38102500 elapsed=32m48.000452864s
[INFO] [06-07|13:44:10.251] Import blockchain                        index=38247500 elapsed=32m56.000555457s
[INFO] [06-07|13:44:18.252] Import blockchain                        index=38395000 elapsed=33m4.000836717s
[INFO] [06-07|13:44:26.251] Import blockchain                        index=38540000 elapsed=33m12.00077663s
[INFO] [06-07|13:44:34.251] Import blockchain                        index=38685000 elapsed=33m20.000301941s
[INFO] [06-07|13:44:42.251] Import blockchain                        index=38830000 elapsed=33m28.000751777s
[INFO] [06-07|13:44:50.251] Import blockchain                        index=38977500 elapsed=33m36.000195679s
[INFO] [06-07|13:44:58.252] Import blockchain                        index=39122434 elapsed=33m44.00096834s
[INFO] [06-07|13:45:06.251] Import blockchain                        index=39267500 elapsed=33m52.000733064s
[INFO] [06-07|13:45:14.251] [p2p] GoodPeers 
[INFO] [06-07|13:45:14.251] Import blockchain                        index=39412500 elapsed=34m0.000017439s
[INFO] [06-07|13:45:22.251] Import blockchain                        index=39557500 elapsed=34m8.000032759s
[INFO] [06-07|13:45:30.251] Import blockchain                        index=39702500 elapsed=34m16.000456772s
[INFO] [06-07|13:45:38.251] Import blockchain                        index=39847500 elapsed=34m24.000677298s
[INFO] [06-07|13:45:46.251] Import blockchain                        index=39995000 elapsed=34m32.0007318s
[INFO] [06-07|13:45:54.251] Import blockchain                        index=40140000 elapsed=34m40.00020836s
[INFO] [06-07|13:46:02.251] Import blockchain                        index=40284011 elapsed=34m48.000246911s
[INFO] [06-07|13:46:10.251] Import blockchain                        index=40427500 elapsed=34m56.000185828s
[INFO] [06-07|13:46:18.251] Import blockchain                        index=40572500 elapsed=35m4.00024351s
[INFO] [06-07|13:46:26.251] Import blockchain                        index=40715000 elapsed=35m12.00033186s
[INFO] [06-07|13:46:34.251] Import blockchain                        index=40860000 elapsed=35m20.00038764s
[INFO] [06-07|13:46:42.251] Import blockchain                        index=41005000 elapsed=35m28.000200806s
[INFO] [06-07|13:46:50.251] Import blockchain                        index=41150000 elapsed=35m36.000767073s
[INFO] [06-07|13:46:58.251] Import blockchain                        index=41295000 elapsed=35m44.000776734s
[INFO] [06-07|13:47:06.252] Import blockchain                        index=41440000 elapsed=35m52.001060774s
[INFO] [06-07|13:47:14.250] [p2p] GoodPeers 
[INFO] [06-07|13:47:14.251] Import blockchain                        index=41585000 elapsed=36m0.000562863s
[INFO] [06-07|13:47:22.252] Import blockchain                        index=41730000 elapsed=36m8.000946965s
[INFO] [06-07|13:47:30.251] Import blockchain                        index=41875000 elapsed=36m16.000079288s
[INFO] [06-07|13:47:38.251] Import blockchain                        index=42020000 elapsed=36m24.000477177s
[INFO] [06-07|13:47:46.252] Import blockchain                        index=42165000 elapsed=36m32.000834564s
[INFO] [06-07|13:47:54.251] Import blockchain                        index=42307975 elapsed=36m40.000009174s
[INFO] [06-07|13:48:02.251] Import blockchain                        index=42452500 elapsed=36m48.000490563s
[INFO] [06-07|13:48:10.251] Import blockchain                        index=42595000 elapsed=36m56.000717709s
[INFO] [06-07|13:48:18.252] Import blockchain                        index=42740000 elapsed=37m4.000858593s
[INFO] [06-07|13:48:26.251] Import blockchain                        index=42885000 elapsed=37m12.000100331s
[INFO] [06-07|13:48:34.252] Import blockchain                        index=43027500 elapsed=37m20.001056905s
[INFO] [06-07|13:48:42.251] Import blockchain                        index=43172500 elapsed=37m28.000022249s
[INFO] [06-07|13:48:50.252] Import blockchain                        index=43317500 elapsed=37m36.001037797s
[INFO] [06-07|13:48:58.251] Import blockchain                        index=43462500 elapsed=37m44.000278739s
[INFO] [06-07|13:49:06.251] Import blockchain                        index=43605000 elapsed=37m52.000085193s
[INFO] [06-07|13:49:14.251] Import blockchain                        index=43748027 elapsed=38m0.000488647s
[INFO] [06-07|13:49:14.251] [p2p] GoodPeers 
[INFO] [06-07|13:49:22.251] Import blockchain                        index=43895000 elapsed=38m8.000615348s
[INFO] [06-07|13:49:30.251] Import blockchain                        index=44037500 elapsed=38m16.000455566s
[INFO] [06-07|13:49:38.251] Import blockchain                        index=44182500 elapsed=38m24.000396836s
[INFO] [06-07|13:49:46.251] Import blockchain                        index=44327500 elapsed=38m32.000775309s
[INFO] [06-07|13:49:54.251] Import blockchain                        index=44470000 elapsed=38m40.000359279s
[INFO] [06-07|13:50:02.252] Import blockchain                        index=44615000 elapsed=38m48.000928987s
[INFO] [06-07|13:50:10.251] Import blockchain                        index=44757500 elapsed=38m56.000587888s
[INFO] [06-07|13:50:18.251] Import blockchain                        index=44902500 elapsed=39m4.000082995s
[INFO] [06-07|13:50:26.251] Import blockchain                        index=45045709 elapsed=39m12.000508964s
[INFO] [06-07|13:50:34.252] Import blockchain                        index=45190000 elapsed=39m20.000839697s
[INFO] [06-07|13:50:42.251] Import blockchain                        index=45332500 elapsed=39m28.000143794s
[INFO] [06-07|13:50:50.251] Import blockchain                        index=45475000 elapsed=39m36.000401804s
[INFO] [06-07|13:50:58.251] Import blockchain                        index=45620000 elapsed=39m44.000212101s
[INFO] [06-07|13:51:06.251] Import blockchain                        index=45762500 elapsed=39m52.000087762s
[INFO] [06-07|13:51:14.251] [p2p] GoodPeers 
[INFO] [06-07|13:51:14.251] Import blockchain                        index=45905000 elapsed=40m0.000009644s
[INFO] [06-07|13:51:22.251] Import blockchain                        index=46050000 elapsed=40m8.000668293s
[INFO] [06-07|13:51:30.251] Import blockchain                        index=46195000 elapsed=40m16.000165288s
[INFO] [06-07|13:51:38.251] Import blockchain                        index=46340000 elapsed=40m24.000164092s
[INFO] [06-07|13:51:46.251] Import blockchain                        index=46482500 elapsed=40m32.000372631s
[INFO] [06-07|13:51:54.251] Import blockchain                        index=46627500 elapsed=40m40.000051339s
[INFO] [06-07|13:52:02.251] Import blockchain                        index=46772500 elapsed=40m48.000019671s
[INFO] [06-07|13:52:10.251] Import blockchain                        index=46917500 elapsed=40m56.000151455s
[INFO] [06-07|13:52:18.251] Import blockchain                        index=47060000 elapsed=41m4.000418469s
[INFO] [06-07|13:52:26.251] Import blockchain                        index=47205000 elapsed=41m12.000441756s
[INFO] [06-07|13:52:34.251] Import blockchain                        index=47350000 elapsed=41m20.000095718s
[INFO] [06-07|13:52:42.252] Import blockchain                        index=47492500 elapsed=41m28.001106904s
[INFO] [06-07|13:52:50.252] Import blockchain                        index=47637500 elapsed=41m36.000895389s
[INFO] [06-07|13:52:58.251] Import blockchain                        index=47780000 elapsed=41m44.000481561s
[INFO] [06-07|13:53:06.251] Import blockchain                        index=47925000 elapsed=41m52.000186614s
[INFO] [06-07|13:53:14.251] [p2p] GoodPeers 
[INFO] [06-07|13:53:14.251] Import blockchain                        index=48067500 elapsed=42m0.000381178s
[INFO] [06-07|13:53:22.251] Import blockchain                        index=48212500 elapsed=42m8.000014933s
[INFO] [06-07|13:53:30.251] Import blockchain                        index=48355000 elapsed=42m16.0007959s
[INFO] [06-07|13:53:38.251] Import blockchain                        index=48500000 elapsed=42m24.000082048s
[INFO] [06-07|13:53:46.251] Import blockchain                        index=48642500 elapsed=42m32.000168703s
[INFO] [06-07|13:53:54.251] Import blockchain                        index=48785000 elapsed=42m40.000021767s
[INFO] [06-07|13:54:02.251] Import blockchain                        index=48930000 elapsed=42m48.000587223s
[INFO] [06-07|13:54:10.251] Import blockchain                        index=49074922 elapsed=42m56.000600382s
[INFO] [06-07|13:54:18.251] Import blockchain                        index=49217500 elapsed=43m4.000531476s
[INFO] [06-07|13:54:26.252] Import blockchain                        index=49360000 elapsed=43m12.000885881s
[INFO] [06-07|13:54:34.251] Import blockchain                        index=49505000 elapsed=43m20.000515926s
[INFO] [06-07|13:54:42.251] Import blockchain                        index=49647500 elapsed=43m28.000187034s
[INFO] [06-07|13:54:50.252] Import blockchain                        index=49790000 elapsed=43m36.000850782s
[INFO] [06-07|13:54:58.251] Import blockchain                        index=49935000 elapsed=43m44.000797044s
[INFO] [06-07|13:55:06.251] Import blockchain                        index=50077500 elapsed=43m52.000297821s
[INFO] [06-07|13:55:14.250] [p2p] GoodPeers 
[INFO] [06-07|13:55:14.251] Import blockchain                        index=50220000 elapsed=44m0.000568134s
[INFO] [06-07|13:55:22.251] Import blockchain                        index=50362500 elapsed=44m8.000171627s
[INFO] [06-07|13:55:30.251] Import blockchain                        index=50505000 elapsed=44m16.00058355s
[INFO] [06-07|13:55:38.251] Import blockchain                        index=50647500 elapsed=44m24.000088497s
[INFO] [06-07|13:55:46.251] Import blockchain                        index=50790000 elapsed=44m32.000785663s
[INFO] [06-07|13:55:54.252] Import blockchain                        index=50935000 elapsed=44m40.000903249s
[INFO] [06-07|13:56:02.251] Import blockchain                        index=51077500 elapsed=44m48.000402216s
[INFO] [06-07|13:56:10.252] Import blockchain                        index=51220000 elapsed=44m56.00105965s
[INFO] [06-07|13:56:18.252] Import blockchain                        index=51365000 elapsed=45m4.001102515s
[INFO] [06-07|13:56:26.251] Import blockchain                        index=51507500 elapsed=45m12.000668753s
[INFO] [06-07|13:56:34.251] Import blockchain                        index=51650000 elapsed=45m20.000044552s
[INFO] [06-07|13:56:42.251] Import blockchain                        index=51792500 elapsed=45m28.000167525s
[INFO] [06-07|13:56:50.252] Import blockchain                        index=51935000 elapsed=45m36.001073495s
[INFO] [06-07|13:56:58.252] Import blockchain                        index=52078067 elapsed=45m44.000893721s
[INFO] [06-07|13:57:06.251] Import blockchain                        index=52222500 elapsed=45m52.000402816s
[INFO] [06-07|13:57:14.251] [p2p] GoodPeers 
[INFO] [06-07|13:57:14.251] Import blockchain                        index=52362500 elapsed=46m0.000102706s
[INFO] [06-07|13:57:22.251] Import blockchain                        index=52502500 elapsed=46m8.000317652s
[INFO] [06-07|13:57:30.251] Import blockchain                        index=52642500 elapsed=46m16.000029113s
[INFO] [06-07|13:57:38.251] Import blockchain                        index=52785000 elapsed=46m24.000640581s
[INFO] [06-07|13:57:46.251] Import blockchain                        index=52927500 elapsed=46m32.000461483s
[INFO] [06-07|13:57:54.251] Import blockchain                        index=53067500 elapsed=46m40.000374869s
[INFO] [06-07|13:58:02.251] Import blockchain                        index=53210000 elapsed=46m48.000383729s
[INFO] [06-07|13:58:10.252] Import blockchain                        index=53352500 elapsed=46m56.000958765s
[INFO] [06-07|13:58:18.252] Import blockchain                        index=53495000 elapsed=47m4.001023286s
[INFO] [06-07|13:58:26.252] Import blockchain                        index=53637500 elapsed=47m12.000865773s
[INFO] [06-07|13:58:34.251] Import blockchain                        index=53780000 elapsed=47m20.000767236s
[INFO] [06-07|13:58:42.251] Import blockchain                        index=53922500 elapsed=47m28.000703809s
[INFO] [06-07|13:58:50.252] Import blockchain                        index=54065000 elapsed=47m36.00105925s
[INFO] [06-07|13:58:58.252] Import blockchain                        index=54207500 elapsed=47m44.001030207s
[INFO] [06-07|13:59:06.252] Import blockchain                        index=54350000 elapsed=47m52.000846739s
[INFO] [06-07|13:59:14.251] [p2p] GoodPeers 
[INFO] [06-07|13:59:14.251] Import blockchain                        index=54495000 elapsed=48m0.000246472s
[INFO] [06-07|13:59:22.251] Import blockchain                        index=54635000 elapsed=48m8.000381507s
[INFO] [06-07|13:59:30.251] Import blockchain                        index=54777500 elapsed=48m16.000080072s
[INFO] [06-07|13:59:38.251] Import blockchain                        index=54922500 elapsed=48m24.000627437s
[INFO] [06-07|13:59:46.252] Import blockchain                        index=55062500 elapsed=48m32.001018504s
[INFO] [06-07|13:59:54.251] Import blockchain                        index=55205000 elapsed=48m40.000146237s
[INFO] [06-07|14:00:02.252] Import blockchain                        index=55347500 elapsed=48m48.000852475s
[INFO] [06-07|14:00:10.251] Import blockchain                        index=55490000 elapsed=48m56.000090696s
[INFO] [06-07|14:00:18.251] Import blockchain                        index=55632500 elapsed=49m4.000228732s
[INFO] [06-07|14:00:26.251] Import blockchain                        index=55774280 elapsed=49m12.00000777s
[INFO] [06-07|14:00:34.251] Import blockchain                        index=55917500 elapsed=49m20.000487533s
[INFO] [06-07|14:00:42.251] Import blockchain                        index=56060000 elapsed=49m28.000104628s
[INFO] [06-07|14:00:50.251] Import blockchain                        index=56202500 elapsed=49m36.000448854s
[INFO] [06-07|14:00:58.251] Import blockchain                        index=56342500 elapsed=49m44.000093571s
[INFO] [06-07|14:01:06.251] Import blockchain                        index=56485454 elapsed=49m52.000137414s
[INFO] [06-07|14:01:14.250] [p2p] GoodPeers 
[INFO] [06-07|14:01:14.251] Import blockchain                        index=56627500 elapsed=50m0.000043365s
[INFO] [06-07|14:01:22.251] Import blockchain                        index=56770000 elapsed=50m8.000465571s
[INFO] [06-07|14:01:30.252] Import blockchain                        index=56910000 elapsed=50m16.000912401s
[INFO] [06-07|14:01:38.252] Import blockchain                        index=57052500 elapsed=50m24.000842692s
[INFO] [06-07|14:01:46.251] Import blockchain                        index=57195000 elapsed=50m32.000059138s
[INFO] [06-07|14:01:54.251] Import blockchain                        index=57337500 elapsed=50m40.000220248s
[INFO] [06-07|14:02:02.251] Import blockchain                        index=57480000 elapsed=50m48.000319044s
[INFO] [06-07|14:02:10.251] Import blockchain                        index=57622500 elapsed=50m56.000657728s
[INFO] [06-07|14:02:18.251] Import blockchain                        index=57765000 elapsed=51m4.000253566s
[INFO] [06-07|14:02:26.251] Import blockchain                        index=57905000 elapsed=51m12.000301768s
[INFO] [06-07|14:02:34.251] Import blockchain                        index=58047500 elapsed=51m20.000541149s
[INFO] [06-07|14:02:42.251] Import blockchain                        index=58190000 elapsed=51m28.000703571s
[INFO] [06-07|14:02:50.251] Import blockchain                        index=58332500 elapsed=51m36.000676809s
[INFO] [06-07|14:02:58.251] Import blockchain                        index=58472500 elapsed=51m44.000593308s
[INFO] [06-07|14:03:06.251] Import blockchain                        index=58615000 elapsed=51m52.000099617s
[INFO] [06-07|14:03:14.251] [p2p] GoodPeers 
[INFO] [06-07|14:03:14.251] Import blockchain                        index=58760000 elapsed=52m0.000057733s
[INFO] [06-07|14:03:22.251] Import blockchain                        index=58902239 elapsed=52m8.000249898s
[INFO] [06-07|14:03:30.251] Import blockchain                        index=59045000 elapsed=52m16.000515643s
[INFO] [06-07|14:03:38.251] Import blockchain                        index=59187500 elapsed=52m24.000824981s
[INFO] [06-07|14:03:46.251] Import blockchain                        index=59330000 elapsed=52m32.000092962s
[INFO] [06-07|14:03:54.252] Import blockchain                        index=59472500 elapsed=52m40.000971386s
[INFO] [06-07|14:04:02.251] Import blockchain                        index=59615000 elapsed=52m48.000589054s
[INFO] [06-07|14:04:10.251] Import blockchain                        index=59755000 elapsed=52m56.000778293s
[INFO] [06-07|14:04:18.251] Import blockchain                        index=59897500 elapsed=53m4.000100079s
[INFO] [06-07|14:04:26.251] Import blockchain                        index=60040000 elapsed=53m12.000133695s
[INFO] [06-07|14:04:34.251] Import blockchain                        index=60182500 elapsed=53m20.000140627s
[INFO] [06-07|14:04:42.251] Import blockchain                        index=60325000 elapsed=53m28.00066325s
[INFO] [06-07|14:04:50.251] Import blockchain                        index=60467500 elapsed=53m36.000030562s
[INFO] [06-07|14:04:58.251] Import blockchain                        index=60610000 elapsed=53m44.000579928s
[INFO] [06-07|14:05:06.251] Import blockchain                        index=60750257 elapsed=53m52.000409702s
[INFO] [06-07|14:05:14.251] [p2p] GoodPeers 
[INFO] [06-07|14:05:14.251] Import blockchain                        index=60892500 elapsed=54m0.000362574s
[INFO] [06-07|14:05:22.251] Import blockchain                        index=61037500 elapsed=54m8.000409634s
[INFO] [06-07|14:05:30.251] Import blockchain                        index=61180000 elapsed=54m16.000525297s
[INFO] [06-07|14:05:38.251] Import blockchain                        index=61322500 elapsed=54m24.000054718s
[INFO] [06-07|14:05:46.252] Import blockchain                        index=61465000 elapsed=54m32.000842206s
[INFO] [06-07|14:05:54.251] Import blockchain                        index=61607500 elapsed=54m40.000480395s
[INFO] [06-07|14:06:02.251] Import blockchain                        index=61750000 elapsed=54m48.0002268s
[INFO] [06-07|14:06:10.252] Import blockchain                        index=61892500 elapsed=54m56.000921942s
[INFO] [06-07|14:06:18.251] Import blockchain                        index=62035000 elapsed=55m4.000784198s
[INFO] [06-07|14:06:26.253] Import blockchain                        index=62176425 elapsed=55m12.001958469s
[INFO] [06-07|14:06:34.252] Import blockchain                        index=62317500 elapsed=55m20.000853394s
[INFO] [06-07|14:06:42.251] Import blockchain                        index=62460000 elapsed=55m28.000313717s
[INFO] [06-07|14:06:50.251] Import blockchain                        index=62600876 elapsed=55m36.00014432s
[INFO] [06-07|14:06:58.252] Import blockchain                        index=62742500 elapsed=55m44.000939042s
[INFO] [06-07|14:07:06.252] Import blockchain                        index=62885000 elapsed=55m52.000955014s
[INFO] [06-07|14:07:14.250] [p2p] GoodPeers 
[INFO] [06-07|14:07:14.252] Import blockchain                        index=63027500 elapsed=56m0.000897557s
[INFO] [06-07|14:07:22.251] Import blockchain                        index=63170000 elapsed=56m8.000229279s
[INFO] [06-07|14:07:30.251] Import blockchain                        index=63312500 elapsed=56m16.000456054s
[INFO] [06-07|14:07:38.251] Import blockchain                        index=63452500 elapsed=56m24.000083845s
[INFO] [06-07|14:07:46.251] Import blockchain                        index=63595000 elapsed=56m32.000815892s
[INFO] [06-07|14:07:54.251] Import blockchain                        index=63737500 elapsed=56m40.000520981s
[INFO] [06-07|14:08:02.251] Import blockchain                        index=63880000 elapsed=56m48.000061771s
[INFO] [06-07|14:08:10.251] Import blockchain                        index=64020000 elapsed=56m56.000041961s
[INFO] [06-07|14:08:18.251] Import blockchain                        index=64162500 elapsed=57m4.000338031s
[INFO] [06-07|14:08:26.251] Import blockchain                        index=64305000 elapsed=57m12.000748588s
[INFO] [06-07|14:08:34.252] Import blockchain                        index=64445000 elapsed=57m20.00086267s
[INFO] [06-07|14:08:42.251] Import blockchain                        index=64587500 elapsed=57m28.000461984s
[INFO] [06-07|14:08:50.251] Import blockchain                        index=64727500 elapsed=57m36.000497819s
[INFO] [06-07|14:08:58.251] Import blockchain                        index=64870000 elapsed=57m44.000081368s
[INFO] [06-07|14:09:06.252] Import blockchain                        index=65012500 elapsed=57m52.001006519s
[INFO] [06-07|14:09:14.251] [p2p] GoodPeers 
[INFO] [06-07|14:09:14.251] Import blockchain                        index=65152500 elapsed=58m0.000050894s
[INFO] [06-07|14:09:22.251] Import blockchain                        index=65292500 elapsed=58m8.000669782s
[INFO] [06-07|14:09:30.251] Import blockchain                        index=65435000 elapsed=58m16.00008402s
[INFO] [06-07|14:09:38.251] Import blockchain                        index=65577156 elapsed=58m24.000528221s
[INFO] [06-07|14:09:46.252] Import blockchain                        index=65717500 elapsed=58m32.000911204s
[INFO] [06-07|14:09:54.251] Import blockchain                        index=65860000 elapsed=58m40.000788994s
[INFO] [06-07|14:10:02.252] Import blockchain                        index=66002500 elapsed=58m48.001084879s
[INFO] [06-07|14:10:10.252] Import blockchain                        index=66142500 elapsed=58m56.000942823s
[INFO] [06-07|14:10:18.251] Import blockchain                        index=66283545 elapsed=59m4.000149481s
[INFO] [06-07|14:10:26.251] Import blockchain                        index=66425000 elapsed=59m12.000229222s
[INFO] [06-07|14:10:34.251] Import blockchain                        index=66565000 elapsed=59m20.000606629s
[INFO] [06-07|14:10:42.251] Import blockchain                        index=66707500 elapsed=59m28.000813913s
[INFO] [06-07|14:10:50.251] Import blockchain                        index=66847500 elapsed=59m36.000445604s
[INFO] [06-07|14:10:58.251] Import blockchain                        index=66990000 elapsed=59m44.000150111s
[INFO] [06-07|14:11:06.251] Import blockchain                        index=67130000 elapsed=59m52.000219561s
[INFO] [06-07|14:11:14.251] Import blockchain                        index=67270000 elapsed=1h0m0.000461606s
[INFO] [06-07|14:11:14.251] [p2p] GoodPeers 
[INFO] [06-07|14:11:22.251] Import blockchain                        index=67412500 elapsed=1h0m8.000513394s
[INFO] [06-07|14:11:30.251] Import blockchain                        index=67552500 elapsed=1h0m16.000661923s
[INFO] [06-07|14:11:38.251] Import blockchain                        index=67692500 elapsed=1h0m24.000294214s
[INFO] [06-07|14:11:46.252] Import blockchain                        index=67835000 elapsed=1h0m32.000843275s
[INFO] [06-07|14:11:54.251] Import blockchain                        index=67975000 elapsed=1h0m40.000128589s
[INFO] [06-07|14:12:02.251] Import blockchain                        index=68117500 elapsed=1h0m48.000176956s
[INFO] [06-07|14:12:10.251] Import blockchain                        index=68257500 elapsed=1h0m56.000390361s
[INFO] [06-07|14:12:18.251] Import blockchain                        index=68397500 elapsed=1h1m4.000150183s
[INFO] [06-07|14:12:26.252] Import blockchain                        index=68540000 elapsed=1h1m12.00108332s
[INFO] [06-07|14:12:34.251] Import blockchain                        index=68680000 elapsed=1h1m20.000468385s
[INFO] [06-07|14:12:42.251] Import blockchain                        index=68820000 elapsed=1h1m28.000059007s
[INFO] [06-07|14:12:50.251] Import blockchain                        index=68960000 elapsed=1h1m36.000535257s
[INFO] [06-07|14:12:58.252] Import blockchain                        index=69098592 elapsed=1h1m44.001082191s
[INFO] [06-07|14:13:06.252] Import blockchain                        index=69237500 elapsed=1h1m52.000881801s
[INFO] [06-07|14:13:14.250] [p2p] GoodPeers 
[INFO] [06-07|14:13:14.252] Import blockchain                        index=69377500 elapsed=1h2m0.000876439s
[INFO] [06-07|14:13:22.251] Import blockchain                        index=69517500 elapsed=1h2m8.000037682s
[INFO] [06-07|14:13:30.252] Import blockchain                        index=69655000 elapsed=1h2m16.00100126s
[INFO] [06-07|14:13:38.251] Import blockchain                        index=69795000 elapsed=1h2m24.000389846s
[INFO] [06-07|14:13:46.252] Import blockchain                        index=69935000 elapsed=1h2m32.001078227s
[INFO] [06-07|14:13:54.251] Import blockchain                        index=70075000 elapsed=1h2m40.000780079s
[INFO] [06-07|14:14:02.251] Import blockchain                        index=70212500 elapsed=1h2m48.000257033s
[INFO] [06-07|14:14:10.252] Import blockchain                        index=70352500 elapsed=1h2m56.000849671s
[INFO] [06-07|14:14:18.251] Import blockchain                        index=70491117 elapsed=1h3m4.000274035s
[INFO] [06-07|14:14:26.252] Import blockchain                        index=70630000 elapsed=1h3m12.000938116s
[INFO] [06-07|14:14:34.251] Import blockchain                        index=70767500 elapsed=1h3m20.000467937s
[INFO] [06-07|14:14:42.252] Import blockchain                        index=70907500 elapsed=1h3m28.000967818s
[INFO] [06-07|14:14:50.251] Import blockchain                        index=71047500 elapsed=1h3m36.000135119s
[INFO] [06-07|14:14:58.251] Import blockchain                        index=71185000 elapsed=1h3m44.000602681s
[INFO] [06-07|14:15:06.251] Import blockchain                        index=71322500 elapsed=1h3m52.000549125s
[INFO] [06-07|14:15:14.250] [p2p] GoodPeers 
[INFO] [06-07|14:15:14.251] Import blockchain                        index=71462500 elapsed=1h4m0.000793666s
[INFO] [06-07|14:15:22.251] Import blockchain                        index=71602500 elapsed=1h4m8.000754166s
[INFO] [06-07|14:15:30.251] Import blockchain                        index=71742500 elapsed=1h4m16.00015994s
[INFO] [06-07|14:15:38.251] Import blockchain                        index=71882500 elapsed=1h4m24.000440627s
[INFO] [06-07|14:15:46.251] Import blockchain                        index=72022500 elapsed=1h4m32.000605003s
[INFO] [06-07|14:15:54.251] Import blockchain                        index=72162500 elapsed=1h4m40.000470729s
[INFO] [06-07|14:16:02.251] Import blockchain                        index=72302500 elapsed=1h4m48.000417913s
[INFO] [06-07|14:16:10.252] Import blockchain                        index=72440000 elapsed=1h4m56.000835143s
[INFO] [06-07|14:16:18.251] Import blockchain                        index=72580000 elapsed=1h5m4.000782264s
[INFO] [06-07|14:16:26.251] Import blockchain                        index=72720000 elapsed=1h5m12.000595422s
[INFO] [06-07|14:16:34.251] Import blockchain                        index=72860000 elapsed=1h5m20.000089704s
[INFO] [06-07|14:16:42.251] Import blockchain                        index=73000000 elapsed=1h5m28.000403206s
[INFO] [06-07|14:16:50.252] Import blockchain                        index=73140000 elapsed=1h5m36.000934958s
[INFO] [06-07|14:16:58.251] Import blockchain                        index=73272500 elapsed=1h5m44.000029022s
[INFO] [06-07|14:17:06.251] Import blockchain                        index=73412500 elapsed=1h5m52.000617527s
[INFO] [06-07|14:17:14.251] [p2p] GoodPeers 
[INFO] [06-07|14:17:14.251] Import blockchain                        index=73552500 elapsed=1h6m0.000011596s
[INFO] [06-07|14:17:22.252] Import blockchain                        index=73692500 elapsed=1h6m8.000889797s
[INFO] [06-07|14:17:30.251] Import blockchain                        index=73832500 elapsed=1h6m16.000079709s
[INFO] [06-07|14:17:38.251] Import blockchain                        index=73972500 elapsed=1h6m24.000272382s
[INFO] [06-07|14:17:46.252] Import blockchain                        index=74112500 elapsed=1h6m32.001640005s
[INFO] [06-07|14:17:54.251] Import blockchain                        index=74250000 elapsed=1h6m40.000505607s
[INFO] [06-07|14:18:02.251] Import blockchain                        index=74390000 elapsed=1h6m48.000681845s
[INFO] [06-07|14:18:10.251] Import blockchain                        index=74530000 elapsed=1h6m56.000538951s
[INFO] [06-07|14:18:18.251] Import blockchain                        index=74667500 elapsed=1h7m4.000369717s
[INFO] [06-07|14:18:26.252] Import blockchain                        index=74807500 elapsed=1h7m12.000832171s
[INFO] [06-07|14:18:34.251] Import blockchain                        index=74947500 elapsed=1h7m20.00067362s
[INFO] [06-07|14:18:42.251] Import blockchain                        index=75087310 elapsed=1h7m28.000211946s
[INFO] [06-07|14:18:50.251] Import blockchain                        index=75225000 elapsed=1h7m36.000452818s
[INFO] [06-07|14:18:58.251] Import blockchain                        index=75365000 elapsed=1h7m44.000225507s
[INFO] [06-07|14:19:06.251] Import blockchain                        index=75505000 elapsed=1h7m52.000301166s
[INFO] [06-07|14:19:14.251] [p2p] GoodPeers 
[INFO] [06-07|14:19:14.251] Import blockchain                        index=75645000 elapsed=1h8m0.000417333s
[INFO] [06-07|14:19:22.252] Import blockchain                        index=75785000 elapsed=1h8m8.00094012s
[INFO] [06-07|14:19:30.252] Import blockchain                        index=75922500 elapsed=1h8m16.000975839s
[INFO] [06-07|14:19:38.251] Import blockchain                        index=76062500 elapsed=1h8m24.000177634s
[INFO] [06-07|14:19:46.251] Import blockchain                        index=76202500 elapsed=1h8m32.000392234s
[INFO] [06-07|14:19:54.251] Import blockchain                        index=76340000 elapsed=1h8m40.000224812s
[INFO] [06-07|14:20:02.251] Import blockchain                        index=76477500 elapsed=1h8m48.000530849s
[INFO] [06-07|14:20:10.252] Import blockchain                        index=76610000 elapsed=1h8m56.000915514s
[INFO] [06-07|14:20:18.251] Import blockchain                        index=76745000 elapsed=1h9m4.000648304s
[INFO] [06-07|14:20:26.251] Import blockchain                        index=76882500 elapsed=1h9m12.000564814s
[INFO] [06-07|14:20:34.252] Import blockchain                        index=77020000 elapsed=1h9m20.000835533s
[INFO] [06-07|14:20:42.251] Import blockchain                        index=77157798 elapsed=1h9m28.000354s
[INFO] [06-07|14:20:50.252] Import blockchain                        index=77295000 elapsed=1h9m36.00083155s
[INFO] [06-07|14:20:58.251] Import blockchain                        index=77435000 elapsed=1h9m44.000245538s
[INFO] [06-07|14:21:06.252] Import blockchain                        index=77572500 elapsed=1h9m52.001068789s
[INFO] [06-07|14:21:14.251] Import blockchain                        index=77710000 elapsed=1h10m0.000231177s
[INFO] [06-07|14:21:14.251] [p2p] GoodPeers 
[INFO] [06-07|14:21:22.251] Import blockchain                        index=77847500 elapsed=1h10m8.000379643s
[INFO] [06-07|14:21:30.251] Import blockchain                        index=77986359 elapsed=1h10m16.000367091s
[INFO] [06-07|14:21:38.251] Import blockchain                        index=78125000 elapsed=1h10m24.000048887s
[INFO] [06-07|14:21:46.251] Import blockchain                        index=78265000 elapsed=1h10m32.000701623s
[INFO] [06-07|14:21:54.251] Import blockchain                        index=78402500 elapsed=1h10m40.000358689s
[INFO] [06-07|14:22:02.251] Import blockchain                        index=78542500 elapsed=1h10m48.000090996s
[INFO] [06-07|14:22:10.251] Import blockchain                        index=78682500 elapsed=1h10m56.000286913s
[INFO] [06-07|14:22:18.251] Import blockchain                        index=78820000 elapsed=1h11m4.000711748s
[INFO] [06-07|14:22:26.251] Import blockchain                        index=78960000 elapsed=1h11m12.000020973s
[INFO] [06-07|14:22:34.251] Import blockchain                        index=79100000 elapsed=1h11m20.000801087s
[INFO] [06-07|14:22:42.251] Import blockchain                        index=79237500 elapsed=1h11m28.000686435s
[INFO] [06-07|14:22:50.252] Import blockchain                        index=79377500 elapsed=1h11m36.00085786s
[INFO] [06-07|14:22:58.251] Import blockchain                        index=79517500 elapsed=1h11m44.000016465s
[INFO] [06-07|14:23:06.251] Import blockchain                        index=79655000 elapsed=1h11m52.000519151s
[INFO] [06-07|14:23:14.250] [p2p] GoodPeers 
[INFO] [06-07|14:23:14.252] Import blockchain                        index=79792500 elapsed=1h12m0.000927406s
[INFO] [06-07|14:23:22.251] Import blockchain                        index=79932500 elapsed=1h12m8.000743175s
[INFO] [06-07|14:23:30.252] Import blockchain                        index=80067500 elapsed=1h12m16.00108661s
[INFO] [06-07|14:23:38.251] Import blockchain                        index=80205000 elapsed=1h12m24.000712759s
[INFO] [06-07|14:23:46.251] Import blockchain                        index=80340000 elapsed=1h12m32.000100909s
[INFO] [06-07|14:23:54.252] Import blockchain                        index=80477500 elapsed=1h12m40.001110167s
[INFO] [06-07|14:24:02.251] Import blockchain                        index=80615000 elapsed=1h12m48.000821564s
[INFO] [06-07|14:24:10.251] Import blockchain                        index=80752500 elapsed=1h12m56.00024772s
[INFO] [06-07|14:24:18.251] Import blockchain                        index=80890000 elapsed=1h13m4.000409263s
[INFO] [06-07|14:24:26.251] Import blockchain                        index=81026038 elapsed=1h13m12.000364595s
[INFO] [06-07|14:24:34.251] Import blockchain                        index=81162500 elapsed=1h13m20.000096979s
[INFO] [06-07|14:24:42.251] Import blockchain                        index=81300000 elapsed=1h13m28.000151972s
[INFO] [06-07|14:24:50.251] Import blockchain                        index=81437500 elapsed=1h13m36.000681746s
[INFO] [06-07|14:24:58.252] Import blockchain                        index=81575000 elapsed=1h13m44.000974058s
[INFO] [06-07|14:25:06.251] Import blockchain                        index=81712500 elapsed=1h13m52.000084889s
[INFO] [06-07|14:25:14.251] [p2p] GoodPeers 
[INFO] [06-07|14:25:14.251] Import blockchain                        index=81850000 elapsed=1h14m0.000041022s
[INFO] [06-07|14:25:22.251] Import blockchain                        index=81990000 elapsed=1h14m8.000531835s
[INFO] [06-07|14:25:30.251] Import blockchain                        index=82127500 elapsed=1h14m16.000756501s
[INFO] [06-07|14:25:38.251] Import blockchain                        index=82267500 elapsed=1h14m24.000652988s
[INFO] [06-07|14:25:46.252] Import blockchain                        index=82405000 elapsed=1h14m32.000935817s
[INFO] [06-07|14:25:54.251] Import blockchain                        index=82544094 elapsed=1h14m40.000395367s
[INFO] [06-07|14:26:02.251] Import blockchain                        index=82682500 elapsed=1h14m48.000017604s
[INFO] [06-07|14:26:10.252] Import blockchain                        index=82822500 elapsed=1h14m56.000986481s
[INFO] [06-07|14:26:18.251] Import blockchain                        index=82960000 elapsed=1h15m4.000169171s
[INFO] [06-07|14:26:26.252] Import blockchain                        index=83097500 elapsed=1h15m12.000921161s
[INFO] [06-07|14:26:34.251] Import blockchain                        index=83237500 elapsed=1h15m20.000805372s
[INFO] [06-07|14:26:42.252] Import blockchain                        index=83375000 elapsed=1h15m28.000873974s
[INFO] [06-07|14:26:50.251] Import blockchain                        index=83515000 elapsed=1h15m36.000799107s
[INFO] [06-07|14:26:58.251] Import blockchain                        index=83655000 elapsed=1h15m44.000081984s
[INFO] [06-07|14:27:06.252] Import blockchain                        index=83792500 elapsed=1h15m52.0009112s
[INFO] [06-07|14:27:14.251] Import blockchain                        index=83930000 elapsed=1h16m0.000013004s
[INFO] [06-07|14:27:14.251] [p2p] GoodPeers 
[INFO] [06-07|14:27:22.252] Import blockchain                        index=84067500 elapsed=1h16m8.000976859s
[INFO] [06-07|14:27:30.251] Import blockchain                        index=84205000 elapsed=1h16m16.000507992s
[INFO] [06-07|14:27:38.251] Import blockchain                        index=84342500 elapsed=1h16m24.000170403s
[INFO] [06-07|14:27:46.251] Import blockchain                        index=84480000 elapsed=1h16m32.000556105s
[INFO] [06-07|14:27:54.252] Import blockchain                        index=84617500 elapsed=1h16m40.000848056s
[INFO] [06-07|14:28:02.251] Import blockchain                        index=84755000 elapsed=1h16m48.000248019s
[INFO] [06-07|14:28:10.252] Import blockchain                        index=84892500 elapsed=1h16m56.000952408s
[INFO] [06-07|14:28:18.251] Import blockchain                        index=85030000 elapsed=1h17m4.0005287s
[INFO] [06-07|14:28:26.251] Import blockchain                        index=85167500 elapsed=1h17m12.000222152s
[INFO] [06-07|14:28:34.252] Import blockchain                        index=85302500 elapsed=1h17m20.001055648s
[INFO] [06-07|14:28:42.251] Import blockchain                        index=85440000 elapsed=1h17m28.000437857s
[INFO] [06-07|14:28:50.251] Import blockchain                        index=85575000 elapsed=1h17m36.000177334s
[INFO] [06-07|14:28:58.251] Import blockchain                        index=85712500 elapsed=1h17m44.000779937s
[INFO] [06-07|14:29:06.251] Import blockchain                        index=85848551 elapsed=1h17m52.000153273s
[INFO] [06-07|14:29:14.251] [p2p] GoodPeers 
[INFO] [06-07|14:29:14.251] Import blockchain                        index=85985000 elapsed=1h18m0.000425574s
[INFO] [06-07|14:29:22.251] Import blockchain                        index=86122500 elapsed=1h18m8.000719492s
[INFO] [06-07|14:29:30.251] Import blockchain                        index=86257500 elapsed=1h18m16.000205667s
[INFO] [06-07|14:29:38.252] Import blockchain                        index=86395000 elapsed=1h18m24.000972429s
[INFO] [06-07|14:29:46.251] Import blockchain                        index=86532500 elapsed=1h18m32.000273594s
[INFO] [06-07|14:29:54.251] Import blockchain                        index=86667500 elapsed=1h18m40.000232428s
[INFO] [06-07|14:30:02.251] Import blockchain                        index=86802500 elapsed=1h18m48.00035447s
[INFO] [06-07|14:30:10.251] Import blockchain                        index=86940000 elapsed=1h18m56.000283112s
[INFO] [06-07|14:30:18.251] Import blockchain                        index=87075000 elapsed=1h19m4.000284487s
[INFO] [06-07|14:30:26.251] Import blockchain                        index=87212500 elapsed=1h19m12.000084564s
[INFO] [06-07|14:30:34.252] Import blockchain                        index=87350000 elapsed=1h19m20.000861119s
[INFO] [06-07|14:30:42.251] Import blockchain                        index=87485000 elapsed=1h19m28.000026914s
[INFO] [06-07|14:30:50.251] Import blockchain                        index=87622500 elapsed=1h19m36.000085781s
[INFO] [06-07|14:30:58.251] Import blockchain                        index=87757500 elapsed=1h19m44.000755212s
[INFO] [06-07|14:31:06.251] Import blockchain                        index=87895000 elapsed=1h19m52.000733125s
[INFO] [06-07|14:31:14.251] [p2p] GoodPeers 
[INFO] [06-07|14:31:14.251] Import blockchain                        index=88032500 elapsed=1h20m0.000231253s
[INFO] [06-07|14:31:22.251] Import blockchain                        index=88170000 elapsed=1h20m8.000726102s
[INFO] [06-07|14:31:30.251] Import blockchain                        index=88305000 elapsed=1h20m16.000715834s
[INFO] [06-07|14:31:38.251] Import blockchain                        index=88442500 elapsed=1h20m24.000152677s
[INFO] [06-07|14:31:46.251] Import blockchain                        index=88577500 elapsed=1h20m32.000720394s
[INFO] [06-07|14:31:54.251] Import blockchain                        index=88712500 elapsed=1h20m40.000479098s
[INFO] [06-07|14:32:02.251] Import blockchain                        index=88850000 elapsed=1h20m48.000598624s
[INFO] [06-07|14:32:10.251] Import blockchain                        index=88987500 elapsed=1h20m56.000452979s
[INFO] [06-07|14:32:18.251] Import blockchain                        index=89122500 elapsed=1h21m4.000056235s
[INFO] [06-07|14:32:26.252] Import blockchain                        index=89260000 elapsed=1h21m12.000960794s
[INFO] [06-07|14:32:34.251] Import blockchain                        index=89395000 elapsed=1h21m20.000296793s
[INFO] [06-07|14:32:42.251] Import blockchain                        index=89532500 elapsed=1h21m28.000046012s
[INFO] [06-07|14:32:50.251] Import blockchain                        index=89668693 elapsed=1h21m36.000111817s
[INFO] [06-07|14:32:58.252] Import blockchain                        index=89805000 elapsed=1h21m44.001042563s
[INFO] [06-07|14:33:06.252] Import blockchain                        index=89942500 elapsed=1h21m52.000837391s
[INFO] [06-07|14:33:14.251] [p2p] GoodPeers 
[INFO] [06-07|14:33:14.251] Import blockchain                        index=90077500 elapsed=1h22m0.000035746s
[INFO] [06-07|14:33:22.251] Import blockchain                        index=90215000 elapsed=1h22m8.000512845s
[INFO] [06-07|14:33:30.252] Import blockchain                        index=90350000 elapsed=1h22m16.000918657s
[INFO] [06-07|14:33:38.251] Import blockchain                        index=90485099 elapsed=1h22m24.000086816s
[INFO] [06-07|14:33:46.251] Import blockchain                        index=90622500 elapsed=1h22m32.000695096s
[INFO] [06-07|14:33:54.251] Import blockchain                        index=90758226 elapsed=1h22m40.000198472s
[INFO] [06-07|14:34:02.251] Import blockchain                        index=90895000 elapsed=1h22m48.00028078s
[INFO] [06-07|14:34:10.251] Import blockchain                        index=91032500 elapsed=1h22m56.000810504s
[INFO] [06-07|14:34:18.252] Import blockchain                        index=91170000 elapsed=1h23m4.000996483s
[INFO] [06-07|14:34:26.251] Import blockchain                        index=91305000 elapsed=1h23m12.000156343s
[INFO] [06-07|14:34:34.251] Import blockchain                        index=91442500 elapsed=1h23m20.000387947s
[INFO] [06-07|14:34:42.251] Import blockchain                        index=91577500 elapsed=1h23m28.000029217s
[INFO] [06-07|14:34:50.251] Import blockchain                        index=91715000 elapsed=1h23m36.000057996s
[INFO] [06-07|14:34:58.252] Import blockchain                        index=91852500 elapsed=1h23m44.001071294s
[INFO] [06-07|14:35:06.251] Import blockchain                        index=91990000 elapsed=1h23m52.000783681s
[INFO] [06-07|14:35:14.250] [p2p] GoodPeers 
[INFO] [06-07|14:35:14.252] Import blockchain                        index=92127500 elapsed=1h24m0.000879301s
[INFO] [06-07|14:35:22.251] Import blockchain                        index=92265000 elapsed=1h24m8.000322623s
[INFO] [06-07|14:35:30.251] Import blockchain                        index=92402500 elapsed=1h24m16.000161663s
[INFO] [06-07|14:35:38.251] Import blockchain                        index=92537500 elapsed=1h24m24.000023526s
[INFO] [06-07|14:35:46.251] Import blockchain                        index=92675000 elapsed=1h24m32.000085895s
[INFO] [06-07|14:35:54.251] Import blockchain                        index=92812500 elapsed=1h24m40.000495453s
[INFO] [06-07|14:36:02.251] Import blockchain                        index=92950000 elapsed=1h24m48.00016378s
[INFO] [06-07|14:36:10.251] Import blockchain                        index=93085000 elapsed=1h24m56.000784658s
[INFO] [06-07|14:36:18.251] Import blockchain                        index=93222500 elapsed=1h25m4.000226603s
[INFO] [06-07|14:36:26.252] Import blockchain                        index=93357500 elapsed=1h25m12.001071153s
[INFO] [06-07|14:36:34.251] Import blockchain                        index=93495000 elapsed=1h25m20.000086196s
[INFO] [06-07|14:36:42.251] Import blockchain                        index=93630000 elapsed=1h25m28.000159121s
[INFO] [06-07|14:36:50.252] Import blockchain                        index=93767500 elapsed=1h25m36.000941852s
[INFO] [06-07|14:36:58.251] Import blockchain                        index=93902500 elapsed=1h25m44.000785268s
[INFO] [06-07|14:37:06.251] Import blockchain                        index=94037500 elapsed=1h25m52.000596924s
[INFO] [06-07|14:37:14.251] [p2p] GoodPeers 
[INFO] [06-07|14:37:14.251] Import blockchain                        index=94173739 elapsed=1h26m0.000747481s
[INFO] [06-07|14:37:22.251] Import blockchain                        index=94310000 elapsed=1h26m8.000205294s
[INFO] [06-07|14:37:30.251] Import blockchain                        index=94445000 elapsed=1h26m16.00051267s
[INFO] [06-07|14:37:38.251] Import blockchain                        index=94577500 elapsed=1h26m24.00008971s
[INFO] [06-07|14:37:46.252] Import blockchain                        index=94710000 elapsed=1h26m32.000867077s
[INFO] [06-07|14:37:54.251] Import blockchain                        index=94845000 elapsed=1h26m40.000503835s
[INFO] [06-07|14:38:02.252] Import blockchain                        index=94977500 elapsed=1h26m48.00099487s
[INFO] [06-07|14:38:10.251] Import blockchain                        index=95110000 elapsed=1h26m56.000369863s
[INFO] [06-07|14:38:18.252] Import blockchain                        index=95245000 elapsed=1h27m4.000836226s
[INFO] [06-07|14:38:26.251] Import blockchain                        index=95377500 elapsed=1h27m12.000235617s
[INFO] [06-07|14:38:34.251] Import blockchain                        index=95510000 elapsed=1h27m20.000283148s
[INFO] [06-07|14:38:42.252] Import blockchain                        index=95645000 elapsed=1h27m28.001001011s
[INFO] [06-07|14:38:50.251] Import blockchain                        index=95777500 elapsed=1h27m36.000505702s
[INFO] [06-07|14:38:58.252] Import blockchain                        index=95910000 elapsed=1h27m44.000947584s
[INFO] [06-07|14:39:06.251] Import blockchain                        index=96042500 elapsed=1h27m52.000796066s
[INFO] [06-07|14:39:14.250] [p2p] GoodPeers 
[INFO] [06-07|14:39:14.252] Import blockchain                        index=96175000 elapsed=1h28m0.000941924s
[INFO] [06-07|14:39:22.251] Import blockchain                        index=96307500 elapsed=1h28m8.000048792s
[INFO] [06-07|14:39:30.251] Import blockchain                        index=96442500 elapsed=1h28m16.00030194s
[INFO] [06-07|14:39:38.251] Import blockchain                        index=96575000 elapsed=1h28m24.000671432s
[INFO] [06-07|14:39:46.251] Import blockchain                        index=96707500 elapsed=1h28m32.000018676s
[INFO] [06-07|14:39:54.251] Import blockchain                        index=96842500 elapsed=1h28m40.000083237s
[INFO] [06-07|14:40:02.251] Import blockchain                        index=96975000 elapsed=1h28m48.000671426s
[INFO] [06-07|14:40:10.251] Import blockchain                        index=97110000 elapsed=1h28m56.000132617s
[INFO] [06-07|14:40:18.252] Import blockchain                        index=97240000 elapsed=1h29m4.000968621s
[INFO] [06-07|14:40:26.251] Import blockchain                        index=97375000 elapsed=1h29m12.000196312s
[INFO] [06-07|14:40:34.251] Import blockchain                        index=97510000 elapsed=1h29m20.000037426s
[INFO] [06-07|14:40:42.251] Import blockchain                        index=97647500 elapsed=1h29m28.000172637s
[INFO] [06-07|14:40:50.252] Import blockchain                        index=97782500 elapsed=1h29m36.001039698s
[INFO] [06-07|14:40:58.251] Import blockchain                        index=97915392 elapsed=1h29m44.000272287s
[INFO] [06-07|14:41:06.252] Import blockchain                        index=98050000 elapsed=1h29m52.000974507s
[INFO] [06-07|14:41:14.251] [p2p] GoodPeers 
[INFO] [06-07|14:41:14.251] Import blockchain                        index=98185000 elapsed=1h30m0.000089427s
[INFO] [06-07|14:41:22.252] Import blockchain                        index=98318125 elapsed=1h30m8.00097751s
[INFO] [06-07|14:41:30.251] Import blockchain                        index=98452500 elapsed=1h30m16.000823943s
[INFO] [06-07|14:41:38.252] Import blockchain                        index=98587500 elapsed=1h30m24.000947139s
[INFO] [06-07|14:41:46.251] Import blockchain                        index=98720607 elapsed=1h30m32.000514811s
[INFO] [06-07|14:41:54.252] Import blockchain                        index=98857500 elapsed=1h30m40.000936226s
[INFO] [06-07|14:42:02.252] Import blockchain                        index=98992500 elapsed=1h30m48.000965143s
[INFO] [06-07|14:42:10.251] Import blockchain                        index=99127500 elapsed=1h30m56.000449926s
[INFO] [06-07|14:42:18.251] Import blockchain                        index=99262500 elapsed=1h31m4.000454909s
[INFO] [06-07|14:42:26.251] Import blockchain                        index=99397500 elapsed=1h31m12.000314307s
[INFO] [06-07|14:42:34.251] Import blockchain                        index=99532500 elapsed=1h31m20.000542177s
[INFO] [06-07|14:42:42.251] Import blockchain                        index=99665000 elapsed=1h31m28.00075759s
[INFO] [06-07|14:42:50.251] Import blockchain                        index=99797500 elapsed=1h31m36.000769407s
[INFO] [06-07|14:42:58.251] Import blockchain                        index=99930000 elapsed=1h31m44.000438529s
[INFO] [06-07|14:43:06.252] Import blockchain                        index=100060000 elapsed=1h31m52.001062237s
[INFO] [06-07|14:43:14.250] [p2p] GoodPeers 
[INFO] [06-07|14:43:14.252] Import blockchain                        index=100192500 elapsed=1h32m0.000897982s
[INFO] [06-07|14:43:22.251] Import blockchain                        index=100325000 elapsed=1h32m8.00024104s
[INFO] [06-07|14:43:30.251] Import blockchain                        index=100457500 elapsed=1h32m16.000436484s
[INFO] [06-07|14:43:38.252] Import blockchain                        index=100590000 elapsed=1h32m24.000834531s
[INFO] [06-07|14:43:46.251] Import blockchain                        index=100722500 elapsed=1h32m32.000082941s
[INFO] [06-07|14:43:54.251] Import blockchain                        index=100855000 elapsed=1h32m40.000661891s
[INFO] [06-07|14:44:02.251] Import blockchain                        index=100987500 elapsed=1h32m48.000091251s
[INFO] [06-07|14:44:10.252] Import blockchain                        index=101120000 elapsed=1h32m56.001012888s
[INFO] [06-07|14:44:18.251] Import blockchain                        index=101252500 elapsed=1h33m4.000821277s
[INFO] [06-07|14:44:26.251] Import blockchain                        index=101385000 elapsed=1h33m12.000401376s
[INFO] [06-07|14:44:34.251] Import blockchain                        index=101517500 elapsed=1h33m20.000512464s
[INFO] [06-07|14:44:42.251] Import blockchain                        index=101650000 elapsed=1h33m28.000156878s
[INFO] [06-07|14:44:50.252] Import blockchain                        index=101782500 elapsed=1h33m36.00098375s
[INFO] [06-07|14:44:58.251] Import blockchain                        index=101915000 elapsed=1h33m44.000484552s
[INFO] [06-07|14:45:06.251] Import blockchain                        index=102043626 elapsed=1h33m52.000271601s
[INFO] [06-07|14:45:14.251] Import blockchain                        index=102175000 elapsed=1h34m0.000254776s
[INFO] [06-07|14:45:14.251] [p2p] GoodPeers 
[INFO] [06-07|14:45:22.252] Import blockchain                        index=102307500 elapsed=1h34m8.001023752s
[INFO] [06-07|14:45:30.251] Import blockchain                        index=102440000 elapsed=1h34m16.000446075s
[INFO] [06-07|14:45:38.251] Import blockchain                        index=102570000 elapsed=1h34m24.000683282s
[INFO] [06-07|14:45:46.252] Import blockchain                        index=102700000 elapsed=1h34m32.000917575s
[INFO] [06-07|14:45:54.251] Import blockchain                        index=102832500 elapsed=1h34m40.000045335s
[INFO] [06-07|14:46:02.251] Import blockchain                        index=102965000 elapsed=1h34m48.000700635s
[INFO] [06-07|14:46:10.252] Import blockchain                        index=103097500 elapsed=1h34m56.000945191s
[INFO] [06-07|14:46:18.251] Import blockchain                        index=103230000 elapsed=1h35m4.000228534s
[INFO] [06-07|14:46:26.251] Import blockchain                        index=103362500 elapsed=1h35m12.00046681s
[INFO] [06-07|14:46:34.252] Import blockchain                        index=103495000 elapsed=1h35m20.00085271s
[INFO] [06-07|14:46:42.251] Import blockchain                        index=103627500 elapsed=1h35m28.000168085s
[INFO] [06-07|14:46:50.251] Import blockchain                        index=103760000 elapsed=1h35m36.000164994s
[INFO] [06-07|14:46:58.251] Import blockchain                        index=103892500 elapsed=1h35m44.000470726s
[INFO] [06-07|14:47:06.251] Import blockchain                        index=104025000 elapsed=1h35m52.000521778s
[INFO] [06-07|14:47:14.250] [p2p] GoodPeers 
[INFO] [06-07|14:47:14.251] Import blockchain                        index=104157112 elapsed=1h36m0.000605667s
[INFO] [06-07|14:47:22.251] Import blockchain                        index=104287500 elapsed=1h36m8.000748208s
[INFO] [06-07|14:47:30.251] Import blockchain                        index=104420000 elapsed=1h36m16.000088517s
[INFO] [06-07|14:47:38.252] Import blockchain                        index=104552500 elapsed=1h36m24.000931423s
[INFO] [06-07|14:47:46.252] Import blockchain                        index=104685000 elapsed=1h36m32.001011118s
[INFO] [06-07|14:47:54.251] Import blockchain                        index=104817500 elapsed=1h36m40.000486163s
[INFO] [06-07|14:48:02.252] Import blockchain                        index=104950000 elapsed=1h36m48.001027347s
[INFO] [06-07|14:48:10.252] Import blockchain                        index=105082500 elapsed=1h36m56.00095353s
[INFO] [06-07|14:48:18.252] Import blockchain                        index=105215000 elapsed=1h37m4.00092076s
