 ____           _                _      __  __ _                 _   _              
 |  _ \         | |              | |    |  \/  (_)               | | (_)            
 | |_) | ___  __| |_ __ ___   ___| | __ | \  / |_  __ _ _ __ __ _| |_ _  ___  _ __  
 |  _ < / _ \/ _  |  __/ _ \ / __| |/ / | |\/| | |/ _  | '__/ _  | __| |/ _ \| '_ \ 
 | |_) |  __/ (_| | | | (_) | (__|   <  | |  | | | (_| | | | (_| | |_| | (_) | | | |
 |____/ \___|\__,_|_|  \___/ \___|_|\_\ |_|  |_|_|\__, |_|  \__,_|\__|_|\___/|_| |_|
                                                   __/ |                            
                                                  |___/                             
+------------------------------------------+
| Fri Jun  2 07:04:03 UTC 2023             |
|                                          |
|[1m Init                                     [m|
+------------------------------------------+
  % Total    % Received % Xferd  Average Speed   Time    Time     Time  Current
                                 Dload  Upload   Total   Spent    Left  Speed
  0     0    0     0    0     0      0      0 --:--:-- --:--:-- --:--:--     0100   119  100    46  100    73  68759   106k --:--:-- --:--:-- --:--:--  116k
{"jsonrpc":"2.0","id":83,"result":"0x3df828"}
+------------------------------------------+
| Fri Jun  2 07:04:23 UTC 2023             |
|                                          |
|[1m Export Blocks                            [m|
+------------------------------------------+
Export done in 36.175953699s

real	0m36.582s
user	0m25.594s
sys	0m12.008s
+------------------------------------------+
| Fri Jun  2 07:04:59 UTC 2023             |
|                                          |
|[1m Export Total Difficulty                  [m|
+------------------------------------------+
Export done in 31.182537719s

real	0m31.578s
user	0m25.800s
sys	0m6.767s
+------------------------------------------+
| Fri Jun  2 07:05:31 UTC 2023             |
|                                          |
|[1m Export Receipts                          [m|
+------------------------------------------+
Export done in 1m39.14259754s

real	1m39.595s
user	1m22.521s
sys	0m21.677s
