 ____           _                _      __  __ _                 _   _              
 |  _ \         | |              | |    |  \/  (_)               | | (_)            
 | |_) | ___  __| |_ __ ___   ___| | __ | \  / |_  __ _ _ __ __ _| |_ _  ___  _ __  
 |  _ < / _ \/ _  |  __/ _ \ / __| |/ / | |\/| | |/ _  | '__/ _  | __| |/ _ \| '_ \ 
 | |_) |  __/ (_| | | | (_) | (__|   <  | |  | | | (_| | | | (_| | |_| | (_) | | | |
 |____/ \___|\__,_|_|  \___/ \___|_|\_\ |_|  |_|_|\__, |_|  \__,_|\__|_|\___/|_| |_|
                                                   __/ |                            
                                                  |___/                             
data dir set to /data1/geth_db
artifact path set to /data1/migration-artifact
+------------------------------------------+
| Tue Jun  6 06:09:24 UTC 2023             |
|                                          |
|[1m Init                                     [m|
+------------------------------------------+
  % Total    % Received % Xferd  Average Speed   Time    Time     Time  Current
                                 Dload  Upload   Total   Spent    Left  Speed
  0     0    0     0    0     0      0      0 --:--:-- --:--:-- --:--:--     0100   119  100    46  100    73  74675   115k --:--:-- --:--:-- --:--:--  116k
{"jsonrpc":"2.0","id":83,"result":"0x3df828"}
+------------------------------------------+
| Tue Jun  6 06:09:44 UTC 2023             |
|                                          |
|[1m Export Blocks                            [m|
+------------------------------------------+
Export done in 1m25.700882436s

real	1m26.090s
user	1m7.196s
sys	0m21.261s
+------------------------------------------+
| Tue Jun  6 06:11:10 UTC 2023             |
|                                          |
|[1m Export Total Difficulty                  [m|
+------------------------------------------+
Export done in 1m20.978687789s

real	1m21.392s
user	1m9.792s
sys	0m14.082s
+------------------------------------------+
| Tue Jun  6 06:12:31 UTC 2023             |
|                                          |
|[1m Export Receipts                          [m|
+------------------------------------------+
Export done in 4m53.844977848s

real	4m54.272s
user	4m19.589s
sys	0m48.679s
+------------------------------------------+
| Tue Jun  6 06:17:26 UTC 2023             |
|                                          |
|[1m Export State                             [m|
+------------------------------------------+

real	3m25.056s
user	3m13.756s
sys	0m21.818s
