[INFO] [05-31|15:25:34.266] logging to file system                   log dir=migration-log/recover_senders file prefix=erigon log level=info json=false
[INFO] [05-31|15:25:34.266] Starting metrics server                  addr=http://127.0.0.1:6060/debug/metrics/prometheus
[INFO] [05-31|15:25:34.271] Starting Erigon on Optimism Görli testnet... 
[INFO] [05-31|15:25:34.271] Maximum peer count                       ETH=0 total=0
[INFO] [05-31|15:25:34.272] starting HTTP APIs                       APIs=eth,erigon,engine
[INFO] [05-31|15:25:34.272] torrent verbosity                        level=WRN
[INFO] [05-31|15:25:36.376] Set global gas cap                       cap=50000000
[INFO] [05-31|15:25:36.379] [Downloader] Runnning with               ipv6-enabled=true ipv4-enabled=true download.rate=16mb upload.rate=4mb
[INFO] [05-31|15:25:36.379] Opening Database                         label=chaindata path=/Users/changwan.park/Documents/op-erigon/erigon/erigon_db/chaindata
[INFO] [05-31|15:25:36.379] [db] params: growStep=2GB, mapsSize=7TB, shrinkThreshold=-1, pageSize=16KB, label=chaindata, WriteMap=false, Durable=false, NoReadahead=true,  
[INFO] [05-31|15:25:36.388] Initialised chain configuration          config="{ChainID: 420, Homestead: 0, DAO: <nil>, Tangerine Whistle: 0, Spurious Dragon: 0, Byzantium: 0, Constantinople: 0, Petersburg: 0, Istanbul: 0, Muir Glacier: 0, Berlin: 0, London: 4061224, Arrow Glacier: 4061224, Gray Glacier: 4061224, Terminal Total Difficulty: 0, Merge Netsplit: 4061224, Shanghai: <nil>, Cancun: <nil>, Prague: <nil>, Engine: unknown}" genesis=0xc1fc15cd51159b1f1e5cbc4b82e85c1447ddfa33c52cf1d98d14fba0d6354be1
[INFO] [05-31|15:25:36.388] Effective                                prune_flags= snapshot_flags= history.v3=false
[INFO] [05-31|15:25:36.389] Initialising Ethereum protocol           network=420
[INFO] [05-31|15:25:36.389] Disk storage enabled for ethash DAGs     dir=/Users/changwan.park/Documents/op-erigon/erigon/erigon_db/ethash-dags count=2
[INFO] [05-31|15:25:36.622] Starting private RPC server              on=127.0.0.1:9090
[INFO] [05-31|15:25:36.622] new subscription to logs established 
[INFO] [05-31|15:25:36.622] rpc filters: subscribing to Erigon events 
[INFO] [05-31|15:25:36.623] new subscription to newHeaders established 
[INFO] [05-31|15:25:36.623] Recovering Senders 
[INFO] [05-31|15:25:36.623] Recovery: transactions not found         blockNum=0
[INFO] [05-31|15:25:36.623] Reading JWT secret                       path=/Users/changwan.park/Documents/op-erigon/erigon/erigon_db/jwt.hex
[INFO] [05-31|15:25:36.624] HTTP endpoint opened for Engine API      url=127.0.0.1:8551 ws=true ws.compression=true
[INFO] [05-31|15:25:36.624] HTTP endpoint opened                     url=127.0.0.1:8545 ws=false ws.compression=true grpc=false
[INFO] [05-31|15:25:44.747] Recovering senders                       recovered=80000 elapsed=8.124449s
[INFO] [05-31|15:25:52.998] Recovering senders                       recovered=162500 elapsed=16.375231667s
[INFO] [05-31|15:26:01.160] Recovering senders                       recovered=242500 elapsed=24.537316959s
[INFO] [05-31|15:26:09.330] Recovering senders                       recovered=322500 elapsed=32.707268875s
[INFO] [05-31|15:26:17.332] Recovering senders                       recovered=400000 elapsed=40.709571084s
[INFO] [05-31|15:26:25.540] Recovering senders                       recovered=480000 elapsed=48.917384584s
[INFO] [05-31|15:26:33.603] Recovering senders                       recovered=557500 elapsed=56.980163417s
[INFO] [05-31|15:26:41.675] Recovering senders                       recovered=635000 elapsed=1m5.052477167s
[INFO] [05-31|15:26:49.914] Recovering senders                       recovered=712500 elapsed=1m13.291470125s
[INFO] [05-31|15:26:58.026] Recovering senders                       recovered=790000 elapsed=1m21.403025s
[INFO] [05-31|15:27:06.239] Recovering senders                       recovered=867500 elapsed=1m29.6157855s
[INFO] [05-31|15:27:14.337] Recovering senders                       recovered=942500 elapsed=1m37.714110625s
[INFO] [05-31|15:27:22.406] Recovering senders                       recovered=1012500 elapsed=1m45.783137417s
[INFO] [05-31|15:27:30.461] Recovering senders                       recovered=1090000 elapsed=1m53.83807475s
[INFO] [05-31|15:27:36.390] [p2p] GoodPeers 
[INFO] [05-31|15:27:38.527] Recovering senders                       recovered=1165000 elapsed=2m1.903375625s
[INFO] [05-31|15:27:46.677] Recovering senders                       recovered=1242500 elapsed=2m10.053606334s
[INFO] [05-31|15:27:54.756] Recovering senders                       recovered=1320000 elapsed=2m18.133148292s
[INFO] [05-31|15:28:02.994] Recovering senders                       recovered=1397500 elapsed=2m26.371031084s
[INFO] [05-31|15:28:11.084] Recovering senders                       recovered=1472500 elapsed=2m34.460969125s
[INFO] [05-31|15:28:19.120] Recovering senders                       recovered=1547500 elapsed=2m42.496788334s
[INFO] [05-31|15:28:27.236] Recovering senders                       recovered=1622500 elapsed=2m50.612905167s
[INFO] [05-31|15:28:35.252] Recovering senders                       recovered=1692500 elapsed=2m58.628169334s
[INFO] [05-31|15:28:43.450] Recovering senders                       recovered=1760000 elapsed=3m6.826600792s
[INFO] [05-31|15:28:51.482] Recovering senders                       recovered=1835000 elapsed=3m14.85904475s
[INFO] [05-31|15:28:59.668] Recovering senders                       recovered=1910000 elapsed=3m23.044594292s
[INFO] [05-31|15:29:07.821] Recovering senders                       recovered=1985000 elapsed=3m31.197496s
[INFO] [05-31|15:29:15.893] Recovering senders                       recovered=2057500 elapsed=3m39.269219292s
[INFO] [05-31|15:29:24.071] Recovering senders                       recovered=2135000 elapsed=3m47.447776875s
[INFO] [05-31|15:29:32.299] Recovering senders                       recovered=2212500 elapsed=3m55.674994375s
[INFO] [05-31|15:29:36.390] [p2p] GoodPeers 
[INFO] [05-31|15:29:40.587] Recovering senders                       recovered=2290000 elapsed=4m3.963741667s
[INFO] [05-31|15:29:48.694] Recovering senders                       recovered=2362500 elapsed=4m12.070273875s
[INFO] [05-31|15:29:56.926] Recovering senders                       recovered=2432500 elapsed=4m20.302815667s
[INFO] [05-31|15:30:04.969] Recovering senders                       recovered=2502500 elapsed=4m28.34526675s
[INFO] [05-31|15:30:13.099] Recovering senders                       recovered=2577500 elapsed=4m36.47545325s
[INFO] [05-31|15:30:21.308] Recovering senders                       recovered=2652500 elapsed=4m44.683768625s
[INFO] [05-31|15:30:29.478] Recovering senders                       recovered=2727500 elapsed=4m52.852616375s
[INFO] [05-31|15:30:37.519] Recovering senders                       recovered=2802500 elapsed=5m0.893359459s
[INFO] [05-31|15:30:45.695] Recovering senders                       recovered=2875000 elapsed=5m9.068122542s
[INFO] [05-31|15:30:53.960] Recovering senders                       recovered=2942500 elapsed=5m17.33339525s
[INFO] [05-31|15:31:01.977] Recovering senders                       recovered=3010000 elapsed=5m25.350319167s
[INFO] [05-31|15:31:10.218] Recovering senders                       recovered=3070000 elapsed=5m33.59044025s
[INFO] [05-31|15:31:18.502] Recovering senders                       recovered=3142500 elapsed=5m41.874869959s
[INFO] [05-31|15:31:26.727] Recovering senders                       recovered=3215000 elapsed=5m50.100148375s
[INFO] [05-31|15:31:34.758] Recovering senders                       recovered=3287500 elapsed=5m58.130853167s
[INFO] [05-31|15:31:36.394] [p2p] GoodPeers 
[INFO] [05-31|15:31:42.825] Recovering senders                       recovered=3360000 elapsed=6m6.197464917s
[INFO] [05-31|15:31:51.067] Recovering senders                       recovered=3427500 elapsed=6m14.439271125s
[INFO] [05-31|15:31:59.246] Recovering senders                       recovered=3502500 elapsed=6m22.618396459s
[INFO] [05-31|15:32:07.416] Recovering senders                       recovered=3577500 elapsed=6m30.788664375s
[INFO] [05-31|15:32:15.453] Recovering senders                       recovered=3650000 elapsed=6m38.825790834s
[INFO] [05-31|15:32:23.595] Recovering senders                       recovered=3725000 elapsed=6m46.967161625s
[INFO] [05-31|15:32:31.782] Recovering senders                       recovered=3797500 elapsed=6m55.154444917s
[INFO] [05-31|15:32:39.828] Recovering senders                       recovered=3867500 elapsed=7m3.200808292s
[INFO] [05-31|15:32:47.924] Recovering senders                       recovered=3942500 elapsed=7m11.295814459s
[INFO] [05-31|15:32:55.946] Recovering senders                       recovered=4012500 elapsed=7m19.317818917s
[INFO] [05-31|15:33:01.062] Recovery: transactions not found         blockNum=4061224
