INFO [06-07|10:01:32.809] Maximum peer count                       ETH=50 LES=0 total=50
INFO [06-07|10:01:32.810] Smartcard socket not found, disabling    err="stat /run/pcscd/pcscd.comm: no such file or directory"
INFO [06-07|10:01:32.812] Set global gas cap                       cap=50,000,000
INFO [06-07|10:01:32.881] Using leveldb as the backing database 
INFO [06-07|10:01:32.881] Allocated cache and file handles         database=/data1/geth_db/geth/chaindata cache=512.00MiB handles=524,288 readonly=true
INFO [06-07|10:01:33.266] Using LevelDB as the backing database 
INFO [06-07|10:01:33.266] Found legacy ancient chain path          location=/data1/geth_db/geth/chaindata/ancient
INFO [06-07|10:01:33.267] Opened ancient database                  database=/data1/geth_db/geth/chaindata/ancient readonly=true
INFO [06-07|10:01:33.269] State dump configured                    block=105,235,063 hash=0xdbf6a80fef073de06add9b0d14026d6e5a86c85f6d102c36d3d8e9cf89c2afd3 skipcode=false skipstorage=false start=0x0000000000000000000000000000000000000000000000000000000000000000 limit=0
INFO [06-07|10:01:33.269] Trie dumping started                     root=920314..d424cb
INFO [06-07|10:01:41.506] Trie dumping in progress                 at="[0 87 132 252 148 97 134 201 88 101 255 99 146 38 29 86 253 205 39 114 10 133 148 222 236 153 122 238 149 135 202 255]" accounts=5296 elapsed=8.237s
INFO [06-07|10:01:49.872] Trie dumping in progress                 at="[1 50 99 230 86 233 139 19 135 113 133 118 35 136 92 11 13 89 108 176 12 39 180 137 148 124 71 245 147 19 127 254]" accounts=18627 elapsed=16.602s
INFO [06-07|10:01:59.846] Trie dumping in progress                 at="[1 145 180 93 68 193 0 191 85 175 77 132 124 30 120 72 124 104 103 149 208 87 57 57 29 221 192 124 118 239 249 82]" accounts=24460 elapsed=26.576s
INFO [06-07|10:02:08.141] Trie dumping in progress                 at="[2 232 68 170 104 225 162 190 169 154 234 56 215 209 62 185 69 40 249 128 224 150 102 66 107 224 232 143 143 191 234 209]" accounts=45438 elapsed=34.872s
INFO [06-07|10:02:19.432] Trie dumping in progress                 at="[3 184 232 238 116 39 123 173 217 36 19 170 139 145 199 126 142 16 150 129 66 28 231 134 186 30 197 76 246 117 2 173]" accounts=58292 elapsed=46.162s
INFO [06-07|10:03:24.598] Trie dumping in progress                 at="[4 44 27 236 197 123 247 89 191 160 198 246 160 8 121 211 71 56 203 237 184 93 115 177 71 15 129 12 252 179 186 54]" accounts=65341 elapsed=1m51.328s
INFO [06-07|10:04:16.425] Trie dumping in progress                 at="[4 88 143 134 139 139 86 182 21 105 216 18 31 120 173 181 141 242 105 195 212 107 245 69 14 225 205 111 103 85 187 102]" accounts=68093 elapsed=2m43.155s
INFO [06-07|10:04:26.840] Trie dumping in progress                 at="[5 20 196 215 158 86 157 138 56 9 125 189 176 17 117 199 132 185 247 14 33 53 32 101 7 53 106 155 14 107 31 224]" accounts=79672 elapsed=2m53.570s
INFO [06-07|10:04:36.803] Trie dumping in progress                 at="[5 155 46 45 79 16 91 43 149 188 38 97 137 74 228 247 61 155 74 138 138 136 66 29 165 187 154 147 144 199 44 109]" accounts=87853 elapsed=3m3.533s
INFO [06-07|10:04:44.898] Trie dumping in progress                 at="[6 19 31 233 100 185 64 195 207 238 13 69 180 208 173 52 10 27 59 96 116 255 217 136 115 129 184 89 53 240 81 122]" accounts=95191 elapsed=3m11.629s
INFO [06-07|10:04:53.713] Trie dumping in progress                 at="[7 14 115 214 77 143 235 58 25 32 212 105 159 84 73 218 75 144 162 51 45 82 14 122 90 58 192 98 195 247 199 58]" accounts=110,525 elapsed=3m20.444s
INFO [06-07|10:05:02.272] Trie dumping in progress                 at="[8 44 205 234 107 255 252 16 59 221 31 205 138 43 76 64 98 215 182 173 171 97 1 11 211 240 226 50 44 158 189 127]" accounts=127,934 elapsed=3m29.003s
INFO [06-07|10:05:17.901] Trie dumping in progress                 at="[8 122 89 148 128 254 48 139 0 155 78 74 20 236 99 128 11 103 10 122 16 88 197 58 199 239 25 74 89 115 56 115]" accounts=132,629 elapsed=3m44.631s
INFO [06-07|10:05:26.233] Trie dumping in progress                 at="[8 227 7 152 220 247 18 118 142 96 109 10 4 24 144 244 98 234 179 140 57 254 90 155 15 222 234 130 100 245 191 248]" accounts=138,958 elapsed=3m52.964s
INFO [06-07|10:05:35.165] Trie dumping in progress                 at="[10 73 45 144 194 58 54 223 85 21 177 226 78 169 238 147 144 71 212 174 233 253 239 2 192 42 110 225 20 204 177 212]" accounts=160,921 elapsed=4m1.895s
INFO [06-07|10:05:43.262] Trie dumping in progress                 at="[11 54 185 75 125 251 82 200 158 128 187 229 60 95 173 136 64 45 115 172 95 233 12 215 59 202 54 123 115 176 140 210]" accounts=175,500 elapsed=4m9.992s
INFO [06-07|10:05:57.350] Trie dumping in progress                 at="[11 96 164 229 47 174 196 155 50 139 241 32 219 81 10 179 17 5 230 239 188 118 156 60 224 50 149 160 56 103 255 130]" accounts=178,125 elapsed=4m24.080s
INFO [06-07|10:06:47.008] Trie dumping in progress                 at="[11 177 191 67 209 58 244 5 55 248 24 129 248 232 173 117 249 118 66 111 160 167 212 136 84 220 165 134 150 77 97 165]" accounts=183,107 elapsed=5m13.738s
INFO [06-07|10:07:07.941] Trie dumping in progress                 at="[12 231 90 195 196 19 233 6 156 220 255 100 87 161 183 170 158 130 75 47 46 94 200 9 177 218 71 61 121 122 241 174]" accounts=202,075 elapsed=5m34.671s
INFO [06-07|10:07:16.265] Trie dumping in progress                 at="[13 196 105 135 13 203 40 75 12 221 151 110 34 35 40 115 243 93 163 1 197 24 173 89 130 89 132 27 181 75 135 128]" accounts=215,616 elapsed=5m42.995s
INFO [06-07|10:07:24.266] Trie dumping in progress                 at="[14 77 244 193 244 58 80 1 154 136 85 123 135 173 250 53 201 134 176 106 119 136 30 5 113 116 72 209 245 75 94 133]" accounts=224,173 elapsed=5m50.996s
INFO [06-07|10:07:33.544] Trie dumping in progress                 at="[14 200 72 106 138 179 0 161 14 215 185 224 43 213 201 92 167 30 223 221 37 233 13 247 134 17 240 65 37 255 230 180]" accounts=231,755 elapsed=6m0.274s
INFO [06-07|10:07:43.638] Trie dumping in progress                 at="[15 121 124 55 6 43 213 20 195 30 72 142 247 225 84 237 177 83 169 144 110 230 179 133 182 109 67 159 84 133 202 16]" accounts=242,728 elapsed=6m10.368s
INFO [06-07|10:07:54.104] Trie dumping in progress                 at="[17 22 148 234 160 147 23 104 66 179 217 225 250 196 130 25 185 6 35 106 86 26 186 58 186 202 109 0 168 62 205 95]" accounts=268,079 elapsed=6m20.834s
INFO [06-07|10:08:03.460] Trie dumping in progress                 at="[17 165 211 118 16 81 123 93 136 180 77 49 130 129 235 25 2 100 68 94 31 1 144 41 82 54 105 243 111 54 121 17]" accounts=276,816 elapsed=6m30.190s
INFO [06-07|10:08:11.826] Trie dumping in progress                 at="[18 56 107 148 43 252 177 123 103 212 8 197 65 246 111 191 76 140 242 77 60 158 1 115 128 6 95 95 216 210 98 154]" accounts=285,826 elapsed=6m38.556s
INFO [06-07|10:08:22.277] Trie dumping in progress                 at="[18 179 140 124 219 192 51 89 154 56 250 48 199 104 94 244 131 178 99 143 80 250 97 14 219 221 41 165 78 236 129 111]" accounts=293,286 elapsed=6m49.008s
INFO [06-07|10:08:30.870] Trie dumping in progress                 at="[19 120 79 105 114 192 15 212 106 53 188 102 47 211 19 176 168 59 62 107 24 79 91 206 196 25 224 91 127 88 173 77]" accounts=305,315 elapsed=6m57.601s
INFO [06-07|10:09:08.927] Trie dumping in progress                 at="[20 67 169 243 156 233 224 69 52 203 111 211 180 110 89 181 186 158 154 243 10 37 66 142 209 48 216 106 97 155 156 252]" accounts=317,636 elapsed=7m35.657s
INFO [06-07|10:09:18.424] Trie dumping in progress                 at="[21 69 188 163 106 119 157 71 96 215 83 152 229 11 110 37 226 98 109 238 10 213 54 17 173 158 1 226 182 160 6 123]" accounts=333,411 elapsed=7m45.154s
INFO [06-07|10:09:26.935] Trie dumping in progress                 at="[21 124 189 182 76 107 91 122 12 98 201 155 46 117 233 57 201 246 146 21 75 5 93 174 78 37 54 83 136 38 89 61]" accounts=336,754 elapsed=7m53.665s
INFO [06-07|10:09:34.935] Trie dumping in progress                 at="[22 249 246 24 33 63 118 94 149 45 55 215 113 81 120 8 177 28 161 42 51 190 65 46 139 149 226 174 114 160 122 227]" accounts=360,110 elapsed=8m1.665s
INFO [06-07|10:10:30.417] Trie dumping in progress                 at="[23 92 193 167 15 187 75 64 155 77 15 72 157 132 77 66 161 178 79 102 132 213 98 47 138 77 133 165 68 25 79 196]" accounts=366,102 elapsed=8m57.147s
INFO [06-07|10:10:38.417] Trie dumping in progress                 at="[23 210 196 179 7 130 174 250 211 200 117 79 60 5 58 176 135 91 79 243 145 33 120 70 77 47 50 183 27 197 177 157]" accounts=373,397 elapsed=9m5.148s
INFO [06-07|10:11:38.135] Trie dumping in progress                 at="[23 232 216 150 225 229 130 216 220 103 171 191 69 23 236 159 219 171 126 29 53 188 73 44 101 193 232 60 139 181 106 176]" accounts=374,704 elapsed=10m4.865s
INFO [06-07|10:11:47.712] Trie dumping in progress                 at="[24 33 242 248 230 221 48 108 89 184 59 223 182 237 100 65 168 47 186 181 8 146 26 174 153 218 84 220 177 144 220 86]" accounts=378,167 elapsed=10m14.442s
INFO [06-07|10:11:55.974] Trie dumping in progress                 at="[25 6 8 83 125 192 153 254 239 210 86 174 240 56 51 232 25 156 229 117 67 208 153 99 125 219 75 81 241 151 204 46]" accounts=392,056 elapsed=10m22.704s
INFO [06-07|10:12:08.552] Trie dumping in progress                 at="[25 102 18 197 44 35 198 63 131 97 59 134 152 50 166 78 90 161 32 113 24 92 182 253 87 169 64 37 144 48 167 124]" accounts=398,033 elapsed=10m35.282s
INFO [06-07|10:12:20.692] Trie dumping in progress                 at="[25 218 96 121 197 131 227 222 251 90 152 31 232 152 147 189 118 30 78 121 54 101 37 217 60 170 174 138 41 159 170 188]" accounts=405,109 elapsed=10m47.422s
INFO [06-07|10:12:29.037] Trie dumping in progress                 at="[26 84 203 113 196 168 192 36 153 239 19 55 140 119 8 217 225 103 15 10 88 151 141 222 21 15 198 107 203 8 97 64]" accounts=412,691 elapsed=10m55.767s
INFO [06-07|10:12:59.463] Trie dumping in progress                 at="[26 125 143 76 223 245 230 108 19 161 199 38 46 2 57 191 183 186 61 196 145 74 157 50 232 54 250 81 114 145 101 40]" accounts=415,240 elapsed=11m26.193s
INFO [06-07|10:13:08.608] Trie dumping in progress                 at="[27 25 72 94 143 99 92 201 71 217 138 68 143 163 89 159 48 121 13 128 186 127 137 173 108 84 215 130 41 178 21 212]" accounts=424,830 elapsed=11m35.338s
INFO [06-07|10:13:16.608] Trie dumping in progress                 at="[27 114 194 26 171 21 107 72 181 237 215 236 2 8 42 223 69 7 226 119 170 127 103 100 142 129 91 225 67 234 45 238]" accounts=430,227 elapsed=11m43.338s
INFO [06-07|10:13:26.552] Trie dumping in progress                 at="[27 190 8 89 143 23 89 142 50 106 109 34 4 46 101 147 97 114 61 95 124 223 204 165 120 221 193 242 215 181 236 52]" accounts=434,806 elapsed=11m53.282s
INFO [06-07|10:14:44.334] Trie dumping in progress                 at="[28 18 125 15 119 202 52 17 171 110 158 244 230 83 234 85 141 22 85 154 119 16 200 23 100 61 103 33 83 62 209 204]" accounts=440,012 elapsed=13m11.064s
INFO [06-07|10:14:57.503] Trie dumping in progress                 at="[28 213 125 52 233 60 163 198 103 114 186 210 134 12 68 8 204 66 183 91 167 173 133 224 245 116 194 22 25 239 190 33]" accounts=452,075 elapsed=13m24.233s
INFO [06-07|10:15:05.545] Trie dumping in progress                 at="[29 137 11 71 26 142 194 214 29 239 168 96 202 60 46 202 212 98 118 202 162 6 240 102 58 126 24 164 160 35 67 232]" accounts=463,080 elapsed=13m32.275s
INFO [06-07|10:15:16.144] Trie dumping in progress                 at="[30 109 83 149 70 55 208 226 99 63 51 243 141 23 157 12 86 5 118 155 132 127 231 136 219 89 94 26 58 25 166 57]" accounts=476,969 elapsed=13m42.874s
INFO [06-07|10:15:25.153] Trie dumping in progress                 at="[31 156 141 54 155 25 244 2 216 35 30 237 174 3 152 104 227 134 43 219 74 145 211 223 224 212 239 100 55 82 137 142]" accounts=495,374 elapsed=13m51.884s
INFO [06-07|10:15:37.198] Trie dumping in progress                 at="[31 221 60 122 62 143 84 91 14 87 121 149 209 53 156 205 170 81 179 209 30 29 20 242 207 220 179 97 225 89 247 67]" accounts=499,296 elapsed=14m3.929s
INFO [06-07|10:15:52.729] Trie dumping in progress                 at="[31 240 128 10 110 19 189 202 255 97 185 82 56 22 126 243 119 224 27 169 127 131 43 63 156 20 154 173 29 159 106 33]" accounts=500,500 elapsed=14m19.459s
INFO [06-07|10:16:00.856] Trie dumping in progress                 at="[32 28 96 244 179 14 101 165 211 248 121 66 223 21 18 33 229 7 148 76 232 128 87 76 63 89 56 206 65 235 84 6]" accounts=503,080 elapsed=14m27.586s
INFO [06-07|10:16:11.182] Trie dumping in progress                 at="[32 217 68 177 177 168 69 171 79 44 162 162 73 98 208 32 37 74 180 156 150 192 169 110 56 247 240 53 160 196 155 37]" accounts=514,788 elapsed=14m37.912s
INFO [06-07|10:16:24.092] Trie dumping in progress                 at="[33 70 196 101 193 235 213 92 144 191 234 52 248 143 193 4 22 101 50 39 132 156 210 79 34 113 66 181 199 207 90 48]" accounts=521,383 elapsed=14m50.823s
INFO [06-07|10:16:34.217] Trie dumping in progress                 at="[33 208 98 37 82 105 198 166 44 167 231 196 179 8 235 4 62 16 129 107 161 27 124 187 170 206 152 49 185 97 137 105]" accounts=529,814 elapsed=15m0.947s
INFO [06-07|10:16:46.430] Trie dumping in progress                 at="[34 54 60 219 101 13 35 121 226 93 132 116 98 117 125 32 137 108 36 191 157 113 136 157 36 189 56 35 84 233 151 88]" accounts=535,992 elapsed=15m13.160s
INFO [06-07|10:16:54.516] Trie dumping in progress                 at="[34 199 87 152 192 39 154 17 217 90 179 162 238 213 70 28 83 70 62 119 213 85 141 67 79 239 180 142 38 62 16 139]" accounts=544,979 elapsed=15m21.246s
INFO [06-07|10:17:45.498] Trie dumping in progress                 at="[35 49 121 230 78 235 113 159 78 176 63 71 168 1 0 225 219 243 173 211 122 240 35 221 147 72 117 176 208 111 236 201]" accounts=551,524 elapsed=16m12.228s
INFO [06-07|10:17:53.498] Trie dumping in progress                 at="[36 7 51 21 218 163 34 48 172 119 222 149 3 175 180 108 141 199 52 146 36 251 43 172 87 128 144 206 40 93 46 122]" accounts=564,681 elapsed=16m20.228s
INFO [06-07|10:18:02.734] Trie dumping in progress                 at="[36 156 228 62 119 93 156 127 150 185 175 229 231 208 85 159 120 168 70 35 63 199 253 123 155 148 191 96 213 192 122 114]" accounts=573,826 elapsed=16m29.464s
INFO [06-07|10:18:10.734] Trie dumping in progress                 at="[38 19 22 212 219 174 112 49 176 225 209 14 43 147 230 31 55 48 106 181 250 172 253 215 63 137 175 98 138 4 146 94]" accounts=596,668 elapsed=16m37.464s
INFO [06-07|10:18:59.658] Trie dumping in progress                 at="[38 98 33 57 61 33 117 198 120 164 30 166 209 240 153 15 97 129 140 178 211 202 73 219 34 89 170 37 119 143 70 147]" accounts=601,561 elapsed=17m26.389s
INFO [06-07|10:20:43.306] Trie dumping in progress                 at="[38 105 224 61 27 212 178 38 41 56 5 74 102 255 98 136 113 3 136 67 104 177 4 66 177 238 179 221 207 59 171 39]" accounts=602,032 elapsed=19m10.036s
INFO [06-07|10:20:51.352] Trie dumping in progress                 at="[38 144 0 17 3 32 109 6 112 167 48 122 114 136 208 1 8 214 207 203 46 248 247 200 101 106 108 214 62 77 132 235]" accounts=604,344 elapsed=19m18.082s
INFO [06-07|10:21:01.008] Trie dumping in progress                 at="[39 19 195 77 26 177 224 116 235 214 80 58 79 34 207 80 72 109 231 218 122 152 233 200 214 12 253 194 55 74 93 101]" accounts=612,240 elapsed=19m27.738s
INFO [06-07|10:21:44.975] Trie dumping in progress                 at="[39 53 111 40 0 43 137 94 248 183 99 149 223 108 124 146 67 75 142 108 26 9 240 233 84 51 3 19 131 219 71 45]" accounts=614,346 elapsed=20m11.705s
INFO [06-07|10:21:53.612] Trie dumping in progress                 at="[40 90 64 177 210 125 22 158 54 121 30 198 2 213 153 225 225 68 190 219 39 230 235 217 36 222 116 227 138 42 73 92]" accounts=632,229 elapsed=20m20.342s
INFO [06-07|10:22:14.500] Trie dumping in progress                 at="[41 42 71 176 206 59 52 27 169 77 71 143 32 74 202 219 130 184 85 147 47 252 120 25 204 213 211 92 101 202 82 122]" accounts=644,849 elapsed=20m41.230s
INFO [06-07|10:22:22.501] Trie dumping in progress                 at="[41 183 240 235 62 163 160 27 140 133 138 56 167 3 100 129 48 206 241 76 238 28 238 33 123 188 5 202 93 6 175 18]" accounts=653,596 elapsed=20m49.231s
INFO [06-07|10:22:30.593] Trie dumping in progress                 at="[42 10 200 164 84 184 4 181 114 219 173 43 44 255 244 72 76 139 86 162 45 204 215 87 74 195 64 122 137 128 112 197]" accounts=658,634 elapsed=20m57.323s
INFO [06-07|10:22:38.593] Trie dumping in progress                 at="[42 99 195 103 47 87 17 51 240 27 5 219 105 245 234 157 0 200 65 209 204 222 225 206 239 134 47 251 250 22 118 171]" accounts=664,030 elapsed=21m5.323s
INFO [06-07|10:22:46.595] Trie dumping in progress                 at="[43 103 55 194 222 178 152 44 78 107 101 172 98 166 238 133 191 251 29 3 217 106 41 214 196 194 25 189 200 168 43 183]" accounts=679,944 elapsed=21m13.325s
INFO [06-07|10:22:54.712] Trie dumping in progress                 at="[43 209 5 18 17 61 26 134 234 51 119 32 65 86 152 205 89 116 56 18 244 112 127 54 91 111 222 91 201 115 207 154]" accounts=686,476 elapsed=21m21.442s
INFO [06-07|10:23:02.752] Trie dumping in progress                 at="[44 108 62 37 241 47 254 6 120 25 176 112 32 2 144 60 78 154 203 220 6 0 64 210 103 195 157 4 70 119 104 25]" accounts=695,951 elapsed=21m29.482s
INFO [06-07|10:23:11.678] Trie dumping in progress                 at="[45 20 16 42 184 168 221 77 34 247 44 147 65 28 160 96 166 136 167 200 73 209 247 112 49 127 233 121 111 162 144 91]" accounts=706,100 elapsed=21m38.408s
INFO [06-07|10:23:19.815] Trie dumping in progress                 at="[46 3 17 198 141 16 90 227 106 77 154 232 137 86 159 126 132 106 240 251 239 159 7 39 60 248 159 220 113 186 93 2]" accounts=720,603 elapsed=21m46.545s
INFO [06-07|10:23:45.119] Trie dumping in progress                 at="[46 60 121 223 167 39 99 142 114 218 80 138 231 243 198 211 105 209 235 138 186 189 194 114 112 28 40 72 131 215 19 210]" accounts=724,127 elapsed=22m11.849s
INFO [06-07|10:23:56.183] Trie dumping in progress                 at="[46 110 113 49 225 61 61 152 191 252 94 117 6 104 79 156 92 240 203 94 39 230 189 219 91 64 181 165 136 86 96 121]" accounts=727,201 elapsed=22m22.913s
INFO [06-07|10:24:04.217] Trie dumping in progress                 at="[46 250 248 74 147 114 214 246 204 128 146 120 217 61 44 192 191 46 234 68 167 80 127 184 232 154 105 19 15 73 57 24]" accounts=735,857 elapsed=22m30.947s
INFO [06-07|10:24:12.429] Trie dumping in progress                 at="[47 215 201 0 99 100 187 202 143 61 248 3 117 140 72 50 197 21 108 214 151 53 75 127 152 64 14 53 198 139 37 165]" accounts=749,203 elapsed=22m39.160s
INFO [06-07|10:24:20.758] Trie dumping in progress                 at="[48 91 75 187 76 63 73 176 205 106 36 118 144 109 74 70 90 155 241 61 240 65 75 243 98 162 4 203 188 82 199 112]" accounts=757,113 elapsed=22m47.488s
INFO [06-07|10:24:34.768] Trie dumping in progress                 at="[48 149 126 28 27 180 223 6 239 82 123 232 232 183 175 70 44 190 122 125 94 148 185 54 97 237 191 215 181 221 85 180]" accounts=760,623 elapsed=23m1.498s
INFO [06-07|10:24:43.810] Trie dumping in progress                 at="[49 2 49 234 122 105 113 199 161 237 20 210 99 172 222 248 93 145 98 204 163 168 96 194 228 230 195 169 10 155 86 84]" accounts=767,213 elapsed=23m10.540s
INFO [06-07|10:24:51.819] Trie dumping in progress                 at="[49 89 250 2 174 112 149 179 85 58 193 59 14 175 59 14 18 61 125 24 200 45 61 51 53 70 91 170 172 221 131 98]" accounts=772,676 elapsed=23m18.549s
INFO [06-07|10:24:59.849] Trie dumping in progress                 at="[50 16 176 2 84 67 84 28 132 181 30 151 103 8 251 214 73 137 103 12 39 247 3 83 5 114 173 210 233 39 138 84]" accounts=783,759 elapsed=23m26.579s
INFO [06-07|10:25:10.289] Trie dumping in progress                 at="[50 100 31 21 8 15 154 107 73 115 63 1 56 67 113 204 137 58 182 18 208 77 150 229 35 44 211 17 161 113 120 184]" accounts=788,919 elapsed=23m37.019s
INFO [06-07|10:25:28.932] Trie dumping in progress                 at="[51 73 154 75 93 135 159 210 122 6 157 181 141 144 253 37 26 235 237 150 135 28 211 93 134 43 122 178 211 2 255 65]" accounts=802,960 elapsed=23m55.662s
INFO [06-07|10:25:47.208] Trie dumping in progress                 at="[51 207 90 20 172 28 129 8 65 40 183 190 227 121 79 157 226 49 230 96 206 65 179 64 26 98 253 166 145 65 249 53]" accounts=811,146 elapsed=24m13.938s
INFO [06-07|10:25:58.885] Trie dumping in progress                 at="[52 156 49 82 73 84 224 46 242 18 255 253 135 42 22 167 200 234 70 201 87 30 141 137 174 97 51 12 251 93 234 227]" accounts=823,641 elapsed=24m25.615s
INFO [06-07|10:26:19.279] Trie dumping in progress                 at="[53 164 112 243 13 163 166 47 168 181 243 133 167 55 98 141 187 238 234 95 199 96 15 180 251 236 99 71 199 35 20 198]" accounts=839,613 elapsed=24m46.009s
INFO [06-07|10:26:29.750] Trie dumping in progress                 at="[54 61 24 99 119 220 224 11 163 41 207 103 229 25 244 15 50 106 198 101 48 146 96 60 214 13 227 85 196 133 97 82]" accounts=849,116 elapsed=24m56.480s
INFO [06-07|10:26:44.304] Trie dumping in progress                 at="[55 24 206 193 143 86 123 96 138 189 206 19 244 244 201 219 248 252 213 63 32 66 139 236 249 63 88 2 186 56 20 138]" accounts=862,689 elapsed=25m11.034s
INFO [06-07|10:26:52.307] Trie dumping in progress                 at="[56 6 153 173 227 239 162 208 246 163 98 104 245 68 240 163 194 45 98 113 250 165 46 178 24 232 187 139 209 175 78 145]" accounts=877,268 elapsed=25m19.038s
INFO [06-07|10:27:01.884] Trie dumping in progress                 at="[56 97 140 187 9 0 192 223 149 98 86 214 47 229 75 67 79 46 255 119 102 2 225 72 172 79 88 182 113 226 238 95]" accounts=882,911 elapsed=25m28.615s
INFO [06-07|10:27:10.032] Trie dumping in progress                 at="[56 127 57 110 1 114 75 60 236 211 16 151 183 58 196 221 184 148 182 149 118 167 188 99 145 81 147 61 138 53 159 140]" accounts=884,737 elapsed=25m36.762s
INFO [06-07|10:27:18.033] Trie dumping in progress                 at="[56 161 130 26 87 201 235 71 226 50 103 80 124 89 251 12 160 95 178 138 110 43 201 207 132 72 250 175 40 144 183 198]" accounts=886,924 elapsed=25m44.763s
INFO [06-07|10:27:27.087] Trie dumping in progress                 at="[57 243 99 136 106 137 177 106 140 0 12 143 139 45 214 199 58 211 15 188 110 53 76 65 207 187 134 231 202 232 57 254]" accounts=907,500 elapsed=25m53.817s
INFO [06-07|10:32:30.974] Trie dumping in progress                 at="[58 85 230 112 133 43 43 152 92 216 194 82 253 218 226 172 180 247 152 208 254 205 203 30 45 165 55 38 51 46 181 89]" accounts=913,662 elapsed=30m57.704s
INFO [06-07|10:32:48.539] Trie dumping in progress                 at="[58 111 88 214 21 62 37 22 195 48 130 230 150 245 182 238 52 147 106 144 4 40 61 23 192 38 223 243 14 104 190 202]" accounts=915,188 elapsed=31m15.269s
INFO [06-07|10:32:57.500] Trie dumping in progress                 at="[59 58 226 40 124 45 163 33 32 38 152 247 252 152 154 63 23 34 97 23 211 74 141 208 68 122 79 152 138 141 150 39]" accounts=927,735 elapsed=31m24.230s
INFO [06-07|10:33:07.341] Trie dumping in progress                 at="[60 23 196 54 101 191 183 227 162 178 219 168 21 124 175 114 86 201 61 111 13 117 166 40 39 60 4 24 23 99 238 250]" accounts=941,376 elapsed=31m34.071s
INFO [06-07|10:33:16.415] Trie dumping in progress                 at="[60 133 162 2 76 153 188 69 26 1 68 246 81 113 114 33 228 119 232 199 241 24 93 185 19 30 245 134 109 164 69 17]" accounts=948,095 elapsed=31m43.145s
INFO [06-07|10:34:31.372] Trie dumping in progress                 at="[61 151 184 99 182 60 100 199 113 158 238 193 20 186 221 110 82 150 89 107 145 197 21 116 136 230 250 186 146 84 159 10]" accounts=964,994 elapsed=32m58.102s
INFO [06-07|10:34:43.935] Trie dumping in progress                 at="[62 136 67 86 108 226 183 143 98 138 201 65 22 198 43 176 103 152 167 86 116 187 210 24 61 56 125 12 246 139 79 186]" accounts=979,561 elapsed=33m10.665s
INFO [06-07|10:34:51.937] Trie dumping in progress                 at="[63 0 157 59 108 126 90 248 68 175 13 123 12 136 232 160 192 250 170 149 59 120 70 204 231 133 206 115 228 71 80 226]" accounts=986,946 elapsed=33m18.667s
INFO [06-07|10:35:44.998] Trie dumping in progress                 at="[63 50 123 85 174 164 202 67 233 60 148 76 255 33 78 92 118 48 227 0 223 174 11 154 210 120 51 105 33 170 74 32]" accounts=989,977 elapsed=34m11.728s
INFO [06-07|10:36:11.677] Trie dumping in progress                 at="[63 64 115 72 224 69 195 112 165 138 90 115 120 183 13 40 228 224 213 88 254 141 212 249 232 228 102 139 39 32 127 42]" accounts=990,809 elapsed=34m38.407s
INFO [06-07|10:36:19.803] Trie dumping in progress                 at="[63 72 141 60 146 235 179 180 184 174 236 28 156 129 88 42 108 162 80 193 112 186 81 11 143 22 222 93 130 141 172 36]" accounts=991,305 elapsed=34m46.533s
INFO [06-07|10:36:27.923] Trie dumping in progress                 at="[64 149 0 9 128 174 125 150 241 216 113 169 46 5 7 189 99 157 62 145 122 115 127 12 223 73 210 228 126 0 42 136]" accounts=1,011,659 elapsed=34m54.654s
INFO [06-07|10:36:36.075] Trie dumping in progress                 at="[65 6 123 201 166 76 130 56 195 214 149 113 144 148 48 247 179 223 53 92 42 156 107 25 86 227 94 34 33 81 178 97]" accounts=1,018,566 elapsed=35m2.805s
INFO [06-07|10:37:01.490] Trie dumping in progress                 at="[65 82 197 44 150 250 18 239 104 184 192 55 140 239 40 211 84 106 102 248 87 142 142 164 172 5 102 24 183 178 99 33]" accounts=1,023,185 elapsed=35m28.220s
INFO [06-07|10:37:10.382] Trie dumping in progress                 at="[66 130 223 223 187 141 52 6 38 178 5 174 78 216 226 161 4 51 8 9 167 110 177 33 252 53 43 67 21 37 22 203]" accounts=1,041,881 elapsed=35m37.113s
INFO [06-07|10:37:22.550] Trie dumping in progress                 at="[67 52 238 47 252 233 182 30 73 31 246 49 65 90 20 220 213 208 214 128 151 97 8 64 246 222 229 15 50 46 20 193]" accounts=1,052,527 elapsed=35m49.280s
INFO [06-07|10:37:30.552] Trie dumping in progress                 at="[68 34 77 141 196 13 26 150 139 10 252 12 161 184 121 208 103 11 135 133 81 151 100 64 220 243 98 248 199 33 55 9]" accounts=1,066,997 elapsed=35m57.282s
INFO [06-07|10:37:38.979] Trie dumping in progress                 at="[68 213 235 203 25 176 194 240 47 51 14 203 168 210 4 226 66 17 188 6 103 125 172 180 19 99 44 196 195 250 230 146]" accounts=1,078,082 elapsed=36m5.709s
INFO [06-07|10:39:16.097] Trie dumping in progress                 at="[69 6 203 161 30 46 44 247 80 199 136 185 247 105 61 73 211 194 229 24 23 237 113 41 188 171 74 29 249 255 79 185]" accounts=1,081,061 elapsed=37m42.827s
INFO [06-07|10:39:24.166] Trie dumping in progress                 at="[70 100 180 84 113 38 129 197 137 38 72 47 83 76 201 16 164 36 31 170 238 66 143 133 177 108 163 205 155 127 190 86]" accounts=1,102,714 elapsed=37m50.896s
INFO [06-07|10:39:32.166] Trie dumping in progress                 at="[70 153 222 25 146 5 122 151 236 138 79 79 168 224 109 98 44 93 147 2 102 197 69 165 234 6 15 119 195 69 201 225]" accounts=1,105,936 elapsed=37m58.896s
INFO [06-07|10:39:40.166] Trie dumping in progress                 at="[72 9 86 9 171 72 151 93 115 188 235 241 49 133 155 88 14 53 182 203 151 98 10 84 186 254 48 250 133 80 210 44]" accounts=1,128,551 elapsed=38m6.897s
INFO [06-07|10:39:50.711] Trie dumping in progress                 at="[72 124 78 107 251 194 106 234 208 130 249 175 46 70 132 56 45 13 87 165 50 253 243 150 67 13 6 162 237 206 113 224]" accounts=1,135,520 elapsed=38m17.441s
INFO [06-07|10:40:02.959] Trie dumping in progress                 at="[72 141 124 223 136 43 67 59 84 117 169 133 107 45 94 167 233 20 241 65 5 145 122 96 15 122 242 118 73 133 173 216]" accounts=1,136,571 elapsed=38m29.689s
INFO [06-07|10:40:23.223] Trie dumping in progress                 at="[73 131 184 110 218 148 86 17 54 41 116 16 73 213 157 87 25 111 114 94 113 84 199 43 221 126 60 3 166 227 249 215]" accounts=1,151,674 elapsed=38m49.953s
INFO [06-07|10:40:31.223] Trie dumping in progress                 at="[74 119 152 122 118 54 211 64 52 160 249 248 245 146 155 25 231 142 36 150 221 7 101 111 152 238 220 20 253 111 187 120]" accounts=1,166,554 elapsed=38m57.953s
INFO [06-07|10:40:40.259] Trie dumping in progress                 at="[74 222 44 149 213 177 140 211 190 100 186 41 176 36 19 99 59 249 131 90 193 213 2 123 163 216 160 168 64 136 221 13]" accounts=1,172,735 elapsed=39m6.990s
INFO [06-07|10:40:49.727] Trie dumping in progress                 at="[76 108 208 74 73 164 69 158 117 78 111 176 36 40 161 218 173 239 110 157 61 18 146 223 148 201 100 234 166 24 24 32]" accounts=1,197,227 elapsed=39m16.457s
INFO [06-07|10:43:34.787] Trie dumping in progress                 at="[77 119 0 89 153 223 244 0 15 14 52 185 147 140 240 149 203 194 33 140 249 213 138 149 193 174 73 48 123 213 113 224]" accounts=1,213,441 elapsed=42m1.517s
INFO [06-07|10:45:11.339] Trie dumping in progress                 at="[77 156 30 145 69 150 131 82 163 190 195 15 207 127 160 36 86 70 23 151 178 162 100 249 158 178 79 75 252 87 225 158]" accounts=1,215,716 elapsed=43m38.069s
INFO [06-07|10:45:26.480] Trie dumping in progress                 at="[78 214 31 100 10 19 252 255 234 181 167 150 115 39 155 156 120 227 131 139 104 37 54 173 229 195 69 143 227 129 92 134]" accounts=1,235,037 elapsed=43m53.210s
INFO [06-07|10:45:42.988] Trie dumping in progress                 at="[79 99 38 25 252 119 89 165 185 7 102 199 229 113 70 188 137 187 113 235 245 129 226 150 118 71 40 29 149 201 160 206]" accounts=1,243,725 elapsed=44m9.718s
INFO [06-07|10:45:59.749] Trie dumping in progress                 at="[79 164 44 12 127 115 92 44 208 117 138 228 34 1 111 109 14 79 229 56 168 201 107 218 236 42 59 240 196 82 72 100]" accounts=1,247,728 elapsed=44m26.480s
INFO [06-07|10:46:46.480] Trie dumping in progress                 at="[79 226 47 200 64 161 197 28 170 95 244 102 135 57 18 45 120 45 119 201 176 32 156 17 74 143 142 121 93 248 49 156]" accounts=1,251,441 elapsed=45m13.210s
INFO [06-07|10:46:54.480] Trie dumping in progress                 at="[80 71 135 104 194 145 77 45 58 139 202 230 149 34 214 92 42 10 35 60 72 92 163 148 191 202 141 59 120 166 207 46]" accounts=1,257,573 elapsed=45m21.210s
INFO [06-07|10:47:19.041] Trie dumping in progress                 at="[81 5 210 217 33 210 58 150 185 5 66 175 57 136 223 21 198 11 132 252 173 157 205 3 48 0 43 37 136 116 247 209]" accounts=1,268,995 elapsed=45m45.771s
INFO [06-07|10:47:28.516] Trie dumping in progress                 at="[82 41 150 212 20 25 21 150 148 174 24 149 82 236 69 36 149 252 155 177 201 189 127 37 206 240 122 210 99 137 56 222]" accounts=1,286,667 elapsed=45m55.247s
INFO [06-07|10:47:36.595] Trie dumping in progress                 at="[83 2 176 190 145 213 187 12 5 183 241 113 166 87 13 185 167 160 196 30 150 225 242 129 166 87 44 195 75 68 171 149]" accounts=1,299,975 elapsed=46m3.326s
INFO [06-07|10:47:48.600] Trie dumping in progress                 at="[83 63 82 55 227 119 205 72 147 220 151 129 158 234 211 187 238 206 109 222 43 152 64 56 88 89 218 75 132 241 35 31]" accounts=1,303,638 elapsed=46m15.330s
INFO [06-07|10:47:59.724] Trie dumping in progress                 at="[83 175 57 14 225 49 63 14 110 152 238 6 47 172 41 165 14 188 125 198 155 40 127 69 244 25 189 177 192 52 200 85]" accounts=1,310,487 elapsed=46m26.454s
INFO [06-07|10:48:08.165] Trie dumping in progress                 at="[84 123 44 88 106 160 227 72 118 45 244 246 49 171 75 210 53 224 73 246 134 37 229 33 231 216 216 31 237 248 3 233]" accounts=1,322,949 elapsed=46m34.895s
INFO [06-07|10:48:16.918] Trie dumping in progress                 at="[84 186 81 74 157 65 145 61 131 231 221 123 206 2 190 222 4 52 226 80 40 213 174 83 162 191 164 223 127 154 100 145]" accounts=1,326,865 elapsed=46m43.648s
INFO [06-07|10:48:29.521] Trie dumping in progress                 at="[84 214 195 17 45 230 181 147 199 12 37 3 131 136 104 76 23 215 2 214 91 194 155 36 42 39 40 164 30 15 117 141]" accounts=1,328,642 elapsed=46m56.251s
INFO [06-07|10:48:48.915] Trie dumping in progress                 at="[84 226 125 48 190 145 132 82 43 82 196 144 37 14 130 39 204 75 31 223 133 185 102 153 195 141 172 235 165 61 63 201]" accounts=1,329,336 elapsed=47m15.645s
INFO [06-07|10:48:59.411] Trie dumping in progress                 at="[86 13 125 113 61 170 137 77 101 249 12 0 4 211 51 83 18 240 152 7 181 15 116 99 71 29 9 240 90 180 219 220]" accounts=1,347,620 elapsed=47m26.141s
INFO [06-07|10:49:08.505] Trie dumping in progress                 at="[86 183 156 248 77 188 114 42 223 221 91 39 30 70 243 142 84 150 196 244 183 109 95 30 122 244 216 45 154 170 85 120]" accounts=1,358,120 elapsed=47m35.235s
INFO [06-07|10:49:24.898] Trie dumping in progress                 at="[87 1 180 248 170 236 243 219 252 66 107 177 58 141 30 197 106 144 52 47 209 236 107 22 193 128 152 37 97 28 62 126]" accounts=1,362,691 elapsed=47m51.628s
INFO [06-07|10:49:33.300] Trie dumping in progress                 at="[87 168 118 47 127 53 154 62 80 78 87 30 146 139 191 253 249 55 24 231 87 118 200 127 38 201 180 35 68 139 32 108]" accounts=1,373,038 elapsed=48m0.030s
INFO [06-07|10:49:41.384] Trie dumping in progress                 at="[87 242 111 192 242 232 76 193 216 188 4 147 201 190 195 84 62 173 62 157 144 225 5 220 59 238 77 75 212 158 4 168]" accounts=1,377,633 elapsed=48m8.114s
INFO [06-07|10:57:07.032] Trie dumping in progress                 at="[88 62 35 219 23 2 34 109 216 154 99 202 200 246 16 253 86 254 11 22 8 56 1 10 55 167 27 7 43 247 96 76]" accounts=1,382,369 elapsed=55m33.762s
INFO [06-07|10:57:17.086] Trie dumping in progress                 at="[88 162 43 49 253 95 244 191 111 195 159 191 230 214 151 174 90 115 165 177 127 98 168 183 255 60 39 145 241 212 12 182]" accounts=1,388,495 elapsed=55m43.817s
INFO [06-07|10:57:28.332] Trie dumping in progress                 at="[89 18 36 2 15 191 198 51 172 75 233 186 122 135 63 27 144 239 243 61 216 158 108 223 230 100 254 62 37 51 92 61]" accounts=1,395,232 elapsed=55m55.062s
INFO [06-07|11:00:42.013] Trie dumping in progress                 at="[89 54 74 180 51 76 154 135 255 148 15 186 149 42 137 234 225 229 79 232 229 233 76 23 106 255 28 165 20 68 204 241]" accounts=1,397,438 elapsed=59m8.743s
INFO [06-07|11:00:53.820] Trie dumping in progress                 at="[89 151 150 252 231 13 124 189 193 56 146 247 154 27 132 184 126 154 71 38 16 229 110 213 150 65 61 183 43 62 190 5]" accounts=1,403,403 elapsed=59m20.550s
INFO [06-07|11:01:16.784] Trie dumping in progress                 at="[89 201 3 125 30 140 205 94 66 60 228 61 69 93 25 42 8 11 54 239 249 144 255 100 47 14 1 73 224 88 129 133]" accounts=1,406,406 elapsed=59m43.514s
INFO [06-07|11:01:30.134] Trie dumping in progress                 at="[89 219 229 4 39 63 122 93 146 190 164 111 33 37 108 59 96 232 48 65 73 115 125 182 206 117 41 21 72 188 65 26]" accounts=1,407,599 elapsed=59m56.864s
INFO [06-07|11:01:42.036] Trie dumping in progress                 at="[90 117 103 40 254 80 27 165 153 151 52 160 136 193 44 184 221 188 84 243 137 166 211 236 4 204 134 196 208 105 165 158]" accounts=1,417,003 elapsed=1h0m8.766s
INFO [06-07|11:01:51.942] Trie dumping in progress                 at="[91 90 105 0 44 103 86 183 218 219 109 206 156 46 133 248 243 38 95 140 67 61 49 179 68 88 124 9 59 156 84 78]" accounts=1,431,072 elapsed=1h0m18.672s
INFO [06-07|11:02:02.478] Trie dumping in progress                 at="[91 216 173 205 65 172 13 67 130 206 85 153 125 63 79 47 69 177 189 50 51 247 30 18 254 197 228 3 106 176 251 137]" accounts=1,438,754 elapsed=1h0m29.209s
INFO [06-07|11:02:28.857] Trie dumping in progress                 at="[92 33 68 56 43 153 168 52 75 214 120 75 160 240 99 3 21 145 196 66 171 70 223 248 4 118 111 101 92 191 251 139]" accounts=1,443,147 elapsed=1h0m55.588s
INFO [06-07|11:02:52.350] Trie dumping in progress                 at="[92 205 3 187 170 74 18 239 68 76 248 110 210 168 100 229 29 179 106 179 84 128 38 25 95 119 87 10 159 116 8 197]" accounts=1,453,526 elapsed=1h1m19.080s
INFO [06-07|11:03:00.406] Trie dumping in progress                 at="[93 56 209 129 154 247 94 216 71 16 25 202 29 149 0 206 253 100 45 205 155 21 241 138 58 194 191 246 197 164 163 211]" accounts=1,460,191 elapsed=1h1m27.136s
INFO [06-07|11:03:13.977] Trie dumping in progress                 at="[94 165 122 8 206 50 173 173 83 57 245 210 180 158 159 199 126 198 173 106 188 232 7 231 73 118 60 170 18 108 144 34]" accounts=1,482,196 elapsed=1h1m40.708s
INFO [06-07|11:03:22.941] Trie dumping in progress                 at="[94 193 195 101 182 62 254 248 53 134 70 117 220 186 82 107 181 101 57 225 23 129 217 44 19 61 83 103 153 89 176 32]" accounts=1,483,863 elapsed=1h1m49.671s
INFO [06-07|11:03:49.387] Trie dumping in progress                 at="[95 158 40 69 60 72 119 186 28 249 0 200 125 130 208 191 153 145 146 113 123 117 113 27 76 40 201 29 255 21 170 109]" accounts=1,497,385 elapsed=1h2m16.117s
INFO [06-07|11:03:58.934] Trie dumping in progress                 at="[95 233 165 248 57 58 48 219 126 107 183 160 42 197 33 191 27 175 69 61 66 48 96 15 237 0 113 73 228 84 28 134]" accounts=1,501,857 elapsed=1h2m25.664s
INFO [06-07|11:04:06.934] Trie dumping in progress                 at="[96 185 225 160 155 246 160 129 111 247 194 5 55 154 25 213 252 164 8 17 12 156 79 163 196 225 177 54 125 11 30 215]" accounts=1,514,564 elapsed=1h2m33.664s
INFO [06-07|11:04:15.541] Trie dumping in progress                 at="[97 83 244 96 155 169 153 11 186 55 95 188 51 29 42 240 231 106 86 23 160 206 173 184 96 95 22 96 143 112 174 195]" accounts=1,524,047 elapsed=1h2m42.271s
INFO [06-07|11:04:23.992] Trie dumping in progress                 at="[97 197 107 5 39 39 3 115 35 116 36 130 14 46 156 186 203 214 62 183 211 116 44 26 111 204 83 140 89 238 32 54]" accounts=1,530,990 elapsed=1h2m50.722s
INFO [06-07|11:05:25.322] Trie dumping in progress                 at="[98 37 210 221 234 101 148 83 228 61 70 85 173 184 27 247 201 199 8 117 30 149 29 42 17 206 185 30 137 17 95 21]" accounts=1,536,833 elapsed=1h3m52.052s
INFO [06-07|11:05:51.432] Trie dumping in progress                 at="[98 146 89 99 129 158 25 14 3 56 213 54 84 25 217 200 233 126 147 166 214 114 137 200 192 111 127 161 186 215 65 217]" accounts=1,543,415 elapsed=1h4m18.162s
INFO [06-07|11:07:03.336] Trie dumping in progress                 at="[99 51 151 42 138 251 228 48 219 104 161 139 252 145 76 188 96 132 108 10 152 27 223 187 5 191 110 98 76 63 165 203]" accounts=1,553,174 elapsed=1h5m30.066s
INFO [06-07|11:07:12.879] Trie dumping in progress                 at="[99 228 15 126 145 96 170 80 229 107 238 90 10 96 225 220 234 37 57 198 35 33 205 35 68 51 78 211 146 130 132 110]" accounts=1,564,036 elapsed=1h5m39.609s
INFO [06-07|11:07:21.457] Trie dumping in progress                 at="[100 111 253 216 67 35 63 79 0 252 68 175 82 69 232 173 252 27 103 209 199 253 80 224 208 90 88 219 164 46 104 211]" accounts=1,572,678 elapsed=1h5m48.187s
INFO [06-07|11:07:54.438] Trie dumping in progress                 at="[100 129 150 211 86 69 235 0 229 89 72 251 26 156 249 95 98 65 228 42 245 244 38 70 195 84 56 235 20 86 25 217]" accounts=1,573,760 elapsed=1h6m21.168s
INFO [06-07|11:08:02.438] Trie dumping in progress                 at="[100 218 141 158 51 24 42 197 33 94 118 109 24 203 141 199 41 77 118 78 0 19 4 91 36 34 165 186 2 61 112 175]" accounts=1,579,156 elapsed=1h6m29.168s
INFO [06-07|11:08:10.741] Trie dumping in progress                 at="[101 147 165 32 153 9 154 86 149 241 222 214 158 122 19 100 19 16 111 202 233 245 180 162 215 245 131 167 69 90 59 250]" accounts=1,590,534 elapsed=1h6m37.472s
INFO [06-07|11:08:18.742] Trie dumping in progress                 at="[101 195 154 213 209 224 118 10 104 64 221 30 35 59 193 200 187 25 51 235 171 245 188 22 229 60 186 9 35 175 166 128]" accounts=1,593,391 elapsed=1h6m45.472s
INFO [06-07|11:08:34.642] Trie dumping in progress                 at="[101 204 122 113 209 208 171 59 169 93 105 90 230 33 65 74 55 113 151 147 65 63 148 254 233 46 239 254 135 81 196 219]" accounts=1,593,981 elapsed=1h7m1.372s
INFO [06-07|11:08:42.642] Trie dumping in progress                 at="[102 3 167 56 104 102 78 97 92 245 125 54 58 229 213 169 227 152 146 60 39 242 21 50 186 33 197 69 8 140 159 39]" accounts=1,597,369 elapsed=1h7m9.372s
INFO [06-07|11:08:50.644] Trie dumping in progress                 at="[103 10 70 38 98 171 200 170 208 210 75 255 53 232 216 240 191 246 214 123 80 31 84 253 70 253 53 143 199 210 159 210]" accounts=1,613,421 elapsed=1h7m17.374s
INFO [06-07|11:14:57.398] Trie dumping in progress                 at="[103 85 168 133 212 142 85 125 69 116 168 215 150 243 51 128 10 140 116 234 51 74 125 233 26 89 198 47 189 6 221 178]" accounts=1,618,089 elapsed=1h13m24.128s
INFO [06-07|11:15:05.788] Trie dumping in progress                 at="[104 18 10 219 16 214 34 0 105 42 116 152 159 153 166 152 208 61 242 126 140 158 80 93 181 160 167 165 251 76 169 121]" accounts=1,629,578 elapsed=1h13m32.518s
INFO [06-07|11:15:16.478] Trie dumping in progress                 at="[104 118 251 40 125 127 247 252 148 71 233 170 19 54 74 73 29 168 158 85 87 18 81 202 186 18 151 32 141 235 223 134]" accounts=1,635,628 elapsed=1h13m43.208s
INFO [06-07|11:15:24.956] Trie dumping in progress                 at="[104 194 192 11 213 197 49 150 62 142 158 207 164 33 97 204 228 232 183 84 123 229 83 22 236 155 105 67 166 255 151 7]" accounts=1,640,352 elapsed=1h13m51.687s
INFO [06-07|11:15:33.026] Trie dumping in progress                 at="[105 59 82 239 252 73 7 61 99 111 255 182 14 153 171 35 148 119 26 245 218 95 94 144 113 187 32 25 251 9 230 157]" accounts=1,647,699 elapsed=1h13m59.756s
INFO [06-07|11:15:58.889] Trie dumping in progress                 at="[105 72 33 133 97 196 197 53 201 78 152 156 52 144 250 44 212 97 204 163 111 148 228 140 164 106 241 206 228 118 150 129]" accounts=1,648,509 elapsed=1h14m25.619s
INFO [06-07|11:16:06.942] Trie dumping in progress                 at="[105 144 93 97 235 188 131 14 98 87 52 216 2 245 183 155 183 253 13 115 241 232 75 149 28 41 152 201 254 43 228 201]" accounts=1,653,034 elapsed=1h14m33.673s
INFO [06-07|11:16:16.314] Trie dumping in progress                 at="[106 88 60 0 200 14 32 67 135 244 116 117 93 130 241 149 150 63 102 9 27 16 210 108 46 177 198 118 203 77 37 212]" accounts=1,665,157 elapsed=1h14m43.044s
INFO [06-07|11:16:24.410] Trie dumping in progress                 at="[106 233 83 9 244 18 78 196 213 138 75 69 71 175 169 163 135 140 186 135 93 127 192 67 16 110 199 31 236 193 70 3]" accounts=1,673,965 elapsed=1h14m51.140s
INFO [06-07|11:16:32.410] Trie dumping in progress                 at="[108 30 16 186 69 31 177 231 25 137 63 208 237 99 213 201 80 237 140 235 54 167 240 150 96 202 75 221 11 163 172 13]" accounts=1,692,929 elapsed=1h14m59.140s
INFO [06-07|11:16:40.496] Trie dumping in progress                 at="[108 203 51 197 13 226 45 59 252 162 16 183 141 16 20 177 205 81 94 42 11 92 23 219 103 203 155 53 161 212 41 124]" accounts=1,703,637 elapsed=1h15m7.226s
INFO [06-07|11:16:48.884] Trie dumping in progress                 at="[109 159 117 199 121 203 123 192 46 212 251 127 212 25 131 96 117 119 8 58 1 94 86 158 246 214 79 124 171 135 15 206]" accounts=1,716,656 elapsed=1h15m15.614s
INFO [06-07|11:17:39.100] Trie dumping in progress                 at="[110 38 16 75 248 227 35 254 79 162 128 62 109 16 240 175 186 36 147 174 66 211 196 167 34 58 174 114 253 203 22 48]" accounts=1,724,902 elapsed=1h16m5.830s
INFO [06-07|11:17:47.167] Trie dumping in progress                 at="[111 171 85 223 33 163 120 153 209 65 54 236 246 248 215 12 109 111 30 226 89 144 180 181 130 204 67 177 214 140 64 121]" accounts=1,748,414 elapsed=1h16m13.897s
INFO [06-07|11:17:55.168] Trie dumping in progress                 at="[112 128 117 83 72 110 252 175 66 26 151 118 10 66 145 165 210 76 144 229 14 216 191 85 122 60 127 213 45 183 74 12]" accounts=1,761,431 elapsed=1h16m21.898s
INFO [06-07|11:18:08.519] Trie dumping in progress                 at="[112 200 105 211 5 185 150 100 107 113 2 156 6 10 173 31 105 41 137 251 121 82 39 82 154 209 235 235 153 241 127 1]" accounts=1,765,928 elapsed=1h16m35.249s
INFO [06-07|11:18:16.565] Trie dumping in progress                 at="[113 81 215 217 123 174 170 134 252 47 68 135 67 202 104 147 32 156 235 47 152 137 3 134 2 194 254 162 191 163 228 6]" accounts=1,774,425 elapsed=1h16m43.295s
INFO [06-07|11:18:24.729] Trie dumping in progress                 at="[114 176 47 174 125 140 115 132 39 213 219 56 115 191 183 59 175 159 227 85 137 93 240 234 75 164 52 14 112 218 169 173]" accounts=1,796,088 elapsed=1h16m51.459s
INFO [06-07|11:18:43.366] Trie dumping in progress                 at="[115 217 147 128 126 212 139 223 205 172 88 94 238 68 117 114 125 170 141 169 182 48 3 74 207 110 48 51 160 73 113 149]" accounts=1,814,280 elapsed=1h17m10.096s
INFO [06-07|11:18:51.381] Trie dumping in progress                 at="[116 205 108 11 224 10 188 254 81 187 150 5 174 242 153 190 105 27 173 41 22 82 216 12 136 52 153 27 226 40 124 203]" accounts=1,829,096 elapsed=1h17m18.111s
INFO [06-07|11:19:03.219] Trie dumping in progress                 at="[117 125 50 183 79 124 20 98 140 46 95 20 98 194 54 7 249 114 108 0 84 131 187 166 89 192 158 107 85 175 243 52]" accounts=1,840,047 elapsed=1h17m29.949s
INFO [06-07|11:19:12.112] Trie dumping in progress                 at="[117 209 220 147 157 229 125 46 115 221 75 247 20 179 192 159 203 13 40 156 36 52 136 144 219 62 165 180 120 218 207 205]" accounts=1,845,246 elapsed=1h17m38.842s
INFO [06-07|11:19:24.607] Trie dumping in progress                 at="[118 131 118 71 118 232 221 39 203 199 190 89 66 233 176 135 122 28 90 132 192 9 156 192 129 146 80 54 185 156 138 76]" accounts=1,855,949 elapsed=1h17m51.337s
INFO [06-07|11:19:35.549] Trie dumping in progress                 at="[119 19 169 172 101 253 232 243 125 110 5 150 12 7 24 176 116 24 5 13 206 5 202 210 52 51 106 62 108 83 13 83]" accounts=1,864,824 elapsed=1h18m2.279s
INFO [06-07|11:19:46.344] Trie dumping in progress                 at="[120 62 143 243 2 151 223 242 180 216 12 169 251 123 2 78 202 39 22 226 243 231 139 63 158 140 93 86 22 152 10 85]" accounts=1,883,023 elapsed=1h18m13.074s
INFO [06-07|11:19:56.443] Trie dumping in progress                 at="[121 3 186 92 185 127 208 86 75 171 195 95 37 0 15 176 66 247 26 41 53 209 151 143 144 170 216 250 76 88 169 139]" accounts=1,895,210 elapsed=1h18m23.173s
INFO [06-07|11:20:04.464] Trie dumping in progress                 at="[122 117 9 33 136 17 94 146 77 217 69 36 197 184 68 19 244 180 254 210 39 198 219 140 49 239 242 159 177 57 38 74]" accounts=1,917,963 elapsed=1h18m31.194s
INFO [06-07|11:20:12.624] Trie dumping in progress                 at="[123 238 206 8 32 41 11 232 121 94 151 162 98 167 47 21 197 133 215 252 5 37 89 96 29 9 128 251 51 106 55 189]" accounts=1,940,968 elapsed=1h18m39.354s
INFO [06-07|11:20:30.258] Trie dumping in progress                 at="[124 74 151 65 53 90 134 123 174 190 130 22 179 108 13 155 31 0 13 90 171 108 170 21 108 229 120 17 168 91 153 55]" accounts=1,946,557 elapsed=1h18m56.989s
INFO [06-07|11:20:38.522] Trie dumping in progress                 at="[124 203 229 156 113 235 132 59 175 194 44 188 235 227 113 61 25 247 151 117 243 11 131 104 57 138 61 179 85 244 76 80]" accounts=1,954,491 elapsed=1h19m5.252s
INFO [06-07|11:20:53.722] Trie dumping in progress                 at="[125 67 146 5 244 155 172 135 48 253 105 83 194 119 84 45 127 8 255 244 59 16 87 228 138 13 160 146 251 14 166 41]" accounts=1,961,783 elapsed=1h19m20.452s
INFO [06-07|11:21:01.725] Trie dumping in progress                 at="[125 151 39 246 158 79 110 77 48 175 155 29 74 32 122 131 127 120 149 46 108 202 84 122 56 9 126 98 236 13 65 163]" accounts=1,966,860 elapsed=1h19m28.456s
INFO [06-07|11:21:17.627] Trie dumping in progress                 at="[126 40 53 135 166 136 40 71 8 0 137 57 99 114 10 202 94 69 28 21 64 137 185 2 222 160 122 160 225 33 96 238]" accounts=1,975,634 elapsed=1h19m44.357s
INFO [06-07|11:21:25.816] Trie dumping in progress                 at="[127 64 88 107 52 16 33 135 47 18 52 29 188 199 227 243 98 127 160 26 16 156 125 45 232 46 206 138 231 249 181 102]" accounts=1,992,745 elapsed=1h19m52.546s
INFO [06-07|11:21:34.358] Trie dumping in progress                 at="[128 18 235 187 81 175 217 104 191 84 63 195 154 163 182 146 10 11 74 221 58 113 239 238 152 136 12 148 74 112 27 113]" accounts=2,005,521 elapsed=1h20m1.088s
INFO [06-07|11:21:42.504] Trie dumping in progress                 at="[128 222 160 235 10 244 230 74 163 250 131 100 10 63 26 177 8 253 13 90 167 102 108 159 67 208 172 47 81 80 21 159]" accounts=2,018,197 elapsed=1h20m9.234s
INFO [06-07|11:21:57.196] Trie dumping in progress                 at="[129 43 8 4 221 6 147 240 5 22 53 189 196 223 43 30 141 70 81 121 213 243 49 54 150 173 42 43 119 215 198 116]" accounts=2,022,851 elapsed=1h20m23.926s
INFO [06-07|11:22:05.501] Trie dumping in progress                 at="[129 251 60 173 202 56 200 114 228 1 131 105 75 207 89 43 164 134 7 117 139 151 172 227 104 140 247 77 18 111 36 136]" accounts=2,035,552 elapsed=1h20m32.231s
INFO [06-07|11:22:13.511] Trie dumping in progress                 at="[130 189 89 177 190 53 113 5 32 95 181 118 2 222 110 122 126 64 210 109 55 115 41 158 62 226 94 22 112 36 248 241]" accounts=2,047,586 elapsed=1h20m40.241s
INFO [06-07|11:22:22.641] Trie dumping in progress                 at="[131 228 196 109 254 60 232 41 85 38 239 214 128 219 3 124 86 23 133 172 78 42 19 254 150 183 180 102 168 181 235 10]" accounts=2,065,828 elapsed=1h20m49.371s
INFO [06-07|11:22:56.522] Trie dumping in progress                 at="[132 23 83 52 148 93 173 96 214 247 199 135 185 37 42 159 127 226 203 180 30 33 15 31 89 107 149 241 132 57 191 47]" accounts=2,068,940 elapsed=1h21m23.253s
INFO [06-07|11:23:05.786] Trie dumping in progress                 at="[132 40 178 148 5 5 253 239 133 104 96 133 49 87 172 65 21 200 138 13 7 109 199 64 38 239 11 188 91 110 87 222]" accounts=2,069,971 elapsed=1h21m32.516s
INFO [06-07|11:24:33.592] Trie dumping in progress                 at="[132 165 161 246 78 134 23 66 165 165 172 216 66 162 94 178 117 217 5 228 196 88 141 190 185 185 16 132 32 199 211 117]" accounts=2,077,622 elapsed=1h23m0.322s
INFO [06-07|11:24:42.381] Trie dumping in progress                 at="[133 254 169 254 189 51 9 3 44 9 115 18 234 100 117 53 251 153 33 96 160 200 227 8 108 140 102 127 141 235 63 82]" accounts=2,098,503 elapsed=1h23m9.111s
INFO [06-07|11:24:50.767] Trie dumping in progress                 at="[134 145 58 3 196 227 231 179 170 103 57 224 62 59 29 26 178 50 127 205 184 58 161 51 246 37 168 37 162 94 245 133]" accounts=2,107,306 elapsed=1h23m17.497s
INFO [06-07|11:27:13.900] Trie dumping in progress                 at="[134 148 242 162 216 239 216 246 89 110 61 95 234 163 32 91 56 0 84 140 150 246 4 129 80 27 253 140 49 126 219 103]" accounts=2,107,567 elapsed=1h25m40.630s
INFO [06-07|11:27:29.491] Trie dumping in progress                 at="[134 188 255 204 86 65 74 80 85 186 9 59 118 14 254 170 215 72 16 122 40 62 133 52 163 20 22 12 184 164 14 21]" accounts=2,110,079 elapsed=1h25m56.221s
INFO [06-07|11:27:37.491] Trie dumping in progress                 at="[135 92 54 17 69 184 220 146 59 66 89 115 219 76 189 243 14 90 81 14 116 79 253 79 188 20 30 15 49 146 151 104]" accounts=2,119,837 elapsed=1h26m4.221s
INFO [06-07|11:27:49.723] Trie dumping in progress                 at="[135 249 47 176 38 65 243 152 71 178 130 183 202 186 175 136 221 10 88 14 134 228 80 110 139 131 14 227 64 151 241 129]" accounts=2,129,505 elapsed=1h26m16.453s
INFO [06-07|11:27:58.391] Trie dumping in progress                 at="[137 8 148 68 214 63 191 25 238 179 57 91 231 213 104 104 228 33 59 239 11 178 147 21 222 249 135 132 122 31 200 14]" accounts=2,146,187 elapsed=1h26m25.121s
INFO [06-07|11:28:06.472] Trie dumping in progress                 at="[137 246 142 80 7 75 103 138 203 236 104 35 48 65 123 15 109 94 209 117 26 179 97 84 13 39 170 224 121 214 154 228]" accounts=2,160,795 elapsed=1h26m33.203s
INFO [06-07|11:28:19.252] Trie dumping in progress                 at="[137 246 182 121 227 230 224 61 155 89 168 5 61 54 70 213 227 218 243 171 42 95 155 251 98 56 124 15 8 226 150 107]" accounts=2,160,800 elapsed=1h26m45.982s
INFO [06-07|11:28:27.313] Trie dumping in progress                 at="[139 179 145 179 158 128 82 161 133 64 158 147 146 132 59 112 176 213 116 100 252 109 131 182 4 92 156 198 163 243 151 40]" accounts=2,188,297 elapsed=1h26m54.044s
INFO [06-07|11:28:35.692] Trie dumping in progress                 at="[140 93 188 189 222 25 100 47 170 5 110 215 220 80 240 115 209 148 5 188 190 96 133 44 98 79 66 177 144 85 221 89]" accounts=2,198,601 elapsed=1h27m2.422s
INFO [06-07|11:28:52.482] Trie dumping in progress                 at="[140 100 181 86 50 119 44 69 154 12 114 153 255 46 72 157 119 37 173 110 15 240 205 167 195 113 146 103 192 67 61 143]" accounts=2,199,031 elapsed=1h27m19.212s
INFO [06-07|11:29:06.668] Trie dumping in progress                 at="[140 227 249 152 200 154 14 182 236 79 252 101 146 120 253 68 196 168 5 131 193 43 27 115 228 147 212 207 16 90 40 233]" accounts=2,206,813 elapsed=1h27m33.399s
INFO [06-07|11:29:22.954] Trie dumping in progress                 at="[141 196 206 180 35 3 4 212 241 122 210 218 87 247 153 5 103 156 1 111 135 106 57 145 114 4 160 75 25 90 91 218]" accounts=2,220,494 elapsed=1h27m49.684s
INFO [06-07|11:29:31.594] Trie dumping in progress                 at="[143 10 92 243 129 22 212 221 56 12 135 28 32 195 92 52 177 210 90 151 35 200 103 246 106 152 8 89 36 91 50 72]" accounts=2,240,561 elapsed=1h27m58.324s
INFO [06-07|11:29:40.094] Trie dumping in progress                 at="[144 25 147 89 165 231 236 29 2 151 52 253 84 99 85 35 87 153 5 170 204 84 4 73 237 178 92 148 159 214 23 84]" accounts=2,257,172 elapsed=1h28m6.824s
INFO [06-07|11:29:51.976] Trie dumping in progress                 at="[144 108 143 182 179 66 206 12 78 151 175 161 96 151 195 105 130 35 125 193 90 4 153 66 181 71 19 187 136 12 146 242]" accounts=2,262,212 elapsed=1h28m18.706s
INFO [06-07|11:30:01.037] Trie dumping in progress                 at="[144 235 13 22 231 239 96 231 92 37 146 149 43 177 193 210 118 111 205 44 37 241 60 243 18 74 94 242 171 142 220 170]" accounts=2,269,946 elapsed=1h28m27.767s
INFO [06-07|11:30:09.084] Trie dumping in progress                 at="[145 220 233 110 26 255 228 244 221 160 17 187 149 206 185 101 212 201 232 82 198 211 222 19 85 78 127 223 191 134 179 204]" accounts=2,284,701 elapsed=1h28m35.814s
INFO [06-07|11:30:18.549] Trie dumping in progress                 at="[145 239 242 201 96 183 188 155 34 33 11 142 40 252 198 123 162 67 132 171 128 80 12 192 195 69 108 118 49 83 77 20]" accounts=2,285,812 elapsed=1h28m45.280s
INFO [06-07|11:30:30.006] Trie dumping in progress                 at="[146 197 11 222 118 182 159 47 134 2 186 72 150 184 111 113 135 213 7 108 104 237 57 203 95 36 72 70 181 254 49 172]" accounts=2,298,752 elapsed=1h28m56.736s
INFO [06-07|11:30:38.175] Trie dumping in progress                 at="[147 163 108 124 255 241 212 95 54 47 217 254 221 166 254 24 93 115 189 159 150 108 112 73 100 67 129 233 241 190 230 20]" accounts=2,312,480 elapsed=1h29m4.905s
INFO [06-07|11:30:47.129] Trie dumping in progress                 at="[147 197 150 140 236 239 174 125 141 180 87 46 252 234 24 165 73 232 68 103 243 69 100 22 133 55 153 25 143 37 150 74]" accounts=2,314,571 elapsed=1h29m13.859s
INFO [06-07|11:31:17.879] Trie dumping in progress                 at="[147 212 36 196 252 141 81 129 229 54 197 172 250 136 196 223 130 225 0 238 36 240 78 64 150 229 184 80 221 80 100 250]" accounts=2,315,409 elapsed=1h29m44.610s
INFO [06-07|11:31:25.990] Trie dumping in progress                 at="[148 243 160 103 195 29 75 60 114 90 25 236 46 61 20 0 6 76 17 175 58 247 14 74 48 107 144 165 37 7 69 43]" accounts=2,333,002 elapsed=1h29m52.720s
INFO [06-07|11:31:36.254] Trie dumping in progress                 at="[149 155 186 35 27 218 195 28 61 155 43 208 163 173 60 143 104 85 81 133 174 84 57 157 171 41 64 51 202 220 34 179]" accounts=2,343,320 elapsed=1h30m2.984s
INFO [06-07|11:31:44.338] Trie dumping in progress                 at="[151 11 117 66 88 182 175 96 183 214 137 235 250 95 238 92 91 102 9 96 79 54 145 41 231 128 176 143 106 207 68 159]" accounts=2,365,989 elapsed=1h30m11.068s
INFO [06-07|11:31:55.125] Trie dumping in progress                 at="[151 86 94 14 48 50 92 20 53 179 51 134 152 50 249 127 160 168 141 114 127 118 31 117 174 89 2 76 155 184 243 6]" accounts=2,370,614 elapsed=1h30m21.855s
INFO [06-07|11:32:05.594] Trie dumping in progress                 at="[151 224 142 115 207 102 201 72 84 255 146 170 71 159 175 5 170 252 67 22 43 155 72 229 14 56 242 73 56 23 87 150]" accounts=2,379,028 elapsed=1h30m32.324s
INFO [06-07|11:32:13.594] Trie dumping in progress                 at="[152 126 160 204 73 160 238 17 0 203 54 225 202 196 240 53 111 156 182 225 32 223 24 237 77 245 183 167 103 84 88 200]" accounts=2,388,562 elapsed=1h30m40.325s
INFO [06-07|11:32:28.019] Trie dumping in progress                 at="[152 163 180 113 80 147 116 115 125 69 103 3 125 154 74 0 87 172 254 152 174 246 136 7 175 141 107 121 136 66 19 32]" accounts=2,390,815 elapsed=1h30m54.749s
INFO [06-07|11:32:36.051] Trie dumping in progress                 at="[153 98 78 191 150 96 244 68 229 9 186 255 235 106 243 169 180 32 81 80 116 20 13 80 77 98 240 103 224 145 18 128]" accounts=2,402,522 elapsed=1h31m2.781s
INFO [06-07|11:33:50.823] Trie dumping in progress                 at="[153 125 200 221 253 184 68 232 226 86 160 56 237 102 116 60 140 85 67 1 13 87 12 98 16 18 189 213 73 21 81 147]" accounts=2,404,191 elapsed=1h32m17.553s
INFO [06-07|11:34:42.485] Trie dumping in progress                 at="[154 70 44 238 242 29 193 82 47 254 119 66 79 110 213 17 206 193 132 246 155 218 194 179 71 19 9 98 95 26 115 8]" accounts=2,416,310 elapsed=1h33m9.215s
INFO [06-07|11:34:50.487] Trie dumping in progress                 at="[154 229 204 73 153 116 206 26 101 137 106 177 89 18 213 170 183 252 176 106 133 18 91 234 81 240 84 235 215 109 133 1]" accounts=2,426,065 elapsed=1h33m17.218s
INFO [06-07|11:35:02.989] Trie dumping in progress                 at="[155 88 36 219 106 236 44 228 234 121 19 53 29 221 11 103 91 217 201 74 156 84 78 43 212 195 147 188 250 77 162 123]" accounts=2,433,065 elapsed=1h33m29.719s
INFO [06-07|11:35:11.951] Trie dumping in progress                 at="[156 56 88 237 80 35 150 121 126 235 123 99 128 136 34 100 192 188 100 243 8 210 255 213 172 110 8 239 187 75 36 199]" accounts=2,446,799 elapsed=1h33m38.682s
INFO [06-07|11:35:22.444] Trie dumping in progress                 at="[157 1 162 165 244 135 226 35 232 249 6 188 82 174 131 194 171 125 36 82 0 152 31 165 2 139 149 233 235 245 181 133]" accounts=2,459,240 elapsed=1h33m49.174s
INFO [06-07|11:35:30.446] Trie dumping in progress                 at="[157 248 126 243 144 37 120 98 241 23 239 129 104 148 35 99 204 160 26 100 3 48 170 146 120 246 228 230 21 39 122 213]" accounts=2,474,514 elapsed=1h33m57.176s
INFO [06-07|11:35:57.670] Trie dumping in progress                 at="[158 225 168 244 240 106 111 176 83 135 47 213 155 246 124 235 185 53 169 17 28 53 90 56 252 96 181 33 88 40 193 186]" accounts=2,488,690 elapsed=1h34m24.400s
INFO [06-07|11:36:05.788] Trie dumping in progress                 at="[159 196 128 107 76 204 185 4 68 78 88 180 68 57 229 109 237 57 164 246 43 74 202 13 1 199 27 198 122 110 158 124]" accounts=2,502,494 elapsed=1h34m32.518s
INFO [06-07|11:36:13.789] Trie dumping in progress                 at="[160 204 229 253 168 250 252 193 222 167 187 226 36 55 52 190 19 191 181 42 207 106 133 93 45 10 90 141 70 140 34 180]" accounts=2,518,696 elapsed=1h34m40.519s
INFO [06-07|11:36:38.769] Trie dumping in progress                 at="[161 172 199 22 73 87 251 43 119 254 15 247 146 46 113 131 77 77 76 134 219 187 48 229 40 181 226 140 14 180 102 159]" accounts=2,532,481 elapsed=1h35m5.499s
INFO [06-07|11:36:47.232] Trie dumping in progress                 at="[162 86 212 164 245 123 188 88 69 107 62 164 234 73 178 155 138 33 233 222 28 246 79 248 190 196 92 79 128 150 15 75]" accounts=2,542,955 elapsed=1h35m13.963s
INFO [06-07|11:36:57.006] Trie dumping in progress                 at="[162 192 55 127 138 102 232 58 27 80 120 238 171 169 133 91 49 206 73 244 98 91 100 9 232 212 195 8 231 66 158 28]" accounts=2,549,471 elapsed=1h35m23.737s
INFO [06-07|11:37:21.108] Trie dumping in progress                 at="[163 18 133 23 170 119 80 151 216 119 53 246 228 174 199 163 34 87 251 239 84 128 179 246 153 244 110 76 81 203 109 228]" accounts=2,554,420 elapsed=1h35m47.839s
INFO [06-07|11:37:29.194] Trie dumping in progress                 at="[164 68 139 92 158 111 202 18 176 172 216 23 141 114 120 7 63 119 62 112 209 149 6 3 247 171 253 173 185 101 132 173]" accounts=2,573,108 elapsed=1h35m55.924s
INFO [06-07|11:37:41.464] Trie dumping in progress                 at="[164 200 174 247 235 171 137 9 143 61 248 129 230 174 21 186 162 214 230 112 121 159 93 136 211 168 103 40 88 74 221 193]" accounts=2,581,308 elapsed=1h36m8.194s
INFO [06-07|11:37:49.480] Trie dumping in progress                 at="[165 114 164 31 31 225 170 34 67 6 16 39 146 199 230 211 77 65 43 205 34 26 139 210 149 63 116 92 14 172 239 45]" accounts=2,591,495 elapsed=1h36m16.210s
INFO [06-07|11:37:57.769] Trie dumping in progress                 at="[165 144 156 183 86 204 28 68 88 10 233 147 117 195 102 95 30 21 101 83 127 6 15 40 13 254 139 118 20 152 133 131]" accounts=2,593,352 elapsed=1h36m24.499s
INFO [06-07|11:42:17.474] Trie dumping in progress                 at="[165 172 100 225 60 168 197 159 212 154 214 49 32 129 82 77 71 43 21 166 224 133 198 137 202 59 231 188 33 97 206 99]" accounts=2,595,127 elapsed=1h40m44.204s
INFO [06-07|11:42:26.193] Trie dumping in progress                 at="[166 58 169 141 35 226 45 113 149 214 232 108 221 77 232 70 242 185 166 217 235 65 150 182 67 156 122 28 82 35 53 235]" accounts=2,603,843 elapsed=1h40m52.924s
INFO [06-07|11:42:44.758] Trie dumping in progress                 at="[166 179 134 94 28 230 184 205 106 79 91 244 7 175 89 161 87 86 114 235 226 102 251 115 56 47 161 8 147 83 26 209]" accounts=2,611,175 elapsed=1h41m11.488s
INFO [06-07|11:43:03.674] Trie dumping in progress                 at="[167 23 0 136 216 90 114 214 194 42 130 30 83 175 75 150 47 3 156 186 216 50 116 162 72 251 124 212 38 91 133 82]" accounts=2,617,264 elapsed=1h41m30.404s
INFO [06-07|11:43:11.684] Trie dumping in progress                 at="[167 64 139 56 142 188 0 239 237 141 7 78 127 255 7 197 170 158 208 171 43 181 223 11 25 44 64 103 219 24 71 113]" accounts=2,619,842 elapsed=1h41m38.414s
INFO [06-07|11:43:29.593] Trie dumping in progress                 at="[167 232 112 239 48 5 26 38 115 126 78 100 4 239 30 191 140 30 238 11 202 223 128 184 150 161 34 133 0 19 71 9]" accounts=2,630,146 elapsed=1h41m56.323s
INFO [06-07|11:43:39.401] Trie dumping in progress                 at="[167 248 201 37 86 85 10 238 139 19 229 232 83 144 120 20 164 109 24 110 206 94 103 144 82 173 85 139 65 169 54 181]" accounts=2,631,150 elapsed=1h42m6.132s
INFO [06-07|11:43:47.857] Trie dumping in progress                 at="[168 248 110 102 66 71 34 241 19 16 53 159 241 85 72 208 93 16 75 125 252 202 30 97 199 199 162 91 155 111 39 93]" accounts=2,646,938 elapsed=1h42m14.588s
INFO [06-07|11:43:55.966] Trie dumping in progress                 at="[169 89 29 101 91 112 223 62 132 253 39 240 0 21 49 185 177 129 100 38 73 30 178 56 74 207 97 18 102 212 197 60]" accounts=2,652,790 elapsed=1h42m22.697s
INFO [06-07|11:45:11.148] Trie dumping in progress                 at="[169 160 227 153 72 66 100 84 38 16 91 127 135 100 245 84 226 80 197 140 199 118 240 239 89 230 43 63 239 184 100 12]" accounts=2,657,251 elapsed=1h43m37.878s
INFO [06-07|11:45:21.384] Trie dumping in progress                 at="[170 231 57 209 201 78 165 4 69 93 40 18 127 191 163 185 20 186 174 253 190 71 152 78 231 126 150 193 191 95 127 83]" accounts=2,677,112 elapsed=1h43m48.114s
INFO [06-07|11:47:43.148] Trie dumping in progress                 at="[171 30 27 169 5 183 124 130 251 91 232 10 123 204 106 105 177 133 92 183 165 170 85 55 71 137 250 173 50 235 233 99]" accounts=2,680,447 elapsed=1h46m9.878s
INFO [06-07|11:47:59.321] Trie dumping in progress                 at="[171 67 238 14 86 225 210 5 83 211 146 106 233 200 143 120 165 67 79 60 48 151 169 1 95 16 33 43 59 236 46 10]" accounts=2,682,684 elapsed=1h46m26.051s
INFO [06-07|11:48:09.472] Trie dumping in progress                 at="[171 124 45 151 76 42 138 151 47 150 167 209 69 186 145 9 194 57 89 65 239 101 225 141 201 41 2 234 7 150 253 239]" accounts=2,686,099 elapsed=1h46m36.202s
INFO [06-07|11:48:17.620] Trie dumping in progress                 at="[171 255 193 36 127 162 122 148 148 188 194 44 122 19 11 191 59 208 241 30 26 75 168 163 47 35 67 209 9 97 167 137]" accounts=2,694,154 elapsed=1h46m44.350s
INFO [06-07|11:48:50.950] Trie dumping in progress                 at="[172 35 226 16 84 10 174 62 191 208 160 34 63 4 148 65 175 97 203 135 108 134 10 214 44 177 210 205 6 39 26 47]" accounts=2,696,391 elapsed=1h47m17.680s
INFO [06-07|11:49:01.858] Trie dumping in progress                 at="[172 242 105 248 113 214 35 202 161 47 85 32 148 10 89 39 168 46 180 239 50 107 30 222 8 93 70 222 115 190 78 229]" accounts=2,709,176 elapsed=1h47m28.588s
INFO [06-07|11:49:12.122] Trie dumping in progress                 at="[173 166 97 129 235 239 223 128 171 196 125 221 13 3 202 36 101 18 232 40 167 166 58 36 247 83 217 224 181 34 129 73]" accounts=2,720,239 elapsed=1h47m38.852s
INFO [06-07|11:49:30.314] Trie dumping in progress                 at="[173 192 246 215 230 139 89 155 25 203 123 223 255 64 30 146 234 56 42 2 207 174 2 100 122 184 79 100 27 35 27 83]" accounts=2,721,868 elapsed=1h47m57.044s
INFO [06-07|11:49:38.729] Trie dumping in progress                 at="[174 76 10 236 155 100 74 11 0 65 140 198 206 160 86 137 254 136 175 219 27 196 98 213 55 246 229 155 119 54 253 210]" accounts=2,730,278 elapsed=1h48m5.459s
INFO [06-07|11:49:55.467] Trie dumping in progress                 at="[175 96 94 207 26 143 186 166 241 219 179 110 187 35 67 78 171 53 198 93 39 198 228 102 172 60 179 62 169 109 249 13]" accounts=2,747,058 elapsed=1h48m22.198s
INFO [06-07|11:50:03.468] Trie dumping in progress                 at="[175 151 43 24 68 25 171 150 91 129 151 89 208 129 173 149 214 68 96 222 173 99 112 81 68 75 85 107 36 106 171 253]" accounts=2,750,386 elapsed=1h48m30.198s
INFO [06-07|11:50:11.519] Trie dumping in progress                 at="[176 142 63 240 190 240 230 80 55 16 132 241 25 66 61 25 14 113 17 219 212 32 47 94 227 65 192 234 42 173 209 15]" accounts=2,765,305 elapsed=1h48m38.249s
INFO [06-07|11:50:19.784] Trie dumping in progress                 at="[176 253 243 189 13 15 203 146 119 231 128 96 187 182 61 23 6 79 129 174 190 129 106 63 118 178 196 85 105 243 35 107]" accounts=2,772,161 elapsed=1h48m46.514s
INFO [06-07|11:53:25.434] Trie dumping in progress                 at="[177 49 203 248 75 66 224 201 149 204 57 205 28 104 250 210 182 237 38 236 81 126 61 190 88 14 233 77 187 72 252 78]" accounts=2,775,221 elapsed=1h51m52.164s
INFO [06-07|11:53:35.346] Trie dumping in progress                 at="[177 128 182 166 114 65 195 182 69 125 168 50 111 134 121 240 59 201 180 53 107 98 78 117 216 72 236 220 37 194 197 63]" accounts=2,780,111 elapsed=1h52m2.076s
INFO [06-07|11:53:45.194] Trie dumping in progress                 at="[178 144 28 226 161 249 0 202 207 21 62 71 22 77 247 52 251 127 248 9 109 22 238 109 38 107 136 225 16 206 76 12]" accounts=2,796,784 elapsed=1h52m11.924s
INFO [06-07|11:59:52.259] Trie dumping in progress                 at="[178 199 69 197 188 144 202 3 185 35 195 252 145 21 76 176 141 239 5 209 159 4 156 110 120 134 69 175 211 46 185 237]" accounts=2,800,190 elapsed=1h58m18.989s
INFO [06-07|12:00:00.259] Trie dumping in progress                 at="[179 240 121 218 207 218 15 7 142 166 121 155 169 39 6 73 255 67 252 127 60 213 85 71 107 250 252 171 191 253 121 33]" accounts=2,818,416 elapsed=1h58m26.989s
INFO [06-07|12:00:09.231] Trie dumping in progress                 at="[180 121 43 246 121 101 197 132 68 221 211 227 108 75 59 97 143 72 20 186 218 118 41 254 190 57 136 90 98 192 82 187]" accounts=2,826,824 elapsed=1h58m35.961s
INFO [06-07|12:00:17.564] Trie dumping in progress                 at="[181 174 39 152 90 168 202 127 161 4 151 71 83 230 215 45 36 72 189 118 10 137 162 56 22 158 175 53 184 82 202 230]" accounts=2,845,683 elapsed=1h58m44.294s
INFO [06-07|12:00:25.564] Trie dumping in progress                 at="[182 34 11 198 125 0 248 21 215 178 225 195 62 234 186 199 240 180 212 117 24 59 187 209 178 133 244 15 93 31 26 231]" accounts=2,852,770 elapsed=1h58m52.294s
INFO [06-07|12:00:33.582] Trie dumping in progress                 at="[183 39 27 62 17 83 135 70 79 243 170 71 209 39 169 83 57 161 214 210 133 136 221 116 225 193 203 174 18 152 83 159]" accounts=2,868,530 elapsed=1h59m0.312s
INFO [06-07|12:00:41.723] Trie dumping in progress                 at="[183 200 150 73 63 34 38 236 17 3 40 118 195 113 205 112 228 88 32 43 47 60 88 40 211 90 114 21 154 55 130 30]" accounts=2,878,392 elapsed=1h59m8.453s
INFO [06-07|12:00:57.819] Trie dumping in progress                 at="[183 220 139 164 191 122 82 28 159 102 81 35 123 82 112 86 198 110 52 120 61 125 136 70 160 109 109 247 139 19 209 197]" accounts=2,879,584 elapsed=1h59m24.549s
INFO [06-07|12:01:33.121] Trie dumping in progress                 at="[184 73 104 52 222 126 11 222 94 211 16 37 163 189 92 95 78 62 251 130 11 86 31 28 0 58 189 241 157 20 189 99]" accounts=2,886,414 elapsed=1h59m59.852s
INFO [06-07|12:01:49.652] Trie dumping in progress                 at="[184 228 80 127 33 35 121 117 40 231 96 163 29 134 211 136 240 99 49 140 50 177 197 57 124 123 163 224 239 50 106 54]" accounts=2,895,931 elapsed=2h0m16.382s
INFO [06-07|12:02:30.575] Trie dumping in progress                 at="[185 55 117 5 144 88 12 17 224 56 66 244 227 140 107 76 0 98 219 205 31 248 226 246 5 40 142 222 246 138 218 179]" accounts=2,900,835 elapsed=2h0m57.305s
INFO [06-07|12:03:00.465] Trie dumping in progress                 at="[185 104 191 254 243 109 149 63 140 178 10 162 168 33 16 218 97 54 35 243 57 123 100 219 57 189 117 229 230 240 203 191]" accounts=2,903,751 elapsed=2h1m27.195s
INFO [06-07|12:03:21.114] Trie dumping in progress                 at="[187 9 151 56 219 222 217 161 69 56 244 149 93 80 69 61 52 129 169 111 217 207 107 147 253 81 208 227 108 243 127 10]" accounts=2,929,309 elapsed=2h1m47.845s
INFO [06-07|12:04:08.334] Trie dumping in progress                 at="[187 51 190 72 180 39 51 134 142 83 184 150 139 199 127 121 247 127 61 102 55 97 14 140 173 113 232 5 10 243 79 203]" accounts=2,931,821 elapsed=2h2m35.064s
INFO [06-07|12:04:44.727] Trie dumping in progress                 at="[187 57 49 201 253 85 27 218 133 192 231 242 133 60 1 95 254 254 169 96 8 105 162 185 122 72 200 70 117 92 89 149]" accounts=2,932,137 elapsed=2h3m11.457s
INFO [06-07|12:04:52.727] Trie dumping in progress                 at="[187 224 115 9 235 1 85 165 87 57 183 58 50 68 218 131 5 200 197 121 217 136 162 96 231 144 78 157 201 81 73 219]" accounts=2,942,497 elapsed=2h3m19.458s
INFO [06-07|12:05:01.847] Trie dumping in progress                 at="[188 240 164 212 155 251 100 101 42 184 170 145 49 87 161 62 95 85 140 111 161 73 242 27 2 102 53 247 16 123 248 174]" accounts=2,959,031 elapsed=2h3m28.578s
INFO [06-07|12:05:10.276] Trie dumping in progress                 at="[189 105 74 17 146 115 46 161 148 9 161 252 116 103 95 169 6 196 134 161 161 117 43 142 207 240 191 96 69 67 79 48]" accounts=2,966,530 elapsed=2h3m37.006s
INFO [06-07|12:05:20.338] Trie dumping in progress                 at="[190 255 78 98 121 91 119 233 220 234 155 199 136 102 115 107 221 54 20 129 113 144 28 239 3 117 86 170 21 114 9 88]" accounts=2,991,212 elapsed=2h3m47.068s
INFO [06-07|12:05:34.867] Trie dumping in progress                 at="[191 239 180 194 55 166 205 203 191 52 138 107 45 146 10 34 17 7 55 16 100 21 74 22 133 71 59 116 128 216 97 69]" accounts=3,005,732 elapsed=2h4m1.597s
INFO [06-07|12:07:54.587] Trie dumping in progress                 at="[192 36 117 153 0 6 88 39 78 90 232 10 16 105 254 69 157 92 115 208 245 149 37 222 57 117 77 254 54 7 173 155]" accounts=3,008,981 elapsed=2h6m21.318s
INFO [06-07|12:08:23.668] Trie dumping in progress                 at="[192 119 230 78 150 142 253 206 15 163 111 112 100 161 227 105 203 47 114 207 23 124 24 42 219 244 121 9 116 226 239 250]" accounts=3,014,046 elapsed=2h6m50.398s
INFO [06-07|12:08:45.623] Trie dumping in progress                 at="[193 28 115 215 197 183 207 66 242 51 232 125 243 195 16 76 161 5 165 200 70 143 52 133 245 82 229 92 101 224 64 171]" accounts=3,024,211 elapsed=2h7m12.353s
INFO [06-07|12:08:53.658] Trie dumping in progress                 at="[193 180 57 241 243 183 93 72 219 120 2 230 164 216 92 27 104 149 157 7 14 111 148 209 240 135 240 189 69 80 2 46]" accounts=3,033,478 elapsed=2h7m20.388s
INFO [06-07|12:09:02.137] Trie dumping in progress                 at="[194 149 137 177 212 61 105 200 162 177 225 164 129 57 245 147 196 238 12 16 87 71 66 87 71 146 134 116 93 166 196 197]" accounts=3,047,088 elapsed=2h7m28.867s
INFO [06-07|12:09:13.861] Trie dumping in progress                 at="[195 49 240 121 156 50 236 8 24 10 149 156 203 205 75 11 91 63 5 41 137 11 127 253 183 96 161 254 86 19 234 18]" accounts=3,056,689 elapsed=2h7m40.591s
INFO [06-07|12:09:36.932] Trie dumping in progress                 at="[196 63 189 50 17 117 182 229 93 244 247 237 79 161 32 41 225 39 20 186 216 163 121 193 76 161 68 48 198 38 118 7]" accounts=3,073,046 elapsed=2h8m3.662s
INFO [06-07|12:09:53.323] Trie dumping in progress                 at="[197 27 72 186 152 231 131 245 179 250 73 239 20 56 54 157 60 157 224 183 99 169 206 8 26 150 19 166 217 216 91 224]" accounts=3,086,573 elapsed=2h8m20.054s
INFO [06-07|12:10:02.873] Trie dumping in progress                 at="[197 198 144 7 143 206 128 217 149 226 176 38 43 55 86 219 15 58 38 167 182 65 126 73 71 166 249 65 255 119 140 103]" accounts=3,097,162 elapsed=2h8m29.603s
INFO [06-07|12:10:10.971] Trie dumping in progress                 at="[198 123 217 82 226 196 196 242 133 138 208 64 251 93 173 246 6 91 139 45 152 142 87 93 86 243 243 97 245 154 137 45]" accounts=3,108,285 elapsed=2h8m37.701s
INFO [06-07|12:10:55.932] Trie dumping in progress                 at="[199 100 190 135 204 137 26 179 214 28 20 74 221 62 200 21 44 233 91 218 147 51 93 23 68 145 239 204 73 147 51 151]" accounts=3,122,465 elapsed=2h9m22.662s
INFO [06-07|12:11:12.498] Trie dumping in progress                 at="[199 143 138 120 199 129 199 61 230 117 159 194 187 118 124 89 185 76 104 9 71 166 86 7 91 195 33 224 59 58 235 218]" accounts=3,125,085 elapsed=2h9m39.228s
INFO [06-07|12:11:21.227] Trie dumping in progress                 at="[199 188 206 238 84 180 85 194 229 79 244 59 186 32 69 199 5 39 160 166 77 152 226 63 187 176 215 113 113 138 140 160]" accounts=3,127,842 elapsed=2h9m47.957s
INFO [06-07|12:11:29.227] Trie dumping in progress                 at="[200 99 76 129 39 98 254 172 62 103 202 81 114 234 112 63 20 199 232 152 207 228 75 94 71 212 178 35 127 194 109 39]" accounts=3,138,158 elapsed=2h9m55.958s
INFO [06-07|12:11:39.261] Trie dumping in progress                 at="[201 100 255 68 6 28 74 226 167 76 177 93 100 36 215 11 34 215 60 25 94 25 81 7 101 136 93 11 94 69 13 10]" accounts=3,153,867 elapsed=2h10m5.991s
INFO [06-07|12:11:47.589] Trie dumping in progress                 at="[202 106 171 80 157 48 0 254 87 152 249 0 223 68 74 254 182 248 80 129 33 1 218 103 2 147 152 112 190 53 139 0]" accounts=3,169,693 elapsed=2h10m14.319s
INFO [06-07|12:12:00.109] Trie dumping in progress                 at="[202 247 26 190 3 76 170 108 48 87 99 101 92 114 252 167 73 188 29 100 247 236 118 89 103 195 144 213 77 201 0 91]" accounts=3,178,184 elapsed=2h10m26.839s
INFO [06-07|12:12:08.881] Trie dumping in progress                 at="[204 43 135 193 172 44 159 34 159 66 17 101 90 160 26 255 182 61 116 9 6 33 87 107 40 5 252 51 190 161 201 40]" accounts=3,197,135 elapsed=2h10m35.611s
INFO [06-07|12:12:18.955] Trie dumping in progress                 at="[204 88 183 236 6 207 229 155 111 42 235 14 252 5 10 99 32 171 96 101 237 198 148 68 177 76 41 168 8 53 241 9]" accounts=3,199,910 elapsed=2h10m45.685s
INFO [06-07|12:12:28.384] Trie dumping in progress                 at="[204 112 183 35 115 105 142 222 232 21 162 51 230 208 46 194 219 246 49 198 62 201 23 146 141 173 76 107 251 160 236 101]" accounts=3,201,347 elapsed=2h10m55.114s
INFO [06-07|12:13:03.303] Trie dumping in progress                 at="[204 131 108 171 5 254 44 188 16 203 194 9 196 67 113 232 171 72 152 176 145 49 94 66 216 107 177 113 170 206 102 144]" accounts=3,202,553 elapsed=2h11m30.033s
INFO [06-07|12:13:13.041] Trie dumping in progress                 at="[205 145 54 21 127 72 90 5 49 222 146 34 194 150 252 35 97 163 233 4 123 143 121 81 204 110 136 159 209 221 222 185]" accounts=3,218,888 elapsed=2h11m39.771s
INFO [06-07|12:13:33.691] Trie dumping in progress                 at="[206 121 240 123 196 140 204 18 18 44 8 61 49 105 166 232 238 23 131 85 52 70 97 25 207 209 246 230 233 131 150 74]" accounts=3,233,163 elapsed=2h12m0.421s
INFO [06-07|12:13:45.802] Trie dumping in progress                 at="[207 143 246 132 48 36 53 136 86 54 98 73 55 236 17 241 104 190 150 202 220 197 164 155 252 150 230 103 237 117 177 47]" accounts=3,250,236 elapsed=2h12m12.532s
INFO [06-07|12:13:57.795] Trie dumping in progress                 at="[207 222 93 105 49 122 128 148 21 209 177 162 113 23 212 143 15 189 105 176 168 177 199 128 100 57 189 140 81 121 194 208]" accounts=3,255,097 elapsed=2h12m24.525s
INFO [06-07|12:20:25.683] Trie dumping in progress                 at="[208 16 199 167 166 102 108 15 139 234 9 193 198 52 112 216 194 221 111 186 9 230 71 46 164 224 45 20 73 32 231 93]" accounts=3,258,178 elapsed=2h18m52.413s
INFO [06-07|12:20:33.980] Trie dumping in progress                 at="[209 97 138 185 255 160 229 28 154 255 169 64 197 57 138 224 51 252 73 248 121 150 206 211 218 247 190 115 3 222 31 251]" accounts=3,278,472 elapsed=2h19m0.710s
INFO [06-07|12:20:43.130] Trie dumping in progress                 at="[210 41 9 247 25 205 233 205 112 138 71 31 32 238 80 80 96 160 218 109 137 35 153 149 87 229 60 247 37 11 220 247]" accounts=3,290,631 elapsed=2h19m9.860s
INFO [06-07|12:20:51.150] Trie dumping in progress                 at="[211 171 6 51 173 112 102 42 43 142 225 166 255 97 133 214 174 41 202 112 227 137 35 69 255 75 191 27 29 37 11 7]" accounts=3,314,211 elapsed=2h19m17.880s
INFO [06-07|12:20:59.150] Trie dumping in progress                 at="[212 174 222 62 137 107 105 95 93 198 57 136 41 122 48 189 7 77 144 243 216 179 81 134 173 94 153 120 120 179 122 157]" accounts=3,329,948 elapsed=2h19m25.881s
INFO [06-07|12:21:08.754] Trie dumping in progress                 at="[213 74 209 159 197 32 200 124 127 92 45 82 207 107 129 96 38 4 49 42 104 172 167 87 158 249 148 65 141 230 152 238]" accounts=3,339,670 elapsed=2h19m35.484s
INFO [06-07|12:21:21.929] Trie dumping in progress                 at="[214 77 226 12 14 67 3 247 11 17 236 59 219 205 104 156 161 222 146 134 91 143 139 198 90 133 108 241 142 230 102 184]" accounts=3,355,448 elapsed=2h19m48.660s
INFO [06-07|12:21:33.414] Trie dumping in progress                 at="[214 155 172 10 159 125 65 95 140 149 145 105 128 132 106 75 145 150 183 68 64 231 114 64 111 194 26 82 105 96 31 144]" accounts=3,360,135 elapsed=2h20m0.144s
INFO [06-07|12:22:32.580] Trie dumping in progress                 at="[214 203 88 45 217 51 119 211 133 148 21 213 0 220 193 74 88 139 109 2 123 125 239 192 200 92 68 150 43 204 156 125]" accounts=3,363,009 elapsed=2h20m59.310s
INFO [06-07|12:22:43.238] Trie dumping in progress                 at="[215 146 240 225 239 108 167 224 51 32 22 254 235 26 120 200 243 7 102 207 223 94 166 186 80 36 9 6 220 210 4 36]" accounts=3,375,330 elapsed=2h21m9.968s
INFO [06-07|12:22:51.238] Trie dumping in progress                 at="[216 121 212 27 225 230 84 222 109 0 160 161 200 202 76 82 143 254 9 68 202 59 235 201 178 252 182 245 219 243 123 31]" accounts=3,389,326 elapsed=2h21m17.968s
INFO [06-07|12:23:20.864] Trie dumping in progress                 at="[216 196 78 45 7 14 28 217 165 6 48 137 44 99 40 216 126 34 166 92 116 191 179 180 8 125 82 83 37 221 214 126]" accounts=3,393,898 elapsed=2h21m47.594s
INFO [06-07|12:23:29.041] Trie dumping in progress                 at="[217 64 158 166 147 222 246 168 30 11 146 178 199 245 155 72 248 5 167 119 228 218 14 26 6 86 223 60 1 30 34 255]" accounts=3,401,480 elapsed=2h21m55.771s
INFO [06-07|12:23:41.266] Trie dumping in progress                 at="[217 81 107 125 78 113 168 200 26 10 244 167 195 255 184 196 116 251 31 33 167 203 150 232 87 150 86 186 210 72 50 77]" accounts=3,402,468 elapsed=2h22m7.996s
INFO [06-07|12:23:53.654] Trie dumping in progress                 at="[217 212 70 90 18 116 72 64 132 83 140 50 162 165 243 65 36 185 33 80 203 162 143 216 21 128 90 201 236 97 229 40]" accounts=3,410,432 elapsed=2h22m20.384s
INFO [06-07|12:24:02.517] Trie dumping in progress                 at="[218 126 71 1 14 9 93 54 91 85 210 87 194 237 192 159 246 22 198 120 169 164 7 172 23 75 42 37 231 88 8 100]" accounts=3,420,808 elapsed=2h22m29.247s
INFO [06-07|12:24:16.795] Trie dumping in progress                 at="[219 179 247 169 235 228 128 57 196 131 239 234 24 188 86 110 220 80 187 143 237 58 69 30 143 211 57 200 149 165 176 79]" accounts=3,439,808 elapsed=2h22m43.526s
INFO [06-07|12:24:26.217] Trie dumping in progress                 at="[220 196 117 5 228 17 91 102 154 252 234 238 187 157 40 235 92 152 46 116 91 36 209 177 197 220 222 32 202 219 176 54]" accounts=3,456,346 elapsed=2h22m52.947s
INFO [06-07|12:24:34.727] Trie dumping in progress                 at="[221 101 225 132 103 174 201 44 128 118 155 118 221 161 79 183 247 164 202 12 39 54 39 160 102 30 119 94 36 100 214 211]" accounts=3,466,243 elapsed=2h23m1.457s
INFO [06-07|12:24:43.958] Trie dumping in progress                 at="[221 205 87 229 24 195 112 248 222 114 214 6 71 47 174 178 169 171 241 69 226 99 254 241 189 128 162 234 152 147 23 185]" accounts=3,472,649 elapsed=2h23m10.689s
INFO [06-07|12:24:56.056] Trie dumping in progress                 at="[221 222 184 127 70 25 93 21 210 93 178 57 254 186 48 139 17 125 117 49 83 133 16 132 120 115 114 197 95 176 101 48]" accounts=3,473,764 elapsed=2h23m22.786s
INFO [06-07|12:25:14.667] Trie dumping in progress                 at="[222 38 187 51 94 137 224 238 174 88 252 99 255 75 169 16 137 113 76 148 129 39 141 159 37 11 77 35 183 196 49 207]" accounts=3,478,183 elapsed=2h23m41.397s
INFO [06-07|12:25:27.886] Trie dumping in progress                 at="[222 174 200 118 70 206 163 185 34 6 101 96 225 154 92 162 21 96 184 11 190 211 89 48 8 82 186 76 227 75 131 80]" accounts=3,486,467 elapsed=2h23m54.617s
INFO [06-07|12:27:00.840] Trie dumping in progress                 at="[223 45 116 163 110 180 120 106 144 229 14 93 195 3 102 141 157 229 119 120 162 55 251 76 167 129 240 81 213 116 227 147]" accounts=3,494,007 elapsed=2h25m27.570s
INFO [06-07|12:27:09.419] Trie dumping in progress                 at="[223 107 7 138 193 183 68 218 89 94 85 161 36 58 78 116 236 185 130 149 53 148 216 73 160 199 194 106 199 241 101 188]" accounts=3,497,763 elapsed=2h25m36.149s
INFO [06-07|12:27:17.419] Trie dumping in progress                 at="[223 196 98 150 207 180 77 201 119 228 167 130 228 69 165 200 67 111 246 31 252 242 49 163 198 45 245 209 224 67 156 130]" accounts=3,503,126 elapsed=2h25m44.149s
INFO [06-07|12:27:25.520] Trie dumping in progress                 at="[224 222 246 233 214 171 214 226 13 37 226 20 86 192 149 35 245 91 237 101 34 98 67 153 16 15 119 217 83 110 244 69]" accounts=3,520,521 elapsed=2h25m52.250s
INFO [06-07|12:27:49.602] Trie dumping in progress                 at="[224 223 230 206 166 177 43 149 117 150 10 70 135 72 172 189 104 135 112 25 72 99 204 57 182 10 213 231 51 0 211 235]" accounts=3,520,590 elapsed=2h26m16.332s
INFO [06-07|12:27:59.764] Trie dumping in progress                 at="[225 136 199 28 38 89 19 118 249 144 195 79 151 168 212 179 136 9 39 19 73 70 221 64 136 48 96 71 94 189 237 157]" accounts=3,530,830 elapsed=2h26m26.495s
INFO [06-07|12:28:10.603] Trie dumping in progress                 at="[225 226 157 106 171 151 29 191 222 36 203 47 44 192 101 79 124 193 31 2 168 176 1 116 165 42 29 222 13 121 2 79]" accounts=3,536,343 elapsed=2h26m37.334s
INFO [06-07|12:28:19.491] Trie dumping in progress                 at="[226 79 78 185 226 30 36 237 174 38 170 71 238 109 51 16 217 250 122 215 31 142 103 76 106 106 191 206 21 198 171 171]" accounts=3,543,200 elapsed=2h26m46.221s
INFO [06-07|12:28:27.601] Trie dumping in progress                 at="[227 26 177 181 117 225 164 149 33 175 225 246 27 216 88 1 0 232 11 79 187 71 69 174 9 106 38 45 218 251 151 149]" accounts=3,555,803 elapsed=2h26m54.331s
INFO [06-07|12:29:41.804] Trie dumping in progress                 at="[227 27 180 5 38 184 158 212 110 16 233 38 59 205 95 41 125 91 217 12 151 0 10 253 177 31 118 137 21 192 200 162]" accounts=3,555,857 elapsed=2h28m8.534s
INFO [06-07|12:30:21.535] Trie dumping in progress                 at="[227 174 0 34 251 193 223 10 157 235 114 78 129 187 228 23 226 222 25 130 188 82 81 120 169 26 225 236 45 170 98 153]" accounts=3,564,912 elapsed=2h28m48.265s
INFO [06-07|12:30:29.535] Trie dumping in progress                 at="[228 0 17 137 97 59 126 57 31 126 30 116 255 48 211 127 42 168 108 51 81 190 176 44 199 168 200 185 3 234 128 245]" accounts=3,569,971 elapsed=2h28m56.265s
INFO [06-07|12:30:40.457] Trie dumping in progress                 at="[228 147 1 36 96 81 192 223 178 196 235 183 238 126 163 142 74 48 250 98 6 3 202 85 205 251 77 224 123 223 172 215]" accounts=3,578,919 elapsed=2h29m7.187s
INFO [06-07|12:34:44.229] Trie dumping in progress                 at="[228 183 200 112 87 190 223 105 249 148 232 237 61 245 151 94 90 244 240 175 1 164 177 74 243 156 132 62 130 158 90 21]" accounts=3,581,169 elapsed=2h33m10.960s
INFO [06-07|12:35:06.040] Trie dumping in progress                 at="[229 20 106 195 123 90 105 74 241 166 234 140 11 128 123 242 248 22 122 245 74 101 95 140 19 164 11 126 6 44 209 209]" accounts=3,586,935 elapsed=2h33m32.770s
INFO [06-07|12:35:15.694] Trie dumping in progress                 at="[229 146 13 247 232 84 178 164 215 237 85 214 144 28 24 157 143 251 24 181 70 249 22 243 209 18 49 235 39 42 191 220]" accounts=3,594,692 elapsed=2h33m42.424s
INFO [06-07|12:35:32.433] Trie dumping in progress                 at="[229 175 225 2 47 252 111 233 31 133 59 125 167 62 48 122 85 80 145 173 87 26 164 51 101 140 109 157 147 137 238 58]" accounts=3,596,373 elapsed=2h33m59.164s
INFO [06-07|12:44:38.575] Trie dumping in progress                 at="[229 232 198 190 234 158 152 128 150 113 214 151 127 212 34 147 25 134 148 189 137 167 154 144 231 188 105 137 114 38 91 250]" accounts=3,599,812 elapsed=2h43m5.305s
INFO [06-07|12:44:48.677] Trie dumping in progress                 at="[231 6 112 218 238 65 22 192 176 111 176 98 20 235 132 155 148 119 116 199 27 14 34 247 245 98 237 208 84 201 218 29]" accounts=3,617,390 elapsed=2h43m15.408s
INFO [06-07|12:44:59.620] Trie dumping in progress                 at="[231 143 50 121 213 122 211 224 77 0 1 171 83 101 147 27 142 194 83 229 43 203 93 123 98 182 202 143 67 248 245 123]" accounts=3,625,686 elapsed=2h43m26.351s
INFO [06-07|12:45:08.532] Trie dumping in progress                 at="[231 209 141 146 135 145 201 104 163 255 171 16 82 254 12 148 239 144 16 255 91 6 119 78 60 44 93 104 253 42 170 56]" accounts=3,629,709 elapsed=2h43m35.262s
INFO [06-07|12:45:28.252] Trie dumping in progress                 at="[231 227 180 205 186 18 93 216 155 179 97 213 37 106 64 100 137 197 191 242 162 206 152 89 207 18 224 103 14 144 110 88]" accounts=3,630,766 elapsed=2h43m54.982s
INFO [06-07|12:45:37.119] Trie dumping in progress                 at="[232 57 24 85 236 239 41 123 166 93 51 148 143 128 113 88 62 109 234 251 134 118 243 131 208 114 216 24 80 252 127 166]" accounts=3,635,986 elapsed=2h44m3.849s
INFO [06-07|12:45:45.395] Trie dumping in progress                 at="[233 85 160 80 40 201 46 175 208 249 27 8 74 26 245 76 247 85 176 185 77 75 145 4 200 85 225 156 54 200 112 218]" accounts=3,653,406 elapsed=2h44m12.125s
INFO [06-07|12:46:06.977] Trie dumping in progress                 at="[233 167 28 177 185 157 242 188 19 83 95 200 26 255 131 58 162 28 101 86 140 87 96 246 96 57 208 83 206 5 223 85]" accounts=3,658,337 elapsed=2h44m33.707s
INFO [06-07|12:46:14.989] Trie dumping in progress                 at="[234 54 17 135 203 120 199 104 87 74 216 211 105 78 116 140 219 181 147 201 145 126 7 186 213 157 169 235 187 220 132 201]" accounts=3,667,232 elapsed=2h44m41.719s
INFO [06-07|12:46:23.024] Trie dumping in progress                 at="[235 106 59 191 163 240 205 211 155 38 32 148 154 82 138 250 212 64 196 76 186 14 59 69 204 22 20 15 71 32 206 21]" accounts=3,685,772 elapsed=2h44m49.754s
INFO [06-07|12:46:31.061] Trie dumping in progress                 at="[236 132 18 32 157 184 133 153 21 60 194 162 170 197 246 216 99 92 222 122 96 49 255 28 174 193 198 244 7 154 166 46]" accounts=3,703,033 elapsed=2h44m57.791s
INFO [06-07|12:46:39.061] Trie dumping in progress                 at="[237 148 114 81 236 13 90 119 149 205 120 91 30 56 206 52 1 244 180 156 135 6 7 176 209 225 242 173 240 75 25 158]" accounts=3,719,872 elapsed=2h45m5.792s
INFO [06-07|12:52:46.063] Trie dumping in progress                 at="[238 6 17 119 125 189 191 125 133 212 61 90 171 3 123 15 253 132 209 244 136 187 37 180 254 140 231 67 115 184 197 155]" accounts=3,726,652 elapsed=2h51m12.794s
INFO [06-07|12:53:50.048] Trie dumping in progress                 at="[238 83 33 213 26 61 217 50 56 64 148 150 182 144 18 195 147 142 243 148 123 222 70 100 218 250 103 56 201 46 206 212]" accounts=3,731,418 elapsed=2h52m16.778s
INFO [06-07|12:53:58.207] Trie dumping in progress                 at="[239 9 165 33 170 91 41 14 116 137 244 176 137 46 115 78 132 158 229 236 206 245 5 216 222 32 22 51 134 102 72 103]" accounts=3,742,581 elapsed=2h52m24.937s
INFO [06-07|12:55:03.150] Trie dumping in progress                 at="[240 46 13 98 18 147 116 94 107 31 188 82 38 125 231 201 159 113 65 180 15 112 162 18 167 227 93 34 40 8 31 161]" accounts=3,760,539 elapsed=2h53m29.880s
INFO [06-07|12:55:15.221] Trie dumping in progress                 at="[240 102 160 11 110 80 70 177 92 227 10 135 237 164 180 2 142 109 24 68 177 18 18 35 205 254 47 187 131 28 248 45]" accounts=3,764,006 elapsed=2h53m41.952s
INFO [06-07|12:55:48.351] Trie dumping in progress                 at="[240 205 75 16 25 231 18 247 63 165 167 220 122 118 130 138 2 187 36 134 75 219 55 201 56 116 93 117 136 102 109 139]" accounts=3,770,208 elapsed=2h54m15.081s
INFO [06-07|12:55:58.216] Trie dumping in progress                 at="[241 44 115 67 47 201 169 128 66 102 7 88 244 35 76 167 250 175 137 7 77 197 30 18 134 238 210 154 219 123 49 177]" accounts=3,775,952 elapsed=2h54m24.947s
INFO [06-07|12:56:06.303] Trie dumping in progress                 at="[241 169 16 74 54 65 204 45 224 251 217 162 123 189 7 52 144 102 134 52 15 234 35 27 104 118 4 182 52 216 213 222]" accounts=3,783,505 elapsed=2h54m33.033s
INFO [06-07|12:56:14.770] Trie dumping in progress                 at="[242 175 194 252 12 25 73 186 215 76 55 192 45 36 83 89 20 204 143 18 187 94 49 155 199 166 157 31 142 172 98 34]" accounts=3,799,435 elapsed=2h54m41.501s
INFO [06-07|12:56:24.799] Trie dumping in progress                 at="[242 176 163 75 149 11 225 179 43 74 157 117 31 64 187 51 226 149 247 226 50 157 226 154 30 107 150 79 163 230 146 189]" accounts=3,799,487 elapsed=2h54m51.530s
INFO [06-07|12:56:34.125] Trie dumping in progress                 at="[243 202 215 243 179 78 28 131 161 73 181 169 254 121 229 231 181 129 165 65 104 221 58 94 254 195 245 19 24 240 144 122]" accounts=3,816,846 elapsed=2h55m0.855s
INFO [06-07|12:56:42.261] Trie dumping in progress                 at="[244 25 43 121 255 180 144 251 136 121 158 76 34 182 31 131 156 160 203 50 203 58 174 175 246 251 78 65 35 145 82 99]" accounts=3,821,611 elapsed=2h55m8.991s
INFO [06-07|12:56:53.498] Trie dumping in progress                 at="[244 44 153 158 39 46 92 223 232 139 199 66 209 174 61 104 125 30 202 52 5 255 171 172 152 251 251 21 169 54 75 235]" accounts=3,822,806 elapsed=2h55m20.228s
INFO [06-07|12:57:01.857] Trie dumping in progress                 at="[244 176 166 173 151 39 140 234 49 106 115 186 31 106 45 109 87 138 222 77 30 119 112 236 136 94 175 228 59 252 171 173]" accounts=3,830,650 elapsed=2h55m28.587s
INFO [06-07|12:57:47.217] Trie dumping in progress                 at="[244 216 205 26 96 53 227 222 181 142 94 17 90 164 81 214 202 33 51 10 191 24 86 16 27 101 98 203 141 175 54 85]" accounts=3,833,165 elapsed=2h56m13.947s
INFO [06-07|12:57:58.848] Trie dumping in progress                 at="[245 209 33 159 55 222 174 171 197 116 212 93 94 168 78 15 45 49 171 64 58 48 204 146 114 230 197 176 149 36 231 57]" accounts=3,848,230 elapsed=2h56m25.578s
INFO [06-07|12:58:09.818] Trie dumping in progress                 at="[246 206 68 24 38 94 33 85 99 10 116 44 5 179 7 215 116 81 103 44 167 93 56 4 65 194 69 158 105 4 237 208]" accounts=3,863,734 elapsed=2h56m36.548s
INFO [06-07|12:58:17.818] Trie dumping in progress                 at="[248 6 63 65 74 92 95 182 77 11 103 37 6 85 90 25 23 82 20 69 62 144 111 135 76 133 120 133 78 232 250 84]" accounts=3,883,091 elapsed=2h56m44.548s
INFO [06-07|12:58:33.063] Trie dumping in progress                 at="[249 107 215 14 65 40 10 207 110 79 140 219 65 250 195 169 199 74 196 201 65 161 221 6 101 187 44 231 252 123 122 217]" accounts=3,904,889 elapsed=2h56m59.793s
INFO [06-07|12:58:43.098] Trie dumping in progress                 at="[250 6 46 39 27 108 247 215 51 116 231 15 58 186 182 37 208 109 229 16 26 89 100 217 78 80 189 12 242 140 128 231]" accounts=3,914,250 elapsed=2h57m9.828s
INFO [06-07|12:58:55.803] Trie dumping in progress                 at="[250 53 222 68 184 102 138 244 47 40 8 104 43 200 78 93 213 24 2 118 200 132 219 80 168 238 245 154 229 243 120 255]" accounts=3,917,150 elapsed=2h57m22.533s
INFO [06-07|12:59:04.248] Trie dumping in progress                 at="[251 89 139 131 145 41 76 251 22 223 200 86 107 182 84 222 160 198 162 21 135 44 210 147 184 108 192 69 10 78 209 127]" accounts=3,935,039 elapsed=2h57m30.978s
INFO [06-07|12:59:21.872] Trie dumping in progress                 at="[251 209 89 43 97 102 112 195 201 102 184 237 153 66 174 205 178 178 90 177 8 55 247 209 200 209 230 108 16 242 67 168]" accounts=3,942,276 elapsed=2h57m48.602s
INFO [06-07|12:59:38.279] Trie dumping in progress                 at="[252 240 249 29 3 16 203 3 62 8 180 4 194 254 207 125 172 14 93 74 155 208 253 153 63 145 109 209 228 181 25 3]" accounts=3,960,104 elapsed=2h58m5.009s
INFO [06-07|12:59:46.280] Trie dumping in progress                 at="[253 109 162 223 43 179 233 176 107 225 25 126 191 178 207 51 145 137 35 89 85 67 250 221 91 60 74 10 229 219 144 136]" accounts=3,967,521 elapsed=2h58m13.010s
INFO [06-07|12:59:58.109] Trie dumping in progress                 at="[253 165 83 171 199 163 156 73 53 224 17 203 155 178 244 82 163 191 52 166 198 20 0 36 109 157 101 23 78 78 119 202]" accounts=3,970,871 elapsed=2h58m24.839s
INFO [06-07|13:00:52.408] Trie dumping in progress                 at="[253 225 22 26 211 117 188 2 99 226 83 141 22 49 167 251 187 222 9 226 134 171 135 164 205 112 103 11 250 9 93 54]" accounts=3,974,508 elapsed=2h59m19.138s
INFO [06-07|13:01:00.426] Trie dumping in progress                 at="[254 251 173 211 141 95 55 207 73 199 68 194 93 119 102 184 74 134 73 44 209 143 184 5 147 84 231 218 84 168 9 40]" accounts=3,991,529 elapsed=2h59m27.156s
INFO [06-07|13:01:11.290] Trie dumping in progress                 at="[255 169 227 17 132 31 250 208 5 60 8 65 161 28 70 180 154 105 8 176 5 178 108 23 138 201 179 214 17 25 243 46]" accounts=4,002,209 elapsed=2h59m38.020s
INFO [06-07|13:01:12.078] Trie dumping complete                    accounts=4,007,565 elapsed=2h59m38.808s
