[INFO] [06-01|08:23:45.943] logging to file system                   log dir=migration-log/import_block file prefix=erigon log level=info json=false
[INFO] [06-01|08:23:45.943] Starting metrics server                  addr=http://127.0.0.1:6060/debug/metrics/prometheus
[INFO] [06-01|08:23:45.949] Starting Erigon on Optimism Görli testnet... 
[INFO] [06-01|08:23:45.949] Maximum peer count                       ETH=0 total=0
[INFO] [06-01|08:23:45.950] starting HTTP APIs                       APIs=eth,erigon,engine
[INFO] [06-01|08:23:45.950] torrent verbosity                        level=WRN
[INFO] [06-01|08:23:48.053] Set global gas cap                       cap=50000000
[INFO] [06-01|08:23:48.054] [Downloader] Runnning with               ipv6-enabled=true ipv4-enabled=true download.rate=16mb upload.rate=4mb
[INFO] [06-01|08:23:48.054] Opening Database                         label=chaindata path=/home/ubuntu/op-erigon/erigon_db/chaindata
[INFO] [06-01|08:23:48.054] [db] params: growStep=2GB, mapsSize=7TB, shrinkThreshold=-1, pageSize=4KB, label=chaindata, WriteMap=false, Durable=false, NoReadahead=true,  
[INFO] [06-01|08:23:48.055] Initialised chain configuration          config="{ChainID: 420, Homestead: 0, DAO: <nil>, Tangerine Whistle: 0, Spurious Dragon: 0, Byzantium: 0, Constantinople: 0, Petersburg: 0, Istanbul: 0, Muir Glacier: 0, Berlin: 0, London: 4061224, Arrow Glacier: 4061224, Gray Glacier: 4061224, Terminal Total Difficulty: 0, Merge Netsplit: 4061224, Shanghai: <nil>, Cancun: <nil>, Prague: <nil>, Engine: unknown}" genesis=0xc1fc15cd51159b1f1e5cbc4b82e85c1447ddfa33c52cf1d98d14fba0d6354be1
[INFO] [06-01|08:23:48.055] Effective                                prune_flags= snapshot_flags= history.v3=false
[INFO] [06-01|08:23:48.055] Initialising Ethereum protocol           network=420
[INFO] [06-01|08:23:48.055] Disk storage enabled for ethash DAGs     dir=/home/ubuntu/op-erigon/erigon_db/ethash-dags count=2
[INFO] [06-01|08:23:48.056] Starting private RPC server              on=127.0.0.1:9090
[INFO] [06-01|08:23:48.056] new subscription to logs established 
[INFO] [06-01|08:23:48.056] rpc filters: subscribing to Erigon events 
[INFO] [06-01|08:23:48.056] new subscription to newHeaders established 
[INFO] [06-01|08:23:48.056] Reading JWT secret                       path=/home/ubuntu/op-erigon/erigon_db/jwt.hex
[INFO] [06-01|08:23:48.056] Importing blockchain                     file=/tmp/migration-artifact/blocks.rlp
[INFO] [06-01|08:23:48.056] Generated JWT secret                     path=/home/ubuntu/op-erigon/erigon_db/jwt.hex
[INFO] [06-01|08:23:48.056] Blockchain execution                     execute=false
[INFO] [06-01|08:23:48.056] HTTP endpoint opened for Engine API      url=127.0.0.1:8551 ws=true ws.compression=true
[INFO] [06-01|08:23:48.057] HTTP endpoint opened                     url=127.0.0.1:8545 ws=false ws.compression=true grpc=false
[INFO] [06-01|08:23:56.057] Import blockchain                        index=235000 elapsed=8.000734644s
[INFO] [06-01|08:24:04.057] Import blockchain                        index=440000 elapsed=16.000493844s
[INFO] [06-01|08:24:12.057] Import blockchain                        index=630000 elapsed=24.000914522s
[INFO] [06-01|08:24:20.056] Import blockchain                        index=811869 elapsed=32.000060482s
[INFO] [06-01|08:24:28.057] Import blockchain                        index=990000 elapsed=40.000540132s
[INFO] [06-01|08:24:36.057] Import blockchain                        index=1167500 elapsed=48.000910305s
[INFO] [06-01|08:24:44.057] Import blockchain                        index=1345000 elapsed=56.00079337s
[INFO] [06-01|08:24:52.057] Import blockchain                        index=1520000 elapsed=1m4.000260205s
[INFO] [06-01|08:25:00.056] Import blockchain                        index=1692500 elapsed=1m12.00003274s
[INFO] [06-01|08:25:08.058] Import blockchain                        index=1867208 elapsed=1m20.001780777s
[INFO] [06-01|08:25:16.057] Import blockchain                        index=2040000 elapsed=1m28.000806486s
[INFO] [06-01|08:25:24.057] Import blockchain                        index=2210000 elapsed=1m36.000732146s
[INFO] [06-01|08:25:32.057] Import blockchain                        index=2375000 elapsed=1m44.000982518s
[INFO] [06-01|08:25:40.056] Import blockchain                        index=2532500 elapsed=1m52.000111229s
[INFO] [06-01|08:25:48.056] [p2p] GoodPeers 
[INFO] [06-01|08:25:48.056] Import blockchain                        index=2687500 elapsed=2m0.000033737s
[INFO] [06-01|08:25:56.057] Import blockchain                        index=2840000 elapsed=2m8.000949435s
[INFO] [06-01|08:26:04.057] Import blockchain                        index=2978414 elapsed=2m16.000586985s
[INFO] [06-01|08:26:12.057] Import blockchain                        index=3115000 elapsed=2m24.00080428s
[INFO] [06-01|08:26:20.057] Import blockchain                        index=3265000 elapsed=2m32.00083524s
[INFO] [06-01|08:26:28.057] Import blockchain                        index=3407500 elapsed=2m40.001103063s
[INFO] [06-01|08:26:36.057] Import blockchain                        index=3547500 elapsed=2m48.000590445s
[INFO] [06-01|08:26:44.057] Import blockchain                        index=3695000 elapsed=2m56.000957485s
[INFO] [06-01|08:26:52.057] Import blockchain                        index=3840000 elapsed=3m4.000825041s
[INFO] [06-01|08:27:00.056] Import blockchain                        index=3990000 elapsed=3m12.000142534s
[INFO] [06-01|08:27:03.975] Import blockchain                        index=4061224 elapsed=3m15.91885575s
