 ____           _                _      __  __ _                 _   _              
 |  _ \         | |              | |    |  \/  (_)               | | (_)            
 | |_) | ___  __| |_ __ ___   ___| | __ | \  / |_  __ _ _ __ __ _| |_ _  ___  _ __  
 |  _ < / _ \/ _  |  __/ _ \ / __| |/ / | |\/| | |/ _  | '__/ _  | __| |/ _ \| '_ \ 
 | |_) |  __/ (_| | | | (_) | (__|   <  | |  | | | (_| | | | (_| | |_| | (_) | | | |
 |____/ \___|\__,_|_|  \___/ \___|_|\_\ |_|  |_|_|\__, |_|  \__,_|\__|_|\___/|_| |_|
                                                   __/ |                            
                                                  |___/                             
+------------------------------------------+
| Thu Jun  1 05:27:46 UTC 2023             |
|                                          |
|[1m Import Genesis                           (B[m|
+------------------------------------------+

real	0m0.119s
user	0m0.103s
sys	0m0.038s
+------------------------------------------+
| Thu Jun  1 05:27:46 UTC 2023             |
|                                          |
|[1m Recover Genesis                          (B[m|
+------------------------------------------+

real	0m2.210s
user	0m0.114s
sys	0m0.024s
+------------------------------------------+
| Thu Jun  1 05:27:48 UTC 2023             |
|                                          |
|[1m Import Blocks                            (B[m|
+------------------------------------------+

real	11m7.756s
user	3m18.212s
sys	0m50.348s
+------------------------------------------+
| Thu Jun  1 05:38:56 UTC 2023             |
|                                          |
|[1m Import Total Difficulty                  (B[m|
+------------------------------------------+

real	0m34.450s
user	0m40.435s
sys	0m1.208s
+------------------------------------------+
| Thu Jun  1 05:39:30 UTC 2023             |
|                                          |
|[1m Import Receipts                          (B[m|
+------------------------------------------+

real	1m53.951s
user	2m24.877s
sys	0m4.468s
+------------------------------------------+
| Thu Jun  1 05:41:24 UTC 2023             |
|                                          |
|[1m Import State                             (B[m|
+------------------------------------------+

real	3m55.162s
user	4m27.047s
sys	0m13.828s
+------------------------------------------+
| Thu Jun  1 05:45:19 UTC 2023             |
|                                          |
|[1m Drop Log Index                           (B[m|
+------------------------------------------+

real	0m2.549s
user	0m0.497s
sys	0m0.084s
+------------------------------------------+
| Thu Jun  1 05:45:22 UTC 2023             |
|                                          |
|[1m Recover Log Index                        (B[m|
+------------------------------------------+

real	3m21.181s
user	3m24.807s
sys	0m7.289s
+------------------------------------------+
| Thu Jun  1 05:48:43 UTC 2023             |
|                                          |
|[1m Recover Senders                          (B[m|
+------------------------------------------+

real	4m32.051s
user	4m46.006s
sys	0m2.589s
