[INFO] [06-01|08:56:44.688] logging to file system                   log dir=migration-log/recover_log_index file prefix=erigon log level=info json=false
[INFO] [06-01|08:56:44.689] Starting metrics server                  addr=http://127.0.0.1:6060/debug/metrics/prometheus
[INFO] [06-01|08:56:44.694] Starting Erigon on Optimism Görli testnet... 
[INFO] [06-01|08:56:44.695] Maximum peer count                       ETH=0 total=0
[INFO] [06-01|08:56:44.695] starting HTTP APIs                       APIs=eth,erigon,engine
[INFO] [06-01|08:56:44.695] torrent verbosity                        level=WRN
[INFO] [06-01|08:56:46.797] Set global gas cap                       cap=50000000
[INFO] [06-01|08:56:46.799] [Downloader] Runnning with               ipv6-enabled=true ipv4-enabled=true download.rate=16mb upload.rate=4mb
[INFO] [06-01|08:56:46.799] Opening Database                         label=chaindata path=/home/ubuntu/op-erigon/erigon_db/chaindata
[INFO] [06-01|08:56:46.799] [db] params: growStep=2GB, mapsSize=7TB, shrinkThreshold=-1, pageSize=4KB, label=chaindata, WriteMap=false, Durable=false, NoReadahead=true,  
[INFO] [06-01|08:56:46.800] Initialised chain configuration          config="{ChainID: 420, Homestead: 0, DAO: <nil>, Tangerine Whistle: 0, Spurious Dragon: 0, Byzantium: 0, Constantinople: 0, Petersburg: 0, Istanbul: 0, Muir Glacier: 0, Berlin: 0, London: 4061224, Arrow Glacier: 4061224, Gray Glacier: 4061224, Terminal Total Difficulty: 0, Merge Netsplit: 4061224, Shanghai: <nil>, Cancun: <nil>, Prague: <nil>, Engine: unknown}" genesis=0xc1fc15cd51159b1f1e5cbc4b82e85c1447ddfa33c52cf1d98d14fba0d6354be1
[INFO] [06-01|08:56:46.800] Effective                                prune_flags= snapshot_flags= history.v3=false
[INFO] [06-01|08:56:46.800] Initialising Ethereum protocol           network=420
[INFO] [06-01|08:56:46.800] Disk storage enabled for ethash DAGs     dir=/home/ubuntu/op-erigon/erigon_db/ethash-dags count=2
[INFO] [06-01|08:56:47.139] Starting private RPC server              on=127.0.0.1:9090
[INFO] [06-01|08:56:47.139] new subscription to logs established 
[INFO] [06-01|08:56:47.139] rpc filters: subscribing to Erigon events 
[INFO] [06-01|08:56:47.139] new subscription to newHeaders established 
[INFO] [06-01|08:56:47.140] Recovering Log Index 
[INFO] [06-01|08:56:47.140] Reading JWT secret                       path=/home/ubuntu/op-erigon/erigon_db/jwt.hex
[INFO] [06-01|08:56:47.140] HTTP endpoint opened for Engine API      url=127.0.0.1:8551 ws=true ws.compression=true
[INFO] [06-01|08:56:47.140] HTTP endpoint opened                     url=127.0.0.1:8545 ws=false ws.compression=true grpc=false
[INFO] [06-01|08:56:55.158] Recovering Log Index                     recovered=327500 elapsed=8.018227276s
[INFO] [06-01|08:57:03.179] Recovering Log Index                     recovered=625000 elapsed=16.039175625s
[INFO] [06-01|08:57:11.240] Recovering Log Index                     recovered=892500 elapsed=24.099978874s
[INFO] [06-01|08:57:19.290] Recovering Log Index                     recovered=1157500 elapsed=32.150211625s
[INFO] [06-01|08:57:27.330] Recovering Log Index                     recovered=1422500 elapsed=40.190705286s
[INFO] [06-01|08:57:35.353] Recovering Log Index                     recovered=1677500 elapsed=48.213303969s
[INFO] [06-01|08:57:43.354] Recovering Log Index                     recovered=1905000 elapsed=56.214190383s
[INFO] [06-01|08:57:51.426] Recovering Log Index                     recovered=2102500 elapsed=1m4.286079584s
[INFO] [06-01|08:57:59.459] Recovering Log Index                     recovered=2277500 elapsed=1m12.319426545s
[INFO] [06-01|08:58:07.541] Recovering Log Index                     recovered=2455000 elapsed=1m20.401062544s
[INFO] [06-01|08:58:15.543] Recovering Log Index                     recovered=2640000 elapsed=1m28.403311373s
[INFO] [06-01|08:58:23.599] Recovering Log Index                     recovered=2827500 elapsed=1m36.459746255s
[INFO] [06-01|08:58:31.633] Recovering Log Index                     recovered=2977500 elapsed=1m44.492896731s
[INFO] [06-01|08:58:39.681] Recovering Log Index                     recovered=3157500 elapsed=1m52.541656085s
[INFO] [06-01|08:58:46.801] [p2p] GoodPeers 
[INFO] [06-01|08:58:47.757] Recovering Log Index                     recovered=3357500 elapsed=2m0.616987176s
[INFO] [06-01|08:58:55.844] Recovering Log Index                     recovered=3502500 elapsed=2m8.703871418s
[INFO] [06-01|08:59:03.866] Recovering Log Index                     recovered=3692500 elapsed=2m16.726296601s
[INFO] [06-01|08:59:11.875] Recovering Log Index                     recovered=3867500 elapsed=2m24.735798366s
[INFO] [06-01|08:59:19.938] Recovering Log Index                     recovered=4047500 elapsed=2m32.798374618s
